<?xml version="1.0" encoding="UTF-8"?>
<!-- Generated by org.testng.reporters.JUnitXMLReporter -->
<testsuite ignored="0" hostname="CIPLWKT010" failures="0" tests="10" name="Default test" time="329.891" errors="0" timestamp="2026-01-12T13:26:21 IST">
  <testcase classname="Computhink.Script.Login_Validation" name="TC_01_ContentVerseURLAndTitleValidation" time="10.094"/>
  <testcase classname="Computhink.Script.Login_Validation" name="TC_02_ContentVerseURLValidation" time="19.965"/>
  <testcase classname="Computhink.Script.Login_Validation" name="TC_03_Verifying_No_button_of_Session_for_user_is_already_active_dialog_box" time="58.174"/>
  <testcase classname="Computhink.Script.Login_Validation" name="TC_04_Verifying_Login_EWA_with_blank_Username" time="29.104"/>
  <testcase classname="Computhink.Script.Login_Validation" name="TC_05_Verifying_Login_EWA_with_blank_Password" time="25.928"/>
  <testcase classname="Computhink.Script.Login_Validation" name="TC_06_Verifying_Login_EWA_without_Selecting_Roomname" time="24.027"/>
  <testcase classname="Computhink.Script.Login_Validation" name="TC_07_Verifying_Login_EWA_with_Invalid_Username" time="17.876"/>
  <testcase classname="Computhink.Script.Login_Validation" name="TC_08_Verifying_Login_EWA_with_Invalid_Password" time="30.164"/>
  <testcase classname="Computhink.Script.Login_Validation" name="TC_09_Verifying_Yes_button_of_Session_for_user_is_already_active_dialog_box" time="31.691"/>
  <testcase classname="Computhink.Script.Login_Validation" name="TC_10_Verifying_Browser_Allowing_Only_OneUser_Login" time="48.061"/>
</testsuite> <!-- Default test -->
