<?xml version="1.0" encoding="UTF-8"?>
<!-- Generated by org.testng.reporters.JUnitXMLReporter -->
<testsuite ignored="0" hostname="CIPLWKT010" failures="0" tests="10" name="Default test" time="370.299" errors="0" timestamp="2026-01-30T22:16:58 IST">
  <testcase classname="Computhink.Script.Login_Validation" name="TC_01_ContentVerseURLAndTitleValidation" time="10.127"/>
  <testcase classname="Computhink.Script.Login_Validation" name="TC_02_ContentVerseURLValidation" time="20.173"/>
  <testcase classname="Computhink.Script.Login_Validation" name="TC_03_Verifying_No_button_of_Session_for_user_is_already_active_dialog_box" time="70.052"/>
  <testcase classname="Computhink.Script.Login_Validation" name="TC_04_Verifying_Login_EWA_with_blank_Username" time="29.066"/>
  <testcase classname="Computhink.Script.Login_Validation" name="TC_05_Verifying_Login_EWA_with_blank_Password" time="25.936"/>
  <testcase classname="Computhink.Script.Login_Validation" name="TC_06_Verifying_Login_EWA_without_Selecting_Roomname" time="24.298"/>
  <testcase classname="Computhink.Script.Login_Validation" name="TC_07_Verifying_Login_EWA_with_Invalid_Username" time="17.804"/>
  <testcase classname="Computhink.Script.Login_Validation" name="TC_08_Verifying_Login_EWA_with_Invalid_Password" time="30.186"/>
  <testcase classname="Computhink.Script.Login_Validation" name="TC_09_Verifying_Yes_button_of_Session_for_user_is_already_active_dialog_box" time="43.114"/>
  <testcase classname="Computhink.Script.Login_Validation" name="TC_10_Verifying_Browser_Allowing_Only_OneUser_Login" time="59.423"/>
</testsuite> <!-- Default test -->
