<?xml version="1.0" encoding="UTF-8"?>
<!-- Generated by org.testng.reporters.JUnitXMLReporter -->
<testsuite ignored="0" hostname="CIPLWKT010" failures="0" tests="10" name="Default test" time="287.41" errors="0" timestamp="2026-02-09T22:35:37 IST">
  <testcase classname="Computhink.Script.Login_Validation" name="TC_01_ContentVerseURLAndTitleValidation" time="30.559"/>
  <testcase classname="Computhink.Script.Login_Validation" name="TC_02_ContentVerseURLValidation" time="0.879"/>
  <testcase classname="Computhink.Script.Login_Validation" name="TC_03_Verifying_No_button_of_Session_for_user_is_already_active_dialog_box" time="55.073"/>
  <testcase classname="Computhink.Script.Login_Validation" name="TC_04_Verifying_Login_EWA_with_blank_Username" time="23.024"/>
  <testcase classname="Computhink.Script.Login_Validation" name="TC_05_Verifying_Login_EWA_with_blank_Password" time="22.935"/>
  <testcase classname="Computhink.Script.Login_Validation" name="TC_06_Verifying_Login_EWA_without_Selecting_Roomname" time="21.195"/>
  <testcase classname="Computhink.Script.Login_Validation" name="TC_07_Verifying_Login_EWA_with_Invalid_Username" time="12.842"/>
  <testcase classname="Computhink.Script.Login_Validation" name="TC_08_Verifying_Login_EWA_with_Invalid_Password" time="23.191"/>
  <testcase classname="Computhink.Script.Login_Validation" name="TC_09_Verifying_Yes_button_of_Session_for_user_is_already_active_dialog_box" time="41.763"/>
  <testcase classname="Computhink.Script.Login_Validation" name="TC_10_Verifying_Browser_Allowing_Only_OneUser_Login" time="53.385"/>
</testsuite> <!-- Default test -->
