<?xml version="1.0" encoding="UTF-8"?>
<!-- Generated by org.testng.reporters.JUnitXMLReporter -->
<testsuite ignored="0" hostname="CIPLWKT010" failures="0" tests="25" name="Test3" time="798.057" errors="0" timestamp="2026-01-20T09:26:18 IST">
  <testcase classname="Computhink.Script.SearchSelectDocumentLocation" name="Login" time="24.118"/>
  <testcase classname="Computhink.Script.SearchSelectDocumentLocation" name="A_BlankSearch" time="16.513"/>
  <testcase classname="Computhink.Script.SearchSelectDocumentLocation" name="B_ExactSearchInIndexWithLoadMoreCount" time="63.207"/>
  <testcase classname="Computhink.Script.SearchSelectDocumentLocation" name="C_ExactSearchInIndex" time="28.946"/>
  <testcase classname="Computhink.Script.SearchSelectDocumentLocation" name="D_AtLeastOneWordSeachIndex" time="14.291"/>
  <testcase classname="Computhink.Script.SearchSelectDocumentLocation" name="E_AllOfTheWordSearchIndex" time="36.264"/>
  <testcase classname="Computhink.Script.SearchSelectDocumentLocation" name="G_FolderLevelSearch" time="43.463"/>
  <testcase classname="Computhink.Script.SearchSelectDocumentLocation" name="H_DrawerLevelSearch" time="35.075"/>
  <testcase classname="Computhink.Script.SearchSelectDocumentLocation" name="I_CabinetLevel" time="35.565"/>
  <testcase classname="Computhink.Script.SearchSelectDocumentLocation" name="J_DocumentDropDown" time="17.6"/>
  <testcase classname="Computhink.Script.SearchSelectDocumentLocation" name="K_DocumentCreatorDropDown" time="22.674"/>
  <testcase classname="Computhink.Script.SearchSelectDocumentLocation" name="L_Reject_WF" time="28.414"/>
  <testcase classname="Computhink.Script.SearchSelectDocumentLocation" name="M_PendingWorkflow" time="26.727"/>
  <testcase classname="Computhink.Script.SearchSelectDocumentLocation" name="N_CompletedWF_Document" time="46.373"/>
  <testcase classname="Computhink.Script.SearchSelectDocumentLocation" name="O_TaskCompletedWFDocumentt" time="40.624"/>
  <testcase classname="Computhink.Script.SearchSelectDocumentLocation" name="N_TextSearchWithSQLData" time="44.433"/>
  <testcase classname="Computhink.Script.SearchSelectDocumentLocation" name="O_TextSearchWithAllOftheWords" time="42.885"/>
  <testcase classname="Computhink.Script.SearchSelectDocumentLocation" name="P_TextSearchWithAtpartOftheWord" time="13.186">
    <skipped/>
  </testcase> <!-- P_TextSearchWithAtpartOftheWord -->
  <testcase classname="Computhink.Script.SearchSelectDocumentLocation" name="P_TextSearchWithAtpartOftheWord" time="43.255"/>
  <testcase classname="Computhink.Script.SearchSelectDocumentLocation" name="AppendToHit" time="28.158"/>
  <testcase classname="Computhink.Script.SearchSelectDocumentLocation" name="All_Version" time="22.467"/>
  <testcase classname="Computhink.Script.SearchSelectDocumentLocation" name="Q_FolderSerchIcon" time="18.73"/>
  <testcase classname="Computhink.Script.SearchSelectDocumentLocation" name="R_QuickSearch" time="20.012"/>
  <testcase classname="Computhink.Script.SearchSelectDocumentLocation" name="S_DocumentSearch" time="61.178"/>
  <testcase classname="Computhink.Script.SearchSelectDocumentLocation" name="CreateAndModifyDate" time="16.723"/>
</testsuite> <!-- Test3 -->
