<?xml version="1.0" encoding="UTF-8"?>
<!-- Generated by org.testng.reporters.JUnitXMLReporter -->
<testsuite ignored="0" hostname="CIPLWKT010" failures="0" tests="5" name="Test27" time="443.184" errors="0" timestamp="2026-01-19T19:51:42 IST">
  <testcase classname="Computhink.Script.Language_Test" name="TC_01_verify_Spanish_Language" time="129.248"/>
  <testcase classname="Computhink.Script.Language_Test" name="TC_02_verify_French_Language" time="81.388"/>
  <testcase classname="Computhink.Script.Language_Test" name="TC_03_verify_Dutch_Language" time="81.627"/>
  <testcase classname="Computhink.Script.Language_Test" name="TC_04_verify_Hindi_Language" time="77.64"/>
  <testcase classname="Computhink.Script.Language_Test" name="TC_05_verify_English_Language" time="73.275"/>
</testsuite> <!-- Test27 -->
