<?xml version="1.0" encoding="UTF-8"?>
<!-- Generated by org.testng.reporters.JUnitXMLReporter -->
<testsuite ignored="0" hostname="CIPLWKT010" failures="0" tests="3" name="Test9" time="153.202" errors="0" timestamp="2026-05-01T18:12:15 IST">
  <testcase classname="Computhink.Script.Split_Merge_Documents" name="Login_EWA" time="29.486"/>
  <testcase classname="Computhink.Script.Split_Merge_Documents" name="Create_Documents" time="109.854"/>
  <testcase classname="Computhink.Script.Split_Merge_Documents" name="TC_01_Select_PdfPage_And_Verify_SplitAll" time="12.295"/>
</testsuite> <!-- Test9 -->
