<?xml version="1.0" encoding="UTF-8"?>
<!-- Generated by org.testng.reporters.JUnitXMLReporter -->
<testsuite ignored="0" hostname="CIPLWKT010" failures="0" tests="4" name="Test20" time="336.096" errors="0" timestamp="2026-05-01T20:02:33 IST">
  <testcase classname="Computhink.Script.My_preferences_Pdf_documents" name="Login_EWA" time="51.993"/>
  <testcase classname="Computhink.Script.My_preferences_Pdf_documents" name="TC_01_Verify_Browse_Pdf_documents_Advancedviewing" time="107.43"/>
  <testcase classname="Computhink.Script.My_preferences_Pdf_documents" name="TC_02_Verify_Create_New_pdf_document_Advancedviewing" time="37.537"/>
  <testcase classname="Computhink.Script.My_preferences_Pdf_documents" name="TC_03_Verify_Browse_PDF_documents_Defaultviewing" time="135.501"/>
</testsuite> <!-- Test20 -->
