<?xml version="1.0" encoding="UTF-8"?>
<!-- Generated by org.testng.reporters.JUnitXMLReporter -->
<testsuite ignored="0" hostname="CIPLWKT010" failures="0" tests="4" name="Test13" time="419.817" errors="0" timestamp="2026-05-01T19:23:19 IST">
  <testcase classname="Computhink.Script.My_Preferences_Annotation" name="Login_EWA" time="71.636"/>
  <testcase classname="Computhink.Script.My_Preferences_Annotation" name="TC_01_Verify_Maximum_Annotation" time="90.244">
    <skipped/>
  </testcase> <!-- TC_01_Verify_Maximum_Annotation -->
  <testcase classname="Computhink.Script.My_Preferences_Annotation" name="TC_01_Verify_Maximum_Annotation" time="138.007"/>
  <testcase classname="Computhink.Script.My_Preferences_Annotation" name="TC_02_Verify_set_Annotation1" time="118.192"/>
</testsuite> <!-- Test13 -->
