<?xml version="1.0" encoding="UTF-8"?>
<!-- Generated by org.testng.reporters.JUnitXMLReporter -->
<testsuite ignored="0" hostname="CIPLWKT010" failures="1" tests="4" name="Test 7" time="38.583" errors="0" timestamp="2026-05-01T14:45:12 IST">
  <testcase classname="Computhink.Script.PrintFunctionality" name="Login" time="5.241"/>
  <testcase classname="Computhink.Script.PrintFunctionality" name="PrintWithcertifiedCoverPageUnlockRedaction" time="25.511">
    <skipped/>
  </testcase> <!-- PrintWithcertifiedCoverPageUnlockRedaction -->
  <testcase classname="Computhink.Script.PrintFunctionality" name="PrintWithcertifiedCoverPageUnlockRedaction" time="3.054">
    <skipped/>
  </testcase> <!-- PrintWithcertifiedCoverPageUnlockRedaction -->
  <testcase classname="Computhink.Script.PrintFunctionality" name="PrintWithcertifiedCoverPageUnlockRedaction" time="3.045">
    <failure type="org.openqa.selenium.ElementNotInteractableException" message="element not interactable: http://10.4.10.167:8080/CVWeb/cvLgn# has no size and location
  (Session info: chrome=147.0.7727.138)
Build info: version: &amp;apos;4.17.0&amp;apos;, revision: &amp;apos;e52b1be057*&amp;apos;
System info: os.name: &amp;apos;Windows 10&amp;apos;, os.arch: &amp;apos;amd64&amp;apos;, os.version: &amp;apos;10.0&amp;apos;, java.version: &amp;apos;17.0.17&amp;apos;
Driver info: org.openqa.selenium.chrome.ChromeDriver
Command: [bcd3296066028601a456af110536f544, actions {actions=[org.openqa.selenium.interactions.Sequence@38ab2740]}]
Capabilities {acceptInsecureCerts: true, browserName: chrome, browserVersion: 147.0.7727.138, chrome: {chromedriverVersion: 147.0.7727.117 (474cc805edd..., userDataDir: C:\Users\dipak.p\AppData\Lo...}, fedcm:accounts: true, goog:chromeOptions: {debuggerAddress: localhost:62117}, goog:processID: 179592, networkConnectionEnabled: false, pageLoadStrategy: normal, platformName: windows, proxy: Proxy(), se:cdp: ws://localhost:62117/devtoo..., se:cdpVersion: 147.0.7727.138, setWindowRect: true, strictFileInteractability: false, timeouts: {implicit: 0, pageLoad: 300000, script: 30000}, unhandledPromptBehavior: dismiss and notify, webauthn:extension:credBlob: true, webauthn:extension:largeBlob: true, webauthn:extension:minPinLength: true, webauthn:extension:prf: true, webauthn:virtualAuthenticators: true}
Session ID: bcd3296066028601a456af110536f544">
      <![CDATA[org.openqa.selenium.ElementNotInteractableException: element not interactable: http://10.4.10.167:8080/CVWeb/cvLgn# has no size and location
  (Session info: chrome=147.0.7727.138)
Build info: version: '4.17.0', revision: 'e52b1be057*'
System info: os.name: 'Windows 10', os.arch: 'amd64', os.version: '10.0', java.version: '17.0.17'
Driver info: org.openqa.selenium.chrome.ChromeDriver
Command: [bcd3296066028601a456af110536f544, actions {actions=[org.openqa.selenium.interactions.Sequence@38ab2740]}]
Capabilities {acceptInsecureCerts: true, browserName: chrome, browserVersion: 147.0.7727.138, chrome: {chromedriverVersion: 147.0.7727.117 (474cc805edd..., userDataDir: C:\Users\dipak.p\AppData\Lo...}, fedcm:accounts: true, goog:chromeOptions: {debuggerAddress: localhost:62117}, goog:processID: 179592, networkConnectionEnabled: false, pageLoadStrategy: normal, platformName: windows, proxy: Proxy(), se:cdp: ws://localhost:62117/devtoo..., se:cdpVersion: 147.0.7727.138, setWindowRect: true, strictFileInteractability: false, timeouts: {implicit: 0, pageLoad: 300000, script: 30000}, unhandledPromptBehavior: dismiss and notify, webauthn:extension:credBlob: true, webauthn:extension:largeBlob: true, webauthn:extension:minPinLength: true, webauthn:extension:prf: true, webauthn:virtualAuthenticators: true}
Session ID: bcd3296066028601a456af110536f544
at org.openqa.selenium.remote.codec.w3c.W3CHttpResponseCodec.createException(W3CHttpResponseCodec.java:185)
at org.openqa.selenium.remote.codec.w3c.W3CHttpResponseCodec.decode(W3CHttpResponseCodec.java:134)
at org.openqa.selenium.remote.codec.w3c.W3CHttpResponseCodec.decode(W3CHttpResponseCodec.java:51)
at org.openqa.selenium.remote.HttpCommandExecutor.execute(HttpCommandExecutor.java:190)
at org.openqa.selenium.remote.service.DriverCommandExecutor.invokeExecute(DriverCommandExecutor.java:216)
at org.openqa.selenium.remote.service.DriverCommandExecutor.execute(DriverCommandExecutor.java:174)
at org.openqa.selenium.remote.RemoteWebDriver.execute(RemoteWebDriver.java:519)
at org.openqa.selenium.remote.RemoteWebDriver.perform(RemoteWebDriver.java:605)
at org.openqa.selenium.interactions.Actions$BuiltAction.perform(Actions.java:603)
at org.openqa.selenium.interactions.Actions.perform(Actions.java:568)
at Computhink.Generic.BaseClass.selectElement(BaseClass.java:1487)
at Computhink.Pom.Print.PrintWithcertifiedCoverPageUnlockRedaction(Print.java:923)
at Computhink.Script.PrintFunctionality.PrintWithcertifiedCoverPageUnlockRedaction(PrintFunctionality.java:31)
at java.base/java.util.ArrayList.forEach(ArrayList.java:1511)
... Removed 32 stack frames]]>
    </failure>
  </testcase> <!-- PrintWithcertifiedCoverPageUnlockRedaction -->
</testsuite> <!-- Test 7 -->
