<?xml version="1.0" encoding="UTF-8"?>
<!-- Generated by org.testng.reporters.JUnitXMLReporter -->
<testsuite ignored="0" hostname="CIPLWKT010" failures="0" tests="4" name="Test12" time="754.925" errors="0" timestamp="2026-05-01T19:16:19 IST">
  <testcase classname="Computhink.Script.My_Preferences_Add_signature" name="Login_EWA" time="52.027"/>
  <testcase classname="Computhink.Script.My_Preferences_Add_signature" name="TC_01_Verify_Upload_New_Signature" time="240.402">
    <skipped/>
  </testcase> <!-- TC_01_Verify_Upload_New_Signature -->
  <testcase classname="Computhink.Script.My_Preferences_Add_signature" name="TC_01_Verify_Upload_New_Signature" time="221.682"/>
  <testcase classname="Computhink.Script.My_Preferences_Add_signature" name="TC_02_Verify_Type_New_Signature" time="239.222"/>
</testsuite> <!-- Test12 -->
