<?xml version="1.0" encoding="UTF-8"?>
<!-- Generated by org.testng.reporters.JUnitXMLReporter -->
<testsuite ignored="0" hostname="CIPLWKT010" failures="0" tests="9" name="Test2" time="548.423" errors="0" timestamp="2026-01-20T09:13:00 IST">
  <testcase classname="Computhink.Script.AdvancedViewer_Script" name="Login_To_EWA" time="19.149"/>
  <testcase classname="Computhink.Script.AdvancedViewer_Script" name="TestCase_1_AdvancedViewerOptionSelection" time="14.809"/>
  <testcase classname="Computhink.Script.AdvancedViewer_Script" name="TestCase_2_AdvancedViewerWordDocument" time="190.884"/>
  <testcase classname="Computhink.Script.AdvancedViewer_Script" name="TestCase_3_Verify_Link_Option" time="23.392"/>
  <testcase classname="Computhink.Script.AdvancedViewer_Script" name="TestCase_4_Verify_Header_Option" time="20.006"/>
  <testcase classname="Computhink.Script.AdvancedViewer_Script" name="TestCase_5_Verify_Footer_Option" time="15.801"/>
  <testcase classname="Computhink.Script.AdvancedViewer_Script" name="TestCase_6_Save_And_Reopen" time="28.444"/>
  <testcase classname="Computhink.Script.AdvancedViewer_Script" name="TestCase_7_AdvancedViewerPDfDocument" time="133.747"/>
  <testcase classname="Computhink.Script.AdvancedViewer_Script" name="TestCase_8_AdvancedViewerExcelDocument" time="95.28"/>
</testsuite> <!-- Test2 -->
