<?xml version="1.0" encoding="UTF-8"?>
<!-- Generated by org.testng.reporters.JUnitXMLReporter -->
<testsuite ignored="0" hostname="CIPLWKT010" failures="1" tests="23" name="Test31" time="1383.919" errors="0" timestamp="2026-05-01T21:28:28 IST">
  <testcase classname="Computhink.Script.Special_Char_FileNames" name="Login_EWA" time="52.123"/>
  <testcase classname="Computhink.Script.Special_Char_FileNames" name="TC_01_Upload_and_verify_Allowing_Percentage_Characterfile" time="119.81"/>
  <testcase classname="Computhink.Script.Special_Char_FileNames" name="TC_02_Upload_and_verify_Allowing_Tile_Characterfile" time="49.656"/>
  <testcase classname="Computhink.Script.Special_Char_FileNames" name="TC_03_Upload_and_verify_Allowing_Atrate_Characterfile" time="57.611"/>
  <testcase classname="Computhink.Script.Special_Char_FileNames" name="TC_04_Upload_and_verify_Allowing_Hash_Characterfile" time="51.64"/>
  <testcase classname="Computhink.Script.Special_Char_FileNames" name="TC_05_Upload_and_verify_Allowing_Dollar_Characterfile" time="51.68"/>
  <testcase classname="Computhink.Script.Special_Char_FileNames" name="TC_06_Upload_and_verify_Allowing_Plus_Characterfile" time="57.81"/>
  <testcase classname="Computhink.Script.Special_Char_FileNames" name="TC_07_Upload_and_verify_Allowing_Caret_Characterfile" time="51.746"/>
  <testcase classname="Computhink.Script.Special_Char_FileNames" name="TC_08_Upload_and_verify_Allowing_Equals_Characterfile" time="51.679"/>
  <testcase classname="Computhink.Script.Special_Char_FileNames" name="TC_09_Upload_and_verify_Allowing_SingleQuote_Characterfile" time="51.598"/>
  <testcase classname="Computhink.Script.Special_Char_FileNames" name="TC_10_Upload_and_verify_Allowing_Comma_Characterfile" time="51.708"/>
  <testcase classname="Computhink.Script.Special_Char_FileNames" name="TC_11_Upload_and_verify_Allowing_Exclamatory_Characterfile" time="51.598"/>
  <testcase classname="Computhink.Script.Special_Char_FileNames" name="TC_12_Upload_and_verify_Allowing_Hyphen_Characterfile" time="51.641"/>
  <testcase classname="Computhink.Script.Special_Char_FileNames" name="TC_13_Upload_and_verify_Allowing_RoundBrackets_Characterfile" time="63.981"/>
  <testcase classname="Computhink.Script.Special_Char_FileNames" name="TC_14_Upload_and_verify_Allowing_Accent_Characterfile" time="63.108"/>
  <testcase classname="Computhink.Script.Special_Char_FileNames" name="TC_15_Upload_and_verify_Allowing_Ampersant_Characterfile" time="69.748"/>
  <testcase classname="Computhink.Script.Special_Char_FileNames" name="TC_16_Upload_and_verify_Allowing_Underscore_Characterfile" time="75.75"/>
  <testcase classname="Computhink.Script.Special_Char_FileNames" name="TC_17_Upload_and_verify_Allowing_Flowerbracket_Characterfile" time="66.217"/>
  <testcase classname="Computhink.Script.Special_Char_FileNames" name="TC_18_Upload_and_verify_Allowing_Squarebracket_Characterfile" time="102.602"/>
  <testcase classname="Computhink.Script.Special_Char_FileNames" name="TC_19_Upload_and_verify_Allowing_SemiColon_Characterfile" time="105.241"/>
  <testcase classname="Computhink.Script.Special_Char_FileNames" name="TC_20_Verify_All_filetypes" time="43.176">
    <skipped/>
  </testcase> <!-- TC_20_Verify_All_filetypes -->
  <testcase classname="Computhink.Script.Special_Char_FileNames" name="TC_20_Verify_All_filetypes" time="20.05">
    <skipped/>
  </testcase> <!-- TC_20_Verify_All_filetypes -->
  <testcase classname="Computhink.Script.Special_Char_FileNames" name="TC_20_Verify_All_filetypes" time="20.042">
    <failure type="org.openqa.selenium.NoSuchElementException" message="no such element: Unable to locate element: {&amp;quot;method&amp;quot;:&amp;quot;xpath&amp;quot;,&amp;quot;selector&amp;quot;:&amp;quot;//*[@id=&amp;apos;docViewerMetaData&amp;apos;]/div[1]&amp;quot;}
  (Session info: chrome=147.0.7727.138)
For documentation on this error, please visit: https://www.selenium.dev/documentation/webdriver/troubleshooting/errors#no-such-element-exception
Build info: version: &amp;apos;4.17.0&amp;apos;, revision: &amp;apos;e52b1be057*&amp;apos;
System info: os.name: &amp;apos;Windows 10&amp;apos;, os.arch: &amp;apos;amd64&amp;apos;, os.version: &amp;apos;10.0&amp;apos;, java.version: &amp;apos;17.0.17&amp;apos;
Driver info: org.openqa.selenium.chrome.ChromeDriver
Command: [8ded5892f4ec113e060e85991d92ffd9, findElement {value=//*[@id=&amp;apos;docViewerMetaData&amp;apos;]/div[1], using=xpath}]
Capabilities {acceptInsecureCerts: true, browserName: chrome, browserVersion: 147.0.7727.138, chrome: {chromedriverVersion: 147.0.7727.117 (474cc805edd..., userDataDir: C:\Users\dipak.p\AppData\Lo...}, fedcm:accounts: true, goog:chromeOptions: {debuggerAddress: localhost:49880}, goog:processID: 195864, networkConnectionEnabled: false, pageLoadStrategy: normal, platformName: windows, proxy: Proxy(), se:cdp: ws://localhost:49880/devtoo..., se:cdpVersion: 147.0.7727.138, setWindowRect: true, strictFileInteractability: false, timeouts: {implicit: 0, pageLoad: 300000, script: 30000}, unhandledPromptBehavior: dismiss and notify, webauthn:extension:credBlob: true, webauthn:extension:largeBlob: true, webauthn:extension:minPinLength: true, webauthn:extension:prf: true, webauthn:virtualAuthenticators: true}
Session ID: 8ded5892f4ec113e060e85991d92ffd9">
      <![CDATA[org.openqa.selenium.NoSuchElementException: no such element: Unable to locate element: {"method":"xpath","selector":"//*[@id='docViewerMetaData']/div[1]"}
  (Session info: chrome=147.0.7727.138)
For documentation on this error, please visit: https://www.selenium.dev/documentation/webdriver/troubleshooting/errors#no-such-element-exception
Build info: version: '4.17.0', revision: 'e52b1be057*'
System info: os.name: 'Windows 10', os.arch: 'amd64', os.version: '10.0', java.version: '17.0.17'
Driver info: org.openqa.selenium.chrome.ChromeDriver
Command: [8ded5892f4ec113e060e85991d92ffd9, findElement {value=//*[@id='docViewerMetaData']/div[1], using=xpath}]
Capabilities {acceptInsecureCerts: true, browserName: chrome, browserVersion: 147.0.7727.138, chrome: {chromedriverVersion: 147.0.7727.117 (474cc805edd..., userDataDir: C:\Users\dipak.p\AppData\Lo...}, fedcm:accounts: true, goog:chromeOptions: {debuggerAddress: localhost:49880}, goog:processID: 195864, networkConnectionEnabled: false, pageLoadStrategy: normal, platformName: windows, proxy: Proxy(), se:cdp: ws://localhost:49880/devtoo..., se:cdpVersion: 147.0.7727.138, setWindowRect: true, strictFileInteractability: false, timeouts: {implicit: 0, pageLoad: 300000, script: 30000}, unhandledPromptBehavior: dismiss and notify, webauthn:extension:credBlob: true, webauthn:extension:largeBlob: true, webauthn:extension:minPinLength: true, webauthn:extension:prf: true, webauthn:virtualAuthenticators: true}
Session ID: 8ded5892f4ec113e060e85991d92ffd9
at org.openqa.selenium.remote.codec.w3c.W3CHttpResponseCodec.createException(W3CHttpResponseCodec.java:185)
at org.openqa.selenium.remote.codec.w3c.W3CHttpResponseCodec.decode(W3CHttpResponseCodec.java:134)
at org.openqa.selenium.remote.codec.w3c.W3CHttpResponseCodec.decode(W3CHttpResponseCodec.java:51)
at org.openqa.selenium.remote.HttpCommandExecutor.execute(HttpCommandExecutor.java:190)
at org.openqa.selenium.remote.service.DriverCommandExecutor.invokeExecute(DriverCommandExecutor.java:216)
at org.openqa.selenium.remote.service.DriverCommandExecutor.execute(DriverCommandExecutor.java:174)
at org.openqa.selenium.remote.RemoteWebDriver.execute(RemoteWebDriver.java:519)
at org.openqa.selenium.remote.ElementLocation$ElementFinder$2.findElement(ElementLocation.java:165)
at org.openqa.selenium.remote.ElementLocation.findElement(ElementLocation.java:59)
at org.openqa.selenium.remote.RemoteWebDriver.findElement(RemoteWebDriver.java:356)
at org.openqa.selenium.remote.RemoteWebDriver.findElement(RemoteWebDriver.java:350)
at Computhink.Pom.SpecialCharFilenames.Verify_All_filetypes(SpecialCharFilenames.java:1181)
at Computhink.Script.Special_Char_FileNames.TC_20_Verify_All_filetypes(Special_Char_FileNames.java:141)
at java.base/java.util.ArrayList.forEach(ArrayList.java:1511)
... Removed 31 stack frames]]>
    </failure>
  </testcase> <!-- TC_20_Verify_All_filetypes -->
</testsuite> <!-- Test31 -->
