<?xml version="1.0" encoding="UTF-8"?>
<!-- Generated by org.testng.reporters.JUnitXMLReporter -->
<testsuite ignored="0" hostname="CIPLWKT010" failures="0" tests="6" name="Test12" time="1056.37" errors="0" timestamp="2026-02-16T01:54:23 IST">
  <testcase classname="Computhink.Script.RegisterStamp__Advanced_Viewing" name="Login" time="22.897"/>
  <testcase classname="Computhink.Script.RegisterStamp__Advanced_Viewing" name="TC_A_Advanced_View" time="9.763"/>
  <testcase classname="Computhink.Script.RegisterStamp__Advanced_Viewing" name="TestCase_2_Add_Stamp_SignHere" time="189.477"/>
  <testcase classname="Computhink.Script.RegisterStamp__Advanced_Viewing" name="TestCase_3_Dynamic_Stamp" time="219.668"/>
  <testcase classname="Computhink.Script.RegisterStamp__Advanced_Viewing" name="TestCase_4_Standard_Stamp" time="328.932"/>
  <testcase classname="Computhink.Script.RegisterStamp__Advanced_Viewing" name="TestCase_5_Custom_Stamp" time="283.882"/>
</testsuite> <!-- Test12 -->
