<?xml version="1.0" encoding="UTF-8"?>
<!-- Generated by org.testng.reporters.JUnitXMLReporter -->
<testsuite ignored="0" hostname="CIPLWKT010" failures="0" tests="9" name="Test2" time="568.944" errors="0" timestamp="2026-02-16T00:55:39 IST">
  <testcase classname="Computhink.Script.AdvancedViewer_Script" name="Login_To_EWA" time="23.792"/>
  <testcase classname="Computhink.Script.AdvancedViewer_Script" name="TestCase_1_AdvancedViewerOptionSelection" time="14.747"/>
  <testcase classname="Computhink.Script.AdvancedViewer_Script" name="TestCase_2_AdvancedViewerWordDocument" time="192.146"/>
  <testcase classname="Computhink.Script.AdvancedViewer_Script" name="TestCase_3_Verify_Link_Option" time="23.518"/>
  <testcase classname="Computhink.Script.AdvancedViewer_Script" name="TestCase_4_Verify_Header_Option" time="20.145"/>
  <testcase classname="Computhink.Script.AdvancedViewer_Script" name="TestCase_5_Verify_Footer_Option" time="15.84"/>
  <testcase classname="Computhink.Script.AdvancedViewer_Script" name="TestCase_6_Save_And_Reopen" time="28.533"/>
  <testcase classname="Computhink.Script.AdvancedViewer_Script" name="TestCase_7_AdvancedViewerPDfDocument" time="134.304"/>
  <testcase classname="Computhink.Script.AdvancedViewer_Script" name="TestCase_8_AdvancedViewerExcelDocument" time="113.312"/>
</testsuite> <!-- Test2 -->
