<?xml version="1.0" encoding="UTF-8"?>
<!-- Generated by org.testng.reporters.JUnitXMLReporter -->
<testsuite ignored="0" hostname="CIPLWKT010" failures="0" tests="5" name="Test14" time="420.686" errors="0" timestamp="2026-05-01T19:30:20 IST">
  <testcase classname="Computhink.Script.My_Preferences_DateFormat" name="Login_EWA" time="52.153"/>
  <testcase classname="Computhink.Script.My_Preferences_DateFormat" name="TC_01_Verify_DateFormat_YYYY_MM_DD" time="102.475"/>
  <testcase classname="Computhink.Script.My_Preferences_DateFormat" name="TC_02_Verify_DateFormat_DD_MM_YYYY" time="83.235"/>
  <testcase classname="Computhink.Script.My_Preferences_DateFormat" name="TC_03_Verify_DateFormat_MM_DD_YYYY" time="89.64"/>
  <testcase classname="Computhink.Script.My_Preferences_DateFormat" name="TC_04_Verify_DateFormat_Default" time="91.551"/>
</testsuite> <!-- Test14 -->
