<?xml version="1.0" encoding="UTF-8"?>
<!-- Generated by org.testng.reporters.JUnitXMLReporter -->
<testsuite ignored="0" hostname="CIPLWKT010" failures="0" tests="5" name="Test19" time="333.249" errors="0" timestamp="2026-01-19T19:09:52 IST">
  <testcase classname="Computhink.Script.My_Preferences_Office_documents" name="Login_EWA" time="18.533"/>
  <testcase classname="Computhink.Script.My_Preferences_Office_documents" name="TC_01_Verify_Browse_Office_documents_Advancedviewing" time="115.388"/>
  <testcase classname="Computhink.Script.My_Preferences_Office_documents" name="TC_02_Verify_NewWordDocuments_Office_documents_Advancedviewing" time="26.773"/>
  <testcase classname="Computhink.Script.My_Preferences_Office_documents" name="TC_03_Verify_NewExcelSpreadsheet_Office_documents_Advancedviewing" time="19.195"/>
  <testcase classname="Computhink.Script.My_Preferences_Office_documents" name="TC_04_Verify_Browse_Office_documents_Defaultviewing" time="146.45"/>
</testsuite> <!-- Test19 -->
