<?xml version="1.0" encoding="UTF-8"?>
<!-- Generated by org.testng.reporters.JUnitXMLReporter -->
<testsuite ignored="0" hostname="CIPLWKT010" failures="0" tests="4" name="Test 8" time="153.286" errors="0" timestamp="2026-01-19T21:49:18 IST">
  <testcase classname="Computhink.Script.SecureLink_Negative_Scenerio" name="TC_1_SecureLinkInvalidRecepient_Mail_ID_ValidConfirm_Mail" time="72.789"/>
  <testcase classname="Computhink.Script.SecureLink_Negative_Scenerio" name="TC_2_SendToSecureLinkwithout_Email_ID_BlankTest" time="18.346"/>
  <testcase classname="Computhink.Script.SecureLink_Negative_Scenerio" name="TC_3_SecLinkReceipientDailogBoxInvalid_Email_ID" time="37.986"/>
  <testcase classname="Computhink.Script.SecureLink_Negative_Scenerio" name="TC_4_SecLinkReceipientMailBlank" time="24.161"/>
</testsuite> <!-- Test 8 -->
