<html>
<head>
<title>TestNG:  Test 6</title>
<link href="../testng.css" rel="stylesheet" type="text/css" />
<link href="../my-testng.css" rel="stylesheet" type="text/css" />

<style type="text/css">
.log { display: none;} 
.stack-trace { display: none;} 
</style>
<script type="text/javascript">
<!--
function flip(e) {
  current = e.style.display;
  if (current == 'block') {
    e.style.display = 'none';
    return 0;
  }
  else {
    e.style.display = 'block';
    return 1;
  }
}

function toggleBox(szDivId, elem, msg1, msg2)
{
  var res = -1;  if (document.getElementById) {
    res = flip(document.getElementById(szDivId));
  }
  else if (document.all) {
    // this is the way old msie versions work
    res = flip(document.all[szDivId]);
  }
  if(elem) {
    if(res == 0) elem.innerHTML = msg1; else elem.innerHTML = msg2;
  }

}

function toggleAllBoxes() {
  if (document.getElementsByTagName) {
    d = document.getElementsByTagName('div');
    for (i = 0; i < d.length; i++) {
      if (d[i].className == 'log') {
        flip(d[i]);
      }
    }
  }
}

// -->
</script>

</head>
<body>
<h2 align='center'>Test 6</h2><table border='1' align="center">
<tr>
<td>Tests passed/Failed/Skipped:</td><td>4/0/1</td>
</tr><tr>
<td>Started on:</td><td>Mon Jan 19 21:43:34 IST 2026</td>
</tr>
<tr><td>Total time:</td><td>190 seconds (190578 ms)</td>
</tr><tr>
<td>Included groups:</td><td></td>
</tr><tr>
<td>Excluded groups:</td><td></td>
</tr>
</table><p/>
<small><i>(Hover the method name to see the test class name)</i></small><p/>
<table width='100%' border='1' class='invocation-passed'>
<tr><td colspan='4' align='center'><b>PASSED TESTS</b></td></tr>
<tr><td><b>Test method</b></td>
<td width="30%"><b>Exception</b></td>
<td width="10%"><b>Time (seconds)</b></td>
<td><b>Instance</b></td>
</tr>
<tr>
<td title='Computhink.Script.SecureLink.TC_2_SecureLinkFromSearchTab()'><b>TC_2_SecureLinkFromSearchTab</b><br>Test class: Computhink.Script.SecureLink<br/>
<a href="#Output-1547538876" onClick='toggleBox("Output-1547538876", this, "Show output", "Hide output");'>Show output</a>

<a href="#Output-1547538876" onClick="toggleAllBoxes();">Show all outputs</a>
<div class='log' id="Output-1547538876">
Scenario 03: Document send to securelink from Search list page<br/>
Click on search tab<br/>
Click on find button<br/>
Click on document page check box<br/>
Mouse hover on document tab<br/>
Click on sendto submenu<br/>
Click on securelink option<br/>
Enter valid email<br/>
Enter valid email id on confirm mail text box<br/>
Click on secure link ok button<br/>
Enter recipient mail <br/>
Confirm the recipient mail <br/>
Click on securelink dialog OK button<br/>
Securelink sent successfully...<br/>
Searching the document and select the document from searchList, the selected document was sent successfully... Mail has received.<br/>
</div>
</td>
<td></td>
<td>51</td>
<td>Computhink.Script.SecureLink@6256ac4f</td></tr>
<tr>
<td title='Computhink.Script.SecureLink.TC_1_DocumentSendToSecureLink()'><b>TC_1_DocumentSendToSecureLink</b><br>Test class: Computhink.Script.SecureLink<br/>
<a href="#Output-566952656" onClick='toggleBox("Output-566952656", this, "Show output", "Hide output");'>Show output</a>

<a href="#Output-566952656" onClick="toggleAllBoxes();">Show all outputs</a>
<div class='log' id="Output-566952656">
Scenario 01: Document send to securelink from viewer page<br/>
Expand the cabinet<br/>
Expand the drawer<br/>
Expand the folder<br/>
Open the document<br/>
No Alert is present<br/>
Select a page check box in thumbnail view<br/>
Click on sendTo tool button<br/>
Select secure link option<br/>
Enter the valid mail into securelink email textbox<br/>
Enter the valid mail into securelink confirm textbox<br/>
Click the modify check box<br/>
Click on securelink dialog ok button<br/>
Enter recipient mail again<br/>
Enter recipient mail in confirm textbox<br/>
Secure link Mail has sent successfully...<br/>
Sending secure link mail from viewer page, selected document from page List was sent successfully. Mail has been received.<br/>
</div>
</td>
<td></td>
<td>58</td>
<td>Computhink.Script.SecureLink@6256ac4f</td></tr>
<tr>
<td title='Computhink.Script.SecureLink.Login()'><b>Login</b><br>Test class: Computhink.Script.SecureLink<br/>
<a href="#Output-622318745" onClick='toggleBox("Output-622318745", this, "Show output", "Hide output");'>Show output</a>

<a href="#Output-622318745" onClick="toggleAllBoxes();">Show all outputs</a>
<div class='log' id="Output-622318745">
Scenario 01: Log into EWA<br/>
Enter valid user name into username field<br/>
UserName Details: dipak<br/>
Enter valid password into password field<br/>
Select a Room<br/>
Selected Room name: demoserver.demoroom<br/>
Captcha is not present, proceeding with login.<br/>
Click Login button<br/>
Session message did not appear. Proceeding with login.<br/>
User logged in successfully... <br/>
</div>
</td>
<td></td>
<td>23</td>
<td>Computhink.Script.SecureLink@6256ac4f</td></tr>
<tr>
<td title='Computhink.Script.SecureLink.TC_3_SecureLinkFromDocumentList()'><b>TC_3_SecureLinkFromDocumentList</b><br>Test class: Computhink.Script.SecureLink<br/>
<a href="#Output-664883070" onClick='toggleBox("Output-664883070", this, "Show output", "Hide output");'>Show output</a>

<a href="#Output-664883070" onClick="toggleAllBoxes();">Show all outputs</a>
<div class='log' id="Output-664883070">
Scenario 02: Document send to securelink from Document page<br/>
Scenario 02: Document send to securelink from Document page<br/>
Click on recent folder tab<br/>
Open the recent folder<br/>
Click on document page check box<br/>
Mouse hover on document tab<br/>
Click sendto submenu securelink option<br/>
Enter the valid email id<br/>
Enter the mail id in confirm mail textbox<br/>
Click on modify check box<br/>
Click on securelink dialog OK button<br/>
Enter recipient mail<br/>
Enter confirm mail<br/>
User clicks on Securelink dialog OK button<br/>
Secure link sent successfully...<br/>
Sending secure link mail from document tab, selected document from Document List was sent successfully. Mail has been received.<br/>
</div>
</td>
<td></td>
<td>35</td>
<td>Computhink.Script.SecureLink@6256ac4f</td></tr>
</table><p>
<table width='100%' border='1' class='invocation-skipped'>
<tr><td colspan='4' align='center'><b>SKIPPED TESTS</b></td></tr>
<tr><td><b>Test method</b></td>
<td width="30%"><b>Exception</b></td>
<td width="10%"><b>Time (seconds)</b></td>
<td><b>Instance</b></td>
</tr>
<tr>
<td title='Computhink.Script.SecureLink.TC_3_SecureLinkFromDocumentList()'><b>TC_3_SecureLinkFromDocumentList</b><br>Test class: Computhink.Script.SecureLink<br/>
<a href="#Output-515399299" onClick='toggleBox("Output-515399299", this, "Show output", "Hide output");'>Show output</a>

<a href="#Output-515399299" onClick="toggleAllBoxes();">Show all outputs</a>
<div class='log' id="Output-515399299">
Scenario 02: Document send to securelink from Document page<br/>
Scenario 02: Document send to securelink from Document page<br/>
Click on recent folder tab<br/>
</div>
</td>
<td><div><pre>org.openqa.selenium.TimeoutException: Expected condition failed: waiting for element to be clickable: [[ChromeDriver: chrome on windows (57ac37f98729301f42be349e345f1cae)] -&gt; xpath: //table[@id=&apos;recentFolders&apos;]/tbody/tr[1]/td[1]] (tried for 10 second(s) with 500 milliseconds interval)
Build info: version: &apos;4.17.0&apos;, revision: &apos;e52b1be057*&apos;
System info: os.name: &apos;Windows 10&apos;, os.arch: &apos;amd64&apos;, os.version: &apos;10.0&apos;, java.version: &apos;17.0.7&apos;
Driver info: org.openqa.selenium.chrome.ChromeDriver
Capabilities {acceptInsecureCerts: false, browserName: chrome, browserVersion: 144.0.7559.59, chrome: {chromedriverVersion: 144.0.7559.31 (18537d992890..., userDataDir: C:\Users\dipak.p\AppData\Lo...}, fedcm:accounts: true, goog:chromeOptions: {debuggerAddress: localhost:55927}, goog:processID: 28216, networkConnectionEnabled: false, pageLoadStrategy: normal, platformName: windows, proxy: Proxy(), se:cdp: ws://localhost:55927/devtoo..., se:cdpVersion: 144.0.7559.59, setWindowRect: true, strictFileInteractability: false, timeouts: {implicit: 0, pageLoad: 300000, script: 30000}, unhandledPromptBehavior: dismiss and notify, webauthn:extension:credBlob: true, webauthn:extension:largeBlob: true, webauthn:extension:minPinLength: true, webauthn:extension:prf: true, webauthn:virtualAuthenticators: true}
Session ID: 57ac37f98729301f42be349e345f1cae
	at org.openqa.selenium.support.ui.WebDriverWait.timeoutException(WebDriverWait.java:84)
	at org.openqa.selenium.support.ui.FluentWait.until(FluentWait.java:228)
	at Computhink.Generic.BaseClass.ElementToBeClickable(BaseClass.java:1760)
	at Computhink.Pom.Print.SecureLinkFromDocumentList(Print.java:1594)
	at Computhink.Script.SecureLink.TC_3_SecureLinkFromDocumentList(SecureLink.java:60)
	at java.base/java.util.ArrayList.forEach(ArrayList.java:1511)
... Removed 27 stack frames</pre></div><a href='#' onClick='toggleBox("stack-trace515399299", this, "Click to show all stack frames", "Click to hide stack frames")'>Click to show all stack frames</a>
<div class='stack-trace' id='stack-trace515399299'><pre>org.openqa.selenium.TimeoutException: Expected condition failed: waiting for element to be clickable: [[ChromeDriver: chrome on windows (57ac37f98729301f42be349e345f1cae)] -&gt; xpath: //table[@id=&apos;recentFolders&apos;]/tbody/tr[1]/td[1]] (tried for 10 second(s) with 500 milliseconds interval)
Build info: version: &apos;4.17.0&apos;, revision: &apos;e52b1be057*&apos;
System info: os.name: &apos;Windows 10&apos;, os.arch: &apos;amd64&apos;, os.version: &apos;10.0&apos;, java.version: &apos;17.0.7&apos;
Driver info: org.openqa.selenium.chrome.ChromeDriver
Capabilities {acceptInsecureCerts: false, browserName: chrome, browserVersion: 144.0.7559.59, chrome: {chromedriverVersion: 144.0.7559.31 (18537d992890..., userDataDir: C:\Users\dipak.p\AppData\Lo...}, fedcm:accounts: true, goog:chromeOptions: {debuggerAddress: localhost:55927}, goog:processID: 28216, networkConnectionEnabled: false, pageLoadStrategy: normal, platformName: windows, proxy: Proxy(), se:cdp: ws://localhost:55927/devtoo..., se:cdpVersion: 144.0.7559.59, setWindowRect: true, strictFileInteractability: false, timeouts: {implicit: 0, pageLoad: 300000, script: 30000}, unhandledPromptBehavior: dismiss and notify, webauthn:extension:credBlob: true, webauthn:extension:largeBlob: true, webauthn:extension:minPinLength: true, webauthn:extension:prf: true, webauthn:virtualAuthenticators: true}
Session ID: 57ac37f98729301f42be349e345f1cae
	at org.openqa.selenium.support.ui.WebDriverWait.timeoutException(WebDriverWait.java:84)
	at org.openqa.selenium.support.ui.FluentWait.until(FluentWait.java:228)
	at Computhink.Generic.BaseClass.ElementToBeClickable(BaseClass.java:1760)
	at Computhink.Pom.Print.SecureLinkFromDocumentList(Print.java:1594)
	at Computhink.Script.SecureLink.TC_3_SecureLinkFromDocumentList(SecureLink.java:60)
	at java.base/jdk.internal.reflect.NativeMethodAccessorImpl.invoke0(Native Method)
	at java.base/jdk.internal.reflect.NativeMethodAccessorImpl.invoke(NativeMethodAccessorImpl.java:77)
	at java.base/jdk.internal.reflect.DelegatingMethodAccessorImpl.invoke(DelegatingMethodAccessorImpl.java:43)
	at java.base/java.lang.reflect.Method.invoke(Method.java:568)
	at org.testng.internal.MethodInvocationHelper.invokeMethod(MethodInvocationHelper.java:133)
	at org.testng.internal.TestInvoker.invokeMethod(TestInvoker.java:598)
	at org.testng.internal.TestInvoker.invokeTestMethod(TestInvoker.java:173)
	at org.testng.internal.MethodRunner.runInSequence(MethodRunner.java:46)
	at org.testng.internal.TestInvoker$MethodInvocationAgent.invoke(TestInvoker.java:824)
	at org.testng.internal.TestInvoker.invokeTestMethods(TestInvoker.java:146)
	at org.testng.internal.TestMethodWorker.invokeTestMethods(TestMethodWorker.java:146)
	at org.testng.internal.TestMethodWorker.run(TestMethodWorker.java:128)
	at java.base/java.util.ArrayList.forEach(ArrayList.java:1511)
	at org.testng.TestRunner.privateRun(TestRunner.java:794)
	at org.testng.TestRunner.run(TestRunner.java:596)
	at org.testng.SuiteRunner.runTest(SuiteRunner.java:377)
	at org.testng.SuiteRunner.runSequentially(SuiteRunner.java:371)
	at org.testng.SuiteRunner.privateRun(SuiteRunner.java:332)
	at org.testng.SuiteRunner.run(SuiteRunner.java:276)
	at org.testng.SuiteRunnerWorker.runSuite(SuiteRunnerWorker.java:53)
	at org.testng.SuiteRunnerWorker.run(SuiteRunnerWorker.java:96)
	at org.testng.TestNG.runSuitesSequentially(TestNG.java:1212)
	at org.testng.TestNG.runSuitesLocally(TestNG.java:1134)
	at org.testng.TestNG.runSuites(TestNG.java:1063)
	at org.testng.TestNG.run(TestNG.java:1031)
	at org.testng.remote.AbstractRemoteTestNG.run(AbstractRemoteTestNG.java:115)
	at org.testng.remote.RemoteTestNG.initAndRun(RemoteTestNG.java:293)
	at org.testng.remote.RemoteTestNG.main(RemoteTestNG.java:91)
</pre></div></td>
<td>13</td>
<td>Computhink.Script.SecureLink@6256ac4f</td></tr>
</table><p>
</body>
</html>