<?xml version="1.0" encoding="UTF-8"?>
<!-- Generated by org.testng.reporters.JUnitXMLReporter -->
<testsuite ignored="0" hostname="CIPLWKT010" failures="0" tests="5" name="Test14" time="402.984" errors="0" timestamp="2026-01-19T18:46:51 IST">
  <testcase classname="Computhink.Script.My_Preferences_DateFormat" name="Login_EWA" time="21.185"/>
  <testcase classname="Computhink.Script.My_Preferences_DateFormat" name="TC_01_Verify_DateFormat_YYYY_MM_DD" time="104.083"/>
  <testcase classname="Computhink.Script.My_Preferences_DateFormat" name="TC_02_Verify_DateFormat_DD_MM_YYYY" time="85.287"/>
  <testcase classname="Computhink.Script.My_Preferences_DateFormat" name="TC_03_Verify_DateFormat_MM_DD_YYYY" time="91.783"/>
  <testcase classname="Computhink.Script.My_Preferences_DateFormat" name="TC_04_Verify_DateFormat_Default" time="93.793"/>
</testsuite> <!-- Test14 -->
