<?xml version="1.0" encoding="UTF-8"?>
<!-- Generated by org.testng.reporters.JUnitXMLReporter -->
<testsuite ignored="0" hostname="CIPLWKT010" failures="0" tests="9" name="Test 5" time="527.759" errors="0" timestamp="2026-02-16T01:20:20 IST">
  <testcase classname="Computhink.Script.DashBoardScript" name="Login" time="22.407"/>
  <testcase classname="Computhink.Script.DashBoardScript" name="TC_1_SearchIconDashBoardFunctionality" time="196.35"/>
  <testcase classname="Computhink.Script.DashBoardScript" name="TC_2_NotifiactionIconDashBoardFunctionality" time="13.027"/>
  <testcase classname="Computhink.Script.DashBoardScript" name="TodoListWFDetailsDashBoardFunctionality" time="58.576"/>
  <testcase classname="Computhink.Script.DashBoardScript" name="TC_4_CreateNewDocumentFromDB" time="18.715"/>
  <testcase classname="Computhink.Script.DashBoardScript" name="TC_5_Contentverse_Document_Report" time="81.918"/>
  <testcase classname="Computhink.Script.DashBoardScript" name="TC_6_Contentverse_WrokflowStatus_Report" time="60.761"/>
  <testcase classname="Computhink.Script.DashBoardScript" name="TC_7_Contentverse_RejectDocumentInWFReport_Report" time="64.701"/>
  <testcase classname="Computhink.Script.DashBoardScript" name="TC_8_logoutFromDB" time="9.597"/>
</testsuite> <!-- Test 5 -->
