<?xml version="1.0" encoding="UTF-8"?>
<!-- Generated by org.testng.reporters.JUnitXMLReporter -->
<testsuite ignored="0" hostname="CIPLWKT010" failures="0" tests="8" name="Test4" time="1232.187" errors="0" timestamp="2026-01-19T16:21:50 IST">
  <testcase classname="Computhink.Script.Negative_Templates" name="Login_EWA" time="21.004"/>
  <testcase classname="Computhink.Script.Negative_Templates" name="TC_01_Login_Template_permissionassign_User_and_verify_message_Select_Folder_ToCreateDoc" time="120.984"/>
  <testcase classname="Computhink.Script.Negative_Templates" name="TC_02_verify_message_addPages_Using_SaveandClearButton" time="63.417"/>
  <testcase classname="Computhink.Script.Negative_Templates" name="TC_03_Verify_TextboxName_and_Templatename_validation" time="128.87"/>
  <testcase classname="Computhink.Script.Negative_Templates" name="TC_04_Verify_validation_Duplicate_Template_Created" time="392.311"/>
  <testcase classname="Computhink.Script.Negative_Templates" name="TC_05_verify_to_CreateorBrowse_Template_Advancedviewing_Officedoc" time="305.257"/>
  <testcase classname="Computhink.Script.Negative_Templates" name="TC_06_verify_Validation_Formmapping_PDFTemplate_Advancedviewing" time="150.479"/>
  <testcase classname="Computhink.Script.Negative_Templates" name="TC_07_Set_Defaultview" time="42.805"/>
</testsuite> <!-- Test4 -->
