<?xml version="1.0" encoding="UTF-8"?>
<!-- Generated by org.testng.reporters.JUnitXMLReporter -->
<testsuite ignored="0" hostname="CIPLWKT010" failures="1" tests="24" name="Test31" time="1217.32" errors="0" timestamp="2026-01-19T20:54:31 IST">
  <testcase classname="Computhink.Script.Special_Char_FileNames" name="Login_EWA" time="22.078"/>
  <testcase classname="Computhink.Script.Special_Char_FileNames" name="TC_01_Upload_and_verify_Allowing_Percentage_Characterfile" time="119.652"/>
  <testcase classname="Computhink.Script.Special_Char_FileNames" name="TC_02_Upload_and_verify_Allowing_Tile_Characterfile" time="49.9"/>
  <testcase classname="Computhink.Script.Special_Char_FileNames" name="TC_03_Upload_and_verify_Allowing_Atrate_Characterfile" time="57.937"/>
  <testcase classname="Computhink.Script.Special_Char_FileNames" name="TC_04_Upload_and_verify_Allowing_Hash_Characterfile" time="51.933"/>
  <testcase classname="Computhink.Script.Special_Char_FileNames" name="TC_05_Upload_and_verify_Allowing_Dollar_Characterfile" time="52.019"/>
  <testcase classname="Computhink.Script.Special_Char_FileNames" name="TC_06_Upload_and_verify_Allowing_Plus_Characterfile" time="57.878"/>
  <testcase classname="Computhink.Script.Special_Char_FileNames" name="TC_07_Upload_and_verify_Allowing_Caret_Characterfile" time="52.016"/>
  <testcase classname="Computhink.Script.Special_Char_FileNames" name="TC_08_Upload_and_verify_Allowing_Equals_Characterfile" time="51.895"/>
  <testcase classname="Computhink.Script.Special_Char_FileNames" name="TC_09_Upload_and_verify_Allowing_SingleQuote_Characterfile" time="51.939"/>
  <testcase classname="Computhink.Script.Special_Char_FileNames" name="TC_10_Upload_and_verify_Allowing_Comma_Characterfile" time="51.824"/>
  <testcase classname="Computhink.Script.Special_Char_FileNames" name="TC_11_Upload_and_verify_Allowing_Exclamatory_Characterfile" time="59.895"/>
  <testcase classname="Computhink.Script.Special_Char_FileNames" name="TC_12_Upload_and_verify_Allowing_Hyphen_Characterfile" time="52.053"/>
  <testcase classname="Computhink.Script.Special_Char_FileNames" name="TC_13_Upload_and_verify_Allowing_RoundBrackets_Characterfile" time="56.74"/>
  <testcase classname="Computhink.Script.Special_Char_FileNames" name="TC_14_Upload_and_verify_Allowing_Accent_Characterfile" time="56.957"/>
  <testcase classname="Computhink.Script.Special_Char_FileNames" name="TC_15_Upload_and_verify_Allowing_Ampersant_Characterfile" time="62.283"/>
  <testcase classname="Computhink.Script.Special_Char_FileNames" name="TC_16_Upload_and_verify_Allowing_Underscore_Characterfile" time="57.439"/>
  <testcase classname="Computhink.Script.Special_Char_FileNames" name="TC_17_Upload_and_verify_Allowing_Flowerbracket_Characterfile" time="57.798"/>
  <testcase classname="Computhink.Script.Special_Char_FileNames" name="TC_18_Upload_and_verify_Allowing_Squarebracket_Characterfile" time="69.532"/>
  <testcase classname="Computhink.Script.Special_Char_FileNames" name="TC_19_Upload_and_verify_Allowing_SemiColon_Characterfile" time="74.396"/>
  <testcase classname="Computhink.Script.Special_Char_FileNames" name="TC_20_Verify_All_filetypes" time="28.231">
    <skipped/>
  </testcase> <!-- TC_20_Verify_All_filetypes -->
  <testcase classname="Computhink.Script.Special_Char_FileNames" name="TC_20_Verify_All_filetypes" time="5.076">
    <skipped/>
  </testcase> <!-- TC_20_Verify_All_filetypes -->
  <testcase classname="Computhink.Script.Special_Char_FileNames" name="TC_20_Verify_All_filetypes" time="5.064">
    <skipped/>
  </testcase> <!-- TC_20_Verify_All_filetypes -->
  <testcase classname="Computhink.Script.Special_Char_FileNames" name="TC_20_Verify_All_filetypes" time="5.021">
    <failure type="org.openqa.selenium.NoSuchElementException" message="no such element: Unable to locate element: {&amp;quot;method&amp;quot;:&amp;quot;xpath&amp;quot;,&amp;quot;selector&amp;quot;:&amp;quot;//*[@id=&amp;apos;docViewerMetaData&amp;apos;]/div[1]&amp;quot;}
  (Session info: chrome=144.0.7559.59)
For documentation on this error, please visit: https://www.selenium.dev/documentation/webdriver/troubleshooting/errors#no-such-element-exception
Build info: version: &amp;apos;4.17.0&amp;apos;, revision: &amp;apos;e52b1be057*&amp;apos;
System info: os.name: &amp;apos;Windows 10&amp;apos;, os.arch: &amp;apos;amd64&amp;apos;, os.version: &amp;apos;10.0&amp;apos;, java.version: &amp;apos;17.0.7&amp;apos;
Driver info: org.openqa.selenium.chrome.ChromeDriver
Command: [f3dde0f8bed68723131004055fc4bdba, findElement {using=xpath, value=//*[@id=&amp;apos;docViewerMetaData&amp;apos;]/div[1]}]
Capabilities {acceptInsecureCerts: false, browserName: chrome, browserVersion: 144.0.7559.59, chrome: {chromedriverVersion: 144.0.7559.31 (18537d992890..., userDataDir: C:\Users\dipak.p\AppData\Lo...}, fedcm:accounts: true, goog:chromeOptions: {debuggerAddress: localhost:55019}, goog:processID: 39800, networkConnectionEnabled: false, pageLoadStrategy: normal, platformName: windows, proxy: Proxy(), se:cdp: ws://localhost:55019/devtoo..., se:cdpVersion: 144.0.7559.59, setWindowRect: true, strictFileInteractability: false, timeouts: {implicit: 0, pageLoad: 300000, script: 30000}, unhandledPromptBehavior: dismiss and notify, webauthn:extension:credBlob: true, webauthn:extension:largeBlob: true, webauthn:extension:minPinLength: true, webauthn:extension:prf: true, webauthn:virtualAuthenticators: true}
Session ID: f3dde0f8bed68723131004055fc4bdba">
      <![CDATA[org.openqa.selenium.NoSuchElementException: no such element: Unable to locate element: {"method":"xpath","selector":"//*[@id='docViewerMetaData']/div[1]"}
  (Session info: chrome=144.0.7559.59)
For documentation on this error, please visit: https://www.selenium.dev/documentation/webdriver/troubleshooting/errors#no-such-element-exception
Build info: version: '4.17.0', revision: 'e52b1be057*'
System info: os.name: 'Windows 10', os.arch: 'amd64', os.version: '10.0', java.version: '17.0.7'
Driver info: org.openqa.selenium.chrome.ChromeDriver
Command: [f3dde0f8bed68723131004055fc4bdba, findElement {using=xpath, value=//*[@id='docViewerMetaData']/div[1]}]
Capabilities {acceptInsecureCerts: false, browserName: chrome, browserVersion: 144.0.7559.59, chrome: {chromedriverVersion: 144.0.7559.31 (18537d992890..., userDataDir: C:\Users\dipak.p\AppData\Lo...}, fedcm:accounts: true, goog:chromeOptions: {debuggerAddress: localhost:55019}, goog:processID: 39800, networkConnectionEnabled: false, pageLoadStrategy: normal, platformName: windows, proxy: Proxy(), se:cdp: ws://localhost:55019/devtoo..., se:cdpVersion: 144.0.7559.59, setWindowRect: true, strictFileInteractability: false, timeouts: {implicit: 0, pageLoad: 300000, script: 30000}, unhandledPromptBehavior: dismiss and notify, webauthn:extension:credBlob: true, webauthn:extension:largeBlob: true, webauthn:extension:minPinLength: true, webauthn:extension:prf: true, webauthn:virtualAuthenticators: true}
Session ID: f3dde0f8bed68723131004055fc4bdba
at org.openqa.selenium.remote.codec.w3c.W3CHttpResponseCodec.createException(W3CHttpResponseCodec.java:185)
at org.openqa.selenium.remote.codec.w3c.W3CHttpResponseCodec.decode(W3CHttpResponseCodec.java:134)
at org.openqa.selenium.remote.codec.w3c.W3CHttpResponseCodec.decode(W3CHttpResponseCodec.java:51)
at org.openqa.selenium.remote.HttpCommandExecutor.execute(HttpCommandExecutor.java:190)
at org.openqa.selenium.remote.service.DriverCommandExecutor.invokeExecute(DriverCommandExecutor.java:216)
at org.openqa.selenium.remote.service.DriverCommandExecutor.execute(DriverCommandExecutor.java:174)
at org.openqa.selenium.remote.RemoteWebDriver.execute(RemoteWebDriver.java:519)
at org.openqa.selenium.remote.ElementLocation$ElementFinder$2.findElement(ElementLocation.java:165)
at org.openqa.selenium.remote.ElementLocation.findElement(ElementLocation.java:59)
at org.openqa.selenium.remote.RemoteWebDriver.findElement(RemoteWebDriver.java:356)
at org.openqa.selenium.remote.RemoteWebDriver.findElement(RemoteWebDriver.java:350)
at Computhink.Pom.SpecialCharFilenames.Verify_All_filetypes(SpecialCharFilenames.java:1181)
at Computhink.Script.Special_Char_FileNames.TC_20_Verify_All_filetypes(Special_Char_FileNames.java:147)
at java.base/java.util.ArrayList.forEach(ArrayList.java:1511)
... Removed 31 stack frames]]>
    </failure>
  </testcase> <!-- TC_20_Verify_All_filetypes -->
</testsuite> <!-- Test31 -->
