<?xml version="1.0" encoding="UTF-8"?>
<!-- Generated by org.testng.reporters.JUnitXMLReporter -->
<testsuite ignored="0" hostname="CIPLWKT010" failures="0" tests="4" name="Test 6" time="176.118" errors="0" timestamp="2026-01-20T09:38:58 IST">
  <testcase classname="Computhink.Script.SecureLink" name="Login" time="23.755"/>
  <testcase classname="Computhink.Script.SecureLink" name="TC_1_DocumentSendToSecureLink" time="58.485"/>
  <testcase classname="Computhink.Script.SecureLink" name="TC_2_SecureLinkFromSearchTab" time="51.691"/>
  <testcase classname="Computhink.Script.SecureLink" name="TC_3_SecureLinkFromDocumentList" time="35.488"/>
</testsuite> <!-- Test 6 -->
