<?xml version="1.0" encoding="UTF-8"?>
<!-- Generated by org.testng.reporters.JUnitXMLReporter -->
<testsuite ignored="0" hostname="CIPLWKT010" failures="0" tests="2" name="Test16" time="375.557" errors="0" timestamp="2026-05-01T19:41:50 IST">
  <testcase classname="Computhink.Script.My_Preferences_Download_Allfiles" name="Login_EWA" time="51.833"/>
  <testcase classname="Computhink.Script.My_Preferences_Download_Allfiles" name="TC_01_Verify_Download_All_Files" time="320.418"/>
</testsuite> <!-- Test16 -->
