<?xml version="1.0" encoding="UTF-8"?>
<!-- Generated by org.testng.reporters.JUnitXMLReporter -->
<testsuite ignored="0" hostname="CIPLWKT010" failures="0" tests="2" name="Test16" time="283.804" errors="0" timestamp="2026-01-19T18:56:28 IST">
  <testcase classname="Computhink.Script.My_Preferences_Download_Allfiles" name="Login_EWA" time="21.168"/>
  <testcase classname="Computhink.Script.My_Preferences_Download_Allfiles" name="TC_01_Verify_Download_All_Files" time="255.7"/>
</testsuite> <!-- Test16 -->
