<?xml version="1.0" encoding="UTF-8"?>
<!-- Generated by org.testng.reporters.JUnitXMLReporter -->
<testsuite ignored="0" hostname="CIPLWKT010" failures="1" tests="11" name="Test 5" time="563.004" errors="0" timestamp="2026-05-01T14:40:20 IST">
  <testcase classname="Computhink.Script.DashBoardScript" name="Login" time="4.308"/>
  <testcase classname="Computhink.Script.DashBoardScript" name="TC_1_SearchIconDashBoardFunctionality" time="61.363">
    <skipped/>
  </testcase> <!-- TC_1_SearchIconDashBoardFunctionality -->
  <testcase classname="Computhink.Script.DashBoardScript" name="TC_1_SearchIconDashBoardFunctionality" time="55.352">
    <skipped/>
  </testcase> <!-- TC_1_SearchIconDashBoardFunctionality -->
  <testcase classname="Computhink.Script.DashBoardScript" name="TC_1_SearchIconDashBoardFunctionality" time="75.256">
    <failure type="org.openqa.selenium.NoSuchElementException" message="no such element: Unable to locate element: {&amp;quot;method&amp;quot;:&amp;quot;css selector&amp;quot;,&amp;quot;selector&amp;quot;:&amp;quot;#submitid&amp;quot;}
  (Session info: chrome=147.0.7727.138)
For documentation on this error, please visit: https://www.selenium.dev/documentation/webdriver/troubleshooting/errors#no-such-element-exception
Build info: version: &amp;apos;4.17.0&amp;apos;, revision: &amp;apos;e52b1be057*&amp;apos;
System info: os.name: &amp;apos;Windows 10&amp;apos;, os.arch: &amp;apos;amd64&amp;apos;, os.version: &amp;apos;10.0&amp;apos;, java.version: &amp;apos;17.0.17&amp;apos;
Driver info: org.openqa.selenium.chrome.ChromeDriver
Command: [b0ed3ecc9d08cdbe95fe5739e3778e73, findElement {using=id, value=submitid}]
Capabilities {acceptInsecureCerts: true, browserName: chrome, browserVersion: 147.0.7727.138, chrome: {chromedriverVersion: 147.0.7727.117 (474cc805edd..., userDataDir: C:\Users\dipak.p\AppData\Lo...}, fedcm:accounts: true, goog:chromeOptions: {debuggerAddress: localhost:61700}, goog:processID: 187140, networkConnectionEnabled: false, pageLoadStrategy: normal, platformName: windows, proxy: Proxy(), se:cdp: ws://localhost:61700/devtoo..., se:cdpVersion: 147.0.7727.138, setWindowRect: true, strictFileInteractability: false, timeouts: {implicit: 0, pageLoad: 300000, script: 30000}, unhandledPromptBehavior: dismiss and notify, webauthn:extension:credBlob: true, webauthn:extension:largeBlob: true, webauthn:extension:minPinLength: true, webauthn:extension:prf: true, webauthn:virtualAuthenticators: true}
Session ID: b0ed3ecc9d08cdbe95fe5739e3778e73">
      <![CDATA[org.openqa.selenium.NoSuchElementException: no such element: Unable to locate element: {"method":"css selector","selector":"#submitid"}
  (Session info: chrome=147.0.7727.138)
For documentation on this error, please visit: https://www.selenium.dev/documentation/webdriver/troubleshooting/errors#no-such-element-exception
Build info: version: '4.17.0', revision: 'e52b1be057*'
System info: os.name: 'Windows 10', os.arch: 'amd64', os.version: '10.0', java.version: '17.0.17'
Driver info: org.openqa.selenium.chrome.ChromeDriver
Command: [b0ed3ecc9d08cdbe95fe5739e3778e73, findElement {using=id, value=submitid}]
Capabilities {acceptInsecureCerts: true, browserName: chrome, browserVersion: 147.0.7727.138, chrome: {chromedriverVersion: 147.0.7727.117 (474cc805edd..., userDataDir: C:\Users\dipak.p\AppData\Lo...}, fedcm:accounts: true, goog:chromeOptions: {debuggerAddress: localhost:61700}, goog:processID: 187140, networkConnectionEnabled: false, pageLoadStrategy: normal, platformName: windows, proxy: Proxy(), se:cdp: ws://localhost:61700/devtoo..., se:cdpVersion: 147.0.7727.138, setWindowRect: true, strictFileInteractability: false, timeouts: {implicit: 0, pageLoad: 300000, script: 30000}, unhandledPromptBehavior: dismiss and notify, webauthn:extension:credBlob: true, webauthn:extension:largeBlob: true, webauthn:extension:minPinLength: true, webauthn:extension:prf: true, webauthn:virtualAuthenticators: true}
Session ID: b0ed3ecc9d08cdbe95fe5739e3778e73
at org.openqa.selenium.remote.codec.w3c.W3CHttpResponseCodec.createException(W3CHttpResponseCodec.java:185)
at org.openqa.selenium.remote.codec.w3c.W3CHttpResponseCodec.decode(W3CHttpResponseCodec.java:134)
at org.openqa.selenium.remote.codec.w3c.W3CHttpResponseCodec.decode(W3CHttpResponseCodec.java:51)
at org.openqa.selenium.remote.HttpCommandExecutor.execute(HttpCommandExecutor.java:190)
at org.openqa.selenium.remote.service.DriverCommandExecutor.invokeExecute(DriverCommandExecutor.java:216)
at org.openqa.selenium.remote.service.DriverCommandExecutor.execute(DriverCommandExecutor.java:174)
at org.openqa.selenium.remote.RemoteWebDriver.execute(RemoteWebDriver.java:519)
at org.openqa.selenium.remote.ElementLocation$ElementFinder$2.findElement(ElementLocation.java:165)
at org.openqa.selenium.remote.ElementLocation.findElement(ElementLocation.java:59)
at org.openqa.selenium.remote.RemoteWebDriver.findElement(RemoteWebDriver.java:356)
at org.openqa.selenium.remote.RemoteWebDriver.findElement(RemoteWebDriver.java:350)
at Computhink.Generic.BaseClass.LoginAdminUser(BaseClass.java:516)
at Computhink.Pom.DashBoardPom.DashBoardSeachIcon(DashBoardPom.java:108)
at Computhink.Script.DashBoardScript.TC_1_SearchIconDashBoardFunctionality(DashBoardScript.java:27)
at java.base/java.util.ArrayList.forEach(ArrayList.java:1511)
... Removed 31 stack frames]]>
    </failure>
  </testcase> <!-- TC_1_SearchIconDashBoardFunctionality -->
  <testcase classname="Computhink.Script.DashBoardScript" name="TC_2_NotifiactionIconDashBoardFunctionality" time="12.726"/>
  <testcase classname="Computhink.Script.DashBoardScript" name="TodoListWFDetailsDashBoardFunctionality" time="68.315"/>
  <testcase classname="Computhink.Script.DashBoardScript" name="TC_4_CreateNewDocumentFromDB" time="18.546"/>
  <testcase classname="Computhink.Script.DashBoardScript" name="TC_5_Contentverse_Document_Report" time="100.957"/>
  <testcase classname="Computhink.Script.DashBoardScript" name="TC_6_Contentverse_WrokflowStatus_Report" time="70.591"/>
  <testcase classname="Computhink.Script.DashBoardScript" name="TC_7_Contentverse_RejectDocumentInWFReport_Report" time="84.476"/>
  <testcase classname="Computhink.Script.DashBoardScript" name="TC_8_logoutFromDB" time="9.473"/>
</testsuite> <!-- Test 5 -->
