<?xml version="1.0" encoding="UTF-8"?>
<!-- Generated by org.testng.reporters.JUnitXMLReporter -->
<testsuite ignored="0" hostname="CIPLWKT010" failures="0" tests="8" name="Test11" time="637.56" errors="0" timestamp="2026-05-01T19:03:44 IST">
  <testcase classname="Computhink.Script.Document_Version_Test" name="Login_EWA" time="52.044"/>
  <testcase classname="Computhink.Script.Document_Version_Test" name="TC_01_Create_Document_and_Verify_Document_Versions" time="128.354"/>
  <testcase classname="Computhink.Script.Document_Version_Test" name="TC_02_Upload_and_Save_New_page_and_Verify_Version_with_New_Comments" time="104.292"/>
  <testcase classname="Computhink.Script.Document_Version_Test" name="TC_03_Delete_Page_and_Verify_Version" time="57.006"/>
  <testcase classname="Computhink.Script.Document_Version_Test" name="TC_04_Verify_Delete_All_versions_and_FullScreen_Option" time="41.292"/>
  <testcase classname="Computhink.Script.Document_Version_Test" name="TC_05_Add_Annotation" time="171.687"/>
  <testcase classname="Computhink.Script.Document_Version_Test" name="TC_06_Set_active_version" time="25.353"/>
  <testcase classname="Computhink.Script.Document_Version_Test" name="TC_07_Update_Document_Properties" time="55.276"/>
</testsuite> <!-- Test11 -->
