<?xml version="1.0" encoding="UTF-8"?>
<!-- Generated by org.testng.reporters.JUnitXMLReporter -->
<testsuite ignored="0" hostname="CIPLWKT010" failures="0" tests="4" name="Test 6" time="183.214" errors="0" timestamp="2026-02-16T01:23:23 IST">
  <testcase classname="Computhink.Script.SecureLink" name="Login" time="32.554"/>
  <testcase classname="Computhink.Script.SecureLink" name="TC_1_DocumentSendToSecureLink" time="59.614"/>
  <testcase classname="Computhink.Script.SecureLink" name="TC_2_SecureLinkFromSearchTab" time="52.003"/>
  <testcase classname="Computhink.Script.SecureLink" name="TC_3_SecureLinkFromDocumentList" time="37.17"/>
</testsuite> <!-- Test 6 -->
