<html>
<head>
<title>TestNG:  Test31</title>
<link href="../testng.css" rel="stylesheet" type="text/css" />
<link href="../my-testng.css" rel="stylesheet" type="text/css" />

<style type="text/css">
.log { display: none;} 
.stack-trace { display: none;} 
</style>
<script type="text/javascript">
<!--
function flip(e) {
  current = e.style.display;
  if (current == 'block') {
    e.style.display = 'none';
    return 0;
  }
  else {
    e.style.display = 'block';
    return 1;
  }
}

function toggleBox(szDivId, elem, msg1, msg2)
{
  var res = -1;  if (document.getElementById) {
    res = flip(document.getElementById(szDivId));
  }
  else if (document.all) {
    // this is the way old msie versions work
    res = flip(document.all[szDivId]);
  }
  if(elem) {
    if(res == 0) elem.innerHTML = msg1; else elem.innerHTML = msg2;
  }

}

function toggleAllBoxes() {
  if (document.getElementsByTagName) {
    d = document.getElementsByTagName('div');
    for (i = 0; i < d.length; i++) {
      if (d[i].className == 'log') {
        flip(d[i]);
      }
    }
  }
}

// -->
</script>

</head>
<body>
<h2 align='center'>Test31</h2><table border='1' align="center">
<tr>
<td>Tests passed/Failed/Skipped:</td><td>20/1/3</td>
</tr><tr>
<td>Started on:</td><td>Mon Jan 19 20:34:14 IST 2026</td>
</tr>
<tr><td>Total time:</td><td>1217 seconds (1217320 ms)</td>
</tr><tr>
<td>Included groups:</td><td></td>
</tr><tr>
<td>Excluded groups:</td><td></td>
</tr>
</table><p/>
<small><i>(Hover the method name to see the test class name)</i></small><p/>
<table width='100%' border='1' class='invocation-failed'>
<tr><td colspan='4' align='center'><b>FAILED TESTS</b></td></tr>
<tr><td><b>Test method</b></td>
<td width="30%"><b>Exception</b></td>
<td width="10%"><b>Time (seconds)</b></td>
<td><b>Instance</b></td>
</tr>
<tr>
<td title='Computhink.Script.Special_Char_FileNames.TC_20_Verify_All_filetypes()'><b>TC_20_Verify_All_filetypes</b><br>Test class: Computhink.Script.Special_Char_FileNames<br/>
<a href="#Output-1928351478" onClick='toggleBox("Output-1928351478", this, "Show output", "Hide output");'>Show output</a>

<a href="#Output-1928351478" onClick="toggleAllBoxes();">Show all outputs</a>
<div class='log' id="Output-1928351478">
Scenario 20:Verify All Uploaded file types<br/>
<b>Test Failed: TC_20_Verify_All_filetypes</b><br/>
<a href='screenshots/TC_20_Verify_All_filetypes_failure.png' target='_blank'>View Screenshot</a><br/>
<br><img src='screenshots/TC_20_Verify_All_filetypes_failure.png' width='400' height='300'/><br><br/>
</div>
</td>
<td><div><pre>org.openqa.selenium.NoSuchElementException: no such element: Unable to locate element: {&quot;method&quot;:&quot;xpath&quot;,&quot;selector&quot;:&quot;//*[@id=&apos;docViewerMetaData&apos;]/div[1]&quot;}
  (Session info: chrome=144.0.7559.59)
For documentation on this error, please visit: https://www.selenium.dev/documentation/webdriver/troubleshooting/errors#no-such-element-exception
Build info: version: &apos;4.17.0&apos;, revision: &apos;e52b1be057*&apos;
System info: os.name: &apos;Windows 10&apos;, os.arch: &apos;amd64&apos;, os.version: &apos;10.0&apos;, java.version: &apos;17.0.7&apos;
Driver info: org.openqa.selenium.chrome.ChromeDriver
Command: [f3dde0f8bed68723131004055fc4bdba, findElement {using=xpath, value=//*[@id=&apos;docViewerMetaData&apos;]/div[1]}]
Capabilities {acceptInsecureCerts: false, browserName: chrome, browserVersion: 144.0.7559.59, chrome: {chromedriverVersion: 144.0.7559.31 (18537d992890..., userDataDir: C:\Users\dipak.p\AppData\Lo...}, fedcm:accounts: true, goog:chromeOptions: {debuggerAddress: localhost:55019}, goog:processID: 39800, networkConnectionEnabled: false, pageLoadStrategy: normal, platformName: windows, proxy: Proxy(), se:cdp: ws://localhost:55019/devtoo..., se:cdpVersion: 144.0.7559.59, setWindowRect: true, strictFileInteractability: false, timeouts: {implicit: 0, pageLoad: 300000, script: 30000}, unhandledPromptBehavior: dismiss and notify, webauthn:extension:credBlob: true, webauthn:extension:largeBlob: true, webauthn:extension:minPinLength: true, webauthn:extension:prf: true, webauthn:virtualAuthenticators: true}
Session ID: f3dde0f8bed68723131004055fc4bdba
	at org.openqa.selenium.remote.codec.w3c.W3CHttpResponseCodec.createException(W3CHttpResponseCodec.java:185)
	at org.openqa.selenium.remote.codec.w3c.W3CHttpResponseCodec.decode(W3CHttpResponseCodec.java:134)
	at org.openqa.selenium.remote.codec.w3c.W3CHttpResponseCodec.decode(W3CHttpResponseCodec.java:51)
	at org.openqa.selenium.remote.HttpCommandExecutor.execute(HttpCommandExecutor.java:190)
	at org.openqa.selenium.remote.service.DriverCommandExecutor.invokeExecute(DriverCommandExecutor.java:216)
	at org.openqa.selenium.remote.service.DriverCommandExecutor.execute(DriverCommandExecutor.java:174)
	at org.openqa.selenium.remote.RemoteWebDriver.execute(RemoteWebDriver.java:519)
	at org.openqa.selenium.remote.ElementLocation$ElementFinder$2.findElement(ElementLocation.java:165)
	at org.openqa.selenium.remote.ElementLocation.findElement(ElementLocation.java:59)
	at org.openqa.selenium.remote.RemoteWebDriver.findElement(RemoteWebDriver.java:356)
	at org.openqa.selenium.remote.RemoteWebDriver.findElement(RemoteWebDriver.java:350)
	at Computhink.Pom.SpecialCharFilenames.Verify_All_filetypes(SpecialCharFilenames.java:1181)
	at Computhink.Script.Special_Char_FileNames.TC_20_Verify_All_filetypes(Special_Char_FileNames.java:147)
	at java.base/java.util.ArrayList.forEach(ArrayList.java:1511)
... Removed 31 stack frames</pre></div><a href='#' onClick='toggleBox("stack-trace1928351478", this, "Click to show all stack frames", "Click to hide stack frames")'>Click to show all stack frames</a>
<div class='stack-trace' id='stack-trace1928351478'><pre>org.openqa.selenium.NoSuchElementException: no such element: Unable to locate element: {&quot;method&quot;:&quot;xpath&quot;,&quot;selector&quot;:&quot;//*[@id=&apos;docViewerMetaData&apos;]/div[1]&quot;}
  (Session info: chrome=144.0.7559.59)
For documentation on this error, please visit: https://www.selenium.dev/documentation/webdriver/troubleshooting/errors#no-such-element-exception
Build info: version: &apos;4.17.0&apos;, revision: &apos;e52b1be057*&apos;
System info: os.name: &apos;Windows 10&apos;, os.arch: &apos;amd64&apos;, os.version: &apos;10.0&apos;, java.version: &apos;17.0.7&apos;
Driver info: org.openqa.selenium.chrome.ChromeDriver
Command: [f3dde0f8bed68723131004055fc4bdba, findElement {using=xpath, value=//*[@id=&apos;docViewerMetaData&apos;]/div[1]}]
Capabilities {acceptInsecureCerts: false, browserName: chrome, browserVersion: 144.0.7559.59, chrome: {chromedriverVersion: 144.0.7559.31 (18537d992890..., userDataDir: C:\Users\dipak.p\AppData\Lo...}, fedcm:accounts: true, goog:chromeOptions: {debuggerAddress: localhost:55019}, goog:processID: 39800, networkConnectionEnabled: false, pageLoadStrategy: normal, platformName: windows, proxy: Proxy(), se:cdp: ws://localhost:55019/devtoo..., se:cdpVersion: 144.0.7559.59, setWindowRect: true, strictFileInteractability: false, timeouts: {implicit: 0, pageLoad: 300000, script: 30000}, unhandledPromptBehavior: dismiss and notify, webauthn:extension:credBlob: true, webauthn:extension:largeBlob: true, webauthn:extension:minPinLength: true, webauthn:extension:prf: true, webauthn:virtualAuthenticators: true}
Session ID: f3dde0f8bed68723131004055fc4bdba
	at jdk.internal.reflect.GeneratedConstructorAccessor59.newInstance(Unknown Source)
	at java.base/jdk.internal.reflect.DelegatingConstructorAccessorImpl.newInstance(DelegatingConstructorAccessorImpl.java:45)
	at java.base/java.lang.reflect.Constructor.newInstanceWithCaller(Constructor.java:499)
	at java.base/java.lang.reflect.Constructor.newInstance(Constructor.java:480)
	at org.openqa.selenium.remote.codec.w3c.W3CHttpResponseCodec.createException(W3CHttpResponseCodec.java:185)
	at org.openqa.selenium.remote.codec.w3c.W3CHttpResponseCodec.decode(W3CHttpResponseCodec.java:134)
	at org.openqa.selenium.remote.codec.w3c.W3CHttpResponseCodec.decode(W3CHttpResponseCodec.java:51)
	at org.openqa.selenium.remote.HttpCommandExecutor.execute(HttpCommandExecutor.java:190)
	at org.openqa.selenium.remote.service.DriverCommandExecutor.invokeExecute(DriverCommandExecutor.java:216)
	at org.openqa.selenium.remote.service.DriverCommandExecutor.execute(DriverCommandExecutor.java:174)
	at org.openqa.selenium.remote.RemoteWebDriver.execute(RemoteWebDriver.java:519)
	at org.openqa.selenium.remote.ElementLocation$ElementFinder$2.findElement(ElementLocation.java:165)
	at org.openqa.selenium.remote.ElementLocation.findElement(ElementLocation.java:59)
	at org.openqa.selenium.remote.RemoteWebDriver.findElement(RemoteWebDriver.java:356)
	at org.openqa.selenium.remote.RemoteWebDriver.findElement(RemoteWebDriver.java:350)
	at Computhink.Pom.SpecialCharFilenames.Verify_All_filetypes(SpecialCharFilenames.java:1181)
	at Computhink.Script.Special_Char_FileNames.TC_20_Verify_All_filetypes(Special_Char_FileNames.java:147)
	at java.base/jdk.internal.reflect.NativeMethodAccessorImpl.invoke0(Native Method)
	at java.base/jdk.internal.reflect.NativeMethodAccessorImpl.invoke(NativeMethodAccessorImpl.java:77)
	at java.base/jdk.internal.reflect.DelegatingMethodAccessorImpl.invoke(DelegatingMethodAccessorImpl.java:43)
	at java.base/java.lang.reflect.Method.invoke(Method.java:568)
	at org.testng.internal.MethodInvocationHelper.invokeMethod(MethodInvocationHelper.java:133)
	at org.testng.internal.TestInvoker.invokeMethod(TestInvoker.java:598)
	at org.testng.internal.TestInvoker.retryFailed(TestInvoker.java:213)
	at org.testng.internal.MethodRunner.runInSequence(MethodRunner.java:58)
	at org.testng.internal.TestInvoker$MethodInvocationAgent.invoke(TestInvoker.java:824)
	at org.testng.internal.TestInvoker.invokeTestMethods(TestInvoker.java:146)
	at org.testng.internal.TestMethodWorker.invokeTestMethods(TestMethodWorker.java:146)
	at org.testng.internal.TestMethodWorker.run(TestMethodWorker.java:128)
	at java.base/java.util.ArrayList.forEach(ArrayList.java:1511)
	at org.testng.TestRunner.privateRun(TestRunner.java:794)
	at org.testng.TestRunner.run(TestRunner.java:596)
	at org.testng.SuiteRunner.runTest(SuiteRunner.java:377)
	at org.testng.SuiteRunner.runSequentially(SuiteRunner.java:371)
	at org.testng.SuiteRunner.privateRun(SuiteRunner.java:332)
	at org.testng.SuiteRunner.run(SuiteRunner.java:276)
	at org.testng.SuiteRunnerWorker.runSuite(SuiteRunnerWorker.java:53)
	at org.testng.SuiteRunnerWorker.run(SuiteRunnerWorker.java:96)
	at org.testng.TestNG.runSuitesSequentially(TestNG.java:1212)
	at org.testng.TestNG.runSuitesLocally(TestNG.java:1134)
	at org.testng.TestNG.runSuites(TestNG.java:1063)
	at org.testng.TestNG.run(TestNG.java:1031)
	at org.testng.remote.AbstractRemoteTestNG.run(AbstractRemoteTestNG.java:115)
	at org.testng.remote.RemoteTestNG.initAndRun(RemoteTestNG.java:293)
	at org.testng.remote.RemoteTestNG.main(RemoteTestNG.java:91)
</pre></div></td>
<td>5</td>
<td>Computhink.Script.Special_Char_FileNames@55f3c410</td></tr>
</table><p>
<table width='100%' border='1' class='invocation-passed'>
<tr><td colspan='4' align='center'><b>PASSED TESTS</b></td></tr>
<tr><td><b>Test method</b></td>
<td width="30%"><b>Exception</b></td>
<td width="10%"><b>Time (seconds)</b></td>
<td><b>Instance</b></td>
</tr>
<tr>
<td title='Computhink.Script.Special_Char_FileNames.TC_17_Upload_and_verify_Allowing_Flowerbracket_Characterfile()'><b>TC_17_Upload_and_verify_Allowing_Flowerbracket_Characterfile</b><br>Test class: Computhink.Script.Special_Char_FileNames<br/>
<a href="#Output-1271669741" onClick='toggleBox("Output-1271669741", this, "Show output", "Hide output");'>Show output</a>

<a href="#Output-1271669741" onClick="toggleAllBoxes();">Show all outputs</a>
<div class='log' id="Output-1271669741">
Test Scenario 17 : Upload and Verifying Allowing Flowerbracket Characterfile<br/>
Click on Update button<br/>
Clear Report Name<br/>
Enter value into Report Name field<br/>
Browse Document Page from Local Path<br/>
Select Uploaded Page<br/>
Click on Save button menu Option<br/>
Click on Ok button<br/>
Click on Update Save button<br/>
Click on Ok button<br/>
Click on Properties Option from Document Viewer menu<br/>
Upload and Verifying Allowing Flowerbracket Characterfile<br/>
****************************************************************************************************************<br/>
</div>
</td>
<td></td>
<td>57</td>
<td>Computhink.Script.Special_Char_FileNames@55f3c410</td></tr>
<tr>
<td title='Computhink.Script.Special_Char_FileNames.TC_18_Upload_and_verify_Allowing_Squarebracket_Characterfile()'><b>TC_18_Upload_and_verify_Allowing_Squarebracket_Characterfile</b><br>Test class: Computhink.Script.Special_Char_FileNames<br/>
<a href="#Output-897348985" onClick='toggleBox("Output-897348985", this, "Show output", "Hide output");'>Show output</a>

<a href="#Output-897348985" onClick="toggleAllBoxes();">Show all outputs</a>
<div class='log' id="Output-897348985">
Test Scenario 18 : Upload and Verifying Allowing Squarebracket Characterfile <br/>
Click on Update button<br/>
Clear Report Name<br/>
Enter value into Report Name field<br/>
Browse Document Page from Local Path<br/>
Select Uploaded Page<br/>
Click on Save button menu Option<br/>
Click on Ok button<br/>
Click on Update Save button<br/>
Click on Ok button<br/>
Click on Properties Option from Document Viewer menu<br/>
Upload and Verifying Allowing Squarebracket Characterfile<br/>
****************************************************************************************************************<br/>
</div>
</td>
<td></td>
<td>69</td>
<td>Computhink.Script.Special_Char_FileNames@55f3c410</td></tr>
<tr>
<td title='Computhink.Script.Special_Char_FileNames.TC_07_Upload_and_verify_Allowing_Caret_Characterfile()'><b>TC_07_Upload_and_verify_Allowing_Caret_Characterfile</b><br>Test class: Computhink.Script.Special_Char_FileNames<br/>
<a href="#Output-580365439" onClick='toggleBox("Output-580365439", this, "Show output", "Hide output");'>Show output</a>

<a href="#Output-580365439" onClick="toggleAllBoxes();">Show all outputs</a>
<div class='log' id="Output-580365439">
Test Scenario 7 : Upload and Verifying Allowing Caret Characterfile<br/>
Click on Update button<br/>
Clear Report Name<br/>
Enter value into Report Name field<br/>
Browse Document Page from Local Path<br/>
Select Uploaded Page<br/>
Click on Save button menu Option<br/>
Click on Ok button<br/>
Click on Update Save button<br/>
Click on Ok button<br/>
Click on Properties Option from Document Viewer menu<br/>
Upload and Verifying Allowing Caret Characterfile<br/>
****************************************************************************************************************<br/>
</div>
</td>
<td></td>
<td>52</td>
<td>Computhink.Script.Special_Char_FileNames@55f3c410</td></tr>
<tr>
<td title='Computhink.Script.Special_Char_FileNames.TC_13_Upload_and_verify_Allowing_RoundBrackets_Characterfile()'><b>TC_13_Upload_and_verify_Allowing_RoundBrackets_Characterfile</b><br>Test class: Computhink.Script.Special_Char_FileNames<br/>
<a href="#Output-680635609" onClick='toggleBox("Output-680635609", this, "Show output", "Hide output");'>Show output</a>

<a href="#Output-680635609" onClick="toggleAllBoxes();">Show all outputs</a>
<div class='log' id="Output-680635609">
Test Scenario 13 :Upload and Verifying Allowing RoundBrackets Characterfile<br/>
Click on Update button<br/>
Clear Report Name<br/>
Enter value into Report Name field<br/>
Browse Document Page from Local Path<br/>
Select Uploaded Page<br/>
Click on Save button menu Option<br/>
Click on Ok button<br/>
Click on Update Save button<br/>
Click on Ok button<br/>
Click on Properties Option from Document Viewer menu<br/>
Upload and Verifying Allowing RoundBrackets Characterfile<br/>
****************************************************************************************************************<br/>
</div>
</td>
<td></td>
<td>56</td>
<td>Computhink.Script.Special_Char_FileNames@55f3c410</td></tr>
<tr>
<td title='Computhink.Script.Special_Char_FileNames.TC_15_Upload_and_verify_Allowing_Ampersant_Characterfile()'><b>TC_15_Upload_and_verify_Allowing_Ampersant_Characterfile</b><br>Test class: Computhink.Script.Special_Char_FileNames<br/>
<a href="#Output-371293705" onClick='toggleBox("Output-371293705", this, "Show output", "Hide output");'>Show output</a>

<a href="#Output-371293705" onClick="toggleAllBoxes();">Show all outputs</a>
<div class='log' id="Output-371293705">
Test Scenario 15 :Upload and Verifying Allowing Ampersant Characterfile <br/>
Click on Update button<br/>
Clear Report Name<br/>
Enter value into Report Name field<br/>
Browse Document Page from Local Path<br/>
Select Uploaded Page<br/>
Click on Save button menu Option<br/>
Click on Ok button<br/>
Click on Update Save button<br/>
Click on Ok button<br/>
Click on Properties Option from Document Viewer menu<br/>
Upload and Verifying Allowing Ampersant Characterfile<br/>
****************************************************************************************************************<br/>
</div>
</td>
<td></td>
<td>62</td>
<td>Computhink.Script.Special_Char_FileNames@55f3c410</td></tr>
<tr>
<td title='Computhink.Script.Special_Char_FileNames.TC_08_Upload_and_verify_Allowing_Equals_Characterfile()'><b>TC_08_Upload_and_verify_Allowing_Equals_Characterfile</b><br>Test class: Computhink.Script.Special_Char_FileNames<br/>
<a href="#Output-967965242" onClick='toggleBox("Output-967965242", this, "Show output", "Hide output");'>Show output</a>

<a href="#Output-967965242" onClick="toggleAllBoxes();">Show all outputs</a>
<div class='log' id="Output-967965242">
Test Scenario 8 :Upload and Verifying Allowing Equals Characterfile <br/>
Click on Update button<br/>
Clear Report Name<br/>
Enter value into Report Name field<br/>
Browse Document Page from Local Path<br/>
Select Uploaded Page<br/>
Click on Save button menu Option<br/>
Click on Ok button<br/>
Click on Update Save button<br/>
Click on Ok button<br/>
Click on Properties Option from Document Viewer menu<br/>
Upload and Verifying Allowing Equals Characterfile<br/>
****************************************************************************************************************<br/>
</div>
</td>
<td></td>
<td>51</td>
<td>Computhink.Script.Special_Char_FileNames@55f3c410</td></tr>
<tr>
<td title='Computhink.Script.Special_Char_FileNames.TC_14_Upload_and_verify_Allowing_Accent_Characterfile()'><b>TC_14_Upload_and_verify_Allowing_Accent_Characterfile</b><br>Test class: Computhink.Script.Special_Char_FileNames<br/>
<a href="#Output-1394965262" onClick='toggleBox("Output-1394965262", this, "Show output", "Hide output");'>Show output</a>

<a href="#Output-1394965262" onClick="toggleAllBoxes();">Show all outputs</a>
<div class='log' id="Output-1394965262">
Test Scenario 14 : Upload and Verifying Allowing Accent Characterfile<br/>
Click on Update button<br/>
Clear Report Name<br/>
Enter value into Report Name field<br/>
Browse Document Page from Local Path<br/>
Select Uploaded Page<br/>
Click on Save button menu Option<br/>
Click on Ok button<br/>
Click on Update Save button<br/>
Click on Ok button<br/>
Click on Properties Option from Document Viewer menu<br/>
Upload and Verifying Allowing Accent Characterfile<br/>
****************************************************************************************************************<br/>
</div>
</td>
<td></td>
<td>56</td>
<td>Computhink.Script.Special_Char_FileNames@55f3c410</td></tr>
<tr>
<td title='Computhink.Script.Special_Char_FileNames.TC_09_Upload_and_verify_Allowing_SingleQuote_Characterfile()'><b>TC_09_Upload_and_verify_Allowing_SingleQuote_Characterfile</b><br>Test class: Computhink.Script.Special_Char_FileNames<br/>
<a href="#Output-1811145822" onClick='toggleBox("Output-1811145822", this, "Show output", "Hide output");'>Show output</a>

<a href="#Output-1811145822" onClick="toggleAllBoxes();">Show all outputs</a>
<div class='log' id="Output-1811145822">
Test Scenario 9 :Upload and Verifying Allowing SingleQuote Characterfile <br/>
Click on Update button<br/>
Clear Report Name<br/>
Enter value into Report Name field<br/>
Browse Document Page from Local Path<br/>
Select Uploaded Page<br/>
Click on Save button menu Option<br/>
Click on Ok button<br/>
Click on Update Save button<br/>
Click on Ok button<br/>
Click on Properties Option from Document Viewer menu<br/>
Upload and Verifying Allowing SingleQuote Characterfile<br/>
****************************************************************************************************************<br/>
</div>
</td>
<td></td>
<td>51</td>
<td>Computhink.Script.Special_Char_FileNames@55f3c410</td></tr>
<tr>
<td title='Computhink.Script.Special_Char_FileNames.TC_12_Upload_and_verify_Allowing_Hyphen_Characterfile()'><b>TC_12_Upload_and_verify_Allowing_Hyphen_Characterfile</b><br>Test class: Computhink.Script.Special_Char_FileNames<br/>
<a href="#Output-1412174659" onClick='toggleBox("Output-1412174659", this, "Show output", "Hide output");'>Show output</a>

<a href="#Output-1412174659" onClick="toggleAllBoxes();">Show all outputs</a>
<div class='log' id="Output-1412174659">
Test Scenario 12 :Upload and Verifying Allowing Hyphen Characterfile <br/>
Click on Update button<br/>
Clear Report Name<br/>
Enter value into Report Name field<br/>
Browse Document Page from Local Path<br/>
Select Uploaded Page<br/>
Click on Save button menu Option<br/>
Click on Ok button<br/>
Click on Update Save button<br/>
Click on Ok button<br/>
Click on Properties Option from Document Viewer menu<br/>
Upload and Verifying Allowing Hyphen Characterfile<br/>
****************************************************************************************************************<br/>
</div>
</td>
<td></td>
<td>52</td>
<td>Computhink.Script.Special_Char_FileNames@55f3c410</td></tr>
<tr>
<td title='Computhink.Script.Special_Char_FileNames.TC_03_Upload_and_verify_Allowing_Atrate_Characterfile()'><b>TC_03_Upload_and_verify_Allowing_Atrate_Characterfile</b><br>Test class: Computhink.Script.Special_Char_FileNames<br/>
<a href="#Output-1948536597" onClick='toggleBox("Output-1948536597", this, "Show output", "Hide output");'>Show output</a>

<a href="#Output-1948536597" onClick="toggleAllBoxes();">Show all outputs</a>
<div class='log' id="Output-1948536597">
Test Scenario 3  Upload and Verifying Allowing Atrate Characterfile<br/>
Click on Update button<br/>
Clear Report Name<br/>
Enter value into Report Name field<br/>
Browse Document Page from Local Path<br/>
Select Uploaded Page<br/>
Click on Save button menu Option<br/>
Click on Ok button<br/>
Click on Update Save button<br/>
Click on Ok button<br/>
Click on Properties Option from Document Viewer menu<br/>
Upload and Verifying Allowing Atrate Characterfile<br/>
****************************************************************************************************************<br/>
</div>
</td>
<td></td>
<td>57</td>
<td>Computhink.Script.Special_Char_FileNames@55f3c410</td></tr>
<tr>
<td title='Computhink.Script.Special_Char_FileNames.TC_02_Upload_and_verify_Allowing_Tile_Characterfile()'><b>TC_02_Upload_and_verify_Allowing_Tile_Characterfile</b><br>Test class: Computhink.Script.Special_Char_FileNames<br/>
<a href="#Output-842048964" onClick='toggleBox("Output-842048964", this, "Show output", "Hide output");'>Show output</a>

<a href="#Output-842048964" onClick="toggleAllBoxes();">Show all outputs</a>
<div class='log' id="Output-842048964">
Test Scenario 2 : Upload and Verifying Allowing Tile Characterfile<br/>
Click on Update button<br/>
Clear Report Name<br/>
Enter value into Report Name field<br/>
Browse Document Page from Local Path<br/>
Select Uploaded Page<br/>
Click on Save button menu Option<br/>
Click on Ok button<br/>
Click on Update Save button<br/>
Click on  Ok button<br/>
Click on Properties Option from Document Viewer menu<br/>
Upload and Verifying Allowing Tile Characterfile<br/>
****************************************************************************************************************<br/>
</div>
</td>
<td></td>
<td>49</td>
<td>Computhink.Script.Special_Char_FileNames@55f3c410</td></tr>
<tr>
<td title='Computhink.Script.Special_Char_FileNames.TC_11_Upload_and_verify_Allowing_Exclamatory_Characterfile()'><b>TC_11_Upload_and_verify_Allowing_Exclamatory_Characterfile</b><br>Test class: Computhink.Script.Special_Char_FileNames<br/>
<a href="#Output-973085877" onClick='toggleBox("Output-973085877", this, "Show output", "Hide output");'>Show output</a>

<a href="#Output-973085877" onClick="toggleAllBoxes();">Show all outputs</a>
<div class='log' id="Output-973085877">
Test Scenario 11 :Upload and Verifying Allowing Exclamatory Characterfile <br/>
Click on Update button<br/>
Clear Report Name<br/>
Enter value into Report Name field<br/>
Browse Document Page from Local Path<br/>
Select Uploaded Page<br/>
Click on Save button menu Option<br/>
Click on Ok button<br/>
Click on Update Save button<br/>
Click on Ok button<br/>
Click on Properties Option from Document Viewer menu<br/>
Upload and Verifying Allowing Exclamatory Characterfile<br/>
****************************************************************************************************************<br/>
</div>
</td>
<td></td>
<td>59</td>
<td>Computhink.Script.Special_Char_FileNames@55f3c410</td></tr>
<tr>
<td title='Computhink.Script.Special_Char_FileNames.TC_16_Upload_and_verify_Allowing_Underscore_Characterfile()'><b>TC_16_Upload_and_verify_Allowing_Underscore_Characterfile</b><br>Test class: Computhink.Script.Special_Char_FileNames<br/>
<a href="#Output-721805296" onClick='toggleBox("Output-721805296", this, "Show output", "Hide output");'>Show output</a>

<a href="#Output-721805296" onClick="toggleAllBoxes();">Show all outputs</a>
<div class='log' id="Output-721805296">
Test Scenario 16 :Upload and Verifying Allowing Underscore Characterfile<br/>
Click on Update button<br/>
Clear Report Name<br/>
Enter value into Report Name field<br/>
Browse Document Page from Local Path<br/>
By using AutoIT add file from external folder<br/>
Select Uploaded Page<br/>
Click on Save button menu Option<br/>
Click on Ok button<br/>
Click on Update Save button<br/>
Click on Ok button<br/>
Click on Properties Option from Document Viewer menu<br/>
Upload and Verifying Allowing Underscore Characterfile<br/>
****************************************************************************************************************<br/>
</div>
</td>
<td></td>
<td>57</td>
<td>Computhink.Script.Special_Char_FileNames@55f3c410</td></tr>
<tr>
<td title='Computhink.Script.Special_Char_FileNames.TC_01_Upload_and_verify_Allowing_Percentage_Characterfile()'><b>TC_01_Upload_and_verify_Allowing_Percentage_Characterfile</b><br>Test class: Computhink.Script.Special_Char_FileNames<br/>
<a href="#Output-1458338171" onClick='toggleBox("Output-1458338171", this, "Show output", "Hide output");'>Show output</a>

<a href="#Output-1458338171" onClick="toggleAllBoxes();">Show all outputs</a>
<div class='log' id="Output-1458338171">
Test Scenario 1 : Upload and Verifying Allowing Percentage Characterfile<br/>
Click on Refresh button<br/>
Click on New Document Tab<br/>
Click on Destination Folder Textbox<br/>
Expand a Cabinet<br/>
Expand a Drawer<br/>
Folder is selected for Create New Documents<br/>
Click on Ok button<br/>
Select value from Document Type dropdown Option<br/>
Enter Value into Report Name field<br/>
Browse Document Page from Local Path<br/>
By using AutoIT add file from external folder<br/>
Click on Create button<br/>
Click on Navigate button<br/>
Select and Open Document<br/>
Click on Save button menu Option<br/>
Click on Ok button<br/>
Click on Properties Option from Document Viewer menu<br/>
Upload and Verifying Allowing Percentage Characterfile<br/>
****************************************************************************************************************<br/>
</div>
</td>
<td></td>
<td>119</td>
<td>Computhink.Script.Special_Char_FileNames@55f3c410</td></tr>
<tr>
<td title='Computhink.Script.Special_Char_FileNames.TC_05_Upload_and_verify_Allowing_Dollar_Characterfile()'><b>TC_05_Upload_and_verify_Allowing_Dollar_Characterfile</b><br>Test class: Computhink.Script.Special_Char_FileNames<br/>
<a href="#Output-1752413674" onClick='toggleBox("Output-1752413674", this, "Show output", "Hide output");'>Show output</a>

<a href="#Output-1752413674" onClick="toggleAllBoxes();">Show all outputs</a>
<div class='log' id="Output-1752413674">
Test Scenario 5 :Upload and Verifying Allowing Dollar Characterfile<br/>
Click on Update button<br/>
Clear Report Name<br/>
Enter value into Report Name field<br/>
Browse Document Page from Local Path<br/>
Select Uploaded Page<br/>
Click on Save button menu Option<br/>
Click on Ok button<br/>
Click on Update Save button<br/>
Click on Ok button<br/>
Click on Properties Option from Document Viewer menu<br/>
Upload and Verifying Allowing Dollar Characterfile<br/>
****************************************************************************************************************<br/>
</div>
</td>
<td></td>
<td>52</td>
<td>Computhink.Script.Special_Char_FileNames@55f3c410</td></tr>
<tr>
<td title='Computhink.Script.Special_Char_FileNames.Login_EWA()'><b>Login_EWA</b><br>Test class: Computhink.Script.Special_Char_FileNames<br/>
<a href="#Output-1690008356" onClick='toggleBox("Output-1690008356", this, "Show output", "Hide output");'>Show output</a>

<a href="#Output-1690008356" onClick="toggleAllBoxes();">Show all outputs</a>
<div class='log' id="Output-1690008356">
Scenario 01: Log into a EWA<br/>
Enter valid user name into username field<br/>
UserName Details: Dipak<br/>
Enter valid password into password field<br/>
Select a Room<br/>
Selected Room name: demoserver.demoroom<br/>
Captcha is not present, proceeding with login.<br/>
Click Login button<br/>
Session for user is already active. Do you want to create a new session? Dialog box displayed. User clicks OK button.<br/>
Session message did not appear. Proceeding with login.<br/>
User has logged in successfully.<br/>
</div>
</td>
<td></td>
<td>22</td>
<td>Computhink.Script.Special_Char_FileNames@55f3c410</td></tr>
<tr>
<td title='Computhink.Script.Special_Char_FileNames.TC_04_Upload_and_verify_Allowing_Hash_Characterfile()'><b>TC_04_Upload_and_verify_Allowing_Hash_Characterfile</b><br>Test class: Computhink.Script.Special_Char_FileNames<br/>
<a href="#Output-2135803090" onClick='toggleBox("Output-2135803090", this, "Show output", "Hide output");'>Show output</a>

<a href="#Output-2135803090" onClick="toggleAllBoxes();">Show all outputs</a>
<div class='log' id="Output-2135803090">
Test Scenario 4 :Upload and Verifying Allowing Hash Characterfile <br/>
Click on Update button<br/>
Clear Report Name<br/>
Enter value into Report Name field<br/>
Browse Document Page from Local Path<br/>
Select Uploaded Page<br/>
Click on Save button menu Option<br/>
Click on Ok button<br/>
Click on Update Save button<br/>
Click on Ok button<br/>
Click on Properties Option from Document Viewer menu<br/>
Upload and Verifying Allowing Hash Characterfile<br/>
****************************************************************************************************************<br/>
</div>
</td>
<td></td>
<td>51</td>
<td>Computhink.Script.Special_Char_FileNames@55f3c410</td></tr>
<tr>
<td title='Computhink.Script.Special_Char_FileNames.TC_06_Upload_and_verify_Allowing_Plus_Characterfile()'><b>TC_06_Upload_and_verify_Allowing_Plus_Characterfile</b><br>Test class: Computhink.Script.Special_Char_FileNames<br/>
<a href="#Output-480259071" onClick='toggleBox("Output-480259071", this, "Show output", "Hide output");'>Show output</a>

<a href="#Output-480259071" onClick="toggleAllBoxes();">Show all outputs</a>
<div class='log' id="Output-480259071">
Test Scenario 6 :Upload and Verifying Allowing Plus Characterfile<br/>
Click on Update button<br/>
Clear Report Name<br/>
Enter value into Report Name field<br/>
Browse Document Page from Local Path<br/>
Select Uploaded Page<br/>
Click on Save button menu Option<br/>
Click on Ok button<br/>
Click on Update Save button<br/>
Click on Ok button<br/>
Click on Properties Option from Document Viewer menu<br/>
Upload and Verifying Allowing Plus Characterfile<br/>
****************************************************************************************************************<br/>
</div>
</td>
<td></td>
<td>57</td>
<td>Computhink.Script.Special_Char_FileNames@55f3c410</td></tr>
<tr>
<td title='Computhink.Script.Special_Char_FileNames.TC_10_Upload_and_verify_Allowing_Comma_Characterfile()'><b>TC_10_Upload_and_verify_Allowing_Comma_Characterfile</b><br>Test class: Computhink.Script.Special_Char_FileNames<br/>
<a href="#Output-571519375" onClick='toggleBox("Output-571519375", this, "Show output", "Hide output");'>Show output</a>

<a href="#Output-571519375" onClick="toggleAllBoxes();">Show all outputs</a>
<div class='log' id="Output-571519375">
Test Scenario 10 :Upload and Verifying Allowing Comma Characterfile<br/>
Click on Update button<br/>
Clear Report Name<br/>
Enter value into Report Name field<br/>
Browse Document Page from Local Path<br/>
Select Uploaded Page<br/>
Click on Save button menu Option<br/>
Click on Ok button<br/>
Click on Update Save button<br/>
Click on Ok button<br/>
Click on Properties Option from Document Viewer menu<br/>
Upload and Verifying Allowing Comma Characterfile<br/>
****************************************************************************************************************<br/>
</div>
</td>
<td></td>
<td>51</td>
<td>Computhink.Script.Special_Char_FileNames@55f3c410</td></tr>
<tr>
<td title='Computhink.Script.Special_Char_FileNames.TC_19_Upload_and_verify_Allowing_SemiColon_Characterfile()'><b>TC_19_Upload_and_verify_Allowing_SemiColon_Characterfile</b><br>Test class: Computhink.Script.Special_Char_FileNames<br/>
<a href="#Output-2109686976" onClick='toggleBox("Output-2109686976", this, "Show output", "Hide output");'>Show output</a>

<a href="#Output-2109686976" onClick="toggleAllBoxes();">Show all outputs</a>
<div class='log' id="Output-2109686976">
Test Scenario 19 :Upload and Verifying Allowing SemiColon Characterfile <br/>
Click on Update button<br/>
Clear Report Name<br/>
Enter value into Report Name field<br/>
Browse Document Page from Local Path<br/>
Select Uploaded Page<br/>
Click on Save button menu Option<br/>
Click on Ok button<br/>
Click on Update Save button<br/>
Click on Ok button<br/>
Click on Properties Option from Document Viewer menu<br/>
Upload and Verifying Allowing Semicolon Characterfile<br/>
****************************************************************************************************************<br/>
</div>
</td>
<td></td>
<td>74</td>
<td>Computhink.Script.Special_Char_FileNames@55f3c410</td></tr>
</table><p>
<table width='100%' border='1' class='invocation-skipped'>
<tr><td colspan='4' align='center'><b>SKIPPED TESTS</b></td></tr>
<tr><td><b>Test method</b></td>
<td width="30%"><b>Exception</b></td>
<td width="10%"><b>Time (seconds)</b></td>
<td><b>Instance</b></td>
</tr>
<tr>
<td title='Computhink.Script.Special_Char_FileNames.TC_20_Verify_All_filetypes()'><b>TC_20_Verify_All_filetypes</b><br>Test class: Computhink.Script.Special_Char_FileNames<br/>
<a href="#Output-1423040417" onClick='toggleBox("Output-1423040417", this, "Show output", "Hide output");'>Show output</a>

<a href="#Output-1423040417" onClick="toggleAllBoxes();">Show all outputs</a>
<div class='log' id="Output-1423040417">
Scenario 20:Verify All Uploaded file types<br/>
</div>
</td>
<td><div><pre>org.openqa.selenium.NoSuchElementException: no such element: Unable to locate element: {&quot;method&quot;:&quot;xpath&quot;,&quot;selector&quot;:&quot;//*[@id=&apos;docViewerMetaData&apos;]/div[1]&quot;}
  (Session info: chrome=144.0.7559.59)
For documentation on this error, please visit: https://www.selenium.dev/documentation/webdriver/troubleshooting/errors#no-such-element-exception
Build info: version: &apos;4.17.0&apos;, revision: &apos;e52b1be057*&apos;
System info: os.name: &apos;Windows 10&apos;, os.arch: &apos;amd64&apos;, os.version: &apos;10.0&apos;, java.version: &apos;17.0.7&apos;
Driver info: org.openqa.selenium.chrome.ChromeDriver
Command: [f3dde0f8bed68723131004055fc4bdba, findElement {using=xpath, value=//*[@id=&apos;docViewerMetaData&apos;]/div[1]}]
Capabilities {acceptInsecureCerts: false, browserName: chrome, browserVersion: 144.0.7559.59, chrome: {chromedriverVersion: 144.0.7559.31 (18537d992890..., userDataDir: C:\Users\dipak.p\AppData\Lo...}, fedcm:accounts: true, goog:chromeOptions: {debuggerAddress: localhost:55019}, goog:processID: 39800, networkConnectionEnabled: false, pageLoadStrategy: normal, platformName: windows, proxy: Proxy(), se:cdp: ws://localhost:55019/devtoo..., se:cdpVersion: 144.0.7559.59, setWindowRect: true, strictFileInteractability: false, timeouts: {implicit: 0, pageLoad: 300000, script: 30000}, unhandledPromptBehavior: dismiss and notify, webauthn:extension:credBlob: true, webauthn:extension:largeBlob: true, webauthn:extension:minPinLength: true, webauthn:extension:prf: true, webauthn:virtualAuthenticators: true}
Session ID: f3dde0f8bed68723131004055fc4bdba
	at org.openqa.selenium.remote.codec.w3c.W3CHttpResponseCodec.createException(W3CHttpResponseCodec.java:185)
	at org.openqa.selenium.remote.codec.w3c.W3CHttpResponseCodec.decode(W3CHttpResponseCodec.java:134)
	at org.openqa.selenium.remote.codec.w3c.W3CHttpResponseCodec.decode(W3CHttpResponseCodec.java:51)
	at org.openqa.selenium.remote.HttpCommandExecutor.execute(HttpCommandExecutor.java:190)
	at org.openqa.selenium.remote.service.DriverCommandExecutor.invokeExecute(DriverCommandExecutor.java:216)
	at org.openqa.selenium.remote.service.DriverCommandExecutor.execute(DriverCommandExecutor.java:174)
	at org.openqa.selenium.remote.RemoteWebDriver.execute(RemoteWebDriver.java:519)
	at org.openqa.selenium.remote.ElementLocation$ElementFinder$2.findElement(ElementLocation.java:165)
	at org.openqa.selenium.remote.ElementLocation.findElement(ElementLocation.java:59)
	at org.openqa.selenium.remote.RemoteWebDriver.findElement(RemoteWebDriver.java:356)
	at org.openqa.selenium.remote.RemoteWebDriver.findElement(RemoteWebDriver.java:350)
	at Computhink.Pom.SpecialCharFilenames.Verify_All_filetypes(SpecialCharFilenames.java:1181)
	at Computhink.Script.Special_Char_FileNames.TC_20_Verify_All_filetypes(Special_Char_FileNames.java:147)
	at java.base/java.util.ArrayList.forEach(ArrayList.java:1511)
... Removed 31 stack frames</pre></div><a href='#' onClick='toggleBox("stack-trace1423040417", this, "Click to show all stack frames", "Click to hide stack frames")'>Click to show all stack frames</a>
<div class='stack-trace' id='stack-trace1423040417'><pre>org.openqa.selenium.NoSuchElementException: no such element: Unable to locate element: {&quot;method&quot;:&quot;xpath&quot;,&quot;selector&quot;:&quot;//*[@id=&apos;docViewerMetaData&apos;]/div[1]&quot;}
  (Session info: chrome=144.0.7559.59)
For documentation on this error, please visit: https://www.selenium.dev/documentation/webdriver/troubleshooting/errors#no-such-element-exception
Build info: version: &apos;4.17.0&apos;, revision: &apos;e52b1be057*&apos;
System info: os.name: &apos;Windows 10&apos;, os.arch: &apos;amd64&apos;, os.version: &apos;10.0&apos;, java.version: &apos;17.0.7&apos;
Driver info: org.openqa.selenium.chrome.ChromeDriver
Command: [f3dde0f8bed68723131004055fc4bdba, findElement {using=xpath, value=//*[@id=&apos;docViewerMetaData&apos;]/div[1]}]
Capabilities {acceptInsecureCerts: false, browserName: chrome, browserVersion: 144.0.7559.59, chrome: {chromedriverVersion: 144.0.7559.31 (18537d992890..., userDataDir: C:\Users\dipak.p\AppData\Lo...}, fedcm:accounts: true, goog:chromeOptions: {debuggerAddress: localhost:55019}, goog:processID: 39800, networkConnectionEnabled: false, pageLoadStrategy: normal, platformName: windows, proxy: Proxy(), se:cdp: ws://localhost:55019/devtoo..., se:cdpVersion: 144.0.7559.59, setWindowRect: true, strictFileInteractability: false, timeouts: {implicit: 0, pageLoad: 300000, script: 30000}, unhandledPromptBehavior: dismiss and notify, webauthn:extension:credBlob: true, webauthn:extension:largeBlob: true, webauthn:extension:minPinLength: true, webauthn:extension:prf: true, webauthn:virtualAuthenticators: true}
Session ID: f3dde0f8bed68723131004055fc4bdba
	at jdk.internal.reflect.GeneratedConstructorAccessor59.newInstance(Unknown Source)
	at java.base/jdk.internal.reflect.DelegatingConstructorAccessorImpl.newInstance(DelegatingConstructorAccessorImpl.java:45)
	at java.base/java.lang.reflect.Constructor.newInstanceWithCaller(Constructor.java:499)
	at java.base/java.lang.reflect.Constructor.newInstance(Constructor.java:480)
	at org.openqa.selenium.remote.codec.w3c.W3CHttpResponseCodec.createException(W3CHttpResponseCodec.java:185)
	at org.openqa.selenium.remote.codec.w3c.W3CHttpResponseCodec.decode(W3CHttpResponseCodec.java:134)
	at org.openqa.selenium.remote.codec.w3c.W3CHttpResponseCodec.decode(W3CHttpResponseCodec.java:51)
	at org.openqa.selenium.remote.HttpCommandExecutor.execute(HttpCommandExecutor.java:190)
	at org.openqa.selenium.remote.service.DriverCommandExecutor.invokeExecute(DriverCommandExecutor.java:216)
	at org.openqa.selenium.remote.service.DriverCommandExecutor.execute(DriverCommandExecutor.java:174)
	at org.openqa.selenium.remote.RemoteWebDriver.execute(RemoteWebDriver.java:519)
	at org.openqa.selenium.remote.ElementLocation$ElementFinder$2.findElement(ElementLocation.java:165)
	at org.openqa.selenium.remote.ElementLocation.findElement(ElementLocation.java:59)
	at org.openqa.selenium.remote.RemoteWebDriver.findElement(RemoteWebDriver.java:356)
	at org.openqa.selenium.remote.RemoteWebDriver.findElement(RemoteWebDriver.java:350)
	at Computhink.Pom.SpecialCharFilenames.Verify_All_filetypes(SpecialCharFilenames.java:1181)
	at Computhink.Script.Special_Char_FileNames.TC_20_Verify_All_filetypes(Special_Char_FileNames.java:147)
	at java.base/jdk.internal.reflect.NativeMethodAccessorImpl.invoke0(Native Method)
	at java.base/jdk.internal.reflect.NativeMethodAccessorImpl.invoke(NativeMethodAccessorImpl.java:77)
	at java.base/jdk.internal.reflect.DelegatingMethodAccessorImpl.invoke(DelegatingMethodAccessorImpl.java:43)
	at java.base/java.lang.reflect.Method.invoke(Method.java:568)
	at org.testng.internal.MethodInvocationHelper.invokeMethod(MethodInvocationHelper.java:133)
	at org.testng.internal.TestInvoker.invokeMethod(TestInvoker.java:598)
	at org.testng.internal.TestInvoker.retryFailed(TestInvoker.java:213)
	at org.testng.internal.MethodRunner.runInSequence(MethodRunner.java:58)
	at org.testng.internal.TestInvoker$MethodInvocationAgent.invoke(TestInvoker.java:824)
	at org.testng.internal.TestInvoker.invokeTestMethods(TestInvoker.java:146)
	at org.testng.internal.TestMethodWorker.invokeTestMethods(TestMethodWorker.java:146)
	at org.testng.internal.TestMethodWorker.run(TestMethodWorker.java:128)
	at java.base/java.util.ArrayList.forEach(ArrayList.java:1511)
	at org.testng.TestRunner.privateRun(TestRunner.java:794)
	at org.testng.TestRunner.run(TestRunner.java:596)
	at org.testng.SuiteRunner.runTest(SuiteRunner.java:377)
	at org.testng.SuiteRunner.runSequentially(SuiteRunner.java:371)
	at org.testng.SuiteRunner.privateRun(SuiteRunner.java:332)
	at org.testng.SuiteRunner.run(SuiteRunner.java:276)
	at org.testng.SuiteRunnerWorker.runSuite(SuiteRunnerWorker.java:53)
	at org.testng.SuiteRunnerWorker.run(SuiteRunnerWorker.java:96)
	at org.testng.TestNG.runSuitesSequentially(TestNG.java:1212)
	at org.testng.TestNG.runSuitesLocally(TestNG.java:1134)
	at org.testng.TestNG.runSuites(TestNG.java:1063)
	at org.testng.TestNG.run(TestNG.java:1031)
	at org.testng.remote.AbstractRemoteTestNG.run(AbstractRemoteTestNG.java:115)
	at org.testng.remote.RemoteTestNG.initAndRun(RemoteTestNG.java:293)
	at org.testng.remote.RemoteTestNG.main(RemoteTestNG.java:91)
</pre></div></td>
<td>5</td>
<td>Computhink.Script.Special_Char_FileNames@55f3c410</td></tr>
<tr>
<td title='Computhink.Script.Special_Char_FileNames.TC_20_Verify_All_filetypes()'><b>TC_20_Verify_All_filetypes</b><br>Test class: Computhink.Script.Special_Char_FileNames<br/>
<a href="#Output-2002978714" onClick='toggleBox("Output-2002978714", this, "Show output", "Hide output");'>Show output</a>

<a href="#Output-2002978714" onClick="toggleAllBoxes();">Show all outputs</a>
<div class='log' id="Output-2002978714">
Scenario 20:Verify All Uploaded file types<br/>
</div>
</td>
<td><div><pre>org.openqa.selenium.NoSuchElementException: no such element: Unable to locate element: {&quot;method&quot;:&quot;xpath&quot;,&quot;selector&quot;:&quot;//*[@id=&apos;docViewerMetaData&apos;]/div[1]&quot;}
  (Session info: chrome=144.0.7559.59)
For documentation on this error, please visit: https://www.selenium.dev/documentation/webdriver/troubleshooting/errors#no-such-element-exception
Build info: version: &apos;4.17.0&apos;, revision: &apos;e52b1be057*&apos;
System info: os.name: &apos;Windows 10&apos;, os.arch: &apos;amd64&apos;, os.version: &apos;10.0&apos;, java.version: &apos;17.0.7&apos;
Driver info: org.openqa.selenium.chrome.ChromeDriver
Command: [f3dde0f8bed68723131004055fc4bdba, findElement {using=xpath, value=//*[@id=&apos;docViewerMetaData&apos;]/div[1]}]
Capabilities {acceptInsecureCerts: false, browserName: chrome, browserVersion: 144.0.7559.59, chrome: {chromedriverVersion: 144.0.7559.31 (18537d992890..., userDataDir: C:\Users\dipak.p\AppData\Lo...}, fedcm:accounts: true, goog:chromeOptions: {debuggerAddress: localhost:55019}, goog:processID: 39800, networkConnectionEnabled: false, pageLoadStrategy: normal, platformName: windows, proxy: Proxy(), se:cdp: ws://localhost:55019/devtoo..., se:cdpVersion: 144.0.7559.59, setWindowRect: true, strictFileInteractability: false, timeouts: {implicit: 0, pageLoad: 300000, script: 30000}, unhandledPromptBehavior: dismiss and notify, webauthn:extension:credBlob: true, webauthn:extension:largeBlob: true, webauthn:extension:minPinLength: true, webauthn:extension:prf: true, webauthn:virtualAuthenticators: true}
Session ID: f3dde0f8bed68723131004055fc4bdba
	at org.openqa.selenium.remote.codec.w3c.W3CHttpResponseCodec.createException(W3CHttpResponseCodec.java:185)
	at org.openqa.selenium.remote.codec.w3c.W3CHttpResponseCodec.decode(W3CHttpResponseCodec.java:134)
	at org.openqa.selenium.remote.codec.w3c.W3CHttpResponseCodec.decode(W3CHttpResponseCodec.java:51)
	at org.openqa.selenium.remote.HttpCommandExecutor.execute(HttpCommandExecutor.java:190)
	at org.openqa.selenium.remote.service.DriverCommandExecutor.invokeExecute(DriverCommandExecutor.java:216)
	at org.openqa.selenium.remote.service.DriverCommandExecutor.execute(DriverCommandExecutor.java:174)
	at org.openqa.selenium.remote.RemoteWebDriver.execute(RemoteWebDriver.java:519)
	at org.openqa.selenium.remote.ElementLocation$ElementFinder$2.findElement(ElementLocation.java:165)
	at org.openqa.selenium.remote.ElementLocation.findElement(ElementLocation.java:59)
	at org.openqa.selenium.remote.RemoteWebDriver.findElement(RemoteWebDriver.java:356)
	at org.openqa.selenium.remote.RemoteWebDriver.findElement(RemoteWebDriver.java:350)
	at Computhink.Pom.SpecialCharFilenames.Verify_All_filetypes(SpecialCharFilenames.java:1181)
	at Computhink.Script.Special_Char_FileNames.TC_20_Verify_All_filetypes(Special_Char_FileNames.java:147)
	at java.base/java.util.ArrayList.forEach(ArrayList.java:1511)
... Removed 31 stack frames</pre></div><a href='#' onClick='toggleBox("stack-trace2002978714", this, "Click to show all stack frames", "Click to hide stack frames")'>Click to show all stack frames</a>
<div class='stack-trace' id='stack-trace2002978714'><pre>org.openqa.selenium.NoSuchElementException: no such element: Unable to locate element: {&quot;method&quot;:&quot;xpath&quot;,&quot;selector&quot;:&quot;//*[@id=&apos;docViewerMetaData&apos;]/div[1]&quot;}
  (Session info: chrome=144.0.7559.59)
For documentation on this error, please visit: https://www.selenium.dev/documentation/webdriver/troubleshooting/errors#no-such-element-exception
Build info: version: &apos;4.17.0&apos;, revision: &apos;e52b1be057*&apos;
System info: os.name: &apos;Windows 10&apos;, os.arch: &apos;amd64&apos;, os.version: &apos;10.0&apos;, java.version: &apos;17.0.7&apos;
Driver info: org.openqa.selenium.chrome.ChromeDriver
Command: [f3dde0f8bed68723131004055fc4bdba, findElement {using=xpath, value=//*[@id=&apos;docViewerMetaData&apos;]/div[1]}]
Capabilities {acceptInsecureCerts: false, browserName: chrome, browserVersion: 144.0.7559.59, chrome: {chromedriverVersion: 144.0.7559.31 (18537d992890..., userDataDir: C:\Users\dipak.p\AppData\Lo...}, fedcm:accounts: true, goog:chromeOptions: {debuggerAddress: localhost:55019}, goog:processID: 39800, networkConnectionEnabled: false, pageLoadStrategy: normal, platformName: windows, proxy: Proxy(), se:cdp: ws://localhost:55019/devtoo..., se:cdpVersion: 144.0.7559.59, setWindowRect: true, strictFileInteractability: false, timeouts: {implicit: 0, pageLoad: 300000, script: 30000}, unhandledPromptBehavior: dismiss and notify, webauthn:extension:credBlob: true, webauthn:extension:largeBlob: true, webauthn:extension:minPinLength: true, webauthn:extension:prf: true, webauthn:virtualAuthenticators: true}
Session ID: f3dde0f8bed68723131004055fc4bdba
	at jdk.internal.reflect.GeneratedConstructorAccessor59.newInstance(Unknown Source)
	at java.base/jdk.internal.reflect.DelegatingConstructorAccessorImpl.newInstance(DelegatingConstructorAccessorImpl.java:45)
	at java.base/java.lang.reflect.Constructor.newInstanceWithCaller(Constructor.java:499)
	at java.base/java.lang.reflect.Constructor.newInstance(Constructor.java:480)
	at org.openqa.selenium.remote.codec.w3c.W3CHttpResponseCodec.createException(W3CHttpResponseCodec.java:185)
	at org.openqa.selenium.remote.codec.w3c.W3CHttpResponseCodec.decode(W3CHttpResponseCodec.java:134)
	at org.openqa.selenium.remote.codec.w3c.W3CHttpResponseCodec.decode(W3CHttpResponseCodec.java:51)
	at org.openqa.selenium.remote.HttpCommandExecutor.execute(HttpCommandExecutor.java:190)
	at org.openqa.selenium.remote.service.DriverCommandExecutor.invokeExecute(DriverCommandExecutor.java:216)
	at org.openqa.selenium.remote.service.DriverCommandExecutor.execute(DriverCommandExecutor.java:174)
	at org.openqa.selenium.remote.RemoteWebDriver.execute(RemoteWebDriver.java:519)
	at org.openqa.selenium.remote.ElementLocation$ElementFinder$2.findElement(ElementLocation.java:165)
	at org.openqa.selenium.remote.ElementLocation.findElement(ElementLocation.java:59)
	at org.openqa.selenium.remote.RemoteWebDriver.findElement(RemoteWebDriver.java:356)
	at org.openqa.selenium.remote.RemoteWebDriver.findElement(RemoteWebDriver.java:350)
	at Computhink.Pom.SpecialCharFilenames.Verify_All_filetypes(SpecialCharFilenames.java:1181)
	at Computhink.Script.Special_Char_FileNames.TC_20_Verify_All_filetypes(Special_Char_FileNames.java:147)
	at java.base/jdk.internal.reflect.NativeMethodAccessorImpl.invoke0(Native Method)
	at java.base/jdk.internal.reflect.NativeMethodAccessorImpl.invoke(NativeMethodAccessorImpl.java:77)
	at java.base/jdk.internal.reflect.DelegatingMethodAccessorImpl.invoke(DelegatingMethodAccessorImpl.java:43)
	at java.base/java.lang.reflect.Method.invoke(Method.java:568)
	at org.testng.internal.MethodInvocationHelper.invokeMethod(MethodInvocationHelper.java:133)
	at org.testng.internal.TestInvoker.invokeMethod(TestInvoker.java:598)
	at org.testng.internal.TestInvoker.retryFailed(TestInvoker.java:213)
	at org.testng.internal.MethodRunner.runInSequence(MethodRunner.java:58)
	at org.testng.internal.TestInvoker$MethodInvocationAgent.invoke(TestInvoker.java:824)
	at org.testng.internal.TestInvoker.invokeTestMethods(TestInvoker.java:146)
	at org.testng.internal.TestMethodWorker.invokeTestMethods(TestMethodWorker.java:146)
	at org.testng.internal.TestMethodWorker.run(TestMethodWorker.java:128)
	at java.base/java.util.ArrayList.forEach(ArrayList.java:1511)
	at org.testng.TestRunner.privateRun(TestRunner.java:794)
	at org.testng.TestRunner.run(TestRunner.java:596)
	at org.testng.SuiteRunner.runTest(SuiteRunner.java:377)
	at org.testng.SuiteRunner.runSequentially(SuiteRunner.java:371)
	at org.testng.SuiteRunner.privateRun(SuiteRunner.java:332)
	at org.testng.SuiteRunner.run(SuiteRunner.java:276)
	at org.testng.SuiteRunnerWorker.runSuite(SuiteRunnerWorker.java:53)
	at org.testng.SuiteRunnerWorker.run(SuiteRunnerWorker.java:96)
	at org.testng.TestNG.runSuitesSequentially(TestNG.java:1212)
	at org.testng.TestNG.runSuitesLocally(TestNG.java:1134)
	at org.testng.TestNG.runSuites(TestNG.java:1063)
	at org.testng.TestNG.run(TestNG.java:1031)
	at org.testng.remote.AbstractRemoteTestNG.run(AbstractRemoteTestNG.java:115)
	at org.testng.remote.RemoteTestNG.initAndRun(RemoteTestNG.java:293)
	at org.testng.remote.RemoteTestNG.main(RemoteTestNG.java:91)
</pre></div></td>
<td>5</td>
<td>Computhink.Script.Special_Char_FileNames@55f3c410</td></tr>
<tr>
<td title='Computhink.Script.Special_Char_FileNames.TC_20_Verify_All_filetypes()'><b>TC_20_Verify_All_filetypes</b><br>Test class: Computhink.Script.Special_Char_FileNames<br/>
<a href="#Output-108682757" onClick='toggleBox("Output-108682757", this, "Show output", "Hide output");'>Show output</a>

<a href="#Output-108682757" onClick="toggleAllBoxes();">Show all outputs</a>
<div class='log' id="Output-108682757">
Scenario 20:Verify All Uploaded file types<br/>
Select Uploaded file<br/>
Uploaded file name with file type is :Percentage_.tif<br/>
Click on Username option<br/>
Click on Logout option<br/>
Timeout waiting for alert to appear.<br/>
=====================================================================================<br/>
</div>
</td>
<td><div><pre>org.openqa.selenium.NoSuchElementException: no such element: Unable to locate element: {&quot;method&quot;:&quot;xpath&quot;,&quot;selector&quot;:&quot;//*[@id=&apos;docViewerMetaData&apos;]/div[2]&quot;}
  (Session info: chrome=144.0.7559.59)
For documentation on this error, please visit: https://www.selenium.dev/documentation/webdriver/troubleshooting/errors#no-such-element-exception
Build info: version: &apos;4.17.0&apos;, revision: &apos;e52b1be057*&apos;
System info: os.name: &apos;Windows 10&apos;, os.arch: &apos;amd64&apos;, os.version: &apos;10.0&apos;, java.version: &apos;17.0.7&apos;
Driver info: org.openqa.selenium.chrome.ChromeDriver
Command: [f3dde0f8bed68723131004055fc4bdba, findElement {using=xpath, value=//*[@id=&apos;docViewerMetaData&apos;]/div[2]}]
Capabilities {acceptInsecureCerts: false, browserName: chrome, browserVersion: 144.0.7559.59, chrome: {chromedriverVersion: 144.0.7559.31 (18537d992890..., userDataDir: C:\Users\dipak.p\AppData\Lo...}, fedcm:accounts: true, goog:chromeOptions: {debuggerAddress: localhost:55019}, goog:processID: 39800, networkConnectionEnabled: false, pageLoadStrategy: normal, platformName: windows, proxy: Proxy(), se:cdp: ws://localhost:55019/devtoo..., se:cdpVersion: 144.0.7559.59, setWindowRect: true, strictFileInteractability: false, timeouts: {implicit: 0, pageLoad: 300000, script: 30000}, unhandledPromptBehavior: dismiss and notify, webauthn:extension:credBlob: true, webauthn:extension:largeBlob: true, webauthn:extension:minPinLength: true, webauthn:extension:prf: true, webauthn:virtualAuthenticators: true}
Session ID: f3dde0f8bed68723131004055fc4bdba
	at org.openqa.selenium.remote.codec.w3c.W3CHttpResponseCodec.createException(W3CHttpResponseCodec.java:185)
	at org.openqa.selenium.remote.codec.w3c.W3CHttpResponseCodec.decode(W3CHttpResponseCodec.java:134)
	at org.openqa.selenium.remote.codec.w3c.W3CHttpResponseCodec.decode(W3CHttpResponseCodec.java:51)
	at org.openqa.selenium.remote.HttpCommandExecutor.execute(HttpCommandExecutor.java:190)
	at org.openqa.selenium.remote.service.DriverCommandExecutor.invokeExecute(DriverCommandExecutor.java:216)
	at org.openqa.selenium.remote.service.DriverCommandExecutor.execute(DriverCommandExecutor.java:174)
	at org.openqa.selenium.remote.RemoteWebDriver.execute(RemoteWebDriver.java:519)
	at org.openqa.selenium.remote.ElementLocation$ElementFinder$2.findElement(ElementLocation.java:165)
	at org.openqa.selenium.remote.ElementLocation.findElement(ElementLocation.java:59)
	at org.openqa.selenium.remote.RemoteWebDriver.findElement(RemoteWebDriver.java:356)
	at org.openqa.selenium.remote.RemoteWebDriver.findElement(RemoteWebDriver.java:350)
	at Computhink.Pom.SpecialCharFilenames.Verify_All_filetypes(SpecialCharFilenames.java:1181)
	at Computhink.Script.Special_Char_FileNames.TC_20_Verify_All_filetypes(Special_Char_FileNames.java:147)
	at java.base/java.util.ArrayList.forEach(ArrayList.java:1511)
... Removed 31 stack frames</pre></div><a href='#' onClick='toggleBox("stack-trace108682757", this, "Click to show all stack frames", "Click to hide stack frames")'>Click to show all stack frames</a>
<div class='stack-trace' id='stack-trace108682757'><pre>org.openqa.selenium.NoSuchElementException: no such element: Unable to locate element: {&quot;method&quot;:&quot;xpath&quot;,&quot;selector&quot;:&quot;//*[@id=&apos;docViewerMetaData&apos;]/div[2]&quot;}
  (Session info: chrome=144.0.7559.59)
For documentation on this error, please visit: https://www.selenium.dev/documentation/webdriver/troubleshooting/errors#no-such-element-exception
Build info: version: &apos;4.17.0&apos;, revision: &apos;e52b1be057*&apos;
System info: os.name: &apos;Windows 10&apos;, os.arch: &apos;amd64&apos;, os.version: &apos;10.0&apos;, java.version: &apos;17.0.7&apos;
Driver info: org.openqa.selenium.chrome.ChromeDriver
Command: [f3dde0f8bed68723131004055fc4bdba, findElement {using=xpath, value=//*[@id=&apos;docViewerMetaData&apos;]/div[2]}]
Capabilities {acceptInsecureCerts: false, browserName: chrome, browserVersion: 144.0.7559.59, chrome: {chromedriverVersion: 144.0.7559.31 (18537d992890..., userDataDir: C:\Users\dipak.p\AppData\Lo...}, fedcm:accounts: true, goog:chromeOptions: {debuggerAddress: localhost:55019}, goog:processID: 39800, networkConnectionEnabled: false, pageLoadStrategy: normal, platformName: windows, proxy: Proxy(), se:cdp: ws://localhost:55019/devtoo..., se:cdpVersion: 144.0.7559.59, setWindowRect: true, strictFileInteractability: false, timeouts: {implicit: 0, pageLoad: 300000, script: 30000}, unhandledPromptBehavior: dismiss and notify, webauthn:extension:credBlob: true, webauthn:extension:largeBlob: true, webauthn:extension:minPinLength: true, webauthn:extension:prf: true, webauthn:virtualAuthenticators: true}
Session ID: f3dde0f8bed68723131004055fc4bdba
	at jdk.internal.reflect.GeneratedConstructorAccessor59.newInstance(Unknown Source)
	at java.base/jdk.internal.reflect.DelegatingConstructorAccessorImpl.newInstance(DelegatingConstructorAccessorImpl.java:45)
	at java.base/java.lang.reflect.Constructor.newInstanceWithCaller(Constructor.java:499)
	at java.base/java.lang.reflect.Constructor.newInstance(Constructor.java:480)
	at org.openqa.selenium.remote.codec.w3c.W3CHttpResponseCodec.createException(W3CHttpResponseCodec.java:185)
	at org.openqa.selenium.remote.codec.w3c.W3CHttpResponseCodec.decode(W3CHttpResponseCodec.java:134)
	at org.openqa.selenium.remote.codec.w3c.W3CHttpResponseCodec.decode(W3CHttpResponseCodec.java:51)
	at org.openqa.selenium.remote.HttpCommandExecutor.execute(HttpCommandExecutor.java:190)
	at org.openqa.selenium.remote.service.DriverCommandExecutor.invokeExecute(DriverCommandExecutor.java:216)
	at org.openqa.selenium.remote.service.DriverCommandExecutor.execute(DriverCommandExecutor.java:174)
	at org.openqa.selenium.remote.RemoteWebDriver.execute(RemoteWebDriver.java:519)
	at org.openqa.selenium.remote.ElementLocation$ElementFinder$2.findElement(ElementLocation.java:165)
	at org.openqa.selenium.remote.ElementLocation.findElement(ElementLocation.java:59)
	at org.openqa.selenium.remote.RemoteWebDriver.findElement(RemoteWebDriver.java:356)
	at org.openqa.selenium.remote.RemoteWebDriver.findElement(RemoteWebDriver.java:350)
	at Computhink.Pom.SpecialCharFilenames.Verify_All_filetypes(SpecialCharFilenames.java:1181)
	at Computhink.Script.Special_Char_FileNames.TC_20_Verify_All_filetypes(Special_Char_FileNames.java:147)
	at java.base/jdk.internal.reflect.NativeMethodAccessorImpl.invoke0(Native Method)
	at java.base/jdk.internal.reflect.NativeMethodAccessorImpl.invoke(NativeMethodAccessorImpl.java:77)
	at java.base/jdk.internal.reflect.DelegatingMethodAccessorImpl.invoke(DelegatingMethodAccessorImpl.java:43)
	at java.base/java.lang.reflect.Method.invoke(Method.java:568)
	at org.testng.internal.MethodInvocationHelper.invokeMethod(MethodInvocationHelper.java:133)
	at org.testng.internal.TestInvoker.invokeMethod(TestInvoker.java:598)
	at org.testng.internal.TestInvoker.invokeTestMethod(TestInvoker.java:173)
	at org.testng.internal.MethodRunner.runInSequence(MethodRunner.java:46)
	at org.testng.internal.TestInvoker$MethodInvocationAgent.invoke(TestInvoker.java:824)
	at org.testng.internal.TestInvoker.invokeTestMethods(TestInvoker.java:146)
	at org.testng.internal.TestMethodWorker.invokeTestMethods(TestMethodWorker.java:146)
	at org.testng.internal.TestMethodWorker.run(TestMethodWorker.java:128)
	at java.base/java.util.ArrayList.forEach(ArrayList.java:1511)
	at org.testng.TestRunner.privateRun(TestRunner.java:794)
	at org.testng.TestRunner.run(TestRunner.java:596)
	at org.testng.SuiteRunner.runTest(SuiteRunner.java:377)
	at org.testng.SuiteRunner.runSequentially(SuiteRunner.java:371)
	at org.testng.SuiteRunner.privateRun(SuiteRunner.java:332)
	at org.testng.SuiteRunner.run(SuiteRunner.java:276)
	at org.testng.SuiteRunnerWorker.runSuite(SuiteRunnerWorker.java:53)
	at org.testng.SuiteRunnerWorker.run(SuiteRunnerWorker.java:96)
	at org.testng.TestNG.runSuitesSequentially(TestNG.java:1212)
	at org.testng.TestNG.runSuitesLocally(TestNG.java:1134)
	at org.testng.TestNG.runSuites(TestNG.java:1063)
	at org.testng.TestNG.run(TestNG.java:1031)
	at org.testng.remote.AbstractRemoteTestNG.run(AbstractRemoteTestNG.java:115)
	at org.testng.remote.RemoteTestNG.initAndRun(RemoteTestNG.java:293)
	at org.testng.remote.RemoteTestNG.main(RemoteTestNG.java:91)
</pre></div></td>
<td>28</td>
<td>Computhink.Script.Special_Char_FileNames@55f3c410</td></tr>
</table><p>
</body>
</html>