<?xml version="1.0" encoding="UTF-8"?>
<!-- Generated by org.testng.reporters.JUnitXMLReporter -->
<testsuite ignored="0" hostname="CIPLWKT010" failures="0" tests="3" name="Test15" time="293.069" errors="0" timestamp="2026-01-19T18:51:44 IST">
  <testcase classname="Computhink.Script.My_Preferences_Defaultviewing" name="Login_EWA" time="18.429"/>
  <testcase classname="Computhink.Script.My_Preferences_Defaultviewing" name="TC_01_Verify_Defaultviewing_Convert_To_PDF" time="166.707"/>
  <testcase classname="Computhink.Script.My_Preferences_Defaultviewing" name="TC_02_Verify_Defaultviewing_Native_Format" time="101.03"/>
</testsuite> <!-- Test15 -->
