<?xml version="1.0" encoding="UTF-8"?>
<!-- Generated by org.testng.reporters.JUnitXMLReporter -->
<testsuite ignored="0" hostname="CIPLWKT010" failures="0" tests="4" name="Test 10" time="468.361" errors="0" timestamp="2026-01-19T21:58:39 IST">
  <testcase classname="Computhink.Script.LargeFiles_AutomationTesting" name="TC_1_Upload_and_verify_Large_PDF_file" time="106.872"/>
  <testcase classname="Computhink.Script.LargeFiles_AutomationTesting" name="TC_2_Upload_and_verify_Large_TIFF_file" time="139.495"/>
  <testcase classname="Computhink.Script.LargeFiles_AutomationTesting" name="TC_3_Upload_and_verify_Large_DOCX_file" time="104.664"/>
  <testcase classname="Computhink.Script.LargeFiles_AutomationTesting" name="TC_4_Upload_and_verify_Large_XLSX_file" time="117.326"/>
</testsuite> <!-- Test 10 -->
