<?xml version="1.0" encoding="UTF-8"?>
<!-- Generated by org.testng.reporters.JUnitXMLReporter -->
<testsuite ignored="0" hostname="CIPLWKT010" failures="0" tests="61" name="Test1" time="8587.844" errors="0" timestamp="2026-05-22T17:48:30 IST">
  <testcase classname="Computhink.Script.Galadari_PDFSignature" name="Login_EWA" time="29.545"/>
  <testcase classname="Computhink.Script.Galadari_PDFSignature" name="TC_01_Create_and_Open_document_Default_View" time="147.568"/>
  <testcase classname="Computhink.Script.Galadari_PDFSignature" name="TC_01_Create_and_Open_document_Default_View" time="144.185"/>
  <testcase classname="Computhink.Script.Galadari_PDFSignature" name="TC_01_Create_and_Open_document_Default_View" time="143.076"/>
  <testcase classname="Computhink.Script.Galadari_PDFSignature" name="TC_01_Create_and_Open_document_Default_View" time="143.464"/>
  <testcase classname="Computhink.Script.Galadari_PDFSignature" name="TC_01_Create_and_Open_document_Default_View" time="143.1"/>
  <testcase classname="Computhink.Script.Galadari_PDFSignature" name="TC_01_Create_and_Open_document_Default_View" time="142.979"/>
  <testcase classname="Computhink.Script.Galadari_PDFSignature" name="TC_01_Create_and_Open_document_Default_View" time="142.94"/>
  <testcase classname="Computhink.Script.Galadari_PDFSignature" name="TC_01_Create_and_Open_document_Default_View" time="142.9"/>
  <testcase classname="Computhink.Script.Galadari_PDFSignature" name="TC_01_Create_and_Open_document_Default_View" time="142.605"/>
  <testcase classname="Computhink.Script.Galadari_PDFSignature" name="TC_01_Create_and_Open_document_Default_View" time="141.757"/>
  <testcase classname="Computhink.Script.Galadari_PDFSignature" name="TC_01_Create_and_Open_document_Default_View" time="141.67"/>
  <testcase classname="Computhink.Script.Galadari_PDFSignature" name="TC_01_Create_and_Open_document_Default_View" time="142.655"/>
  <testcase classname="Computhink.Script.Galadari_PDFSignature" name="TC_01_Create_and_Open_document_Default_View" time="142.064"/>
  <testcase classname="Computhink.Script.Galadari_PDFSignature" name="TC_01_Create_and_Open_document_Default_View" time="142.571"/>
  <testcase classname="Computhink.Script.Galadari_PDFSignature" name="TC_01_Create_and_Open_document_Default_View" time="143.033"/>
  <testcase classname="Computhink.Script.Galadari_PDFSignature" name="TC_01_Create_and_Open_document_Default_View" time="145.284"/>
  <testcase classname="Computhink.Script.Galadari_PDFSignature" name="TC_01_Create_and_Open_document_Default_View" time="145.205"/>
  <testcase classname="Computhink.Script.Galadari_PDFSignature" name="TC_01_Create_and_Open_document_Default_View" time="143.576"/>
  <testcase classname="Computhink.Script.Galadari_PDFSignature" name="TC_01_Create_and_Open_document_Default_View" time="145.397"/>
  <testcase classname="Computhink.Script.Galadari_PDFSignature" name="TC_01_Create_and_Open_document_Default_View" time="150.52"/>
  <testcase classname="Computhink.Script.Galadari_PDFSignature" name="TC_01_Create_and_Open_document_Default_View" time="142.922"/>
  <testcase classname="Computhink.Script.Galadari_PDFSignature" name="TC_01_Create_and_Open_document_Default_View" time="142.846"/>
  <testcase classname="Computhink.Script.Galadari_PDFSignature" name="TC_01_Create_and_Open_document_Default_View" time="143.212"/>
  <testcase classname="Computhink.Script.Galadari_PDFSignature" name="TC_01_Create_and_Open_document_Default_View" time="142.514"/>
  <testcase classname="Computhink.Script.Galadari_PDFSignature" name="TC_01_Create_and_Open_document_Default_View" time="143.077"/>
  <testcase classname="Computhink.Script.Galadari_PDFSignature" name="TC_01_Create_and_Open_document_Default_View" time="144.233"/>
  <testcase classname="Computhink.Script.Galadari_PDFSignature" name="TC_01_Create_and_Open_document_Default_View" time="141.927"/>
  <testcase classname="Computhink.Script.Galadari_PDFSignature" name="TC_01_Create_and_Open_document_Default_View" time="143.527"/>
  <testcase classname="Computhink.Script.Galadari_PDFSignature" name="TC_01_Create_and_Open_document_Default_View" time="142.858"/>
  <testcase classname="Computhink.Script.Galadari_PDFSignature" name="TC_01_Create_and_Open_document_Default_View" time="145.023"/>
  <testcase classname="Computhink.Script.Galadari_PDFSignature" name="TC_01_Create_and_Open_document_Default_View" time="141.421"/>
  <testcase classname="Computhink.Script.Galadari_PDFSignature" name="TC_01_Create_and_Open_document_Default_View" time="144.765"/>
  <testcase classname="Computhink.Script.Galadari_PDFSignature" name="TC_01_Create_and_Open_document_Default_View" time="144.009"/>
  <testcase classname="Computhink.Script.Galadari_PDFSignature" name="TC_01_Create_and_Open_document_Default_View" time="135.84"/>
  <testcase classname="Computhink.Script.Galadari_PDFSignature" name="TC_01_Create_and_Open_document_Default_View" time="142.299"/>
  <testcase classname="Computhink.Script.Galadari_PDFSignature" name="TC_01_Create_and_Open_document_Default_View" time="142.141"/>
  <testcase classname="Computhink.Script.Galadari_PDFSignature" name="TC_01_Create_and_Open_document_Default_View" time="142.042"/>
  <testcase classname="Computhink.Script.Galadari_PDFSignature" name="TC_01_Create_and_Open_document_Default_View" time="142.376"/>
  <testcase classname="Computhink.Script.Galadari_PDFSignature" name="TC_01_Create_and_Open_document_Default_View" time="142.474"/>
  <testcase classname="Computhink.Script.Galadari_PDFSignature" name="TC_01_Create_and_Open_document_Default_View" time="144.639"/>
  <testcase classname="Computhink.Script.Galadari_PDFSignature" name="TC_01_Create_and_Open_document_Default_View" time="142.835"/>
  <testcase classname="Computhink.Script.Galadari_PDFSignature" name="TC_01_Create_and_Open_document_Default_View" time="141.734"/>
  <testcase classname="Computhink.Script.Galadari_PDFSignature" name="TC_01_Create_and_Open_document_Default_View" time="141.575"/>
  <testcase classname="Computhink.Script.Galadari_PDFSignature" name="TC_01_Create_and_Open_document_Default_View" time="141.852"/>
  <testcase classname="Computhink.Script.Galadari_PDFSignature" name="TC_01_Create_and_Open_document_Default_View" time="141.704"/>
  <testcase classname="Computhink.Script.Galadari_PDFSignature" name="TC_01_Create_and_Open_document_Default_View" time="142.169"/>
  <testcase classname="Computhink.Script.Galadari_PDFSignature" name="TC_01_Create_and_Open_document_Default_View" time="141.488"/>
  <testcase classname="Computhink.Script.Galadari_PDFSignature" name="TC_01_Create_and_Open_document_Default_View" time="145.947"/>
  <testcase classname="Computhink.Script.Galadari_PDFSignature" name="TC_01_Create_and_Open_document_Default_View" time="142.025"/>
  <testcase classname="Computhink.Script.Galadari_PDFSignature" name="TC_01_Create_and_Open_document_Default_View" time="142.114"/>
  <testcase classname="Computhink.Script.Galadari_PDFSignature" name="TC_01_Create_and_Open_document_Default_View" time="142.214"/>
  <testcase classname="Computhink.Script.Galadari_PDFSignature" name="TC_01_Create_and_Open_document_Default_View" time="140.738"/>
  <testcase classname="Computhink.Script.Galadari_PDFSignature" name="TC_01_Create_and_Open_document_Default_View" time="141.047"/>
  <testcase classname="Computhink.Script.Galadari_PDFSignature" name="TC_01_Create_and_Open_document_Default_View" time="141.612"/>
  <testcase classname="Computhink.Script.Galadari_PDFSignature" name="TC_01_Create_and_Open_document_Default_View" time="141.841"/>
  <testcase classname="Computhink.Script.Galadari_PDFSignature" name="TC_01_Create_and_Open_document_Default_View" time="137.985"/>
  <testcase classname="Computhink.Script.Galadari_PDFSignature" name="TC_01_Create_and_Open_document_Default_View" time="141.408"/>
  <testcase classname="Computhink.Script.Galadari_PDFSignature" name="TC_01_Create_and_Open_document_Default_View" time="141.636"/>
  <testcase classname="Computhink.Script.Galadari_PDFSignature" name="TC_01_Create_and_Open_document_Default_View" time="136.454"/>
  <testcase classname="Computhink.Script.Galadari_PDFSignature" name="TC_01_Create_and_Open_document_Default_View" time="136.672"/>
</testsuite> <!-- Test1 -->
