<?xml version="1.0" encoding="UTF-8"?>
<!-- Generated by org.testng.reporters.JUnitXMLReporter -->
<testsuite ignored="0" hostname="CIPLWKT010" failures="0" tests="8" name="Test8" time="270.315" errors="0" timestamp="2026-05-01T18:09:41 IST">
  <testcase classname="Computhink.Script.Negative_CustomColumns" name="Login_EWA" time="51.71"/>
  <testcase classname="Computhink.Script.Negative_CustomColumns" name="TC_01_Verify_Default_Custom_Columns_RoomLevel" time="56.277"/>
  <testcase classname="Computhink.Script.Negative_CustomColumns" name="TC_02_Verify_CrossCancelButton_RoomCustomColumns" time="9.062"/>
  <testcase classname="Computhink.Script.Negative_CustomColumns" name="TC_03_Verify_CancelButton_RoomCustomColumns" time="9.854"/>
  <testcase classname="Computhink.Script.Negative_CustomColumns" name="TC_04_Verify_CrossCancelButton_SearchCustomColumns" time="30.431"/>
  <testcase classname="Computhink.Script.Negative_CustomColumns" name="TC_05_Verify_CancelButton_SearchCustomColumns" time="30.376"/>
  <testcase classname="Computhink.Script.Negative_CustomColumns" name="TC_06_Verify_CrossCancelButton_TODOCustomColumns" time="32.398"/>
  <testcase classname="Computhink.Script.Negative_CustomColumns" name="TC_07_Verify_CancelButton_TODOCustomColumns" time="48.536"/>
</testsuite> <!-- Test8 -->
