<?xml version="1.0" encoding="UTF-8"?>
<!-- Generated by org.testng.reporters.JUnitXMLReporter -->
<testsuite ignored="0" hostname="CIPLWKT010" failures="0" tests="4" name="Test26" time="349.271" errors="0" timestamp="2026-01-19T19:44:18 IST">
  <testcase classname="Computhink.Script.Negative_Mypreference_Redactionpassword" name="Login_EWA" time="21.09"/>
  <testcase classname="Computhink.Script.Negative_Mypreference_Redactionpassword" name="TC_01_Verify_Redaction_View_Password" time="211.288"/>
  <testcase classname="Computhink.Script.Negative_Mypreference_Redactionpassword" name="TC_02_Verify_InvalidRedaction_View_Password" time="50.375"/>
  <testcase classname="Computhink.Script.Negative_Mypreference_Redactionpassword" name="TC_03_Verify_ResetInvalidPassword_My_Preferences" time="59.34"/>
</testsuite> <!-- Test26 -->
