<?xml version="1.0" encoding="UTF-8"?>
<!-- Generated by org.testng.reporters.JUnitXMLReporter -->
<testsuite ignored="0" hostname="CIPLWKT010" failures="0" tests="11" name="Test1" time="538.009" errors="0" timestamp="2026-01-19T21:11:09 IST">
  <testcase classname="Computhink.Script.AnnotationFunctionality" name="Login" time="21.093"/>
  <testcase classname="Computhink.Script.AnnotationFunctionality" name="TC_A_DefaultView" time="24.801"/>
  <testcase classname="Computhink.Script.AnnotationFunctionality" name="TC_B_Redaction_UnlockRedaction" time="158.243"/>
  <testcase classname="Computhink.Script.AnnotationFunctionality" name="TC_C_HighLight_Annotation" time="28.702"/>
  <testcase classname="Computhink.Script.AnnotationFunctionality" name="TC_E_StikyNote_Annotation" time="38.89"/>
  <testcase classname="Computhink.Script.AnnotationFunctionality" name="TC_F_RubberStampAnnotation" time="23.114"/>
  <testcase classname="Computhink.Script.AnnotationFunctionality" name="TC_G_Rectangle_Annotation" time="35.96"/>
  <testcase classname="Computhink.Script.AnnotationFunctionality" name="TC_H_StampAnnotation" time="66.929"/>
  <testcase classname="Computhink.Script.AnnotationFunctionality" name="TC_I_LineAnnotation_Ellipse_Annotation" time="58.835"/>
  <testcase classname="Computhink.Script.AnnotationFunctionality" name="TC_J_Signature_Annotation" time="35.691"/>
  <testcase classname="Computhink.Script.AnnotationFunctionality" name="TC_K_Polygon" time="37.53"/>
</testsuite> <!-- Test1 -->
