<?xml version="1.0" encoding="UTF-8"?>
<!-- Generated by org.testng.reporters.JUnitXMLReporter -->
<testsuite ignored="0" hostname="CIPLWKT010" failures="0" tests="10" name="Test1" time="200.838" errors="0" timestamp="2026-01-12T23:44:12 IST">
  <testcase classname="Computhink.Script.Login_Validation" name="TC_01_ContentVerseURLAndTitleValidation" time="0.162"/>
  <testcase classname="Computhink.Script.Login_Validation" name="TC_02_ContentVerseURLValidation" time="9.864"/>
  <testcase classname="Computhink.Script.Login_Validation" name="TC_03_Verifying_No_button_of_Session_for_user_is_already_active_dialog_box" time="32.339"/>
  <testcase classname="Computhink.Script.Login_Validation" name="TC_04_Verifying_Login_EWA_with_blank_Username" time="23.944"/>
  <testcase classname="Computhink.Script.Login_Validation" name="TC_05_Verifying_Login_EWA_with_blank_Password" time="21.162"/>
  <testcase classname="Computhink.Script.Login_Validation" name="TC_06_Verifying_Login_EWA_without_Selecting_Roomname" time="19.028"/>
  <testcase classname="Computhink.Script.Login_Validation" name="TC_07_Verifying_Login_EWA_with_Invalid_Username" time="12.859"/>
  <testcase classname="Computhink.Script.Login_Validation" name="TC_08_Verifying_Login_EWA_with_Invalid_Password" time="25.181"/>
  <testcase classname="Computhink.Script.Login_Validation" name="TC_09_Verifying_Yes_button_of_Session_for_user_is_already_active_dialog_box" time="12.008"/>
  <testcase classname="Computhink.Script.Login_Validation" name="TC_10_Verifying_Browser_Allowing_Only_OneUser_Login" time="27.939"/>
</testsuite> <!-- Test1 -->
