<?xml version="1.0" encoding="UTF-8"?>
<!-- Generated by org.testng.reporters.JUnitXMLReporter -->
<testsuite ignored="0" hostname="CIPLWKT010" failures="0" tests="8" name="Test1" time="1029.007" errors="0" timestamp="2026-02-13T17:38:52 IST">
  <testcase classname="Computhink.Script.Templates_Test" name="Login_EWA" time="44.329"/>
  <testcase classname="Computhink.Script.Templates_Test" name="TC_01_verify_to_CreateorBrowse_Template_Defaultviewing" time="343.226"/>
  <testcase classname="Computhink.Script.Templates_Test" name="TC_02_Verify_to_Edit_and_Delete_DefaultTemplate" time="85.5"/>
  <testcase classname="Computhink.Script.Templates_Test" name="TC_03_verify_to_CreateorBrowse_Template_Advancedviewing_Officedoc" time="150.372"/>
  <testcase classname="Computhink.Script.Templates_Test" name="TC_04_Verify_to_Edit_and_Delete_AdvancedTemplate_Officedoc" time="85.57"/>
  <testcase classname="Computhink.Script.Templates_Test" name="TC_05_verify_to_Create_Formmapping_PDFTemplate_Advancedviewing" time="182.969"/>
  <testcase classname="Computhink.Script.Templates_Test" name="TC_06_Verify_to_Edit_and_Delete_Formfield" time="92.042"/>
  <testcase classname="Computhink.Script.Templates_Test" name="TC_07_Set_Defaultview" time="41.792"/>
</testsuite> <!-- Test1 -->
