<?xml version="1.0" encoding="UTF-8"?>
<!-- Generated by org.testng.reporters.JUnitXMLReporter -->
<testsuite ignored="0" hostname="CIPLWKT010" failures="0" tests="3" name="Test12" time="504.902" errors="0" timestamp="2026-02-16T04:44:02 IST">
  <testcase classname="Computhink.Script.My_Preferences_Add_signature" name="Login_EWA" time="32.513"/>
  <testcase classname="Computhink.Script.My_Preferences_Add_signature" name="TC_01_Verify_Upload_New_Signature" time="225.16"/>
  <testcase classname="Computhink.Script.My_Preferences_Add_signature" name="TC_02_Verify_Type_New_Signature" time="244.749"/>
</testsuite> <!-- Test12 -->
