<?xml version="1.0" encoding="UTF-8"?>
<!-- Generated by org.testng.reporters.JUnitXMLReporter -->
<testsuite ignored="0" hostname="CIPLWKT010" failures="2" tests="9" name="Test18" time="209.378" errors="0" timestamp="2026-02-16T05:18:20 IST">
  <testcase classname="Computhink.Script.My_Preferences_Load_more_count" name="Login_EWA" time="32.751"/>
  <testcase classname="Computhink.Script.My_Preferences_Load_more_count" name="TC_01_Verify_Load_MoreCount_On_Search" time="93.154"/>
  <testcase classname="Computhink.Script.My_Preferences_Load_more_count" name="TC_02_Verify_Load_MoreCount_On_Folder" time="0.157">
    <skipped/>
  </testcase> <!-- TC_02_Verify_Load_MoreCount_On_Folder -->
  <testcase classname="Computhink.Script.My_Preferences_Load_more_count" name="TC_02_Verify_Load_MoreCount_On_Folder" time="0.137">
    <skipped/>
  </testcase> <!-- TC_02_Verify_Load_MoreCount_On_Folder -->
  <testcase classname="Computhink.Script.My_Preferences_Load_more_count" name="TC_02_Verify_Load_MoreCount_On_Folder" time="0.173">
    <failure type="org.openqa.selenium.ElementNotInteractableException" message="element not interactable: http://10.4.10.167:8080/CVWeb/viewDocument# has no size and location
  (Session info: chrome=144.0.7559.133)
Build info: version: &amp;apos;4.17.0&amp;apos;, revision: &amp;apos;e52b1be057*&amp;apos;
System info: os.name: &amp;apos;Windows 10&amp;apos;, os.arch: &amp;apos;amd64&amp;apos;, os.version: &amp;apos;10.0&amp;apos;, java.version: &amp;apos;17.0.17&amp;apos;
Driver info: org.openqa.selenium.chrome.ChromeDriver
Command: [27be4c58b4a60eb05473690407ab791b, actions {actions=[org.openqa.selenium.interactions.Sequence@7456671]}]
Capabilities {acceptInsecureCerts: true, browserName: chrome, browserVersion: 144.0.7559.133, chrome: {chromedriverVersion: 144.0.7559.133 (7da823b1d59..., userDataDir: C:\Users\dipak.p\AppData\Lo...}, fedcm:accounts: true, goog:chromeOptions: {debuggerAddress: localhost:49180}, goog:processID: 125768, networkConnectionEnabled: false, pageLoadStrategy: normal, platformName: windows, proxy: Proxy(), se:cdp: ws://localhost:49180/devtoo..., se:cdpVersion: 144.0.7559.133, setWindowRect: true, strictFileInteractability: false, timeouts: {implicit: 0, pageLoad: 300000, script: 30000}, unhandledPromptBehavior: dismiss and notify, webauthn:extension:credBlob: true, webauthn:extension:largeBlob: true, webauthn:extension:minPinLength: true, webauthn:extension:prf: true, webauthn:virtualAuthenticators: true}
Session ID: 27be4c58b4a60eb05473690407ab791b">
      <![CDATA[org.openqa.selenium.ElementNotInteractableException: element not interactable: http://10.4.10.167:8080/CVWeb/viewDocument# has no size and location
  (Session info: chrome=144.0.7559.133)
Build info: version: '4.17.0', revision: 'e52b1be057*'
System info: os.name: 'Windows 10', os.arch: 'amd64', os.version: '10.0', java.version: '17.0.17'
Driver info: org.openqa.selenium.chrome.ChromeDriver
Command: [27be4c58b4a60eb05473690407ab791b, actions {actions=[org.openqa.selenium.interactions.Sequence@7456671]}]
Capabilities {acceptInsecureCerts: true, browserName: chrome, browserVersion: 144.0.7559.133, chrome: {chromedriverVersion: 144.0.7559.133 (7da823b1d59..., userDataDir: C:\Users\dipak.p\AppData\Lo...}, fedcm:accounts: true, goog:chromeOptions: {debuggerAddress: localhost:49180}, goog:processID: 125768, networkConnectionEnabled: false, pageLoadStrategy: normal, platformName: windows, proxy: Proxy(), se:cdp: ws://localhost:49180/devtoo..., se:cdpVersion: 144.0.7559.133, setWindowRect: true, strictFileInteractability: false, timeouts: {implicit: 0, pageLoad: 300000, script: 30000}, unhandledPromptBehavior: dismiss and notify, webauthn:extension:credBlob: true, webauthn:extension:largeBlob: true, webauthn:extension:minPinLength: true, webauthn:extension:prf: true, webauthn:virtualAuthenticators: true}
Session ID: 27be4c58b4a60eb05473690407ab791b
at org.openqa.selenium.remote.codec.w3c.W3CHttpResponseCodec.createException(W3CHttpResponseCodec.java:185)
at org.openqa.selenium.remote.codec.w3c.W3CHttpResponseCodec.decode(W3CHttpResponseCodec.java:134)
at org.openqa.selenium.remote.codec.w3c.W3CHttpResponseCodec.decode(W3CHttpResponseCodec.java:51)
at org.openqa.selenium.remote.HttpCommandExecutor.execute(HttpCommandExecutor.java:190)
at org.openqa.selenium.remote.service.DriverCommandExecutor.invokeExecute(DriverCommandExecutor.java:216)
at org.openqa.selenium.remote.service.DriverCommandExecutor.execute(DriverCommandExecutor.java:174)
at org.openqa.selenium.remote.RemoteWebDriver.execute(RemoteWebDriver.java:519)
at org.openqa.selenium.remote.RemoteWebDriver.perform(RemoteWebDriver.java:605)
at org.openqa.selenium.interactions.Actions$BuiltAction.perform(Actions.java:603)
at org.openqa.selenium.interactions.Actions.perform(Actions.java:568)
at Computhink.Generic.BaseClass.selectElement(BaseClass.java:1457)
at Computhink.Pom.My_Preferences.Verify_Load_MoreCount_On_Folder(My_Preferences.java:2857)
at Computhink.Script.My_Preferences_Load_more_count.TC_02_Verify_Load_MoreCount_On_Folder(My_Preferences_Load_more_count.java:35)
at java.base/java.util.ArrayList.forEach(ArrayList.java:1511)
... Removed 32 stack frames]]>
    </failure>
  </testcase> <!-- TC_02_Verify_Load_MoreCount_On_Folder -->
  <testcase classname="Computhink.Script.My_Preferences_Load_more_count" name="TC_03_Verify_Maximum_Load_MoreCountOn_Search" time="80.365"/>
  <testcase classname="Computhink.Script.My_Preferences_Load_more_count" name="TC_04_Verify_Maximum_Load_MoreCount_On_Folder" time="0.157">
    <skipped/>
  </testcase> <!-- TC_04_Verify_Maximum_Load_MoreCount_On_Folder -->
  <testcase classname="Computhink.Script.My_Preferences_Load_more_count" name="TC_04_Verify_Maximum_Load_MoreCount_On_Folder" time="0.18">
    <skipped/>
  </testcase> <!-- TC_04_Verify_Maximum_Load_MoreCount_On_Folder -->
  <testcase classname="Computhink.Script.My_Preferences_Load_more_count" name="TC_04_Verify_Maximum_Load_MoreCount_On_Folder" time="0.131">
    <failure type="org.openqa.selenium.ElementNotInteractableException" message="element not interactable: http://10.4.10.167:8080/CVWeb/viewDocument# has no size and location
  (Session info: chrome=144.0.7559.133)
Build info: version: &amp;apos;4.17.0&amp;apos;, revision: &amp;apos;e52b1be057*&amp;apos;
System info: os.name: &amp;apos;Windows 10&amp;apos;, os.arch: &amp;apos;amd64&amp;apos;, os.version: &amp;apos;10.0&amp;apos;, java.version: &amp;apos;17.0.17&amp;apos;
Driver info: org.openqa.selenium.chrome.ChromeDriver
Command: [27be4c58b4a60eb05473690407ab791b, actions {actions=[org.openqa.selenium.interactions.Sequence@20d14611]}]
Capabilities {acceptInsecureCerts: true, browserName: chrome, browserVersion: 144.0.7559.133, chrome: {chromedriverVersion: 144.0.7559.133 (7da823b1d59..., userDataDir: C:\Users\dipak.p\AppData\Lo...}, fedcm:accounts: true, goog:chromeOptions: {debuggerAddress: localhost:49180}, goog:processID: 125768, networkConnectionEnabled: false, pageLoadStrategy: normal, platformName: windows, proxy: Proxy(), se:cdp: ws://localhost:49180/devtoo..., se:cdpVersion: 144.0.7559.133, setWindowRect: true, strictFileInteractability: false, timeouts: {implicit: 0, pageLoad: 300000, script: 30000}, unhandledPromptBehavior: dismiss and notify, webauthn:extension:credBlob: true, webauthn:extension:largeBlob: true, webauthn:extension:minPinLength: true, webauthn:extension:prf: true, webauthn:virtualAuthenticators: true}
Session ID: 27be4c58b4a60eb05473690407ab791b">
      <![CDATA[org.openqa.selenium.ElementNotInteractableException: element not interactable: http://10.4.10.167:8080/CVWeb/viewDocument# has no size and location
  (Session info: chrome=144.0.7559.133)
Build info: version: '4.17.0', revision: 'e52b1be057*'
System info: os.name: 'Windows 10', os.arch: 'amd64', os.version: '10.0', java.version: '17.0.17'
Driver info: org.openqa.selenium.chrome.ChromeDriver
Command: [27be4c58b4a60eb05473690407ab791b, actions {actions=[org.openqa.selenium.interactions.Sequence@20d14611]}]
Capabilities {acceptInsecureCerts: true, browserName: chrome, browserVersion: 144.0.7559.133, chrome: {chromedriverVersion: 144.0.7559.133 (7da823b1d59..., userDataDir: C:\Users\dipak.p\AppData\Lo...}, fedcm:accounts: true, goog:chromeOptions: {debuggerAddress: localhost:49180}, goog:processID: 125768, networkConnectionEnabled: false, pageLoadStrategy: normal, platformName: windows, proxy: Proxy(), se:cdp: ws://localhost:49180/devtoo..., se:cdpVersion: 144.0.7559.133, setWindowRect: true, strictFileInteractability: false, timeouts: {implicit: 0, pageLoad: 300000, script: 30000}, unhandledPromptBehavior: dismiss and notify, webauthn:extension:credBlob: true, webauthn:extension:largeBlob: true, webauthn:extension:minPinLength: true, webauthn:extension:prf: true, webauthn:virtualAuthenticators: true}
Session ID: 27be4c58b4a60eb05473690407ab791b
at org.openqa.selenium.remote.codec.w3c.W3CHttpResponseCodec.createException(W3CHttpResponseCodec.java:185)
at org.openqa.selenium.remote.codec.w3c.W3CHttpResponseCodec.decode(W3CHttpResponseCodec.java:134)
at org.openqa.selenium.remote.codec.w3c.W3CHttpResponseCodec.decode(W3CHttpResponseCodec.java:51)
at org.openqa.selenium.remote.HttpCommandExecutor.execute(HttpCommandExecutor.java:190)
at org.openqa.selenium.remote.service.DriverCommandExecutor.invokeExecute(DriverCommandExecutor.java:216)
at org.openqa.selenium.remote.service.DriverCommandExecutor.execute(DriverCommandExecutor.java:174)
at org.openqa.selenium.remote.RemoteWebDriver.execute(RemoteWebDriver.java:519)
at org.openqa.selenium.remote.RemoteWebDriver.perform(RemoteWebDriver.java:605)
at org.openqa.selenium.interactions.Actions$BuiltAction.perform(Actions.java:603)
at org.openqa.selenium.interactions.Actions.perform(Actions.java:568)
at Computhink.Generic.BaseClass.selectElement(BaseClass.java:1457)
at Computhink.Pom.My_Preferences.Verify_Maximum_Load_MoreCount_On_Folder(My_Preferences.java:2946)
at Computhink.Script.My_Preferences_Load_more_count.TC_04_Verify_Maximum_Load_MoreCount_On_Folder(My_Preferences_Load_more_count.java:50)
at java.base/java.util.ArrayList.forEach(ArrayList.java:1511)
... Removed 32 stack frames]]>
    </failure>
  </testcase> <!-- TC_04_Verify_Maximum_Load_MoreCount_On_Folder -->
</testsuite> <!-- Test18 -->
