<?xml version="1.0" encoding="UTF-8"?>
<!-- Generated by org.testng.reporters.JUnitXMLReporter -->
<testsuite ignored="0" hostname="CIPLWKT010" failures="1" tests="8" name="Test22" time="424.214" errors="0" timestamp="2026-02-16T05:49:56 IST">
  <testcase classname="Computhink.Script.My_Preferences_QuickFind" name="Login_EWA" time="33.229"/>
  <testcase classname="Computhink.Script.My_Preferences_QuickFind" name="TC_01_Verify_QuickFind_DocIdSearch" time="66.991">
    <skipped/>
  </testcase> <!-- TC_01_Verify_QuickFind_DocIdSearch -->
  <testcase classname="Computhink.Script.My_Preferences_QuickFind" name="TC_01_Verify_QuickFind_DocIdSearch" time="142.651"/>
  <testcase classname="Computhink.Script.My_Preferences_QuickFind" name="TC_02_Verify_QuickFind_TextSearch" time="26.4">
    <skipped/>
  </testcase> <!-- TC_02_Verify_QuickFind_TextSearch -->
  <testcase classname="Computhink.Script.My_Preferences_QuickFind" name="TC_02_Verify_QuickFind_TextSearch" time="26.026">
    <skipped/>
  </testcase> <!-- TC_02_Verify_QuickFind_TextSearch -->
  <testcase classname="Computhink.Script.My_Preferences_QuickFind" name="TC_02_Verify_QuickFind_TextSearch" time="26.007">
    <failure type="org.openqa.selenium.ElementClickInterceptedException" message="element click intercepted: Element &amp;lt;input style=&amp;quot;margin-top: 8px; font-size: 13px; font-family: wf_segoe-ui_normal, &amp;amp;quot;Segoe UI&amp;amp;quot;, &amp;amp;quot;Segoe WP&amp;amp;quot;, Tahoma, Arial, sans-serif;&amp;quot; id=&amp;quot;search-text&amp;quot; class=&amp;quot;search-field&amp;quot; name=&amp;quot;search&amp;quot; type=&amp;quot;text&amp;quot; placeholder=&amp;quot;Search...&amp;quot;&amp;gt; is not clickable at point (521, 20). Other element would receive the click: &amp;lt;div class=&amp;quot;e-toast e-toast-success e-toast-header-icon&amp;quot; id=&amp;quot;toast_3&amp;quot; role=&amp;quot;alert&amp;quot; style=&amp;quot;width: 300px; height: auto; font-family: wf_segoe-ui_normal, &amp;amp;quot;Segoe UI&amp;amp;quot;, &amp;amp;quot;Segoe WP&amp;amp;quot;, Tahoma, Arial, sans-serif;&amp;quot;&amp;gt;...&amp;lt;/div&amp;gt;
  (Session info: chrome=144.0.7559.133)
Build info: version: &amp;apos;4.17.0&amp;apos;, revision: &amp;apos;e52b1be057*&amp;apos;
System info: os.name: &amp;apos;Windows 10&amp;apos;, os.arch: &amp;apos;amd64&amp;apos;, os.version: &amp;apos;10.0&amp;apos;, java.version: &amp;apos;17.0.17&amp;apos;
Driver info: org.openqa.selenium.chrome.ChromeDriver
Command: [c5275fc0c36f8c1fde9df393732bac87, clickElement {id=f.FD21595C88A4AB628DCFF55CAF72CE0D.d.7ECA330CC70CB32E5E4E604C1FFC764E.e.1315}]
Capabilities {acceptInsecureCerts: true, browserName: chrome, browserVersion: 144.0.7559.133, chrome: {chromedriverVersion: 144.0.7559.133 (7da823b1d59..., userDataDir: C:\Users\dipak.p\AppData\Lo...}, fedcm:accounts: true, goog:chromeOptions: {debuggerAddress: localhost:49763}, goog:processID: 132456, networkConnectionEnabled: false, pageLoadStrategy: normal, platformName: windows, proxy: Proxy(), se:cdp: ws://localhost:49763/devtoo..., se:cdpVersion: 144.0.7559.133, setWindowRect: true, strictFileInteractability: false, timeouts: {implicit: 0, pageLoad: 300000, script: 30000}, unhandledPromptBehavior: dismiss and notify, webauthn:extension:credBlob: true, webauthn:extension:largeBlob: true, webauthn:extension:minPinLength: true, webauthn:extension:prf: true, webauthn:virtualAuthenticators: true}
Element: [[ChromeDriver: chrome on windows (c5275fc0c36f8c1fde9df393732bac87)] -&amp;gt; xpath: //input[@id=&amp;apos;search-text&amp;apos;]]
Session ID: c5275fc0c36f8c1fde9df393732bac87">
      <![CDATA[org.openqa.selenium.ElementClickInterceptedException: element click intercepted: Element <input style="margin-top: 8px; font-size: 13px; font-family: wf_segoe-ui_normal, &quot;Segoe UI&quot;, &quot;Segoe WP&quot;, Tahoma, Arial, sans-serif;" id="search-text" class="search-field" name="search" type="text" placeholder="Search..."> is not clickable at point (521, 20). Other element would receive the click: <div class="e-toast e-toast-success e-toast-header-icon" id="toast_3" role="alert" style="width: 300px; height: auto; font-family: wf_segoe-ui_normal, &quot;Segoe UI&quot;, &quot;Segoe WP&quot;, Tahoma, Arial, sans-serif;">...</div>
  (Session info: chrome=144.0.7559.133)
Build info: version: '4.17.0', revision: 'e52b1be057*'
System info: os.name: 'Windows 10', os.arch: 'amd64', os.version: '10.0', java.version: '17.0.17'
Driver info: org.openqa.selenium.chrome.ChromeDriver
Command: [c5275fc0c36f8c1fde9df393732bac87, clickElement {id=f.FD21595C88A4AB628DCFF55CAF72CE0D.d.7ECA330CC70CB32E5E4E604C1FFC764E.e.1315}]
Capabilities {acceptInsecureCerts: true, browserName: chrome, browserVersion: 144.0.7559.133, chrome: {chromedriverVersion: 144.0.7559.133 (7da823b1d59..., userDataDir: C:\Users\dipak.p\AppData\Lo...}, fedcm:accounts: true, goog:chromeOptions: {debuggerAddress: localhost:49763}, goog:processID: 132456, networkConnectionEnabled: false, pageLoadStrategy: normal, platformName: windows, proxy: Proxy(), se:cdp: ws://localhost:49763/devtoo..., se:cdpVersion: 144.0.7559.133, setWindowRect: true, strictFileInteractability: false, timeouts: {implicit: 0, pageLoad: 300000, script: 30000}, unhandledPromptBehavior: dismiss and notify, webauthn:extension:credBlob: true, webauthn:extension:largeBlob: true, webauthn:extension:minPinLength: true, webauthn:extension:prf: true, webauthn:virtualAuthenticators: true}
Element: [[ChromeDriver: chrome on windows (c5275fc0c36f8c1fde9df393732bac87)] -> xpath: //input[@id='search-text']]
Session ID: c5275fc0c36f8c1fde9df393732bac87
at org.openqa.selenium.remote.codec.w3c.W3CHttpResponseCodec.createException(W3CHttpResponseCodec.java:185)
at org.openqa.selenium.remote.codec.w3c.W3CHttpResponseCodec.decode(W3CHttpResponseCodec.java:134)
at org.openqa.selenium.remote.codec.w3c.W3CHttpResponseCodec.decode(W3CHttpResponseCodec.java:51)
at org.openqa.selenium.remote.HttpCommandExecutor.execute(HttpCommandExecutor.java:190)
at org.openqa.selenium.remote.service.DriverCommandExecutor.invokeExecute(DriverCommandExecutor.java:216)
at org.openqa.selenium.remote.service.DriverCommandExecutor.execute(DriverCommandExecutor.java:174)
at org.openqa.selenium.remote.RemoteWebDriver.execute(RemoteWebDriver.java:519)
at org.openqa.selenium.remote.RemoteWebElement.execute(RemoteWebElement.java:223)
at org.openqa.selenium.remote.RemoteWebElement.click(RemoteWebElement.java:76)
at org.openqa.selenium.support.pagefactory.internal.LocatingElementHandler.invoke(LocatingElementHandler.java:51)
at jdk.proxy2/jdk.proxy2.$Proxy17.click(Unknown Source)
at Computhink.Pom.My_Preferences.getEnter_Text_InSearch(My_Preferences.java:884)
at Computhink.Pom.My_Preferences.Verify_QuickFind_TextSearch(My_Preferences.java:3677)
at Computhink.Script.My_Preferences_QuickFind.TC_02_Verify_QuickFind_TextSearch(My_Preferences_QuickFind.java:35)
at java.base/java.util.ArrayList.forEach(ArrayList.java:1511)
... Removed 36 stack frames]]>
    </failure>
  </testcase> <!-- TC_02_Verify_QuickFind_TextSearch -->
  <testcase classname="Computhink.Script.My_Preferences_QuickFind" name="TC_03_Verify_QuickFind_IndexSearch" time="43.414"/>
  <testcase classname="Computhink.Script.My_Preferences_QuickFind" name="TC_04_Verify_QuickFind_BothSearch" time="57.735"/>
</testsuite> <!-- Test22 -->
