<!DOCTYPE html PUBLIC "-//W3C//DTD XHTML 1.1//EN" "https://www.w3.org/TR/xhtml11/DTD/xhtml11.dtd">
<html xmlns="https://www.w3.org/1999/xhtml">
<head>
<meta http-equiv="content-type" content="text/html; charset=UTF-8"/>
<title>TestNG Report</title>
<style type="text/css">table {margin-bottom:10px;border-collapse:collapse;empty-cells:show}th,td {border:1px solid #009;padding:.25em .5em}th {vertical-align:bottom}td {vertical-align:top}table a {font-weight:bold}.stripe td {background-color: #E6EBF9}.num {text-align:right}.passedodd td {background-color: #3F3}.passedeven td {background-color: #0A0}.skippedodd td {background-color: #DDD}.skippedeven td {background-color: #CCC}.failedodd td,.attn {background-color: #F33}.failedeven td,.stripe .attn {background-color: #D00}.stacktrace {white-space:pre;font-family:monospace}.totop {font-size:85%;text-align:center;border-bottom:2px solid #000}.invisible {display:none}</style>
</head>
<body>
<table>
<tr><th>Test</th><th># Passed</th><th># Skipped</th><th># Retried</th><th># Failed</th><th>Time (ms)</th><th>Included Groups</th><th>Excluded Groups</th></tr>
<tr><th colspan="8">Default suite</th></tr>
<tr><td><a href="#t0">Default test</a></td><td class="num">6</td><td class="num">0</td><td class="num">0</td><td class="num attn">2</td><td class="num">988,426</td><td></td><td></td></tr>
</table>
<table id='summary'><thead><tr><th>Class</th><th>Method</th><th>Start</th><th>Time (ms)</th></tr></thead><tbody><tr><th colspan="4">Default suite</th></tr></tbody><tbody id="t0"><tr><th colspan="4">Default test &#8212; failed</th></tr><tr class="failedeven"><td rowspan="2">Computhink.Script.Document_Version_Test</td><td><a href="#m0">TC_02_Upload_and_Save_New_page_and_Verify_Version_with_New_Comments</a></td><td rowspan="1">1768962216559</td><td rowspan="1">103954</td></tr><tr class="failedeven"><td><a href="#m1">TC_05_Add_Annotation</a></td><td rowspan="1">1768962470498</td><td rowspan="1">215423</td></tr><tr><th colspan="4">Default test &#8212; passed</th></tr><tr class="passedeven"><td rowspan="6">Computhink.Script.Document_Version_Test</td><td><a href="#m2">Login_EWA</a></td><td rowspan="1">1768961859889</td><td rowspan="1">85035</td></tr><tr class="passedeven"><td><a href="#m3">TC_01_Create_Document_and_Verify_Document_Versions</a></td><td rowspan="1">1768961944929</td><td rowspan="1">271629</td></tr><tr class="passedeven"><td><a href="#m4">TC_03_Delete_Page_and_Verify_Version</a></td><td rowspan="1">1768962320516</td><td rowspan="1">87279</td></tr><tr class="passedeven"><td><a href="#m5">TC_04_Verify_Delete_All_versions_and_FullScreen_Option</a></td><td rowspan="1">1768962407800</td><td rowspan="1">62694</td></tr><tr class="passedeven"><td><a href="#m6">TC_06_Set_active_version</a></td><td rowspan="1">1768962685923</td><td rowspan="1">29148</td></tr><tr class="passedeven"><td><a href="#m7">TC_07_Update_Document_Properties</a></td><td rowspan="1">1768962715074</td><td rowspan="1">119232</td></tr></tbody>
</table>
<h2>Default test</h2><h3 id="m0">Computhink.Script.Document_Version_Test#TC_02_Upload_and_Save_New_page_and_Verify_Version_with_New_Comments</h3><table class="result"><tr><th>Messages</th></tr><tr><td><div class="messages">Test Scenario 2 : Upload and Save New page and Verifying Version with new Comments <br/>Click on Version Option<br/>Click on Floating button<br/>Click on Upload Fab button<br/>By using AutoIT add file from external folder<br/>Click on Save Fab button<br/>Click on Save button<br/>Click on Version Option</div></td></tr><tr><th>Exception</th></tr><tr><td><div class="stacktrace">org.openqa.selenium.NoSuchElementException: no such element: Unable to locate element: {&quot;method&quot;:&quot;xpath&quot;,&quot;selector&quot;:&quot;//*[@id=&quot;versionRow_2.0&quot;]/td[1]/input&quot;}
  (Session info: chrome=144.0.7559.59)
For documentation on this error, please visit: https://www.selenium.dev/documentation/webdriver/troubleshooting/errors#no-such-element-exception
Build info: version: &apos;4.17.0&apos;, revision: &apos;e52b1be057*&apos;
System info: os.name: &apos;Windows 10&apos;, os.arch: &apos;amd64&apos;, os.version: &apos;10.0&apos;, java.version: &apos;17.0.7&apos;
Driver info: org.openqa.selenium.chrome.ChromeDriver
Command: [6ff7b83ea2615ad0a875f35e25db8718, findElement {using=xpath, value=//*[@id=&quot;versionRow_2.0&quot;]/td[1]/input}]
Capabilities {acceptInsecureCerts: false, browserName: chrome, browserVersion: 144.0.7559.59, chrome: {chromedriverVersion: 144.0.7559.31 (18537d992890..., userDataDir: C:\Users\dipak.p\AppData\Lo...}, fedcm:accounts: true, goog:chromeOptions: {debuggerAddress: localhost:59742}, goog:processID: 23724, networkConnectionEnabled: false, pageLoadStrategy: normal, platformName: windows, proxy: Proxy(), se:cdp: ws://localhost:59742/devtoo..., se:cdpVersion: 144.0.7559.59, setWindowRect: true, strictFileInteractability: false, timeouts: {implicit: 0, pageLoad: 300000, script: 30000}, unhandledPromptBehavior: dismiss and notify, webauthn:extension:credBlob: true, webauthn:extension:largeBlob: true, webauthn:extension:minPinLength: true, webauthn:extension:prf: true, webauthn:virtualAuthenticators: true}
Session ID: 6ff7b83ea2615ad0a875f35e25db8718
	at java.base/jdk.internal.reflect.NativeConstructorAccessorImpl.newInstance0(Native Method)
	at java.base/jdk.internal.reflect.NativeConstructorAccessorImpl.newInstance(NativeConstructorAccessorImpl.java:77)
	at java.base/jdk.internal.reflect.DelegatingConstructorAccessorImpl.newInstance(DelegatingConstructorAccessorImpl.java:45)
	at java.base/java.lang.reflect.Constructor.newInstanceWithCaller(Constructor.java:499)
	at java.base/java.lang.reflect.Constructor.newInstance(Constructor.java:480)
	at org.openqa.selenium.remote.codec.w3c.W3CHttpResponseCodec.createException(W3CHttpResponseCodec.java:185)
	at org.openqa.selenium.remote.codec.w3c.W3CHttpResponseCodec.decode(W3CHttpResponseCodec.java:134)
	at org.openqa.selenium.remote.codec.w3c.W3CHttpResponseCodec.decode(W3CHttpResponseCodec.java:51)
	at org.openqa.selenium.remote.HttpCommandExecutor.execute(HttpCommandExecutor.java:190)
	at org.openqa.selenium.remote.service.DriverCommandExecutor.invokeExecute(DriverCommandExecutor.java:216)
	at org.openqa.selenium.remote.service.DriverCommandExecutor.execute(DriverCommandExecutor.java:174)
	at org.openqa.selenium.remote.RemoteWebDriver.execute(RemoteWebDriver.java:519)
	at org.openqa.selenium.remote.ElementLocation$ElementFinder$2.findElement(ElementLocation.java:165)
	at org.openqa.selenium.remote.ElementLocation.findElement(ElementLocation.java:59)
	at org.openqa.selenium.remote.RemoteWebDriver.findElement(RemoteWebDriver.java:356)
	at org.openqa.selenium.remote.RemoteWebDriver.findElement(RemoteWebDriver.java:350)
	at org.openqa.selenium.support.pagefactory.DefaultElementLocator.findElement(DefaultElementLocator.java:68)
	at org.openqa.selenium.support.pagefactory.internal.LocatingElementHandler.invoke(LocatingElementHandler.java:38)
	at jdk.proxy2/jdk.proxy2.$Proxy12.getWrappedElement(Unknown Source)
	at org.openqa.selenium.remote.internal.WebElementToJsonConverter.apply(WebElementToJsonConverter.java:50)
	at java.base/java.util.stream.ReferencePipeline$3$1.accept(ReferencePipeline.java:197)
	at java.base/java.util.Spliterators$ArraySpliterator.forEachRemaining(Spliterators.java:992)
	at java.base/java.util.stream.AbstractPipeline.copyInto(AbstractPipeline.java:509)
	at java.base/java.util.stream.AbstractPipeline.wrapAndCopyInto(AbstractPipeline.java:499)
	at java.base/java.util.stream.ReduceOps$ReduceOp.evaluateSequential(ReduceOps.java:921)
	at java.base/java.util.stream.AbstractPipeline.evaluate(AbstractPipeline.java:234)
	at java.base/java.util.stream.ReferencePipeline.collect(ReferencePipeline.java:682)
	at org.openqa.selenium.remote.RemoteWebDriver.executeScript(RemoteWebDriver.java:462)
	at Computhink.Generic.BaseClass.jsclick(BaseClass.java:1469)
	at Computhink.Pom.Document_Version.getVerify_secondVersion(Document_Version.java:92)
	at Computhink.Pom.Document_Version.Add_Page_with_Comment(Document_Version.java:475)
	at Computhink.Script.Document_Version_Test.TC_02_Upload_and_Save_New_page_and_Verify_Version_with_New_Comments(Document_Version_Test.java:41)
	at java.base/jdk.internal.reflect.NativeMethodAccessorImpl.invoke0(Native Method)
	at java.base/jdk.internal.reflect.NativeMethodAccessorImpl.invoke(NativeMethodAccessorImpl.java:77)
	at java.base/jdk.internal.reflect.DelegatingMethodAccessorImpl.invoke(DelegatingMethodAccessorImpl.java:43)
	at java.base/java.lang.reflect.Method.invoke(Method.java:568)
	at org.testng.internal.MethodInvocationHelper.invokeMethod(MethodInvocationHelper.java:133)
	at org.testng.internal.TestInvoker.invokeMethod(TestInvoker.java:598)
	at org.testng.internal.TestInvoker.invokeTestMethod(TestInvoker.java:173)
	at org.testng.internal.MethodRunner.runInSequence(MethodRunner.java:46)
	at org.testng.internal.TestInvoker$MethodInvocationAgent.invoke(TestInvoker.java:824)
	at org.testng.internal.TestInvoker.invokeTestMethods(TestInvoker.java:146)
	at org.testng.internal.TestMethodWorker.invokeTestMethods(TestMethodWorker.java:146)
	at org.testng.internal.TestMethodWorker.run(TestMethodWorker.java:128)
	at java.base/java.util.ArrayList.forEach(ArrayList.java:1511)
	at org.testng.TestRunner.privateRun(TestRunner.java:794)
	at org.testng.TestRunner.run(TestRunner.java:596)
	at org.testng.SuiteRunner.runTest(SuiteRunner.java:377)
	at org.testng.SuiteRunner.runSequentially(SuiteRunner.java:371)
	at org.testng.SuiteRunner.privateRun(SuiteRunner.java:332)
	at org.testng.SuiteRunner.run(SuiteRunner.java:276)
	at org.testng.SuiteRunnerWorker.runSuite(SuiteRunnerWorker.java:53)
	at org.testng.SuiteRunnerWorker.run(SuiteRunnerWorker.java:96)
	at org.testng.TestNG.runSuitesSequentially(TestNG.java:1212)
	at org.testng.TestNG.runSuitesLocally(TestNG.java:1134)
	at org.testng.TestNG.runSuites(TestNG.java:1063)
	at org.testng.TestNG.run(TestNG.java:1031)
	at org.testng.remote.AbstractRemoteTestNG.run(AbstractRemoteTestNG.java:115)
	at org.testng.remote.RemoteTestNG.initAndRun(RemoteTestNG.java:293)
	at org.testng.remote.RemoteTestNG.main(RemoteTestNG.java:91)
</div></td></tr></table><p class="totop"><a href="#summary">back to summary</a></p>
<h3 id="m1">Computhink.Script.Document_Version_Test#TC_05_Add_Annotation</h3><table class="result"><tr><th>Messages</th></tr><tr><td><div class="messages">Test Scenario 5 : Verifying set Active version <br/>click on Refresh button <br/>Click on Setting Icon<br/>Click on My preferences option<br/>Select Pdf document and set Default view Option<br/>Click on Apply button<br/>Expand a Cabinet<br/>Expand a Drawer<br/>open document from Document List<br/>Click on Floating button<br/>By using AutoIT add file from external folder<br/>Click on Floating button<br/>Click on Save button<br/>Click on Ok button<br/>Click on Version Option</div></td></tr><tr><th>Exception</th></tr><tr><td><div class="stacktrace">org.openqa.selenium.ElementNotInteractableException: element not interactable: [object HTMLSpanElement] has no size and location
  (Session info: chrome=144.0.7559.59)
Build info: version: &apos;4.17.0&apos;, revision: &apos;e52b1be057*&apos;
System info: os.name: &apos;Windows 10&apos;, os.arch: &apos;amd64&apos;, os.version: &apos;10.0&apos;, java.version: &apos;17.0.7&apos;
Driver info: org.openqa.selenium.chrome.ChromeDriver
Command: [6ff7b83ea2615ad0a875f35e25db8718, actions {actions=[org.openqa.selenium.interactions.Sequence@305b43ca]}]
Capabilities {acceptInsecureCerts: false, browserName: chrome, browserVersion: 144.0.7559.59, chrome: {chromedriverVersion: 144.0.7559.31 (18537d992890..., userDataDir: C:\Users\dipak.p\AppData\Lo...}, fedcm:accounts: true, goog:chromeOptions: {debuggerAddress: localhost:59742}, goog:processID: 23724, networkConnectionEnabled: false, pageLoadStrategy: normal, platformName: windows, proxy: Proxy(), se:cdp: ws://localhost:59742/devtoo..., se:cdpVersion: 144.0.7559.59, setWindowRect: true, strictFileInteractability: false, timeouts: {implicit: 0, pageLoad: 300000, script: 30000}, unhandledPromptBehavior: dismiss and notify, webauthn:extension:credBlob: true, webauthn:extension:largeBlob: true, webauthn:extension:minPinLength: true, webauthn:extension:prf: true, webauthn:virtualAuthenticators: true}
Session ID: 6ff7b83ea2615ad0a875f35e25db8718
	at java.base/jdk.internal.reflect.NativeConstructorAccessorImpl.newInstance0(Native Method)
	at java.base/jdk.internal.reflect.NativeConstructorAccessorImpl.newInstance(NativeConstructorAccessorImpl.java:77)
	at java.base/jdk.internal.reflect.DelegatingConstructorAccessorImpl.newInstance(DelegatingConstructorAccessorImpl.java:45)
	at java.base/java.lang.reflect.Constructor.newInstanceWithCaller(Constructor.java:499)
	at java.base/java.lang.reflect.Constructor.newInstance(Constructor.java:480)
	at org.openqa.selenium.remote.codec.w3c.W3CHttpResponseCodec.createException(W3CHttpResponseCodec.java:185)
	at org.openqa.selenium.remote.codec.w3c.W3CHttpResponseCodec.decode(W3CHttpResponseCodec.java:134)
	at org.openqa.selenium.remote.codec.w3c.W3CHttpResponseCodec.decode(W3CHttpResponseCodec.java:51)
	at org.openqa.selenium.remote.HttpCommandExecutor.execute(HttpCommandExecutor.java:190)
	at org.openqa.selenium.remote.service.DriverCommandExecutor.invokeExecute(DriverCommandExecutor.java:216)
	at org.openqa.selenium.remote.service.DriverCommandExecutor.execute(DriverCommandExecutor.java:174)
	at org.openqa.selenium.remote.RemoteWebDriver.execute(RemoteWebDriver.java:519)
	at org.openqa.selenium.remote.RemoteWebDriver.perform(RemoteWebDriver.java:605)
	at org.openqa.selenium.interactions.Actions$BuiltAction.perform(Actions.java:603)
	at Computhink.Generic.BaseClass.movingclkElement(BaseClass.java:1389)
	at Computhink.Pom.Document_Version.Add_Annotations(Document_Version.java:619)
	at Computhink.Script.Document_Version_Test.TC_05_Add_Annotation(Document_Version_Test.java:62)
	at java.base/jdk.internal.reflect.NativeMethodAccessorImpl.invoke0(Native Method)
	at java.base/jdk.internal.reflect.NativeMethodAccessorImpl.invoke(NativeMethodAccessorImpl.java:77)
	at java.base/jdk.internal.reflect.DelegatingMethodAccessorImpl.invoke(DelegatingMethodAccessorImpl.java:43)
	at java.base/java.lang.reflect.Method.invoke(Method.java:568)
	at org.testng.internal.MethodInvocationHelper.invokeMethod(MethodInvocationHelper.java:133)
	at org.testng.internal.TestInvoker.invokeMethod(TestInvoker.java:598)
	at org.testng.internal.TestInvoker.invokeTestMethod(TestInvoker.java:173)
	at org.testng.internal.MethodRunner.runInSequence(MethodRunner.java:46)
	at org.testng.internal.TestInvoker$MethodInvocationAgent.invoke(TestInvoker.java:824)
	at org.testng.internal.TestInvoker.invokeTestMethods(TestInvoker.java:146)
	at org.testng.internal.TestMethodWorker.invokeTestMethods(TestMethodWorker.java:146)
	at org.testng.internal.TestMethodWorker.run(TestMethodWorker.java:128)
	at java.base/java.util.ArrayList.forEach(ArrayList.java:1511)
	at org.testng.TestRunner.privateRun(TestRunner.java:794)
	at org.testng.TestRunner.run(TestRunner.java:596)
	at org.testng.SuiteRunner.runTest(SuiteRunner.java:377)
	at org.testng.SuiteRunner.runSequentially(SuiteRunner.java:371)
	at org.testng.SuiteRunner.privateRun(SuiteRunner.java:332)
	at org.testng.SuiteRunner.run(SuiteRunner.java:276)
	at org.testng.SuiteRunnerWorker.runSuite(SuiteRunnerWorker.java:53)
	at org.testng.SuiteRunnerWorker.run(SuiteRunnerWorker.java:96)
	at org.testng.TestNG.runSuitesSequentially(TestNG.java:1212)
	at org.testng.TestNG.runSuitesLocally(TestNG.java:1134)
	at org.testng.TestNG.runSuites(TestNG.java:1063)
	at org.testng.TestNG.run(TestNG.java:1031)
	at org.testng.remote.AbstractRemoteTestNG.run(AbstractRemoteTestNG.java:115)
	at org.testng.remote.RemoteTestNG.initAndRun(RemoteTestNG.java:293)
	at org.testng.remote.RemoteTestNG.main(RemoteTestNG.java:91)
</div></td></tr></table><p class="totop"><a href="#summary">back to summary</a></p>
<h3 id="m2">Computhink.Script.Document_Version_Test#Login_EWA</h3><table class="result"><tr><th>Messages</th></tr><tr><td><div class="messages">Scenario 01: Log into a EWA<br/>Enter valid user name into username field<br/>UserName Details: Dipak<br/>Enter valid password into password field<br/>Select a Room<br/>Selected Room name: demoserver.demoroom<br/>Captcha is not present, proceeding with login.<br/>Click Login button<br/>Session for user is already active. Do you want to create a new session? Dialog box displayed. User clicks OK button.<br/>Session message did not appear. Proceeding with login.<br/>User has logged in successfully</div></td></tr></table><p class="totop"><a href="#summary">back to summary</a></p>
<h3 id="m3">Computhink.Script.Document_Version_Test#TC_01_Create_Document_and_Verify_Document_Versions</h3><table class="result"><tr><th>Messages</th></tr><tr><td><div class="messages">Test Scenario 1 : Create New Document and Verifying Document Versions <br/>Scenario 01: Log into a EWA<br/>Enter valid user name into username field<br/>Click on New Document Tab<br/>Click on Destination Folder Textbox<br/>Expand a Cabinet<br/>Expand a Drawer<br/>select a Folder<br/>Click on Ok button<br/>Select Document type dropdown<br/>Enter value into Report Name field<br/>Browse Document Page<br/>By using AutoIT add file from external folder<br/>PDF Page is uploaded successfully<br/>Click on Create button<br/>Click on View document option<br/>PDF is created successfully<br/>Click on Version Option<br/>Select First Version<br/>1.0 this V/R should show<br/>Verified Current Document Version Successfully</div></td></tr></table><p class="totop"><a href="#summary">back to summary</a></p>
<h3 id="m4">Computhink.Script.Document_Version_Test#TC_03_Delete_Page_and_Verify_Version</h3><table class="result"><tr><th>Messages</th></tr><tr><td><div class="messages">Test Scenario 3 : Delete Page and Verifying Version <br/>Check Thumbnail page<br/>Click on Delete Fab button<br/>Click on Yes button<br/>Click on Ok button<br/>Click on Save Fab button<br/>Click on Ok button<br/>Click on Version Option<br/>Document Page delete and Verified versions</div></td></tr></table><p class="totop"><a href="#summary">back to summary</a></p>
<h3 id="m5">Computhink.Script.Document_Version_Test#TC_04_Verify_Delete_All_versions_and_FullScreen_Option</h3><table class="result"><tr><th>Messages</th></tr><tr><td><div class="messages">Test Scenario 4 : Verifying Delete All versions and Full Screen Option <br/>Click on All Version<br/>Click on Ok button<br/>Click on Version Option<br/>Click on Full Screen Fab button<br/>Click on the Close button<br/>Verified Delete All versions and Full screen Document from Floating button</div></td></tr></table><p class="totop"><a href="#summary">back to summary</a></p>
<h3 id="m6">Computhink.Script.Document_Version_Test#TC_06_Set_active_version</h3><table class="result"><tr><th>Messages</th></tr><tr><td><div class="messages">Test Scenario 6 : Verifying set Active version <br/>Scenario 01: Log into a EWA<br/>Enter valid user name into username field<br/>select version to set active version<br/>Click on Set active Version button<br/>Click on Version Option<br/>Active version set and verified successfully</div></td></tr></table><p class="totop"><a href="#summary">back to summary</a></p>
<h3 id="m7">Computhink.Script.Document_Version_Test#TC_07_Update_Document_Properties</h3><table class="result"><tr><th>Messages</th></tr><tr><td><div class="messages">Test Scenario 7 : Update document properties <br/>Click on Update button<br/>Clear Report Name value from Reportname field<br/>Update Report Name value <br/>Click on Update Save button<br/>Click on Ok button<br/>Click on Close button<br/>verified and updated Document properties<br/>Click on Refresh button</div></td></tr></table><p class="totop"><a href="#summary">back to summary</a></p>
</body>
</html>
