<?xml version="1.0" encoding="UTF-8"?>
<testng-results ignored="0" total="8" passed="6" failed="2" skipped="0">
  <reporter-output>
    <line>
      <![CDATA[Chrome driver launched successfull]]>
    </line>
    <line>
      <![CDATA[Launched Contentverse URL Details: http://10.4.10.119:8080/CVWeb/cvLgn]]>
    </line>
    <line>
      <![CDATA[No error message found]]>
    </line>
    <line>
      <![CDATA[Page title name: Contentverse]]>
    </line>
    <line>
      <![CDATA[EWA URL launched successfull]]>
    </line>
    <line>
      <![CDATA[CVS URL started Successfully]]>
    </line>
    <line>
      <![CDATA[Scenario 01: Log into a EWA]]>
    </line>
    <line>
      <![CDATA[Enter valid user name into username field]]>
    </line>
    <line>
      <![CDATA[UserName Details: Dipak]]>
    </line>
    <line>
      <![CDATA[Enter valid password into password field]]>
    </line>
    <line>
      <![CDATA[Select a Room]]>
    </line>
    <line>
      <![CDATA[Selected Room name: demoserver.demoroom]]>
    </line>
    <line>
      <![CDATA[Captcha is not present, proceeding with login.]]>
    </line>
    <line>
      <![CDATA[Click Login button]]>
    </line>
    <line>
      <![CDATA[Session for user is already active. Do you want to create a new session? Dialog box displayed. User clicks OK button.]]>
    </line>
    <line>
      <![CDATA[Session message did not appear. Proceeding with login.]]>
    </line>
    <line>
      <![CDATA[User has logged in successfully]]>
    </line>
    <line>
      <![CDATA[Test Scenario 1 : Create New Document and Verifying Document Versions ]]>
    </line>
    <line>
      <![CDATA[Scenario 01: Log into a EWA]]>
    </line>
    <line>
      <![CDATA[Enter valid user name into username field]]>
    </line>
    <line>
      <![CDATA[Click on New Document Tab]]>
    </line>
    <line>
      <![CDATA[Click on Destination Folder Textbox]]>
    </line>
    <line>
      <![CDATA[Expand a Cabinet]]>
    </line>
    <line>
      <![CDATA[Expand a Drawer]]>
    </line>
    <line>
      <![CDATA[select a Folder]]>
    </line>
    <line>
      <![CDATA[Click on Ok button]]>
    </line>
    <line>
      <![CDATA[Select Document type dropdown]]>
    </line>
    <line>
      <![CDATA[Enter value into Report Name field]]>
    </line>
    <line>
      <![CDATA[Browse Document Page]]>
    </line>
    <line>
      <![CDATA[By using AutoIT add file from external folder]]>
    </line>
    <line>
      <![CDATA[PDF Page is uploaded successfully]]>
    </line>
    <line>
      <![CDATA[Click on Create button]]>
    </line>
    <line>
      <![CDATA[Click on View document option]]>
    </line>
    <line>
      <![CDATA[PDF is created successfully]]>
    </line>
    <line>
      <![CDATA[Click on Version Option]]>
    </line>
    <line>
      <![CDATA[Select First Version]]>
    </line>
    <line>
      <![CDATA[1.0 this V/R should show]]>
    </line>
    <line>
      <![CDATA[Verified Current Document Version Successfully]]>
    </line>
    <line>
      <![CDATA[Test Scenario 2 : Upload and Save New page and Verifying Version with new Comments ]]>
    </line>
    <line>
      <![CDATA[Click on Version Option]]>
    </line>
    <line>
      <![CDATA[Click on Floating button]]>
    </line>
    <line>
      <![CDATA[Click on Upload Fab button]]>
    </line>
    <line>
      <![CDATA[By using AutoIT add file from external folder]]>
    </line>
    <line>
      <![CDATA[Click on Save Fab button]]>
    </line>
    <line>
      <![CDATA[Click on Save button]]>
    </line>
    <line>
      <![CDATA[Click on Version Option]]>
    </line>
    <line>
      <![CDATA[Test Scenario 3 : Delete Page and Verifying Version ]]>
    </line>
    <line>
      <![CDATA[Check Thumbnail page]]>
    </line>
    <line>
      <![CDATA[Click on Delete Fab button]]>
    </line>
    <line>
      <![CDATA[Click on Yes button]]>
    </line>
    <line>
      <![CDATA[Click on Ok button]]>
    </line>
    <line>
      <![CDATA[Click on Save Fab button]]>
    </line>
    <line>
      <![CDATA[Click on Ok button]]>
    </line>
    <line>
      <![CDATA[Click on Version Option]]>
    </line>
    <line>
      <![CDATA[Document Page delete and Verified versions]]>
    </line>
    <line>
      <![CDATA[Test Scenario 4 : Verifying Delete All versions and Full Screen Option ]]>
    </line>
    <line>
      <![CDATA[Click on All Version]]>
    </line>
    <line>
      <![CDATA[Click on Ok button]]>
    </line>
    <line>
      <![CDATA[Click on Version Option]]>
    </line>
    <line>
      <![CDATA[Click on Full Screen Fab button]]>
    </line>
    <line>
      <![CDATA[Click on the Close button]]>
    </line>
    <line>
      <![CDATA[Verified Delete All versions and Full screen Document from Floating button]]>
    </line>
    <line>
      <![CDATA[Test Scenario 5 : Verifying set Active version ]]>
    </line>
    <line>
      <![CDATA[click on Refresh button ]]>
    </line>
    <line>
      <![CDATA[Click on Setting Icon]]>
    </line>
    <line>
      <![CDATA[Click on My preferences option]]>
    </line>
    <line>
      <![CDATA[Select Pdf document and set Default view Option]]>
    </line>
    <line>
      <![CDATA[Click on Apply button]]>
    </line>
    <line>
      <![CDATA[Expand a Cabinet]]>
    </line>
    <line>
      <![CDATA[Expand a Drawer]]>
    </line>
    <line>
      <![CDATA[open document from Document List]]>
    </line>
    <line>
      <![CDATA[Click on Floating button]]>
    </line>
    <line>
      <![CDATA[By using AutoIT add file from external folder]]>
    </line>
    <line>
      <![CDATA[Click on Floating button]]>
    </line>
    <line>
      <![CDATA[Click on Save button]]>
    </line>
    <line>
      <![CDATA[Click on Ok button]]>
    </line>
    <line>
      <![CDATA[Click on Version Option]]>
    </line>
    <line>
      <![CDATA[Test Scenario 6 : Verifying set Active version ]]>
    </line>
    <line>
      <![CDATA[Scenario 01: Log into a EWA]]>
    </line>
    <line>
      <![CDATA[Enter valid user name into username field]]>
    </line>
    <line>
      <![CDATA[select version to set active version]]>
    </line>
    <line>
      <![CDATA[Click on Set active Version button]]>
    </line>
    <line>
      <![CDATA[Click on Version Option]]>
    </line>
    <line>
      <![CDATA[Active version set and verified successfully]]>
    </line>
    <line>
      <![CDATA[Test Scenario 7 : Update document properties ]]>
    </line>
    <line>
      <![CDATA[Click on Update button]]>
    </line>
    <line>
      <![CDATA[Clear Report Name value from Reportname field]]>
    </line>
    <line>
      <![CDATA[Update Report Name value ]]>
    </line>
    <line>
      <![CDATA[Click on Update Save button]]>
    </line>
    <line>
      <![CDATA[Click on Ok button]]>
    </line>
    <line>
      <![CDATA[Click on Close button]]>
    </line>
    <line>
      <![CDATA[verified and updated Document properties]]>
    </line>
    <line>
      <![CDATA[Click on Refresh button]]>
    </line>
  </reporter-output>
  <suite started-at="2026-01-21T07:47:25 IST" name="Default suite" finished-at="2026-01-21T08:03:54 IST" duration-ms="988426">
    <groups>
    </groups>
    <test started-at="2026-01-21T07:47:25 IST" name="Default test" finished-at="2026-01-21T08:03:54 IST" duration-ms="988426">
      <class name="Computhink.Script.Document_Version_Test">
        <test-method is-config="true" signature="Launch_Browser()[pri:0, instance:Computhink.Script.Document_Version_Test@d737b89]" started-at="2026-01-21T07:47:25 IST" name="Launch_Browser" finished-at="2026-01-21T07:47:39 IST" duration-ms="13979" status="PASS">
          <reporter-output>
            <line>
              <![CDATA[Chrome driver launched successfull]]>
            </line>
            <line>
              <![CDATA[Launched Contentverse URL Details: http://10.4.10.119:8080/CVWeb/cvLgn]]>
            </line>
            <line>
              <![CDATA[No error message found]]>
            </line>
            <line>
              <![CDATA[Page title name: Contentverse]]>
            </line>
            <line>
              <![CDATA[EWA URL launched successfull]]>
            </line>
            <line>
              <![CDATA[CVS URL started Successfully]]>
            </line>
          </reporter-output>
        </test-method> <!-- Launch_Browser -->
        <test-method signature="Login_EWA()[pri:0, instance:Computhink.Script.Document_Version_Test@d737b89]" started-at="2026-01-21T07:47:39 IST" name="Login_EWA" finished-at="2026-01-21T07:49:04 IST" duration-ms="85035" status="PASS">
          <reporter-output>
            <line>
              <![CDATA[Scenario 01: Log into a EWA]]>
            </line>
            <line>
              <![CDATA[Enter valid user name into username field]]>
            </line>
            <line>
              <![CDATA[UserName Details: Dipak]]>
            </line>
            <line>
              <![CDATA[Enter valid password into password field]]>
            </line>
            <line>
              <![CDATA[Select a Room]]>
            </line>
            <line>
              <![CDATA[Selected Room name: demoserver.demoroom]]>
            </line>
            <line>
              <![CDATA[Captcha is not present, proceeding with login.]]>
            </line>
            <line>
              <![CDATA[Click Login button]]>
            </line>
            <line>
              <![CDATA[Session for user is already active. Do you want to create a new session? Dialog box displayed. User clicks OK button.]]>
            </line>
            <line>
              <![CDATA[Session message did not appear. Proceeding with login.]]>
            </line>
            <line>
              <![CDATA[User has logged in successfully]]>
            </line>
          </reporter-output>
        </test-method> <!-- Login_EWA -->
        <test-method signature="TC_01_Create_Document_and_Verify_Document_Versions()[pri:1, instance:Computhink.Script.Document_Version_Test@d737b89]" started-at="2026-01-21T07:49:04 IST" name="TC_01_Create_Document_and_Verify_Document_Versions" finished-at="2026-01-21T07:53:36 IST" duration-ms="271629" status="PASS">
          <reporter-output>
            <line>
              <![CDATA[Test Scenario 1 : Create New Document and Verifying Document Versions ]]>
            </line>
            <line>
              <![CDATA[Scenario 01: Log into a EWA]]>
            </line>
            <line>
              <![CDATA[Enter valid user name into username field]]>
            </line>
            <line>
              <![CDATA[Click on New Document Tab]]>
            </line>
            <line>
              <![CDATA[Click on Destination Folder Textbox]]>
            </line>
            <line>
              <![CDATA[Expand a Cabinet]]>
            </line>
            <line>
              <![CDATA[Expand a Drawer]]>
            </line>
            <line>
              <![CDATA[select a Folder]]>
            </line>
            <line>
              <![CDATA[Click on Ok button]]>
            </line>
            <line>
              <![CDATA[Select Document type dropdown]]>
            </line>
            <line>
              <![CDATA[Enter value into Report Name field]]>
            </line>
            <line>
              <![CDATA[Browse Document Page]]>
            </line>
            <line>
              <![CDATA[By using AutoIT add file from external folder]]>
            </line>
            <line>
              <![CDATA[PDF Page is uploaded successfully]]>
            </line>
            <line>
              <![CDATA[Click on Create button]]>
            </line>
            <line>
              <![CDATA[Click on View document option]]>
            </line>
            <line>
              <![CDATA[PDF is created successfully]]>
            </line>
            <line>
              <![CDATA[Click on Version Option]]>
            </line>
            <line>
              <![CDATA[Select First Version]]>
            </line>
            <line>
              <![CDATA[1.0 this V/R should show]]>
            </line>
            <line>
              <![CDATA[Verified Current Document Version Successfully]]>
            </line>
          </reporter-output>
        </test-method> <!-- TC_01_Create_Document_and_Verify_Document_Versions -->
        <test-method signature="TC_02_Upload_and_Save_New_page_and_Verify_Version_with_New_Comments()[pri:2, instance:Computhink.Script.Document_Version_Test@d737b89]" started-at="2026-01-21T07:53:36 IST" name="TC_02_Upload_and_Save_New_page_and_Verify_Version_with_New_Comments" finished-at="2026-01-21T07:55:20 IST" duration-ms="103954" status="FAIL">
          <exception class="org.openqa.selenium.NoSuchElementException">
            <message>
              <![CDATA[no such element: Unable to locate element: {"method":"xpath","selector":"//*[@id="versionRow_2.0"]/td[1]/input"}
  (Session info: chrome=144.0.7559.59)
For documentation on this error, please visit: https://www.selenium.dev/documentation/webdriver/troubleshooting/errors#no-such-element-exception
Build info: version: '4.17.0', revision: 'e52b1be057*'
System info: os.name: 'Windows 10', os.arch: 'amd64', os.version: '10.0', java.version: '17.0.7'
Driver info: org.openqa.selenium.chrome.ChromeDriver
Command: [6ff7b83ea2615ad0a875f35e25db8718, findElement {using=xpath, value=//*[@id="versionRow_2.0"]/td[1]/input}]
Capabilities {acceptInsecureCerts: false, browserName: chrome, browserVersion: 144.0.7559.59, chrome: {chromedriverVersion: 144.0.7559.31 (18537d992890..., userDataDir: C:\Users\dipak.p\AppData\Lo...}, fedcm:accounts: true, goog:chromeOptions: {debuggerAddress: localhost:59742}, goog:processID: 23724, networkConnectionEnabled: false, pageLoadStrategy: normal, platformName: windows, proxy: Proxy(), se:cdp: ws://localhost:59742/devtoo..., se:cdpVersion: 144.0.7559.59, setWindowRect: true, strictFileInteractability: false, timeouts: {implicit: 0, pageLoad: 300000, script: 30000}, unhandledPromptBehavior: dismiss and notify, webauthn:extension:credBlob: true, webauthn:extension:largeBlob: true, webauthn:extension:minPinLength: true, webauthn:extension:prf: true, webauthn:virtualAuthenticators: true}
Session ID: 6ff7b83ea2615ad0a875f35e25db8718]]>
            </message>
            <full-stacktrace>
              <![CDATA[org.openqa.selenium.NoSuchElementException: no such element: Unable to locate element: {"method":"xpath","selector":"//*[@id="versionRow_2.0"]/td[1]/input"}
  (Session info: chrome=144.0.7559.59)
For documentation on this error, please visit: https://www.selenium.dev/documentation/webdriver/troubleshooting/errors#no-such-element-exception
Build info: version: '4.17.0', revision: 'e52b1be057*'
System info: os.name: 'Windows 10', os.arch: 'amd64', os.version: '10.0', java.version: '17.0.7'
Driver info: org.openqa.selenium.chrome.ChromeDriver
Command: [6ff7b83ea2615ad0a875f35e25db8718, findElement {using=xpath, value=//*[@id="versionRow_2.0"]/td[1]/input}]
Capabilities {acceptInsecureCerts: false, browserName: chrome, browserVersion: 144.0.7559.59, chrome: {chromedriverVersion: 144.0.7559.31 (18537d992890..., userDataDir: C:\Users\dipak.p\AppData\Lo...}, fedcm:accounts: true, goog:chromeOptions: {debuggerAddress: localhost:59742}, goog:processID: 23724, networkConnectionEnabled: false, pageLoadStrategy: normal, platformName: windows, proxy: Proxy(), se:cdp: ws://localhost:59742/devtoo..., se:cdpVersion: 144.0.7559.59, setWindowRect: true, strictFileInteractability: false, timeouts: {implicit: 0, pageLoad: 300000, script: 30000}, unhandledPromptBehavior: dismiss and notify, webauthn:extension:credBlob: true, webauthn:extension:largeBlob: true, webauthn:extension:minPinLength: true, webauthn:extension:prf: true, webauthn:virtualAuthenticators: true}
Session ID: 6ff7b83ea2615ad0a875f35e25db8718
at java.base/jdk.internal.reflect.NativeConstructorAccessorImpl.newInstance0(Native Method)
at java.base/jdk.internal.reflect.NativeConstructorAccessorImpl.newInstance(NativeConstructorAccessorImpl.java:77)
at java.base/jdk.internal.reflect.DelegatingConstructorAccessorImpl.newInstance(DelegatingConstructorAccessorImpl.java:45)
at java.base/java.lang.reflect.Constructor.newInstanceWithCaller(Constructor.java:499)
at java.base/java.lang.reflect.Constructor.newInstance(Constructor.java:480)
at org.openqa.selenium.remote.codec.w3c.W3CHttpResponseCodec.createException(W3CHttpResponseCodec.java:185)
at org.openqa.selenium.remote.codec.w3c.W3CHttpResponseCodec.decode(W3CHttpResponseCodec.java:134)
at org.openqa.selenium.remote.codec.w3c.W3CHttpResponseCodec.decode(W3CHttpResponseCodec.java:51)
at org.openqa.selenium.remote.HttpCommandExecutor.execute(HttpCommandExecutor.java:190)
at org.openqa.selenium.remote.service.DriverCommandExecutor.invokeExecute(DriverCommandExecutor.java:216)
at org.openqa.selenium.remote.service.DriverCommandExecutor.execute(DriverCommandExecutor.java:174)
at org.openqa.selenium.remote.RemoteWebDriver.execute(RemoteWebDriver.java:519)
at org.openqa.selenium.remote.ElementLocation$ElementFinder$2.findElement(ElementLocation.java:165)
at org.openqa.selenium.remote.ElementLocation.findElement(ElementLocation.java:59)
at org.openqa.selenium.remote.RemoteWebDriver.findElement(RemoteWebDriver.java:356)
at org.openqa.selenium.remote.RemoteWebDriver.findElement(RemoteWebDriver.java:350)
at org.openqa.selenium.support.pagefactory.DefaultElementLocator.findElement(DefaultElementLocator.java:68)
at org.openqa.selenium.support.pagefactory.internal.LocatingElementHandler.invoke(LocatingElementHandler.java:38)
at jdk.proxy2/jdk.proxy2.$Proxy12.getWrappedElement(Unknown Source)
at org.openqa.selenium.remote.internal.WebElementToJsonConverter.apply(WebElementToJsonConverter.java:50)
at java.base/java.util.stream.ReferencePipeline$3$1.accept(ReferencePipeline.java:197)
at java.base/java.util.Spliterators$ArraySpliterator.forEachRemaining(Spliterators.java:992)
at java.base/java.util.stream.AbstractPipeline.copyInto(AbstractPipeline.java:509)
at java.base/java.util.stream.AbstractPipeline.wrapAndCopyInto(AbstractPipeline.java:499)
at java.base/java.util.stream.ReduceOps$ReduceOp.evaluateSequential(ReduceOps.java:921)
at java.base/java.util.stream.AbstractPipeline.evaluate(AbstractPipeline.java:234)
at java.base/java.util.stream.ReferencePipeline.collect(ReferencePipeline.java:682)
at org.openqa.selenium.remote.RemoteWebDriver.executeScript(RemoteWebDriver.java:462)
at Computhink.Generic.BaseClass.jsclick(BaseClass.java:1469)
at Computhink.Pom.Document_Version.getVerify_secondVersion(Document_Version.java:92)
at Computhink.Pom.Document_Version.Add_Page_with_Comment(Document_Version.java:475)
at Computhink.Script.Document_Version_Test.TC_02_Upload_and_Save_New_page_and_Verify_Version_with_New_Comments(Document_Version_Test.java:41)
at java.base/jdk.internal.reflect.NativeMethodAccessorImpl.invoke0(Native Method)
at java.base/jdk.internal.reflect.NativeMethodAccessorImpl.invoke(NativeMethodAccessorImpl.java:77)
at java.base/jdk.internal.reflect.DelegatingMethodAccessorImpl.invoke(DelegatingMethodAccessorImpl.java:43)
at java.base/java.lang.reflect.Method.invoke(Method.java:568)
at org.testng.internal.MethodInvocationHelper.invokeMethod(MethodInvocationHelper.java:133)
at org.testng.internal.TestInvoker.invokeMethod(TestInvoker.java:598)
at org.testng.internal.TestInvoker.invokeTestMethod(TestInvoker.java:173)
at org.testng.internal.MethodRunner.runInSequence(MethodRunner.java:46)
at org.testng.internal.TestInvoker$MethodInvocationAgent.invoke(TestInvoker.java:824)
at org.testng.internal.TestInvoker.invokeTestMethods(TestInvoker.java:146)
at org.testng.internal.TestMethodWorker.invokeTestMethods(TestMethodWorker.java:146)
at org.testng.internal.TestMethodWorker.run(TestMethodWorker.java:128)
at java.base/java.util.ArrayList.forEach(ArrayList.java:1511)
at org.testng.TestRunner.privateRun(TestRunner.java:794)
at org.testng.TestRunner.run(TestRunner.java:596)
at org.testng.SuiteRunner.runTest(SuiteRunner.java:377)
at org.testng.SuiteRunner.runSequentially(SuiteRunner.java:371)
at org.testng.SuiteRunner.privateRun(SuiteRunner.java:332)
at org.testng.SuiteRunner.run(SuiteRunner.java:276)
at org.testng.SuiteRunnerWorker.runSuite(SuiteRunnerWorker.java:53)
at org.testng.SuiteRunnerWorker.run(SuiteRunnerWorker.java:96)
at org.testng.TestNG.runSuitesSequentially(TestNG.java:1212)
at org.testng.TestNG.runSuitesLocally(TestNG.java:1134)
at org.testng.TestNG.runSuites(TestNG.java:1063)
at org.testng.TestNG.run(TestNG.java:1031)
at org.testng.remote.AbstractRemoteTestNG.run(AbstractRemoteTestNG.java:115)
at org.testng.remote.RemoteTestNG.initAndRun(RemoteTestNG.java:293)
at org.testng.remote.RemoteTestNG.main(RemoteTestNG.java:91)
]]>
            </full-stacktrace>
          </exception> <!-- org.openqa.selenium.NoSuchElementException -->
          <reporter-output>
            <line>
              <![CDATA[Test Scenario 2 : Upload and Save New page and Verifying Version with new Comments ]]>
            </line>
            <line>
              <![CDATA[Click on Version Option]]>
            </line>
            <line>
              <![CDATA[Click on Floating button]]>
            </line>
            <line>
              <![CDATA[Click on Upload Fab button]]>
            </line>
            <line>
              <![CDATA[By using AutoIT add file from external folder]]>
            </line>
            <line>
              <![CDATA[Click on Save Fab button]]>
            </line>
            <line>
              <![CDATA[Click on Save button]]>
            </line>
            <line>
              <![CDATA[Click on Version Option]]>
            </line>
          </reporter-output>
        </test-method> <!-- TC_02_Upload_and_Save_New_page_and_Verify_Version_with_New_Comments -->
        <test-method signature="TC_03_Delete_Page_and_Verify_Version()[pri:3, instance:Computhink.Script.Document_Version_Test@d737b89]" started-at="2026-01-21T07:55:20 IST" name="TC_03_Delete_Page_and_Verify_Version" finished-at="2026-01-21T07:56:47 IST" duration-ms="87279" status="PASS">
          <reporter-output>
            <line>
              <![CDATA[Test Scenario 3 : Delete Page and Verifying Version ]]>
            </line>
            <line>
              <![CDATA[Check Thumbnail page]]>
            </line>
            <line>
              <![CDATA[Click on Delete Fab button]]>
            </line>
            <line>
              <![CDATA[Click on Yes button]]>
            </line>
            <line>
              <![CDATA[Click on Ok button]]>
            </line>
            <line>
              <![CDATA[Click on Save Fab button]]>
            </line>
            <line>
              <![CDATA[Click on Ok button]]>
            </line>
            <line>
              <![CDATA[Click on Version Option]]>
            </line>
            <line>
              <![CDATA[Document Page delete and Verified versions]]>
            </line>
          </reporter-output>
        </test-method> <!-- TC_03_Delete_Page_and_Verify_Version -->
        <test-method signature="TC_04_Verify_Delete_All_versions_and_FullScreen_Option()[pri:4, instance:Computhink.Script.Document_Version_Test@d737b89]" started-at="2026-01-21T07:56:47 IST" name="TC_04_Verify_Delete_All_versions_and_FullScreen_Option" finished-at="2026-01-21T07:57:50 IST" duration-ms="62694" status="PASS">
          <reporter-output>
            <line>
              <![CDATA[Test Scenario 4 : Verifying Delete All versions and Full Screen Option ]]>
            </line>
            <line>
              <![CDATA[Click on All Version]]>
            </line>
            <line>
              <![CDATA[Click on Ok button]]>
            </line>
            <line>
              <![CDATA[Click on Version Option]]>
            </line>
            <line>
              <![CDATA[Click on Full Screen Fab button]]>
            </line>
            <line>
              <![CDATA[Click on the Close button]]>
            </line>
            <line>
              <![CDATA[Verified Delete All versions and Full screen Document from Floating button]]>
            </line>
          </reporter-output>
        </test-method> <!-- TC_04_Verify_Delete_All_versions_and_FullScreen_Option -->
        <test-method signature="TC_05_Add_Annotation()[pri:5, instance:Computhink.Script.Document_Version_Test@d737b89]" started-at="2026-01-21T07:57:50 IST" name="TC_05_Add_Annotation" finished-at="2026-01-21T08:01:25 IST" duration-ms="215423" status="FAIL">
          <exception class="org.openqa.selenium.ElementNotInteractableException">
            <message>
              <![CDATA[element not interactable: [object HTMLSpanElement] has no size and location
  (Session info: chrome=144.0.7559.59)
Build info: version: '4.17.0', revision: 'e52b1be057*'
System info: os.name: 'Windows 10', os.arch: 'amd64', os.version: '10.0', java.version: '17.0.7'
Driver info: org.openqa.selenium.chrome.ChromeDriver
Command: [6ff7b83ea2615ad0a875f35e25db8718, actions {actions=[org.openqa.selenium.interactions.Sequence@305b43ca]}]
Capabilities {acceptInsecureCerts: false, browserName: chrome, browserVersion: 144.0.7559.59, chrome: {chromedriverVersion: 144.0.7559.31 (18537d992890..., userDataDir: C:\Users\dipak.p\AppData\Lo...}, fedcm:accounts: true, goog:chromeOptions: {debuggerAddress: localhost:59742}, goog:processID: 23724, networkConnectionEnabled: false, pageLoadStrategy: normal, platformName: windows, proxy: Proxy(), se:cdp: ws://localhost:59742/devtoo..., se:cdpVersion: 144.0.7559.59, setWindowRect: true, strictFileInteractability: false, timeouts: {implicit: 0, pageLoad: 300000, script: 30000}, unhandledPromptBehavior: dismiss and notify, webauthn:extension:credBlob: true, webauthn:extension:largeBlob: true, webauthn:extension:minPinLength: true, webauthn:extension:prf: true, webauthn:virtualAuthenticators: true}
Session ID: 6ff7b83ea2615ad0a875f35e25db8718]]>
            </message>
            <full-stacktrace>
              <![CDATA[org.openqa.selenium.ElementNotInteractableException: element not interactable: [object HTMLSpanElement] has no size and location
  (Session info: chrome=144.0.7559.59)
Build info: version: '4.17.0', revision: 'e52b1be057*'
System info: os.name: 'Windows 10', os.arch: 'amd64', os.version: '10.0', java.version: '17.0.7'
Driver info: org.openqa.selenium.chrome.ChromeDriver
Command: [6ff7b83ea2615ad0a875f35e25db8718, actions {actions=[org.openqa.selenium.interactions.Sequence@305b43ca]}]
Capabilities {acceptInsecureCerts: false, browserName: chrome, browserVersion: 144.0.7559.59, chrome: {chromedriverVersion: 144.0.7559.31 (18537d992890..., userDataDir: C:\Users\dipak.p\AppData\Lo...}, fedcm:accounts: true, goog:chromeOptions: {debuggerAddress: localhost:59742}, goog:processID: 23724, networkConnectionEnabled: false, pageLoadStrategy: normal, platformName: windows, proxy: Proxy(), se:cdp: ws://localhost:59742/devtoo..., se:cdpVersion: 144.0.7559.59, setWindowRect: true, strictFileInteractability: false, timeouts: {implicit: 0, pageLoad: 300000, script: 30000}, unhandledPromptBehavior: dismiss and notify, webauthn:extension:credBlob: true, webauthn:extension:largeBlob: true, webauthn:extension:minPinLength: true, webauthn:extension:prf: true, webauthn:virtualAuthenticators: true}
Session ID: 6ff7b83ea2615ad0a875f35e25db8718
at java.base/jdk.internal.reflect.NativeConstructorAccessorImpl.newInstance0(Native Method)
at java.base/jdk.internal.reflect.NativeConstructorAccessorImpl.newInstance(NativeConstructorAccessorImpl.java:77)
at java.base/jdk.internal.reflect.DelegatingConstructorAccessorImpl.newInstance(DelegatingConstructorAccessorImpl.java:45)
at java.base/java.lang.reflect.Constructor.newInstanceWithCaller(Constructor.java:499)
at java.base/java.lang.reflect.Constructor.newInstance(Constructor.java:480)
at org.openqa.selenium.remote.codec.w3c.W3CHttpResponseCodec.createException(W3CHttpResponseCodec.java:185)
at org.openqa.selenium.remote.codec.w3c.W3CHttpResponseCodec.decode(W3CHttpResponseCodec.java:134)
at org.openqa.selenium.remote.codec.w3c.W3CHttpResponseCodec.decode(W3CHttpResponseCodec.java:51)
at org.openqa.selenium.remote.HttpCommandExecutor.execute(HttpCommandExecutor.java:190)
at org.openqa.selenium.remote.service.DriverCommandExecutor.invokeExecute(DriverCommandExecutor.java:216)
at org.openqa.selenium.remote.service.DriverCommandExecutor.execute(DriverCommandExecutor.java:174)
at org.openqa.selenium.remote.RemoteWebDriver.execute(RemoteWebDriver.java:519)
at org.openqa.selenium.remote.RemoteWebDriver.perform(RemoteWebDriver.java:605)
at org.openqa.selenium.interactions.Actions$BuiltAction.perform(Actions.java:603)
at Computhink.Generic.BaseClass.movingclkElement(BaseClass.java:1389)
at Computhink.Pom.Document_Version.Add_Annotations(Document_Version.java:619)
at Computhink.Script.Document_Version_Test.TC_05_Add_Annotation(Document_Version_Test.java:62)
at java.base/jdk.internal.reflect.NativeMethodAccessorImpl.invoke0(Native Method)
at java.base/jdk.internal.reflect.NativeMethodAccessorImpl.invoke(NativeMethodAccessorImpl.java:77)
at java.base/jdk.internal.reflect.DelegatingMethodAccessorImpl.invoke(DelegatingMethodAccessorImpl.java:43)
at java.base/java.lang.reflect.Method.invoke(Method.java:568)
at org.testng.internal.MethodInvocationHelper.invokeMethod(MethodInvocationHelper.java:133)
at org.testng.internal.TestInvoker.invokeMethod(TestInvoker.java:598)
at org.testng.internal.TestInvoker.invokeTestMethod(TestInvoker.java:173)
at org.testng.internal.MethodRunner.runInSequence(MethodRunner.java:46)
at org.testng.internal.TestInvoker$MethodInvocationAgent.invoke(TestInvoker.java:824)
at org.testng.internal.TestInvoker.invokeTestMethods(TestInvoker.java:146)
at org.testng.internal.TestMethodWorker.invokeTestMethods(TestMethodWorker.java:146)
at org.testng.internal.TestMethodWorker.run(TestMethodWorker.java:128)
at java.base/java.util.ArrayList.forEach(ArrayList.java:1511)
at org.testng.TestRunner.privateRun(TestRunner.java:794)
at org.testng.TestRunner.run(TestRunner.java:596)
at org.testng.SuiteRunner.runTest(SuiteRunner.java:377)
at org.testng.SuiteRunner.runSequentially(SuiteRunner.java:371)
at org.testng.SuiteRunner.privateRun(SuiteRunner.java:332)
at org.testng.SuiteRunner.run(SuiteRunner.java:276)
at org.testng.SuiteRunnerWorker.runSuite(SuiteRunnerWorker.java:53)
at org.testng.SuiteRunnerWorker.run(SuiteRunnerWorker.java:96)
at org.testng.TestNG.runSuitesSequentially(TestNG.java:1212)
at org.testng.TestNG.runSuitesLocally(TestNG.java:1134)
at org.testng.TestNG.runSuites(TestNG.java:1063)
at org.testng.TestNG.run(TestNG.java:1031)
at org.testng.remote.AbstractRemoteTestNG.run(AbstractRemoteTestNG.java:115)
at org.testng.remote.RemoteTestNG.initAndRun(RemoteTestNG.java:293)
at org.testng.remote.RemoteTestNG.main(RemoteTestNG.java:91)
]]>
            </full-stacktrace>
          </exception> <!-- org.openqa.selenium.ElementNotInteractableException -->
          <reporter-output>
            <line>
              <![CDATA[Test Scenario 5 : Verifying set Active version ]]>
            </line>
            <line>
              <![CDATA[click on Refresh button ]]>
            </line>
            <line>
              <![CDATA[Click on Setting Icon]]>
            </line>
            <line>
              <![CDATA[Click on My preferences option]]>
            </line>
            <line>
              <![CDATA[Select Pdf document and set Default view Option]]>
            </line>
            <line>
              <![CDATA[Click on Apply button]]>
            </line>
            <line>
              <![CDATA[Expand a Cabinet]]>
            </line>
            <line>
              <![CDATA[Expand a Drawer]]>
            </line>
            <line>
              <![CDATA[open document from Document List]]>
            </line>
            <line>
              <![CDATA[Click on Floating button]]>
            </line>
            <line>
              <![CDATA[By using AutoIT add file from external folder]]>
            </line>
            <line>
              <![CDATA[Click on Floating button]]>
            </line>
            <line>
              <![CDATA[Click on Save button]]>
            </line>
            <line>
              <![CDATA[Click on Ok button]]>
            </line>
            <line>
              <![CDATA[Click on Version Option]]>
            </line>
          </reporter-output>
        </test-method> <!-- TC_05_Add_Annotation -->
        <test-method signature="TC_06_Set_active_version()[pri:6, instance:Computhink.Script.Document_Version_Test@d737b89]" started-at="2026-01-21T08:01:25 IST" name="TC_06_Set_active_version" finished-at="2026-01-21T08:01:55 IST" duration-ms="29148" status="PASS">
          <reporter-output>
            <line>
              <![CDATA[Test Scenario 6 : Verifying set Active version ]]>
            </line>
            <line>
              <![CDATA[Scenario 01: Log into a EWA]]>
            </line>
            <line>
              <![CDATA[Enter valid user name into username field]]>
            </line>
            <line>
              <![CDATA[select version to set active version]]>
            </line>
            <line>
              <![CDATA[Click on Set active Version button]]>
            </line>
            <line>
              <![CDATA[Click on Version Option]]>
            </line>
            <line>
              <![CDATA[Active version set and verified successfully]]>
            </line>
          </reporter-output>
        </test-method> <!-- TC_06_Set_active_version -->
        <test-method signature="TC_07_Update_Document_Properties()[pri:7, instance:Computhink.Script.Document_Version_Test@d737b89]" started-at="2026-01-21T08:01:55 IST" name="TC_07_Update_Document_Properties" finished-at="2026-01-21T08:03:54 IST" duration-ms="119232" status="PASS">
          <reporter-output>
            <line>
              <![CDATA[Test Scenario 7 : Update document properties ]]>
            </line>
            <line>
              <![CDATA[Click on Update button]]>
            </line>
            <line>
              <![CDATA[Clear Report Name value from Reportname field]]>
            </line>
            <line>
              <![CDATA[Update Report Name value ]]>
            </line>
            <line>
              <![CDATA[Click on Update Save button]]>
            </line>
            <line>
              <![CDATA[Click on Ok button]]>
            </line>
            <line>
              <![CDATA[Click on Close button]]>
            </line>
            <line>
              <![CDATA[verified and updated Document properties]]>
            </line>
            <line>
              <![CDATA[Click on Refresh button]]>
            </line>
          </reporter-output>
        </test-method> <!-- TC_07_Update_Document_Properties -->
      </class> <!-- Computhink.Script.Document_Version_Test -->
    </test> <!-- Default test -->
  </suite> <!-- Default suite -->
</testng-results>
