<?xml version="1.0" encoding="UTF-8"?>
<testng-results ignored="0" total="185" passed="178" failed="7" skipped="0">
  <reporter-output>
    <line>
      <![CDATA[Chrome driver launched successfull]]>
    </line>
    <line>
      <![CDATA[Launched Contentverse URL Details: http://10.4.10.119:8080/CVWeb/cvLgn]]>
    </line>
    <line>
      <![CDATA[No error message found]]>
    </line>
    <line>
      <![CDATA[Page title name: Contentverse]]>
    </line>
    <line>
      <![CDATA[EWA URL launched successfull]]>
    </line>
    <line>
      <![CDATA[Scenario 01: Log into a EWA]]>
    </line>
    <line>
      <![CDATA[Enter valid user name into username field]]>
    </line>
    <line>
      <![CDATA[UserName Details: Dipak]]>
    </line>
    <line>
      <![CDATA[Enter valid password into password field]]>
    </line>
    <line>
      <![CDATA[Select a Room]]>
    </line>
    <line>
      <![CDATA[Selected Room name: demoserver.demoroom]]>
    </line>
    <line>
      <![CDATA[Captcha is not present, proceeding with login.]]>
    </line>
    <line>
      <![CDATA[Click Login button]]>
    </line>
    <line>
      <![CDATA[Session message did not appear. Proceeding with login.]]>
    </line>
    <line>
      <![CDATA[Session message did not appear. Proceeding with login.]]>
    </line>
    <line>
      <![CDATA[CVS URL started Successfully]]>
    </line>
    <line>
      <![CDATA[Launched Contentverse URL Details : http://10.4.10.119:8080/CVWeb/cvLgn]]>
    </line>
    <line>
      <![CDATA[Page title name is : Contentverse]]>
    </line>
    <line>
      <![CDATA[Launched Contentverse URL Details: http://10.4.10.119:8080/CVWeb/cvLgn]]>
    </line>
    <line>
      <![CDATA[No error message found]]>
    </line>
    <line>
      <![CDATA[Page title name: Contentverse]]>
    </line>
    <line>
      <![CDATA[EWA URL launched successfull]]>
    </line>
    <line>
      <![CDATA[Launched Contentverse URL Details: http://10.4.10.119:8080/CVWeb/cvLgn]]>
    </line>
    <line>
      <![CDATA[No error message found]]>
    </line>
    <line>
      <![CDATA[Page title name: Contentverse]]>
    </line>
    <line>
      <![CDATA[EWA URL launched successfull]]>
    </line>
    <line>
      <![CDATA[Scenario 01: Log into a EWA]]>
    </line>
    <line>
      <![CDATA[Enter valid user name into username field]]>
    </line>
    <line>
      <![CDATA[UserName Details: Dipak]]>
    </line>
    <line>
      <![CDATA[Enter valid password into password field]]>
    </line>
    <line>
      <![CDATA[Select a Room]]>
    </line>
    <line>
      <![CDATA[Selected Room name: demoserver.demoroom]]>
    </line>
    <line>
      <![CDATA[Captcha is not present, proceeding with login.]]>
    </line>
    <line>
      <![CDATA[Click Login button]]>
    </line>
    <line>
      <![CDATA[Session message did not appear. Proceeding with login.]]>
    </line>
    <line>
      <![CDATA[Session message did not appear. Proceeding with login.]]>
    </line>
    <line>
      <![CDATA[Launched Contentverse URL Details: http://10.4.10.119:8080/CVWeb/cvLgn]]>
    </line>
    <line>
      <![CDATA[No error message found]]>
    </line>
    <line>
      <![CDATA[Page title name: Contentverse]]>
    </line>
    <line>
      <![CDATA[EWA URL launched successfull]]>
    </line>
    <line>
      <![CDATA[Test Scenario 1 : Verifying No button of Session for user is already active dialog box ]]>
    </line>
    <line>
      <![CDATA[Scenario 01: Log into EWA]]>
    </line>
    <line>
      <![CDATA[Enter valid user name into username field]]>
    </line>
    <line>
      <![CDATA[UserName Details: Dipak]]>
    </line>
    <line>
      <![CDATA[Enter valid password into password field]]>
    </line>
    <line>
      <![CDATA[Select a Room]]>
    </line>
    <line>
      <![CDATA[Selected Room name: demoserver.demoroom]]>
    </line>
    <line>
      <![CDATA[Captcha is not present, proceeding with login.]]>
    </line>
    <line>
      <![CDATA[Click Login button]]>
    </line>
    <line>
      <![CDATA[Session for user is already active. Do you want to create a new session? Dialog box displayed. User clicks OK button.]]>
    </line>
    <line>
      <![CDATA[Verified No button of Session for user is already active dialog box ]]>
    </line>
    <line>
      <![CDATA[Test Scenario 2 : Verifying Login EWA with blank username ]]>
    </line>
    <line>
      <![CDATA[Do not entered username into username field]]>
    </line>
    <line>
      <![CDATA[Enter valid Password into Password field]]>
    </line>
    <line>
      <![CDATA[Select a Room]]>
    </line>
    <line>
      <![CDATA[Selected Room name: demoserver.demoroom]]>
    </line>
    <line>
      <![CDATA[Click on the Login button]]>
    </line>
    <line>
      <![CDATA[Please enter username validation message should show]]>
    </line>
    <line>
      <![CDATA[Test Scenario 3 : Verifying Login EWA with blank password]]>
    </line>
    <line>
      <![CDATA[Enter valid Username into Username field]]>
    </line>
    <line>
      <![CDATA[Do not entered password into password field]]>
    </line>
    <line>
      <![CDATA[Select a Room]]>
    </line>
    <line>
      <![CDATA[Selected Room name: demoserver.demoroom]]>
    </line>
    <line>
      <![CDATA[Click on the Login button]]>
    </line>
    <line>
      <![CDATA[Please enter password validation message should show]]>
    </line>
    <line>
      <![CDATA[Test Scenario 4 : Verifying Login EWA without selecting roomname ]]>
    </line>
    <line>
      <![CDATA[Enter valid Username into Username field]]>
    </line>
    <line>
      <![CDATA[Enter valid Password into Password field]]>
    </line>
    <line>
      <![CDATA[Not select Room]]>
    </line>
    <line>
      <![CDATA[Selected Room name: Please select a room]]>
    </line>
    <line>
      <![CDATA[Click on the Login button]]>
    </line>
    <line>
      <![CDATA[Select a roomvalidation message should show when none of above room selected for Login]]>
    </line>
    <line>
      <![CDATA[Test Scenario 5 : Verifying Login EWA with invalid username ]]>
    </line>
    <line>
      <![CDATA[Enter Invalid Username into Username field]]>
    </line>
    <line>
      <![CDATA[Enter valid Password into Password field]]>
    </line>
    <line>
      <![CDATA[Select a Room]]>
    </line>
    <line>
      <![CDATA[Selected Room name: demoserver.demoroom]]>
    </line>
    <line>
      <![CDATA[Click on the Login button]]>
    </line>
    <line>
      <![CDATA[Test Scenario 6 : Verifying Login EWA with invalid password ]]>
    </line>
    <line>
      <![CDATA[Enter valid Username into Username field]]>
    </line>
    <line>
      <![CDATA[Enter Invalid Password into Password field]]>
    </line>
    <line>
      <![CDATA[Select a Room]]>
    </line>
    <line>
      <![CDATA[Selected Room name: demoserver.demoroom]]>
    </line>
    <line>
      <![CDATA[Click on the Login button]]>
    </line>
    <line>
      <![CDATA[ this validation message should show]]>
    </line>
    <line>
      <![CDATA[Test Scenario 7 : Verifying Yes button of Session for user is already active dialog box ]]>
    </line>
    <line>
      <![CDATA[Launched Contentverse URL Details: http://10.4.10.119:8080/CVWeb/cvLgn]]>
    </line>
    <line>
      <![CDATA[No error message found]]>
    </line>
    <line>
      <![CDATA[Page title name: Contentverse]]>
    </line>
    <line>
      <![CDATA[EWA URL launched successfull]]>
    </line>
    <line>
      <![CDATA[Scenario 01: Log into a EWA]]>
    </line>
    <line>
      <![CDATA[Enter valid user name into username field]]>
    </line>
    <line>
      <![CDATA[UserName Details: Dipak]]>
    </line>
    <line>
      <![CDATA[Enter valid password into password field]]>
    </line>
    <line>
      <![CDATA[Select a Room]]>
    </line>
    <line>
      <![CDATA[Selected Room name: demoserver.demoroom]]>
    </line>
    <line>
      <![CDATA[Captcha is not present, proceeding with login.]]>
    </line>
    <line>
      <![CDATA[Click Login button]]>
    </line>
    <line>
      <![CDATA[Session message did not appear. Proceeding with login.]]>
    </line>
    <line>
      <![CDATA[Session message did not appear. Proceeding with login.]]>
    </line>
    <line>
      <![CDATA[Verified Yes button of Session for user is already active dialog box ]]>
    </line>
    <line>
      <![CDATA[Test Scenario 10 : Verifying Browser Allowing Only OneUser Login ]]>
    </line>
    <line>
      <![CDATA[Launched Contentverse URL Details: http://10.4.10.119:8080/CVWeb/cvLgn]]>
    </line>
    <line>
      <![CDATA[No error message found]]>
    </line>
    <line>
      <![CDATA[Page title name: Contentverse]]>
    </line>
    <line>
      <![CDATA[EWA URL launched successfull]]>
    </line>
    <line>
      <![CDATA[Scenario 01: Log into EWA]]>
    </line>
    <line>
      <![CDATA[Enter valid user name into username field]]>
    </line>
    <line>
      <![CDATA[UserName Details: admin]]>
    </line>
    <line>
      <![CDATA[Enter valid password into password field]]>
    </line>
    <line>
      <![CDATA[Select a Room]]>
    </line>
    <line>
      <![CDATA[Selected Room name: demoserver.demoroom]]>
    </line>
    <line>
      <![CDATA[Captcha is not present, proceeding with login.]]>
    </line>
    <line>
      <![CDATA[Click Login button]]>
    </line>
    <line>
      <![CDATA[Session for user is already active. Do you want to create a new session? Dialog box displayed. User clicks OK button.]]>
    </line>
    <line>
      <![CDATA[Session message did not appear. Proceeding with login.]]>
    </line>
    <line>
      <![CDATA[Verified If User Session is active but we Closed Browser then it should allowing to Login to EWA for Any User without Showing Login validation]]>
    </line>
    <line>
      <![CDATA[Click on Username option]]>
    </line>
    <line>
      <![CDATA[Click on Logout option]]>
    </line>
    <line>
      <![CDATA[Timeout waiting for alert to appear.]]>
    </line>
    <line>
      <![CDATA[Chrome driver launched successfull]]>
    </line>
    <line>
      <![CDATA[Launched Contentverse URL Details: http://10.4.10.119:8080/CVWeb/cvLgn]]>
    </line>
    <line>
      <![CDATA[No error message found]]>
    </line>
    <line>
      <![CDATA[Page title name: Contentverse]]>
    </line>
    <line>
      <![CDATA[EWA URL launched successfull]]>
    </line>
    <line>
      <![CDATA[CVS URL started Successfully]]>
    </line>
    <line>
      <![CDATA[Scenario 01: Log into a EWA]]>
    </line>
    <line>
      <![CDATA[Enter valid user name into username field]]>
    </line>
    <line>
      <![CDATA[UserName Details: Dipak]]>
    </line>
    <line>
      <![CDATA[Enter valid password into password field]]>
    </line>
    <line>
      <![CDATA[Select a Room]]>
    </line>
    <line>
      <![CDATA[Selected Room name: demoserver.demoroom]]>
    </line>
    <line>
      <![CDATA[Captcha is not present, proceeding with login.]]>
    </line>
    <line>
      <![CDATA[Click Login button]]>
    </line>
    <line>
      <![CDATA[Session message did not appear. Proceeding with login.]]>
    </line>
    <line>
      <![CDATA[Session message did not appear. Proceeding with login.]]>
    </line>
    <line>
      <![CDATA[User has logged in successfully.]]>
    </line>
    <line>
      <![CDATA[Test Scenario 1 : Verifying Create Open and Update document in Default view]]>
    </line>
    <line>
      <![CDATA[Scenario 01: Log into a EWA]]>
    </line>
    <line>
      <![CDATA[Enter valid user name into username field]]>
    </line>
    <line>
      <![CDATA[Click on Refresh button]]>
    </line>
    <line>
      <![CDATA[Click on Setting Icon]]>
    </line>
    <line>
      <![CDATA[Click on My Preferences]]>
    </line>
    <line>
      <![CDATA[Select Pdf document and set as Default view]]>
    </line>
    <line>
      <![CDATA[Select Office Document and set as Default View]]>
    </line>
    <line>
      <![CDATA[Click on Apply button]]>
    </line>
    <line>
      <![CDATA[Click on New Document Tab]]>
    </line>
    <line>
      <![CDATA[Click on Destination Folder Textbox]]>
    </line>
    <line>
      <![CDATA[Expand a Cabinet]]>
    </line>
    <line>
      <![CDATA[Expand a Drawer]]>
    </line>
    <line>
      <![CDATA[select a Folder]]>
    </line>
    <line>
      <![CDATA[Click on Ok button ]]>
    </line>
    <line>
      <![CDATA[Select Value from Document type dropdown]]>
    </line>
    <line>
      <![CDATA[Enter value into Report Name field]]>
    </line>
    <line>
      <![CDATA[Browse a Document Page]]>
    </line>
    <line>
      <![CDATA[By using AutoIT add file from external folder]]>
    </line>
    <line>
      <![CDATA[Click on Create button]]>
    </line>
    <line>
      <![CDATA[Click on View button]]>
    </line>
    <line>
      <![CDATA[Browse a Document Page]]>
    </line>
    <line>
      <![CDATA[By using AutoIT add file from external folder]]>
    </line>
    <line>
      <![CDATA[Click on Save button menu Option]]>
    </line>
    <line>
      <![CDATA[Click on Ok button]]>
    </line>
    <line>
      <![CDATA[Close the document page]]>
    </line>
    <line>
      <![CDATA[Verified Create Open and Update document in Default view]]>
    </line>
    <line>
      <![CDATA[Click on Refresh button]]>
    </line>
    <line>
      <![CDATA[Chrome driver launched successfull]]>
    </line>
    <line>
      <![CDATA[Launched Contentverse URL Details: http://10.4.10.119:8080/CVWeb/cvLgn]]>
    </line>
    <line>
      <![CDATA[No error message found]]>
    </line>
    <line>
      <![CDATA[Page title name: Contentverse]]>
    </line>
    <line>
      <![CDATA[EWA URL launched successfull]]>
    </line>
    <line>
      <![CDATA[CVS URL started Successfully]]>
    </line>
    <line>
      <![CDATA[Scenario 01: Log into a EWA]]>
    </line>
    <line>
      <![CDATA[Enter valid user name into username field]]>
    </line>
    <line>
      <![CDATA[UserName Details: Dipak]]>
    </line>
    <line>
      <![CDATA[Enter valid password into password field]]>
    </line>
    <line>
      <![CDATA[Select a Room]]>
    </line>
    <line>
      <![CDATA[Selected Room name: demoserver.demoroom]]>
    </line>
    <line>
      <![CDATA[Captcha is not present, proceeding with login.]]>
    </line>
    <line>
      <![CDATA[Click Login button]]>
    </line>
    <line>
      <![CDATA[Session for user is already active. Do you want to create a new session? Dialog box displayed. User clicks OK button.]]>
    </line>
    <line>
      <![CDATA[Session message did not appear. Proceeding with login.]]>
    </line>
    <line>
      <![CDATA[User has logged in successfully.]]>
    </line>
    <line>
      <![CDATA[Test Scenario 1 :Verifying to Create or Browse Template Default Viewing]]>
    </line>
    <line>
      <![CDATA[Scenario 01: Log into a EWA]]>
    </line>
    <line>
      <![CDATA[Enter valid user name into username field]]>
    </line>
    <line>
      <![CDATA[Click on Refresh button]]>
    </line>
    <line>
      <![CDATA[Click on Setting Icon]]>
    </line>
    <line>
      <![CDATA[Click on My preferences option]]>
    </line>
    <line>
      <![CDATA[Select Office Document and set Default View Option]]>
    </line>
    <line>
      <![CDATA[Select Pdf Document and set Default View Option]]>
    </line>
    <line>
      <![CDATA[Click on Apply button]]>
    </line>
    <line>
      <![CDATA[Saved Successfully! this toast message should show]]>
    </line>
    <line>
      <![CDATA[Click on Refresh button]]>
    </line>
    <line>
      <![CDATA[Template tab is displayed successfully.]]>
    </line>
    <line>
      <![CDATA[Click on Template Tab]]>
    </line>
    <line>
      <![CDATA[Document Template permission is Denied for Selected User need to assign Document Template permission]]>
    </line>
    <line>
      <![CDATA[Click on Username option]]>
    </line>
    <line>
      <![CDATA[Click on Logout option]]>
    </line>
    <line>
      <![CDATA[Timeout waiting for alert to appear.]]>
    </line>
    <line>
      <![CDATA[Scenario 01: Log into EWA]]>
    </line>
    <line>
      <![CDATA[Enter valid user name into username field]]>
    </line>
    <line>
      <![CDATA[UserName Details: admin]]>
    </line>
    <line>
      <![CDATA[Enter valid password into password field]]>
    </line>
    <line>
      <![CDATA[Select a Room]]>
    </line>
    <line>
      <![CDATA[Selected Room name: demoserver.demoroom]]>
    </line>
    <line>
      <![CDATA[Captcha is not present, proceeding with login.]]>
    </line>
    <line>
      <![CDATA[Click Login button]]>
    </line>
    <line>
      <![CDATA[Session message did not appear. Proceeding with login.]]>
    </line>
    <line>
      <![CDATA[Session message did not appear. Proceeding with login.]]>
    </line>
    <line>
      <![CDATA[Click on Setting Icon]]>
    </line>
    <line>
      <![CDATA[Click on Document Template]]>
    </line>
    <line>
      <![CDATA[Click on User List dropdown]]>
    </line>
    <line>
      <![CDATA[Select all Users from Dropdown]]>
    </line>
    <line>
      <![CDATA[Click on Apply button]]>
    </line>
    <line>
      <![CDATA[Saved Successfully! this toast message should show]]>
    </line>
    <line>
      <![CDATA[Click on Username option]]>
    </line>
    <line>
      <![CDATA[Click on Logout option]]>
    </line>
    <line>
      <![CDATA[Timeout waiting for alert to appear.]]>
    </line>
    <line>
      <![CDATA[Scenario 01: Log into a EWA]]>
    </line>
    <line>
      <![CDATA[Enter valid user name into username field]]>
    </line>
    <line>
      <![CDATA[UserName Details: Dipak]]>
    </line>
    <line>
      <![CDATA[Enter valid password into password field]]>
    </line>
    <line>
      <![CDATA[Select a Room]]>
    </line>
    <line>
      <![CDATA[Selected Room name: demoserver.demoroom]]>
    </line>
    <line>
      <![CDATA[Captcha is not present, proceeding with login.]]>
    </line>
    <line>
      <![CDATA[Click Login button]]>
    </line>
    <line>
      <![CDATA[Session message did not appear. Proceeding with login.]]>
    </line>
    <line>
      <![CDATA[Session message did not appear. Proceeding with login.]]>
    </line>
    <line>
      <![CDATA[Click on Destination Folder Textbox]]>
    </line>
    <line>
      <![CDATA[Expand a Cabinet]]>
    </line>
    <line>
      <![CDATA[Expand a Drawer]]>
    </line>
    <line>
      <![CDATA[select a Folder]]>
    </line>
    <line>
      <![CDATA[Click on Ok button]]>
    </line>
    <line>
      <![CDATA[Browse Document page]]>
    </line>
    <line>
      <![CDATA[By using AutoIT add file from external folder]]>
    </line>
    <line>
      <![CDATA[Select Value from Document type Dropdown]]>
    </line>
    <line>
      <![CDATA[Enter value into Report Name field]]>
    </line>
    <line>
      <![CDATA[Browse Document page]]>
    </line>
    <line>
      <![CDATA[Click on Save Template button]]>
    </line>
    <line>
      <![CDATA[Save Template button clicked successfully]]>
    </line>
    <line>
      <![CDATA[Click on Template Description dialog No button]]>
    </line>
    <line>
      <![CDATA[Click again on Save Template button]]>
    </line>
    <line>
      <![CDATA[Click on Template Name Textbox]]>
    </line>
    <line>
      <![CDATA[Enter value into Template Name field ]]>
    </line>
    <line>
      <![CDATA[Click on Template Description Textbox]]>
    </line>
    <line>
      <![CDATA[Enter Template Description message]]>
    </line>
    <line>
      <![CDATA[Click on Template Description Yes button]]>
    </line>
    <line>
      <![CDATA[Verifying Template Created succesfully Message]]>
    </line>
    <line>
      <![CDATA[Click on Ok button]]>
    </line>
    <line>
      <![CDATA[Verifying to CreateorBrowse Template Defaultviewing]]>
    </line>
    <line>
      <![CDATA[Test Scenario 2: Verifying to  Edit and Delete Default Template]]>
    </line>
    <line>
      <![CDATA[Scenario 01: Log into a EWA]]>
    </line>
    <line>
      <![CDATA[Enter valid user name into username field]]>
    </line>
    <line>
      <![CDATA[Mousehover to Template Tab]]>
    </line>
    <line>
      <![CDATA[Select Created Template Page]]>
    </line>
    <line>
      <![CDATA[Created Template page open successfully]]>
    </line>
    <line>
      <![CDATA[Click on Edit Template Fab Option]]>
    </line>
    <line>
      <![CDATA[Click on Edit Template Description Textbox]]>
    </line>
    <line>
      <![CDATA[Enter Message under Description Box]]>
    </line>
    <line>
      <![CDATA[Click on Edit Template Dialog Ok button]]>
    </line>
    <line>
      <![CDATA[Template edited successfully]]>
    </line>
    <line>
      <![CDATA[Click on Template Edited Succesfully Ok button]]>
    </line>
    <line>
      <![CDATA[Mousehover to Template Tab]]>
    </line>
    <line>
      <![CDATA[Select Created Template Page]]>
    </line>
    <line>
      <![CDATA[Click on Delete Template Fab Option]]>
    </line>
    <line>
      <![CDATA[Click on Delete Template Dialog Ok button]]>
    </line>
    <line>
      <![CDATA[Template Deleted Successfully]]>
    </line>
    <line>
      <![CDATA[Test Scenario 3: Verifying to  Create or Browse Template In Advanced Viewing]]>
    </line>
    <line>
      <![CDATA[Scenario 01: Log into a EWA]]>
    </line>
    <line>
      <![CDATA[Enter valid user name into username field]]>
    </line>
    <line>
      <![CDATA[Click on Setting Icon]]>
    </line>
    <line>
      <![CDATA[Click on My Preferences Option]]>
    </line>
    <line>
      <![CDATA[Select Office Document and set Advanced View Option]]>
    </line>
    <line>
      <![CDATA[Click on Apply button]]>
    </line>
    <line>
      <![CDATA[Saved Successfully! this toast message should show]]>
    </line>
    <line>
      <![CDATA[Click on Refresh button]]>
    </line>
    <line>
      <![CDATA[Click on Template Tab]]>
    </line>
    <line>
      <![CDATA[Click on Destination Folder Textbox]]>
    </line>
    <line>
      <![CDATA[Expand a Cabinet]]>
    </line>
    <line>
      <![CDATA[Expand a Drawer]]>
    </line>
    <line>
      <![CDATA[selecta  Folder]]>
    </line>
    <line>
      <![CDATA[Click on Ok button of Browse for folder Dialog]]>
    </line>
    <line>
      <![CDATA[Select Value from Document Type Dropdown ]]>
    </line>
    <line>
      <![CDATA[Enter value into Report Name field]]>
    </line>
    <line>
      <![CDATA[Browse Document page]]>
    </line>
    <line>
      <![CDATA[By using AutoIT add file from external folder]]>
    </line>
    <line>
      <![CDATA[Click on Save Template button]]>
    </line>
    <line>
      <![CDATA[Click on Template Description Dialog No button]]>
    </line>
    <line>
      <![CDATA[Click again on Save Template button]]>
    </line>
    <line>
      <![CDATA[Click on Template Name Textbox]]>
    </line>
    <line>
      <![CDATA[Enter Name under Template Name Textbox]]>
    </line>
    <line>
      <![CDATA[Click on Template Description Messagebox]]>
    </line>
    <line>
      <![CDATA[Enter Template Description Message Under Description box]]>
    </line>
    <line>
      <![CDATA[Click on Template Description box Ok button]]>
    </line>
    <line>
      <![CDATA[Verifying Template created successfully Message]]>
    </line>
    <line>
      <![CDATA[Click on Template Created Ok button]]>
    </line>
    <line>
      <![CDATA[Verifying to CreateorBrowse Officedoc Template advancedviewing]]>
    </line>
    <line>
      <![CDATA[Test Scenario 4: Verifying to  Edit and Delete Advanced View Officedocument]]>
    </line>
    <line>
      <![CDATA[Scenario 01: Log into a EWA]]>
    </line>
    <line>
      <![CDATA[Enter valid user name into username field]]>
    </line>
    <line>
      <![CDATA[Mousehover to Template Tab]]>
    </line>
    <line>
      <![CDATA[Select Created Template page]]>
    </line>
    <line>
      <![CDATA[Click on Edit Template Fab button]]>
    </line>
    <line>
      <![CDATA[Click on Edit Template Description Messagebox ]]>
    </line>
    <line>
      <![CDATA[Enter Message under Edit Template Description Messagebox]]>
    </line>
    <line>
      <![CDATA[Click on Ok button]]>
    </line>
    <line>
      <![CDATA[Template edited successfully]]>
    </line>
    <line>
      <![CDATA[Click on Template Edited successfully dialog Ok button]]>
    </line>
    <line>
      <![CDATA[Mousehover to Template Tab]]>
    </line>
    <line>
      <![CDATA[Select Created Template page]]>
    </line>
    <line>
      <![CDATA[Click on Delete Template Fab button]]>
    </line>
    <line>
      <![CDATA[Template Deleted Successfully]]>
    </line>
    <line>
      <![CDATA[Test Scenario 5: Verifying to  Create Form mapping in Advanced viewing]]>
    </line>
    <line>
      <![CDATA[Scenario 01: Log into a EWA]]>
    </line>
    <line>
      <![CDATA[Enter valid user name into username field]]>
    </line>
    <line>
      <![CDATA[Click on Setting Icon]]>
    </line>
    <line>
      <![CDATA[Click on My Preferences Option]]>
    </line>
    <line>
      <![CDATA[Select Pdf Document and set Advanced view Option]]>
    </line>
    <line>
      <![CDATA[Click on Apply button]]>
    </line>
    <line>
      <![CDATA[Saved Successfully! this toast message should show]]>
    </line>
    <line>
      <![CDATA[Click on Template Tab]]>
    </line>
    <line>
      <![CDATA[Click on Destination Folder Textbox]]>
    </line>
    <line>
      <![CDATA[Expand a Cabinet]]>
    </line>
    <line>
      <![CDATA[Expand a Drawer]]>
    </line>
    <line>
      <![CDATA[Folder is selected for Templates]]>
    </line>
    <line>
      <![CDATA[Click on Ok button]]>
    </line>
    <line>
      <![CDATA[Select value from Document type dropdown]]>
    </line>
    <line>
      <![CDATA[Enter value into Report Name field]]>
    </line>
    <line>
      <![CDATA[Browse Document Page]]>
    </line>
    <line>
      <![CDATA[Enter Pdf file Name]]>
    </line>
    <line>
      <![CDATA[Test Scenario 5: Verifying to  Create Form mapping in Advanced viewing]]>
    </line>
    <line>
      <![CDATA[Scenario 01: Log into a EWA]]>
    </line>
    <line>
      <![CDATA[Enter valid user name into username field]]>
    </line>
    <line>
      <![CDATA[Click on Setting Icon]]>
    </line>
    <line>
      <![CDATA[Click on My Preferences Option]]>
    </line>
    <line>
      <![CDATA[Select Pdf Document and set Advanced view Option]]>
    </line>
    <line>
      <![CDATA[Click on Apply button]]>
    </line>
    <line>
      <![CDATA[Saved Successfully! this toast message should show]]>
    </line>
    <line>
      <![CDATA[Click on Template Tab]]>
    </line>
    <line>
      <![CDATA[Click on Destination Folder Textbox]]>
    </line>
    <line>
      <![CDATA[Expand a Cabinet]]>
    </line>
    <line>
      <![CDATA[Expand a Drawer]]>
    </line>
    <line>
      <![CDATA[Test Scenario 5: Verifying to  Create Form mapping in Advanced viewing]]>
    </line>
    <line>
      <![CDATA[Scenario 01: Log into a EWA]]>
    </line>
    <line>
      <![CDATA[Enter valid user name into username field]]>
    </line>
    <line>
      <![CDATA[Click on Setting Icon]]>
    </line>
    <line>
      <![CDATA[Click on My Preferences Option]]>
    </line>
    <line>
      <![CDATA[Select Pdf Document and set Advanced view Option]]>
    </line>
    <line>
      <![CDATA[Click on Apply button]]>
    </line>
    <line>
      <![CDATA[Saved Successfully! this toast message should show]]>
    </line>
    <line>
      <![CDATA[Click on Template Tab]]>
    </line>
    <line>
      <![CDATA[Click on Destination Folder Textbox]]>
    </line>
    <line>
      <![CDATA[Expand a Cabinet]]>
    </line>
    <line>
      <![CDATA[Expand a Drawer]]>
    </line>
    <line>
      <![CDATA[Folder is selected for Templates]]>
    </line>
    <line>
      <![CDATA[Click on Ok button]]>
    </line>
    <line>
      <![CDATA[Select value from Document type dropdown]]>
    </line>
    <line>
      <![CDATA[Enter value into Report Name field]]>
    </line>
    <line>
      <![CDATA[Browse Document Page]]>
    </line>
    <line>
      <![CDATA[Enter Pdf file Name]]>
    </line>
    <line>
      <![CDATA[Test Scenario 5: Verifying to  Create Form mapping in Advanced viewing]]>
    </line>
    <line>
      <![CDATA[Scenario 01: Log into a EWA]]>
    </line>
    <line>
      <![CDATA[Enter valid user name into username field]]>
    </line>
    <line>
      <![CDATA[Click on Setting Icon]]>
    </line>
    <line>
      <![CDATA[Click on My Preferences Option]]>
    </line>
    <line>
      <![CDATA[Select Pdf Document and set Advanced view Option]]>
    </line>
    <line>
      <![CDATA[Click on Apply button]]>
    </line>
    <line>
      <![CDATA[Saved Successfully! this toast message should show]]>
    </line>
    <line>
      <![CDATA[Click on Template Tab]]>
    </line>
    <line>
      <![CDATA[Click on Destination Folder Textbox]]>
    </line>
    <line>
      <![CDATA[Expand a Cabinet]]>
    </line>
    <line>
      <![CDATA[Expand a Drawer]]>
    </line>
    <line>
      <![CDATA[<b>Test Failed: TC_05_verify_to_Create_Formmapping_PDFTemplate_Advancedviewing</b>]]>
    </line>
    <line>
      <![CDATA[<a href='screenshots/TC_05_verify_to_Create_Formmapping_PDFTemplate_Advancedviewing_failure.png' target='_blank'>View Screenshot</a>]]>
    </line>
    <line>
      <![CDATA[<br><img src='screenshots/TC_05_verify_to_Create_Formmapping_PDFTemplate_Advancedviewing_failure.png' width='400' height='300'/><br>]]>
    </line>
    <line>
      <![CDATA[Test Scenario 6: Verifying to  Edit and Delete Form field]]>
    </line>
    <line>
      <![CDATA[Scenario 01: Log into a EWA]]>
    </line>
    <line>
      <![CDATA[Enter valid user name into username field]]>
    </line>
    <line>
      <![CDATA[Click on Template Tab]]>
    </line>
    <line>
      <![CDATA[Test Scenario 6: Verifying to  Edit and Delete Form field]]>
    </line>
    <line>
      <![CDATA[Scenario 01: Log into a EWA]]>
    </line>
    <line>
      <![CDATA[Enter valid user name into username field]]>
    </line>
    <line>
      <![CDATA[Click on Template Tab]]>
    </line>
    <line>
      <![CDATA[Test Scenario 6: Verifying to  Edit and Delete Form field]]>
    </line>
    <line>
      <![CDATA[Scenario 01: Log into a EWA]]>
    </line>
    <line>
      <![CDATA[Enter valid user name into username field]]>
    </line>
    <line>
      <![CDATA[Click on Template Tab]]>
    </line>
    <line>
      <![CDATA[Test Scenario 6: Verifying to  Edit and Delete Form field]]>
    </line>
    <line>
      <![CDATA[Scenario 01: Log into a EWA]]>
    </line>
    <line>
      <![CDATA[Enter valid user name into username field]]>
    </line>
    <line>
      <![CDATA[Click on Template Tab]]>
    </line>
    <line>
      <![CDATA[<b>Test Failed: TC_06_Verify_to_Edit_and_Delete_Formfield</b>]]>
    </line>
    <line>
      <![CDATA[<a href='screenshots/TC_06_Verify_to_Edit_and_Delete_Formfield_failure.png' target='_blank'>View Screenshot</a>]]>
    </line>
    <line>
      <![CDATA[<br><img src='screenshots/TC_06_Verify_to_Edit_and_Delete_Formfield_failure.png' width='400' height='300'/><br>]]>
    </line>
    <line>
      <![CDATA[Test Scenario 7: Set Office and Pdf document option in Default view]]>
    </line>
    <line>
      <![CDATA[Scenario 01: Log into a EWA]]>
    </line>
    <line>
      <![CDATA[Enter valid user name into username field]]>
    </line>
    <line>
      <![CDATA[Click on Setting Icon]]>
    </line>
    <line>
      <![CDATA[Click on My Preferences Option]]>
    </line>
    <line>
      <![CDATA[Select Office Documentand set Default View Option]]>
    </line>
    <line>
      <![CDATA[Select PdfDocument and set Default View Option]]>
    </line>
    <line>
      <![CDATA[Click on Apply button]]>
    </line>
    <line>
      <![CDATA[Saved Successfully! this toast message should show]]>
    </line>
    <line>
      <![CDATA[Click on Refresh button]]>
    </line>
    <line>
      <![CDATA[Chrome driver launched successfull]]>
    </line>
    <line>
      <![CDATA[Launched Contentverse URL Details: http://10.4.10.119:8080/CVWeb/cvLgn]]>
    </line>
    <line>
      <![CDATA[No error message found]]>
    </line>
    <line>
      <![CDATA[Page title name: Contentverse]]>
    </line>
    <line>
      <![CDATA[EWA URL launched successfull]]>
    </line>
    <line>
      <![CDATA[CVS URL started Successfull]]>
    </line>
    <line>
      <![CDATA[Scenario 01: Log into a EWA]]>
    </line>
    <line>
      <![CDATA[Enter valid user name into username field]]>
    </line>
    <line>
      <![CDATA[UserName Details: Dipak]]>
    </line>
    <line>
      <![CDATA[Enter valid password into password field]]>
    </line>
    <line>
      <![CDATA[Select a Room]]>
    </line>
    <line>
      <![CDATA[Selected Room name: demoserver.demoroom]]>
    </line>
    <line>
      <![CDATA[Captcha is not present, proceeding with login.]]>
    </line>
    <line>
      <![CDATA[Click Login button]]>
    </line>
    <line>
      <![CDATA[Session for user is already active. Do you want to create a new session? Dialog box displayed. User clicks OK button.]]>
    </line>
    <line>
      <![CDATA[Session message did not appear. Proceeding with login.]]>
    </line>
    <line>
      <![CDATA[User has logged in successfully.]]>
    </line>
    <line>
      <![CDATA[Test Scenario 1 : Verifying message Select Folder To Create Document ]]>
    </line>
    <line>
      <![CDATA[Scenario 01: Log into a EWA]]>
    </line>
    <line>
      <![CDATA[Enter valid user name into username field]]>
    </line>
    <line>
      <![CDATA[ user alreday Logged]]>
    </line>
    <line>
      <![CDATA[Click on Setting Icon]]>
    </line>
    <line>
      <![CDATA[Click on My Preferences Option]]>
    </line>
    <line>
      <![CDATA[Select Office Documnet and set as Default view]]>
    </line>
    <line>
      <![CDATA[Select Pdf Documnet and set as Default view]]>
    </line>
    <line>
      <![CDATA[Click on Apply button]]>
    </line>
    <line>
      <![CDATA[Saved Successfully! this toast message should show]]>
    </line>
    <line>
      <![CDATA[Click on Refresh button]]>
    </line>
    <line>
      <![CDATA[Search tab is displayed successfully.]]>
    </line>
    <line>
      <![CDATA[Click on Template Tab]]>
    </line>
    <line>
      <![CDATA[Click on Destination Folder TextBox]]>
    </line>
    <line>
      <![CDATA[Click on Ok button]]>
    </line>
    <line>
      <![CDATA[Please select a folder to create document this validation message should show]]>
    </line>
    <line>
      <![CDATA[Verified Select Folder Validation message]]>
    </line>
    <line>
      <![CDATA[Expand a Cabinet]]>
    </line>
    <line>
      <![CDATA[Click on Ok button]]>
    </line>
    <line>
      <![CDATA[Please select a folder to create document this validation message should show]]>
    </line>
    <line>
      <![CDATA[Verified Select Folder Validation message]]>
    </line>
    <line>
      <![CDATA[Expand a Drawer]]>
    </line>
    <line>
      <![CDATA[Click on Ok button]]>
    </line>
    <line>
      <![CDATA[Please select a folder to create document this validation message should show]]>
    </line>
    <line>
      <![CDATA[Verified Select Folder validation message]]>
    </line>
    <line>
      <![CDATA[ select a Folder]]>
    </line>
    <line>
      <![CDATA[Folder is selected for Templates]]>
    </line>
    <line>
      <![CDATA[Click on Ok button]]>
    </line>
    <line>
      <![CDATA[Test Scenario 2 : Verifying message add Pages Using Save and Clear button ]]>
    </line>
    <line>
      <![CDATA[Click on Save Template button]]>
    </line>
    <line>
      <![CDATA[Please add pages to the template before creating! this validation message should show]]>
    </line>
    <line>
      <![CDATA[Verified Error message]]>
    </line>
    <line>
      <![CDATA[Click on Save Template button]]>
    </line>
    <line>
      <![CDATA[Please add pages to the template before creating! this validation message should show]]>
    </line>
    <line>
      <![CDATA[Verified Error message]]>
    </line>
    <line>
      <![CDATA[Click on Clear button]]>
    </line>
    <line>
      <![CDATA[Click on Save Template button]]>
    </line>
    <line>
      <![CDATA[Please add pages to the template before creating! this validation message should show]]>
    </line>
    <line>
      <![CDATA[Verified Error message]]>
    </line>
    <line>
      <![CDATA[Click on Save Template button]]>
    </line>
    <line>
      <![CDATA[Please add pages to the template before creating! this validation message should show]]>
    </line>
    <line>
      <![CDATA[Verified Error message]]>
    </line>
    <line>
      <![CDATA[Add pages message verified]]>
    </line>
    <line>
      <![CDATA[Test Scenario 3 : Verifying Textbox Name and Templatename validation ]]>
    </line>
    <line>
      <![CDATA[Select Value from Document type Dropdown]]>
    </line>
    <line>
      <![CDATA[By using AutoIT add file from external folder]]>
    </line>
    <line>
      <![CDATA[Click on Save Template button]]>
    </line>
    <line>
      <![CDATA[Click on Template Description Ok button]]>
    </line>
    <line>
      <![CDATA[*Template name should be specified. this validation message should show]]>
    </line>
    <line>
      <![CDATA[Verified Validation error message]]>
    </line>
    <line>
      <![CDATA[Click on Template Name Textbox]]>
    </line>
    <line>
      <![CDATA[Enter Value Template Name Name Textbox]]>
    </line>
    <line>
      <![CDATA[Click on Ok button]]>
    </line>
    <line>
      <![CDATA[Verified Template created successfully]]>
    </line>
    <line>
      <![CDATA[Click on Ok button]]>
    </line>
    <line>
      <![CDATA[Mousehover to Template Tab]]>
    </line>
    <line>
      <![CDATA[Select Created Template from Template Tab]]>
    </line>
    <line>
      <![CDATA[Click on Create button]]>
    </line>
    <line>
      <![CDATA[ReportName*   field is required this validation message should show]]>
    </line>
    <line>
      <![CDATA[Verified validation Error]]>
    </line>
    <line>
      <![CDATA[Click on Delete Template Fab button]]>
    </line>
    <line>
      <![CDATA[Template Deleted Successfully]]>
    </line>
    <line>
      <![CDATA[Texbox and Template name validate]]>
    </line>
    <line>
      <![CDATA[Test Scenario 4 : Verifying validation Duplicate Template Created ]]>
    </line>
    <line>
      <![CDATA[Scenario 01: Log into a EWA]]>
    </line>
    <line>
      <![CDATA[Enter valid user name into username field]]>
    </line>
    <line>
      <![CDATA[Click on Setting Icon]]>
    </line>
    <line>
      <![CDATA[Click on My Preferences Option]]>
    </line>
    <line>
      <![CDATA[Select Office Document and set as Default View]]>
    </line>
    <line>
      <![CDATA[Select PdfC Document and set as Default View]]>
    </line>
    <line>
      <![CDATA[Click on Apply button]]>
    </line>
    <line>
      <![CDATA[Saved Successfully! this toast message should show]]>
    </line>
    <line>
      <![CDATA[Click on Refresh button]]>
    </line>
    <line>
      <![CDATA[Click on Template Tab]]>
    </line>
    <line>
      <![CDATA[Click on Destination Folder Textbox]]>
    </line>
    <line>
      <![CDATA[Expand a Cabinet]]>
    </line>
    <line>
      <![CDATA[Expand a Drawer]]>
    </line>
    <line>
      <![CDATA[Folder is selected for Templates]]>
    </line>
    <line>
      <![CDATA[Click on Ok button]]>
    </line>
    <line>
      <![CDATA[Select Document type dropdown]]>
    </line>
    <line>
      <![CDATA[Click on Report Name textbox]]>
    </line>
    <line>
      <![CDATA[Enter Report value into ReportName textbox]]>
    </line>
    <line>
      <![CDATA[Browse a Document Page]]>
    </line>
    <line>
      <![CDATA[By using AutoIT add file from external folder]]>
    </line>
    <line>
      <![CDATA[Browse a Document Page]]>
    </line>
    <line>
      <![CDATA[By using AutoIT add file from external folder]]>
    </line>
    <line>
      <![CDATA[Click on Template Description No button]]>
    </line>
    <line>
      <![CDATA[Click on Save Template button]]>
    </line>
    <line>
      <![CDATA[Click on Template Name textbox]]>
    </line>
    <line>
      <![CDATA[Enter Template Name]]>
    </line>
    <line>
      <![CDATA[Click on Template Description messagebox]]>
    </line>
    <line>
      <![CDATA[Enter message under Template Description]]>
    </line>
    <line>
      <![CDATA[Click on Template Description dialog OK button]]>
    </line>
    <line>
      <![CDATA[Verified Template created successfully]]>
    </line>
    <line>
      <![CDATA[Click on Ok button]]>
    </line>
    <line>
      <![CDATA[Verifying to CreateorBrowse Template Defaultviewing]]>
    </line>
    <line>
      <![CDATA[Click on Refresh button]]>
    </line>
    <line>
      <![CDATA[Click on Template Tab]]>
    </line>
    <line>
      <![CDATA[Click on Destination Folder Textbox]]>
    </line>
    <line>
      <![CDATA[Expand a Cabinet]]>
    </line>
    <line>
      <![CDATA[Expand a Drawer]]>
    </line>
    <line>
      <![CDATA[Folder is selected for Templates]]>
    </line>
    <line>
      <![CDATA[Click on Ok button]]>
    </line>
    <line>
      <![CDATA[Select Document type dropdown]]>
    </line>
    <line>
      <![CDATA[Select Report name textbox]]>
    </line>
    <line>
      <![CDATA[Enter value into Report Name field]]>
    </line>
    <line>
      <![CDATA[Browse a Document Page]]>
    </line>
    <line>
      <![CDATA[By using AutoIT add file from external folder]]>
    </line>
    <line>
      <![CDATA[Browse a Document Page]]>
    </line>
    <line>
      <![CDATA[By using AutoIT add file from external folder]]>
    </line>
    <line>
      <![CDATA[Click on Template Description No button]]>
    </line>
    <line>
      <![CDATA[Click on Save Template button]]>
    </line>
    <line>
      <![CDATA[Click on Template Name textbox]]>
    </line>
    <line>
      <![CDATA[Enter Template Name]]>
    </line>
    <line>
      <![CDATA[Click on Template Decription messagebox]]>
    </line>
    <line>
      <![CDATA[Enter message in Template description textbox]]>
    </line>
    <line>
      <![CDATA[Click on Ok button]]>
    </line>
    <line>
      <![CDATA[Template already exists with the same name.Please try creating with a different name. this popup message should show]]>
    </line>
    <line>
      <![CDATA[Verified Template already exist validation message]]>
    </line>
    <line>
      <![CDATA[Click on Ok button]]>
    </line>
    <line>
      <![CDATA[Click on No button]]>
    </line>
    <line>
      <![CDATA[Duplicate Template not creating validate]]>
    </line>
    <line>
      <![CDATA[Click on  Refresh button]]>
    </line>
    <line>
      <![CDATA[Alert not present]]>
    </line>
    <line>
      <![CDATA[Select created Template from Template Tab]]>
    </line>
    <line>
      <![CDATA[Click on Delete Template Fab button]]>
    </line>
    <line>
      <![CDATA[Template Deleted Successfully]]>
    </line>
    <line>
      <![CDATA[Test Scenario 5 : Verifying to Create or Browse Template Advancedviewing Officedoc]]>
    </line>
    <line>
      <![CDATA[Scenario 01: Log into a EWA]]>
    </line>
    <line>
      <![CDATA[Enter valid user name into username field]]>
    </line>
    <line>
      <![CDATA[Click on Refresh button]]>
    </line>
    <line>
      <![CDATA[Click on Setting Icon]]>
    </line>
    <line>
      <![CDATA[Click on My Preferences Option]]>
    </line>
    <line>
      <![CDATA[Select Office document and set as Advanced view]]>
    </line>
    <line>
      <![CDATA[Click on Apply button]]>
    </line>
    <line>
      <![CDATA[Saved Successfully! this toast message should show]]>
    </line>
    <line>
      <![CDATA[Click on Templates Tab]]>
    </line>
    <line>
      <![CDATA[Click on Destination Folder textbox]]>
    </line>
    <line>
      <![CDATA[Expand a Cabinet]]>
    </line>
    <line>
      <![CDATA[Expand a Drawer]]>
    </line>
    <line>
      <![CDATA[Folder is selected for Templates]]>
    </line>
    <line>
      <![CDATA[Click on Ok button]]>
    </line>
    <line>
      <![CDATA[Select Document type dropdown value]]>
    </line>
    <line>
      <![CDATA[Click on Report Name]]>
    </line>
    <line>
      <![CDATA[Enter value into Report Name field]]>
    </line>
    <line>
      <![CDATA[Browse Word document]]>
    </line>
    <line>
      <![CDATA[Click on Ok button]]>
    </line>
    <line>
      <![CDATA[Please enter file name this validation message should show]]>
    </line>
    <line>
      <![CDATA[Verified Validation error]]>
    </line>
    <line>
      <![CDATA[Enter Word file name]]>
    </line>
    <line>
      <![CDATA[Select word page]]>
    </line>
    <line>
      <![CDATA[Advanced Viewing New Word Document Created]]>
    </line>
    <line>
      <![CDATA[Browse Excel document]]>
    </line>
    <line>
      <![CDATA[Click on Ok button]]>
    </line>
    <line>
      <![CDATA[Please enter file name this validation message should show]]>
    </line>
    <line>
      <![CDATA[Verified Validation error message]]>
    </line>
    <line>
      <![CDATA[Enter Excel file name]]>
    </line>
    <line>
      <![CDATA[Browse  Document Page]]>
    </line>
    <line>
      <![CDATA[By using AutoIT add file from external folder]]>
    </line>
    <line>
      <![CDATA[Advanced Viewing New Excel Document Created]]>
    </line>
    <line>
      <![CDATA[Save Template button clicked successfully]]>
    </line>
    <line>
      <![CDATA[Click on Template description No button]]>
    </line>
    <line>
      <![CDATA[Click on Save Template button]]>
    </line>
    <line>
      <![CDATA[Click on Template name Textbox]]>
    </line>
    <line>
      <![CDATA[Enter Template Name]]>
    </line>
    <line>
      <![CDATA[Click on Template Description messagebox]]>
    </line>
    <line>
      <![CDATA[Enter message under Template Description]]>
    </line>
    <line>
      <![CDATA[Click on Ok button]]>
    </line>
    <line>
      <![CDATA[Verified Template created successfully]]>
    </line>
    <line>
      <![CDATA[Click on Ok button]]>
    </line>
    <line>
      <![CDATA[Verifying to CreateorBrowse Officedoc Template advancedviewing]]>
    </line>
    <line>
      <![CDATA[Click on Refresh button]]>
    </line>
    <line>
      <![CDATA[Mousehover to Template Tab]]>
    </line>
    <line>
      <![CDATA[Select created Template]]>
    </line>
    <line>
      <![CDATA[Click on Create button]]>
    </line>
    <line>
      <![CDATA[Document created successfully this message should show]]>
    </line>
    <line>
      <![CDATA[Click on Navigate button]]>
    </line>
    <line>
      <![CDATA[Mousehover to Template Tab]]>
    </line>
    <line>
      <![CDATA[Click on Refresh button]]>
    </line>
    <line>
      <![CDATA[Select Created Template]]>
    </line>
    <line>
      <![CDATA[Click on Delete Template Fab button]]>
    </line>
    <line>
      <![CDATA[Click on Ok button]]>
    </line>
    <line>
      <![CDATA[Template Deleted Successfully]]>
    </line>
    <line>
      <![CDATA[Test Scenario 6 : Verifying Validation Formmapping PDF Template Advancedviewing ]]>
    </line>
    <line>
      <![CDATA[Scenario 01: Log into a EWA]]>
    </line>
    <line>
      <![CDATA[Enter valid user name into username field]]>
    </line>
    <line>
      <![CDATA[Click on Refresh button]]>
    </line>
    <line>
      <![CDATA[Click on Setting Icon]]>
    </line>
    <line>
      <![CDATA[Click on My Preferences]]>
    </line>
    <line>
      <![CDATA[Select Pdf document and set as Advanced view]]>
    </line>
    <line>
      <![CDATA[Click on Apply button]]>
    </line>
    <line>
      <![CDATA[Saved Successfully! this toast message should show]]>
    </line>
    <line>
      <![CDATA[Click on Template Tab]]>
    </line>
    <line>
      <![CDATA[Click on Destination Folder Textbox]]>
    </line>
    <line>
      <![CDATA[Expand a Cabinet]]>
    </line>
    <line>
      <![CDATA[Expand a Drawer]]>
    </line>
    <line>
      <![CDATA[Folder is selected for Templates]]>
    </line>
    <line>
      <![CDATA[Click on Ok button]]>
    </line>
    <line>
      <![CDATA[Select Document type dropdown]]>
    </line>
    <line>
      <![CDATA[Click on Report Name]]>
    </line>
    <line>
      <![CDATA[Enter value Report Name Textbox]]>
    </line>
    <line>
      <![CDATA[Browse New Pdf document]]>
    </line>
    <line>
      <![CDATA[Click on  Ok button]]>
    </line>
    <line>
      <![CDATA[Please enter file name this validation message should show]]>
    </line>
    <line>
      <![CDATA[Verified Validation error message ]]>
    </line>
    <line>
      <![CDATA[Enter value Pdf file name field]]>
    </line>
    <line>
      <![CDATA[Click on Form mapping]]>
    </line>
    <line>
      <![CDATA[Please add form fields before mapping. this validation message should show]]>
    </line>
    <line>
      <![CDATA[Verified Form mapping validation message]]>
    </line>
    <line>
      <![CDATA[Click on Refresh button]]>
    </line>
    <line>
      <![CDATA[Click on No button]]>
    </line>
    <line>
      <![CDATA[Click on Refresh button]]>
    </line>
    <line>
      <![CDATA[Form mapping validation verified]]>
    </line>
    <line>
      <![CDATA[Test Scenario 7: Set Office and Pdf document option in Default view]]>
    </line>
    <line>
      <![CDATA[Scenario 01: Log into a EWA]]>
    </line>
    <line>
      <![CDATA[Enter valid user name into username field]]>
    </line>
    <line>
      <![CDATA[Click on Setting Icon]]>
    </line>
    <line>
      <![CDATA[Click on My Preferences Option]]>
    </line>
    <line>
      <![CDATA[Select Office Documentand set Default View Option]]>
    </line>
    <line>
      <![CDATA[Select PdfDocument and set Default View Option]]>
    </line>
    <line>
      <![CDATA[Click on Apply button]]>
    </line>
    <line>
      <![CDATA[Saved Successfully! this toast message should show]]>
    </line>
    <line>
      <![CDATA[Click on Refresh button]]>
    </line>
    <line>
      <![CDATA[Chrome driver launched successfull]]>
    </line>
    <line>
      <![CDATA[Launched Contentverse URL Details: http://10.4.10.119:8080/CVWeb/cvLgn]]>
    </line>
    <line>
      <![CDATA[No error message found]]>
    </line>
    <line>
      <![CDATA[Page title name: Contentverse]]>
    </line>
    <line>
      <![CDATA[EWA URL launched successfull]]>
    </line>
    <line>
      <![CDATA[CVS URL started Successfully]]>
    </line>
    <line>
      <![CDATA[Scenario 01: Log into a EWA]]>
    </line>
    <line>
      <![CDATA[Enter valid user name into username field]]>
    </line>
    <line>
      <![CDATA[UserName Details: Dipak]]>
    </line>
    <line>
      <![CDATA[Enter valid password into password field]]>
    </line>
    <line>
      <![CDATA[Select a Room]]>
    </line>
    <line>
      <![CDATA[Selected Room name: demoserver.demoroom]]>
    </line>
    <line>
      <![CDATA[Captcha is not present, proceeding with login.]]>
    </line>
    <line>
      <![CDATA[Click Login button]]>
    </line>
    <line>
      <![CDATA[Session for user is already active. Do you want to create a new session? Dialog box displayed. User clicks OK button.]]>
    </line>
    <line>
      <![CDATA[Session message did not appear. Proceeding with login.]]>
    </line>
    <line>
      <![CDATA[User has logged in successfully.]]>
    </line>
    <line>
      <![CDATA[Test Scenario 1 : Give All permission for Cabinet ]]>
    </line>
    <line>
      <![CDATA[Scenario 01: Log into a EWA]]>
    </line>
    <line>
      <![CDATA[Enter valid user name into username field]]>
    </line>
    <line>
      <![CDATA[Click on Refresh button]]>
    </line>
    <line>
      <![CDATA[Click on Username]]>
    </line>
    <line>
      <![CDATA[Click on Logout Option]]>
    </line>
    <line>
      <![CDATA[Scenario 01: Log into EWA]]>
    </line>
    <line>
      <![CDATA[Enter valid user name into username field]]>
    </line>
    <line>
      <![CDATA[UserName Details: admin]]>
    </line>
    <line>
      <![CDATA[Enter valid password into password field]]>
    </line>
    <line>
      <![CDATA[Select a Room]]>
    </line>
    <line>
      <![CDATA[Selected Room name: demoserver.demoroom]]>
    </line>
    <line>
      <![CDATA[Captcha is not present, proceeding with login.]]>
    </line>
    <line>
      <![CDATA[Click Login button]]>
    </line>
    <line>
      <![CDATA[Session message did not appear. Proceeding with login.]]>
    </line>
    <line>
      <![CDATA[Session message did not appear. Proceeding with login.]]>
    </line>
    <line>
      <![CDATA[Login EWA with  User]]>
    </line>
    <line>
      <![CDATA[Expand a Cabinet]]>
    </line>
    <line>
      <![CDATA[Mousehover to Roomname Tab]]>
    </line>
    <line>
      <![CDATA[Click on  Security Option]]>
    </line>
    <line>
      <![CDATA[Click on  Security dialog Add button]]>
    </line>
    <line>
      <![CDATA[Select User Group]]>
    </line>
    <line>
      <![CDATA[Click on Security dialog Ok button]]>
    </line>
    <line>
      <![CDATA[The Selected Entry is already in the Entry List. this validation message should show]]>
    </line>
    <line>
      <![CDATA[Verifying Validation message]]>
    </line>
    <line>
      <![CDATA[Select Added Group]]>
    </line>
    <line>
      <![CDATA[Click on  New Entry Security button]]>
    </line>
    <line>
      <![CDATA[Assign all permission to Group]]>
    </line>
    <line>
      <![CDATA[Click on Security dialog Apply button]]>
    </line>
    <line>
      <![CDATA[Click on  Security dialog Add button]]>
    </line>
    <line>
      <![CDATA[Click_UserGroup Downarrow which you want to select]]>
    </line>
    <line>
      <![CDATA[Select User from Group]]>
    </line>
    <line>
      <![CDATA[Click on Security dialog Ok button]]>
    </line>
    <line>
      <![CDATA[Select a User]]>
    </line>
    <line>
      <![CDATA[Click on  New Enty button]]>
    </line>
    <line>
      <![CDATA[Assign all permission to User]]>
    </line>
    <line>
      <![CDATA[Click on Security dialog Apply button]]>
    </line>
    <line>
      <![CDATA[Click on Username option]]>
    </line>
    <line>
      <![CDATA[Click on Logout option]]>
    </line>
    <line>
      <![CDATA[Timeout waiting for alert to appear.]]>
    </line>
    <line>
      <![CDATA[Click on  Security dialog Ok button]]>
    </line>
    <line>
      <![CDATA[All permission should be given for Cabinet]]>
    </line>
    <line>
      <![CDATA[Test Scenario 2 : Verifying All permission for Cabinet]]>
    </line>
    <line>
      <![CDATA[Scenario 01: Log into a EWA]]>
    </line>
    <line>
      <![CDATA[Enter valid user name into username field]]>
    </line>
    <line>
      <![CDATA[UserName Details: Dipak]]>
    </line>
    <line>
      <![CDATA[Enter valid password into password field]]>
    </line>
    <line>
      <![CDATA[Select a Room]]>
    </line>
    <line>
      <![CDATA[Selected Room name: demoserver.demoroom]]>
    </line>
    <line>
      <![CDATA[Captcha is not present, proceeding with login.]]>
    </line>
    <line>
      <![CDATA[Click Login button]]>
    </line>
    <line>
      <![CDATA[Session message did not appear. Proceeding with login.]]>
    </line>
    <line>
      <![CDATA[Session message did not appear. Proceeding with login.]]>
    </line>
    <line>
      <![CDATA[Login EWA with User credential]]>
    </line>
    <line>
      <![CDATA[Click on Refresh button]]>
    </line>
    <line>
      <![CDATA[Click on Setting Icon]]>
    </line>
    <line>
      <![CDATA[Click on My Preferences Option]]>
    </line>
    <line>
      <![CDATA[Select Office Document and set Default View]]>
    </line>
    <line>
      <![CDATA[Select Pdf Document and set Default View]]>
    </line>
    <line>
      <![CDATA[Click on Security dialog Apply button]]>
    </line>
    <line>
      <![CDATA[Click on New Document Tab]]>
    </line>
    <line>
      <![CDATA[Click on Destination Folder Textbox]]>
    </line>
    <line>
      <![CDATA[Expand a Cabinet]]>
    </line>
    <line>
      <![CDATA[Expand a Drawer]]>
    </line>
    <line>
      <![CDATA[select a Folder]]>
    </line>
    <line>
      <![CDATA[Click on Ok button ]]>
    </line>
    <line>
      <![CDATA[Select Value from Document type dropdown]]>
    </line>
    <line>
      <![CDATA[Enter value into Report Name field]]>
    </line>
    <line>
      <![CDATA[Browse a Document Page]]>
    </line>
    <line>
      <![CDATA[By using AutoIT add file from external folder]]>
    </line>
    <line>
      <![CDATA[Click on Create button]]>
    </line>
    <line>
      <![CDATA[Expand a Cabinet]]>
    </line>
    <line>
      <![CDATA[Expand a Drawer]]>
    </line>
    <line>
      <![CDATA[select a Folder]]>
    </line>
    <line>
      <![CDATA[Mousehover to Roomname Tab]]>
    </line>
    <line>
      <![CDATA[Check Document from Document List ]]>
    </line>
    <line>
      <![CDATA[Mousehover on Documents Tab]]>
    </line>
    <line>
      <![CDATA[Click on the Send To Option]]>
    </line>
    <line>
      <![CDATA[Click on Document from Document List]]>
    </line>
    <line>
      <![CDATA[Document Open successfully]]>
    </line>
    <line>
      <![CDATA[Click on First Page Thumbnail]]>
    </line>
    <line>
      <![CDATA[Verified All permission for Cabinet]]>
    </line>
    <line>
      <![CDATA[Click on Username option]]>
    </line>
    <line>
      <![CDATA[Click on Logout option]]>
    </line>
    <line>
      <![CDATA[Timeout waiting for alert to appear.]]>
    </line>
    <line>
      <![CDATA[Logout the user account ]]>
    </line>
    <line>
      <![CDATA[Test Scenario 3 : Remove All permission To  for Cabinet]]>
    </line>
    <line>
      <![CDATA[Scenario 01: Log into EWA]]>
    </line>
    <line>
      <![CDATA[Enter valid user name into username field]]>
    </line>
    <line>
      <![CDATA[UserName Details: admin]]>
    </line>
    <line>
      <![CDATA[Enter valid password into password field]]>
    </line>
    <line>
      <![CDATA[Select a Room]]>
    </line>
    <line>
      <![CDATA[Selected Room name: demoserver.demoroom]]>
    </line>
    <line>
      <![CDATA[Captcha is not present, proceeding with login.]]>
    </line>
    <line>
      <![CDATA[Click Login button]]>
    </line>
    <line>
      <![CDATA[Session message did not appear. Proceeding with login.]]>
    </line>
    <line>
      <![CDATA[Session message did not appear. Proceeding with login.]]>
    </line>
    <line>
      <![CDATA[Login EWA with admin User ]]>
    </line>
    <line>
      <![CDATA[Expand a Cabinet]]>
    </line>
    <line>
      <![CDATA[Mousehover to Roomname Tab]]>
    </line>
    <line>
      <![CDATA[Click on Security Option]]>
    </line>
    <line>
      <![CDATA[Select added User]]>
    </line>
    <line>
      <![CDATA[Click on Remove button]]>
    </line>
    <line>
      <![CDATA[Click on Security dialog Ok button]]>
    </line>
    <line>
      <![CDATA[Added Remove Successfully on Cabinet level]]>
    </line>
    <line>
      <![CDATA[Test Scenario 4 : Set Delete permission Denied for Folder]]>
    </line>
    <line>
      <![CDATA[Scenario 01: Log into EWA]]>
    </line>
    <line>
      <![CDATA[Enter valid user name into username field]]>
    </line>
    <line>
      <![CDATA[Click on Refresh button]]>
    </line>
    <line>
      <![CDATA[Expand a Cabinet]]>
    </line>
    <line>
      <![CDATA[Expand a Drawer]]>
    </line>
    <line>
      <![CDATA[select a Folder]]>
    </line>
    <line>
      <![CDATA[Mousehover to Roomname Tab]]>
    </line>
    <line>
      <![CDATA[Click on Security Option]]>
    </line>
    <line>
      <![CDATA[Click on Security dialog Add button]]>
    </line>
    <line>
      <![CDATA[Select Click_UserGroup Group]]>
    </line>
    <line>
      <![CDATA[Select User from Group]]>
    </line>
    <line>
      <![CDATA[Click on Security dialog Ok button]]>
    </line>
    <line>
      <![CDATA[The Selected Entry is already in the Entry List. this validation message should show]]>
    </line>
    <line>
      <![CDATA[Verifying Valialidation message]]>
    </line>
    <line>
      <![CDATA[Select added User]]>
    </line>
    <line>
      <![CDATA[Click on New Entry button]]>
    </line>
    <line>
      <![CDATA[Assign Permission to added User]]>
    </line>
    <line>
      <![CDATA[Denied Delete Permission for Folder]]>
    </line>
    <line>
      <![CDATA[Click on Security dialog Apply button]]>
    </line>
    <line>
      <![CDATA[Click on Security dialog Ok button]]>
    </line>
    <line>
      <![CDATA[Delete permission should be Denied Selected  for Drawer]]>
    </line>
    <line>
      <![CDATA[Click on Username option]]>
    </line>
    <line>
      <![CDATA[Click on Logout option]]>
    </line>
    <line>
      <![CDATA[Timeout waiting for alert to appear.]]>
    </line>
    <line>
      <![CDATA[Test Scenario 5 : Verifying Delete permission Denied for Folder ]]>
    </line>
    <line>
      <![CDATA[Scenario 01: Log into a EWA]]>
    </line>
    <line>
      <![CDATA[Enter valid user name into username field]]>
    </line>
    <line>
      <![CDATA[UserName Details: Dipak]]>
    </line>
    <line>
      <![CDATA[Enter valid password into password field]]>
    </line>
    <line>
      <![CDATA[Select a Room]]>
    </line>
    <line>
      <![CDATA[Selected Room name: demoserver.demoroom]]>
    </line>
    <line>
      <![CDATA[Captcha is not present, proceeding with login.]]>
    </line>
    <line>
      <![CDATA[Click Login button]]>
    </line>
    <line>
      <![CDATA[Session message did not appear. Proceeding with login.]]>
    </line>
    <line>
      <![CDATA[Session message did not appear. Proceeding with login.]]>
    </line>
    <line>
      <![CDATA[Login EWA with User Credential ]]>
    </line>
    <line>
      <![CDATA[Expand a Cabinet]]>
    </line>
    <line>
      <![CDATA[Expand a Drawer]]>
    </line>
    <line>
      <![CDATA[select a Folder]]>
    </line>
    <line>
      <![CDATA[Mousehover to Roomname Tab]]>
    </line>
    <line>
      <![CDATA[Check Document from Document List ]]>
    </line>
    <line>
      <![CDATA[Mousehover on Documents Tab]]>
    </line>
    <line>
      <![CDATA[Open Document from document List ]]>
    </line>
    <line>
      <![CDATA[Document Open successfully]]>
    </line>
    <line>
      <![CDATA[Select First page Thumbnail]]>
    </line>
    <line>
      <![CDATA[Verified Delete Option is Disable from Fab button and Delete Menu Option]]>
    </line>
    <line>
      <![CDATA[Click on Cross button and Close Document]]>
    </line>
    <line>
      <![CDATA[Click on Username option]]>
    </line>
    <line>
      <![CDATA[Click on Logout option]]>
    </line>
    <line>
      <![CDATA[Timeout waiting for alert to appear.]]>
    </line>
    <line>
      <![CDATA[Test Scenario 6 : Remove Delete Permission Denied for Folder]]>
    </line>
    <line>
      <![CDATA[Scenario 01: Log into EWA]]>
    </line>
    <line>
      <![CDATA[Enter valid user name into username field]]>
    </line>
    <line>
      <![CDATA[UserName Details: admin]]>
    </line>
    <line>
      <![CDATA[Enter valid password into password field]]>
    </line>
    <line>
      <![CDATA[Select a Room]]>
    </line>
    <line>
      <![CDATA[Selected Room name: demoserver.demoroom]]>
    </line>
    <line>
      <![CDATA[Captcha is not present, proceeding with login.]]>
    </line>
    <line>
      <![CDATA[Click Login button]]>
    </line>
    <line>
      <![CDATA[Session message did not appear. Proceeding with login.]]>
    </line>
    <line>
      <![CDATA[Session message did not appear. Proceeding with login.]]>
    </line>
    <line>
      <![CDATA[Login EWA with  User]]>
    </line>
    <line>
      <![CDATA[Expand a Cabinet]]>
    </line>
    <line>
      <![CDATA[Expand a Drawer]]>
    </line>
    <line>
      <![CDATA[select a Folder]]>
    </line>
    <line>
      <![CDATA[Mousehover into Roomname Tab]]>
    </line>
    <line>
      <![CDATA[Click on Security Option]]>
    </line>
    <line>
      <![CDATA[Select added User]]>
    </line>
    <line>
      <![CDATA[Click on Remove button]]>
    </line>
    <line>
      <![CDATA[Click on Security dialog Ok button]]>
    </line>
    <line>
      <![CDATA[Added user Remove Successfully on Folder level]]>
    </line>
    <line>
      <![CDATA[Delete permission is denied for Folder verified Successfully...]]>
    </line>
    <line>
      <![CDATA[Test Scenario 7 : Share permission Denied for Folder ]]>
    </line>
    <line>
      <![CDATA[Scenario 01: Log into EWA]]>
    </line>
    <line>
      <![CDATA[Enter valid user name into username field]]>
    </line>
    <line>
      <![CDATA[Click on Refresh button]]>
    </line>
    <line>
      <![CDATA[Expand a Cabinet]]>
    </line>
    <line>
      <![CDATA[Expand a Drawer]]>
    </line>
    <line>
      <![CDATA[select a Folder]]>
    </line>
    <line>
      <![CDATA[Mousehover to Roomname ]]>
    </line>
    <line>
      <![CDATA[Click on Security Option]]>
    </line>
    <line>
      <![CDATA[Click on Security dialog Add button]]>
    </line>
    <line>
      <![CDATA[Click on Click_UserGroup Group]]>
    </line>
    <line>
      <![CDATA[Select from Group]]>
    </line>
    <line>
      <![CDATA[Click on Security dialog Ok button]]>
    </line>
    <line>
      <![CDATA[Select added User]]>
    </line>
    <line>
      <![CDATA[Click on New Entry button]]>
    </line>
    <line>
      <![CDATA[Assign permission to Selected ]]>
    </line>
    <line>
      <![CDATA[Denied Share permission to Selected ]]>
    </line>
    <line>
      <![CDATA[Click on Security dialog Apply button]]>
    </line>
    <line>
      <![CDATA[Click on Security dialog Ok button]]>
    </line>
    <line>
      <![CDATA[Share permission should be Denied Selected  for Folder]]>
    </line>
    <line>
      <![CDATA[Click on Username]]>
    </line>
    <line>
      <![CDATA[Click on Logout Option]]>
    </line>
    <line>
      <![CDATA[Scenario 01: Log into a EWA]]>
    </line>
    <line>
      <![CDATA[Enter valid user name into username field]]>
    </line>
    <line>
      <![CDATA[UserName Details: Dipak]]>
    </line>
    <line>
      <![CDATA[Enter valid password into password field]]>
    </line>
    <line>
      <![CDATA[Select a Room]]>
    </line>
    <line>
      <![CDATA[Selected Room name: demoserver.demoroom]]>
    </line>
    <line>
      <![CDATA[Captcha is not present, proceeding with login.]]>
    </line>
    <line>
      <![CDATA[Click Login button]]>
    </line>
    <line>
      <![CDATA[Session message did not appear. Proceeding with login.]]>
    </line>
    <line>
      <![CDATA[Session message did not appear. Proceeding with login.]]>
    </line>
    <line>
      <![CDATA[Login EWA with User Credential]]>
    </line>
    <line>
      <![CDATA[Click on Refresh button]]>
    </line>
    <line>
      <![CDATA[Expand a Cabinet]]>
    </line>
    <line>
      <![CDATA[Expand a Drawer]]>
    </line>
    <line>
      <![CDATA[select a Folder]]>
    </line>
    <line>
      <![CDATA[Check Document from Document List ]]>
    </line>
    <line>
      <![CDATA[Mousehover on Documents Tab]]>
    </line>
    <line>
      <![CDATA[Click on the Send To Option]]>
    </line>
    <line>
      <![CDATA[Document open successfully under Folder]]>
    </line>
    <line>
      <![CDATA[Click on First page Thumbnail]]>
    </line>
    <line>
      <![CDATA[Verified Share option is Disable from Viewer menu]]>
    </line>
    <line>
      <![CDATA[Click on Cross button and Close document]]>
    </line>
    <line>
      <![CDATA[Click on Username option]]>
    </line>
    <line>
      <![CDATA[Click on Logout option]]>
    </line>
    <line>
      <![CDATA[Timeout waiting for alert to appear.]]>
    </line>
    <line>
      <![CDATA[Scenario 01: Log into EWA]]>
    </line>
    <line>
      <![CDATA[Enter valid user name into username field]]>
    </line>
    <line>
      <![CDATA[UserName Details: admin]]>
    </line>
    <line>
      <![CDATA[Enter valid password into password field]]>
    </line>
    <line>
      <![CDATA[Select a Room]]>
    </line>
    <line>
      <![CDATA[Selected Room name: demoserver.demoroom]]>
    </line>
    <line>
      <![CDATA[Captcha is not present, proceeding with login.]]>
    </line>
    <line>
      <![CDATA[Click Login button]]>
    </line>
    <line>
      <![CDATA[Session message did not appear. Proceeding with login.]]>
    </line>
    <line>
      <![CDATA[Session message did not appear. Proceeding with login.]]>
    </line>
    <line>
      <![CDATA[Login EWA with admin User ]]>
    </line>
    <line>
      <![CDATA[Expand a Cabinet]]>
    </line>
    <line>
      <![CDATA[Expand a Drawer]]>
    </line>
    <line>
      <![CDATA[select a Folder]]>
    </line>
    <line>
      <![CDATA[Mousehover to Roomname Tab]]>
    </line>
    <line>
      <![CDATA[Click on Security Tab]]>
    </line>
    <line>
      <![CDATA[Select added User ]]>
    </line>
    <line>
      <![CDATA[Click on Remove button]]>
    </line>
    <line>
      <![CDATA[Click on  Security dialog Ok button]]>
    </line>
    <line>
      <![CDATA[Added  Remove Successfully on Folder level]]>
    </line>
    <line>
      <![CDATA[Share permission is denied for Folder verified Successfully...]]>
    </line>
    <line>
      <![CDATA[Test Scenario 8 : Verifying Modify Permissions Denied on subFolder ]]>
    </line>
    <line>
      <![CDATA[Scenario 01: Log into EWA]]>
    </line>
    <line>
      <![CDATA[Enter valid user name into username field]]>
    </line>
    <line>
      <![CDATA[Click on Refresh button]]>
    </line>
    <line>
      <![CDATA[Expand a Cabinet]]>
    </line>
    <line>
      <![CDATA[Expand a Drawer]]>
    </line>
    <line>
      <![CDATA[select a Folder]]>
    </line>
    <line>
      <![CDATA[select a SubFolder]]>
    </line>
    <line>
      <![CDATA[Mousehover to Roomname Tab]]>
    </line>
    <line>
      <![CDATA[Click on Security Option]]>
    </line>
    <line>
      <![CDATA[Click on Security Dialog Add button]]>
    </line>
    <line>
      <![CDATA[Select Cvnamed Group]]>
    </line>
    <line>
      <![CDATA[Select User from Group]]>
    </line>
    <line>
      <![CDATA[Click on Security dialog Ok button]]>
    </line>
    <line>
      <![CDATA[Select added User]]>
    </line>
    <line>
      <![CDATA[Click on  New Entry button]]>
    </line>
    <line>
      <![CDATA[Assign all permission to Selected ]]>
    </line>
    <line>
      <![CDATA[Denied Modify Permission to Selected ]]>
    </line>
    <line>
      <![CDATA[Click on Security dialog Apply button]]>
    </line>
    <line>
      <![CDATA[Click on the Ok button]]>
    </line>
    <line>
      <![CDATA[Modify permission should be Denied Selected  for SubFolder]]>
    </line>
    <line>
      <![CDATA[Click on Username option]]>
    </line>
    <line>
      <![CDATA[Click on Logout option]]>
    </line>
    <line>
      <![CDATA[Timeout waiting for alert to appear.]]>
    </line>
    <line>
      <![CDATA[Scenario 01: Log into a EWA]]>
    </line>
    <line>
      <![CDATA[Enter valid user name into username field]]>
    </line>
    <line>
      <![CDATA[UserName Details: Dipak]]>
    </line>
    <line>
      <![CDATA[Enter valid password into password field]]>
    </line>
    <line>
      <![CDATA[Select a Room]]>
    </line>
    <line>
      <![CDATA[Selected Room name: demoserver.demoroom]]>
    </line>
    <line>
      <![CDATA[Captcha is not present, proceeding with login.]]>
    </line>
    <line>
      <![CDATA[Click Login button]]>
    </line>
    <line>
      <![CDATA[Session message did not appear. Proceeding with login.]]>
    </line>
    <line>
      <![CDATA[Session message did not appear. Proceeding with login.]]>
    </line>
    <line>
      <![CDATA[Login EWA with User Credential]]>
    </line>
    <line>
      <![CDATA[Expand a Cabinet]]>
    </line>
    <line>
      <![CDATA[Expand a  Drawer]]>
    </line>
    <line>
      <![CDATA[select a Folder]]>
    </line>
    <line>
      <![CDATA[select a SubFolder]]>
    </line>
    <line>
      <![CDATA[Mousehover to Roomname Tab]]>
    </line>
    <line>
      <![CDATA[Test Scenario 8 : Verifying Modify Permissions Denied on subFolder ]]>
    </line>
    <line>
      <![CDATA[Scenario 01: Log into EWA]]>
    </line>
    <line>
      <![CDATA[Enter valid user name into username field]]>
    </line>
    <line>
      <![CDATA[Click on Refresh button]]>
    </line>
    <line>
      <![CDATA[Expand a Cabinet]]>
    </line>
    <line>
      <![CDATA[Expand a Drawer]]>
    </line>
    <line>
      <![CDATA[select a Folder]]>
    </line>
    <line>
      <![CDATA[select a SubFolder]]>
    </line>
    <line>
      <![CDATA[Mousehover to Roomname Tab]]>
    </line>
    <line>
      <![CDATA[Click on Security Option]]>
    </line>
    <line>
      <![CDATA[Click on Security Dialog Add button]]>
    </line>
    <line>
      <![CDATA[Select Cvnamed Group]]>
    </line>
    <line>
      <![CDATA[Select User from Group]]>
    </line>
    <line>
      <![CDATA[Click on Security dialog Ok button]]>
    </line>
    <line>
      <![CDATA[The Selected Entry is already in the Entry List. this validation message should show]]>
    </line>
    <line>
      <![CDATA[Verifying Validation message]]>
    </line>
    <line>
      <![CDATA[Select added User]]>
    </line>
    <line>
      <![CDATA[Click on  New Entry button]]>
    </line>
    <line>
      <![CDATA[Assign all permission to Selected ]]>
    </line>
    <line>
      <![CDATA[Denied Modify Permission to Selected ]]>
    </line>
    <line>
      <![CDATA[Click on Security dialog Apply button]]>
    </line>
    <line>
      <![CDATA[Click on the Ok button]]>
    </line>
    <line>
      <![CDATA[Modify permission should be Denied Selected  for SubFolder]]>
    </line>
    <line>
      <![CDATA[Click on Username option]]>
    </line>
    <line>
      <![CDATA[Click on Logout option]]>
    </line>
    <line>
      <![CDATA[Timeout waiting for alert to appear.]]>
    </line>
    <line>
      <![CDATA[Scenario 01: Log into a EWA]]>
    </line>
    <line>
      <![CDATA[Enter valid user name into username field]]>
    </line>
    <line>
      <![CDATA[UserName Details: Dipak]]>
    </line>
    <line>
      <![CDATA[Enter valid password into password field]]>
    </line>
    <line>
      <![CDATA[Select a Room]]>
    </line>
    <line>
      <![CDATA[Selected Room name: demoserver.demoroom]]>
    </line>
    <line>
      <![CDATA[Captcha is not present, proceeding with login.]]>
    </line>
    <line>
      <![CDATA[Click Login button]]>
    </line>
    <line>
      <![CDATA[Session message did not appear. Proceeding with login.]]>
    </line>
    <line>
      <![CDATA[Session message did not appear. Proceeding with login.]]>
    </line>
    <line>
      <![CDATA[Login EWA with User Credential]]>
    </line>
    <line>
      <![CDATA[Expand a Cabinet]]>
    </line>
    <line>
      <![CDATA[Expand a  Drawer]]>
    </line>
    <line>
      <![CDATA[select a Folder]]>
    </line>
    <line>
      <![CDATA[select a SubFolder]]>
    </line>
    <line>
      <![CDATA[Mousehover to Roomname Tab]]>
    </line>
    <line>
      <![CDATA[Test Scenario 8 : Verifying Modify Permissions Denied on subFolder ]]>
    </line>
    <line>
      <![CDATA[Scenario 01: Log into EWA]]>
    </line>
    <line>
      <![CDATA[Enter valid user name into username field]]>
    </line>
    <line>
      <![CDATA[Click on Refresh button]]>
    </line>
    <line>
      <![CDATA[Expand a Cabinet]]>
    </line>
    <line>
      <![CDATA[Expand a Drawer]]>
    </line>
    <line>
      <![CDATA[select a Folder]]>
    </line>
    <line>
      <![CDATA[select a SubFolder]]>
    </line>
    <line>
      <![CDATA[Mousehover to Roomname Tab]]>
    </line>
    <line>
      <![CDATA[Click on Security Option]]>
    </line>
    <line>
      <![CDATA[Click on Security Dialog Add button]]>
    </line>
    <line>
      <![CDATA[Select Cvnamed Group]]>
    </line>
    <line>
      <![CDATA[Select User from Group]]>
    </line>
    <line>
      <![CDATA[Click on Security dialog Ok button]]>
    </line>
    <line>
      <![CDATA[The Selected Entry is already in the Entry List. this validation message should show]]>
    </line>
    <line>
      <![CDATA[Verifying Validation message]]>
    </line>
    <line>
      <![CDATA[Select added User]]>
    </line>
    <line>
      <![CDATA[Click on  New Entry button]]>
    </line>
    <line>
      <![CDATA[Assign all permission to Selected ]]>
    </line>
    <line>
      <![CDATA[Denied Modify Permission to Selected ]]>
    </line>
    <line>
      <![CDATA[Click on Security dialog Apply button]]>
    </line>
    <line>
      <![CDATA[Click on the Ok button]]>
    </line>
    <line>
      <![CDATA[Modify permission should be Denied Selected  for SubFolder]]>
    </line>
    <line>
      <![CDATA[Click on Username option]]>
    </line>
    <line>
      <![CDATA[Click on Logout option]]>
    </line>
    <line>
      <![CDATA[Timeout waiting for alert to appear.]]>
    </line>
    <line>
      <![CDATA[Scenario 01: Log into a EWA]]>
    </line>
    <line>
      <![CDATA[Enter valid user name into username field]]>
    </line>
    <line>
      <![CDATA[UserName Details: Dipak]]>
    </line>
    <line>
      <![CDATA[Enter valid password into password field]]>
    </line>
    <line>
      <![CDATA[Select a Room]]>
    </line>
    <line>
      <![CDATA[Selected Room name: demoserver.demoroom]]>
    </line>
    <line>
      <![CDATA[Captcha is not present, proceeding with login.]]>
    </line>
    <line>
      <![CDATA[Click Login button]]>
    </line>
    <line>
      <![CDATA[Session message did not appear. Proceeding with login.]]>
    </line>
    <line>
      <![CDATA[Session message did not appear. Proceeding with login.]]>
    </line>
    <line>
      <![CDATA[Login EWA with User Credential]]>
    </line>
    <line>
      <![CDATA[Expand a Cabinet]]>
    </line>
    <line>
      <![CDATA[Expand a  Drawer]]>
    </line>
    <line>
      <![CDATA[select a Folder]]>
    </line>
    <line>
      <![CDATA[select a SubFolder]]>
    </line>
    <line>
      <![CDATA[Mousehover to Roomname Tab]]>
    </line>
    <line>
      <![CDATA[Test Scenario 8 : Verifying Modify Permissions Denied on subFolder ]]>
    </line>
    <line>
      <![CDATA[Scenario 01: Log into EWA]]>
    </line>
    <line>
      <![CDATA[Enter valid user name into username field]]>
    </line>
    <line>
      <![CDATA[Click on Refresh button]]>
    </line>
    <line>
      <![CDATA[Expand a Cabinet]]>
    </line>
    <line>
      <![CDATA[Expand a Drawer]]>
    </line>
    <line>
      <![CDATA[select a Folder]]>
    </line>
    <line>
      <![CDATA[select a SubFolder]]>
    </line>
    <line>
      <![CDATA[Mousehover to Roomname Tab]]>
    </line>
    <line>
      <![CDATA[Click on Security Option]]>
    </line>
    <line>
      <![CDATA[Click on Security Dialog Add button]]>
    </line>
    <line>
      <![CDATA[Select Cvnamed Group]]>
    </line>
    <line>
      <![CDATA[Select User from Group]]>
    </line>
    <line>
      <![CDATA[Click on Security dialog Ok button]]>
    </line>
    <line>
      <![CDATA[The Selected Entry is already in the Entry List. this validation message should show]]>
    </line>
    <line>
      <![CDATA[Verifying Validation message]]>
    </line>
    <line>
      <![CDATA[Select added User]]>
    </line>
    <line>
      <![CDATA[Click on  New Entry button]]>
    </line>
[...]
              <![CDATA[Click on Save button menu Option]]>
            </line>
            <line>
              <![CDATA[Click on Ok button]]>
            </line>
            <line>
              <![CDATA[Click on Update Save button]]>
            </line>
            <line>
              <![CDATA[Click on Ok button]]>
            </line>
            <line>
              <![CDATA[Click on Properties Option from Document Viewer menu]]>
            </line>
            <line>
              <![CDATA[Upload and Verifying Allowing RoundBrackets Characterfile]]>
            </line>
            <line>
              <![CDATA[****************************************************************************************************************]]>
            </line>
          </reporter-output>
        </test-method> <!-- TC_13_Upload_and_verify_Allowing_RoundBrackets_Characterfile -->
        <test-method signature="TC_14_Upload_and_verify_Allowing_Accent_Characterfile()[pri:14, instance:Computhink.Script.Special_Char_FileNames@55f3c410]" started-at="2026-01-19T20:47:29 IST" name="TC_14_Upload_and_verify_Allowing_Accent_Characterfile" finished-at="2026-01-19T20:48:26 IST" duration-ms="56957" status="PASS">
          <reporter-output>
            <line>
              <![CDATA[Test Scenario 14 : Upload and Verifying Allowing Accent Characterfile]]>
            </line>
            <line>
              <![CDATA[Click on Update button]]>
            </line>
            <line>
              <![CDATA[Clear Report Name]]>
            </line>
            <line>
              <![CDATA[Enter value into Report Name field]]>
            </line>
            <line>
              <![CDATA[Browse Document Page from Local Path]]>
            </line>
            <line>
              <![CDATA[Select Uploaded Page]]>
            </line>
            <line>
              <![CDATA[Click on Save button menu Option]]>
            </line>
            <line>
              <![CDATA[Click on Ok button]]>
            </line>
            <line>
              <![CDATA[Click on Update Save button]]>
            </line>
            <line>
              <![CDATA[Click on Ok button]]>
            </line>
            <line>
              <![CDATA[Click on Properties Option from Document Viewer menu]]>
            </line>
            <line>
              <![CDATA[Upload and Verifying Allowing Accent Characterfile]]>
            </line>
            <line>
              <![CDATA[****************************************************************************************************************]]>
            </line>
          </reporter-output>
        </test-method> <!-- TC_14_Upload_and_verify_Allowing_Accent_Characterfile -->
        <test-method signature="TC_15_Upload_and_verify_Allowing_Ampersant_Characterfile()[pri:15, instance:Computhink.Script.Special_Char_FileNames@55f3c410]" started-at="2026-01-19T20:48:26 IST" name="TC_15_Upload_and_verify_Allowing_Ampersant_Characterfile" finished-at="2026-01-19T20:49:29 IST" duration-ms="62283" status="PASS">
          <reporter-output>
            <line>
              <![CDATA[Test Scenario 15 :Upload and Verifying Allowing Ampersant Characterfile ]]>
            </line>
            <line>
              <![CDATA[Click on Update button]]>
            </line>
            <line>
              <![CDATA[Clear Report Name]]>
            </line>
            <line>
              <![CDATA[Enter value into Report Name field]]>
            </line>
            <line>
              <![CDATA[Browse Document Page from Local Path]]>
            </line>
            <line>
              <![CDATA[Select Uploaded Page]]>
            </line>
            <line>
              <![CDATA[Click on Save button menu Option]]>
            </line>
            <line>
              <![CDATA[Click on Ok button]]>
            </line>
            <line>
              <![CDATA[Click on Update Save button]]>
            </line>
            <line>
              <![CDATA[Click on Ok button]]>
            </line>
            <line>
              <![CDATA[Click on Properties Option from Document Viewer menu]]>
            </line>
            <line>
              <![CDATA[Upload and Verifying Allowing Ampersant Characterfile]]>
            </line>
            <line>
              <![CDATA[****************************************************************************************************************]]>
            </line>
          </reporter-output>
        </test-method> <!-- TC_15_Upload_and_verify_Allowing_Ampersant_Characterfile -->
        <test-method signature="TC_16_Upload_and_verify_Allowing_Underscore_Characterfile()[pri:16, instance:Computhink.Script.Special_Char_FileNames@55f3c410]" started-at="2026-01-19T20:49:29 IST" name="TC_16_Upload_and_verify_Allowing_Underscore_Characterfile" finished-at="2026-01-19T20:50:26 IST" duration-ms="57439" status="PASS">
          <reporter-output>
            <line>
              <![CDATA[Test Scenario 16 :Upload and Verifying Allowing Underscore Characterfile]]>
            </line>
            <line>
              <![CDATA[Click on Update button]]>
            </line>
            <line>
              <![CDATA[Clear Report Name]]>
            </line>
            <line>
              <![CDATA[Enter value into Report Name field]]>
            </line>
            <line>
              <![CDATA[Browse Document Page from Local Path]]>
            </line>
            <line>
              <![CDATA[By using AutoIT add file from external folder]]>
            </line>
            <line>
              <![CDATA[Select Uploaded Page]]>
            </line>
            <line>
              <![CDATA[Click on Save button menu Option]]>
            </line>
            <line>
              <![CDATA[Click on Ok button]]>
            </line>
            <line>
              <![CDATA[Click on Update Save button]]>
            </line>
            <line>
              <![CDATA[Click on Ok button]]>
            </line>
            <line>
              <![CDATA[Click on Properties Option from Document Viewer menu]]>
            </line>
            <line>
              <![CDATA[Upload and Verifying Allowing Underscore Characterfile]]>
            </line>
            <line>
              <![CDATA[****************************************************************************************************************]]>
            </line>
          </reporter-output>
        </test-method> <!-- TC_16_Upload_and_verify_Allowing_Underscore_Characterfile -->
        <test-method signature="TC_17_Upload_and_verify_Allowing_Flowerbracket_Characterfile()[pri:17, instance:Computhink.Script.Special_Char_FileNames@55f3c410]" started-at="2026-01-19T20:50:26 IST" name="TC_17_Upload_and_verify_Allowing_Flowerbracket_Characterfile" finished-at="2026-01-19T20:51:24 IST" duration-ms="57798" status="PASS">
          <reporter-output>
            <line>
              <![CDATA[Test Scenario 17 : Upload and Verifying Allowing Flowerbracket Characterfile]]>
            </line>
            <line>
              <![CDATA[Click on Update button]]>
            </line>
            <line>
              <![CDATA[Clear Report Name]]>
            </line>
            <line>
              <![CDATA[Enter value into Report Name field]]>
            </line>
            <line>
              <![CDATA[Browse Document Page from Local Path]]>
            </line>
            <line>
              <![CDATA[Select Uploaded Page]]>
            </line>
            <line>
              <![CDATA[Click on Save button menu Option]]>
            </line>
            <line>
              <![CDATA[Click on Ok button]]>
            </line>
            <line>
              <![CDATA[Click on Update Save button]]>
            </line>
            <line>
              <![CDATA[Click on Ok button]]>
            </line>
            <line>
              <![CDATA[Click on Properties Option from Document Viewer menu]]>
            </line>
            <line>
              <![CDATA[Upload and Verifying Allowing Flowerbracket Characterfile]]>
            </line>
            <line>
              <![CDATA[****************************************************************************************************************]]>
            </line>
          </reporter-output>
        </test-method> <!-- TC_17_Upload_and_verify_Allowing_Flowerbracket_Characterfile -->
        <test-method signature="TC_18_Upload_and_verify_Allowing_Squarebracket_Characterfile()[pri:18, instance:Computhink.Script.Special_Char_FileNames@55f3c410]" started-at="2026-01-19T20:51:24 IST" name="TC_18_Upload_and_verify_Allowing_Squarebracket_Characterfile" finished-at="2026-01-19T20:52:33 IST" duration-ms="69532" status="PASS">
          <reporter-output>
            <line>
              <![CDATA[Test Scenario 18 : Upload and Verifying Allowing Squarebracket Characterfile ]]>
            </line>
            <line>
              <![CDATA[Click on Update button]]>
            </line>
            <line>
              <![CDATA[Clear Report Name]]>
            </line>
            <line>
              <![CDATA[Enter value into Report Name field]]>
            </line>
            <line>
              <![CDATA[Browse Document Page from Local Path]]>
            </line>
            <line>
              <![CDATA[Select Uploaded Page]]>
            </line>
            <line>
              <![CDATA[Click on Save button menu Option]]>
            </line>
            <line>
              <![CDATA[Click on Ok button]]>
            </line>
            <line>
              <![CDATA[Click on Update Save button]]>
            </line>
            <line>
              <![CDATA[Click on Ok button]]>
            </line>
            <line>
              <![CDATA[Click on Properties Option from Document Viewer menu]]>
            </line>
            <line>
              <![CDATA[Upload and Verifying Allowing Squarebracket Characterfile]]>
            </line>
            <line>
              <![CDATA[****************************************************************************************************************]]>
            </line>
          </reporter-output>
        </test-method> <!-- TC_18_Upload_and_verify_Allowing_Squarebracket_Characterfile -->
        <test-method signature="TC_19_Upload_and_verify_Allowing_SemiColon_Characterfile()[pri:19, instance:Computhink.Script.Special_Char_FileNames@55f3c410]" started-at="2026-01-19T20:52:33 IST" name="TC_19_Upload_and_verify_Allowing_SemiColon_Characterfile" finished-at="2026-01-19T20:53:48 IST" duration-ms="74396" status="PASS">
          <reporter-output>
            <line>
              <![CDATA[Test Scenario 19 :Upload and Verifying Allowing SemiColon Characterfile ]]>
            </line>
            <line>
              <![CDATA[Click on Update button]]>
            </line>
            <line>
              <![CDATA[Clear Report Name]]>
            </line>
            <line>
              <![CDATA[Enter value into Report Name field]]>
            </line>
            <line>
              <![CDATA[Browse Document Page from Local Path]]>
            </line>
            <line>
              <![CDATA[Select Uploaded Page]]>
            </line>
            <line>
              <![CDATA[Click on Save button menu Option]]>
            </line>
            <line>
              <![CDATA[Click on Ok button]]>
            </line>
            <line>
              <![CDATA[Click on Update Save button]]>
            </line>
            <line>
              <![CDATA[Click on Ok button]]>
            </line>
            <line>
              <![CDATA[Click on Properties Option from Document Viewer menu]]>
            </line>
            <line>
              <![CDATA[Upload and Verifying Allowing Semicolon Characterfile]]>
            </line>
            <line>
              <![CDATA[****************************************************************************************************************]]>
            </line>
          </reporter-output>
        </test-method> <!-- TC_19_Upload_and_verify_Allowing_SemiColon_Characterfile -->
        <test-method signature="TC_20_Verify_All_filetypes()[pri:20, instance:Computhink.Script.Special_Char_FileNames@55f3c410]" started-at="2026-01-19T20:54:26 IST" name="TC_20_Verify_All_filetypes" finished-at="2026-01-19T20:54:31 IST" duration-ms="5021" status="FAIL">
          <exception class="org.openqa.selenium.NoSuchElementException">
            <message>
              <![CDATA[no such element: Unable to locate element: {"method":"xpath","selector":"//*[@id='docViewerMetaData']/div[1]"}
  (Session info: chrome=144.0.7559.59)
For documentation on this error, please visit: https://www.selenium.dev/documentation/webdriver/troubleshooting/errors#no-such-element-exception
Build info: version: '4.17.0', revision: 'e52b1be057*'
System info: os.name: 'Windows 10', os.arch: 'amd64', os.version: '10.0', java.version: '17.0.7'
Driver info: org.openqa.selenium.chrome.ChromeDriver
Command: [f3dde0f8bed68723131004055fc4bdba, findElement {using=xpath, value=//*[@id='docViewerMetaData']/div[1]}]
Capabilities {acceptInsecureCerts: false, browserName: chrome, browserVersion: 144.0.7559.59, chrome: {chromedriverVersion: 144.0.7559.31 (18537d992890..., userDataDir: C:\Users\dipak.p\AppData\Lo...}, fedcm:accounts: true, goog:chromeOptions: {debuggerAddress: localhost:55019}, goog:processID: 39800, networkConnectionEnabled: false, pageLoadStrategy: normal, platformName: windows, proxy: Proxy(), se:cdp: ws://localhost:55019/devtoo..., se:cdpVersion: 144.0.7559.59, setWindowRect: true, strictFileInteractability: false, timeouts: {implicit: 0, pageLoad: 300000, script: 30000}, unhandledPromptBehavior: dismiss and notify, webauthn:extension:credBlob: true, webauthn:extension:largeBlob: true, webauthn:extension:minPinLength: true, webauthn:extension:prf: true, webauthn:virtualAuthenticators: true}
Session ID: f3dde0f8bed68723131004055fc4bdba]]>
            </message>
            <full-stacktrace>
              <![CDATA[org.openqa.selenium.NoSuchElementException: no such element: Unable to locate element: {"method":"xpath","selector":"//*[@id='docViewerMetaData']/div[1]"}
  (Session info: chrome=144.0.7559.59)
For documentation on this error, please visit: https://www.selenium.dev/documentation/webdriver/troubleshooting/errors#no-such-element-exception
Build info: version: '4.17.0', revision: 'e52b1be057*'
System info: os.name: 'Windows 10', os.arch: 'amd64', os.version: '10.0', java.version: '17.0.7'
Driver info: org.openqa.selenium.chrome.ChromeDriver
Command: [f3dde0f8bed68723131004055fc4bdba, findElement {using=xpath, value=//*[@id='docViewerMetaData']/div[1]}]
Capabilities {acceptInsecureCerts: false, browserName: chrome, browserVersion: 144.0.7559.59, chrome: {chromedriverVersion: 144.0.7559.31 (18537d992890..., userDataDir: C:\Users\dipak.p\AppData\Lo...}, fedcm:accounts: true, goog:chromeOptions: {debuggerAddress: localhost:55019}, goog:processID: 39800, networkConnectionEnabled: false, pageLoadStrategy: normal, platformName: windows, proxy: Proxy(), se:cdp: ws://localhost:55019/devtoo..., se:cdpVersion: 144.0.7559.59, setWindowRect: true, strictFileInteractability: false, timeouts: {implicit: 0, pageLoad: 300000, script: 30000}, unhandledPromptBehavior: dismiss and notify, webauthn:extension:credBlob: true, webauthn:extension:largeBlob: true, webauthn:extension:minPinLength: true, webauthn:extension:prf: true, webauthn:virtualAuthenticators: true}
Session ID: f3dde0f8bed68723131004055fc4bdba
at jdk.internal.reflect.GeneratedConstructorAccessor59.newInstance(Unknown Source)
at java.base/jdk.internal.reflect.DelegatingConstructorAccessorImpl.newInstance(DelegatingConstructorAccessorImpl.java:45)
at java.base/java.lang.reflect.Constructor.newInstanceWithCaller(Constructor.java:499)
at java.base/java.lang.reflect.Constructor.newInstance(Constructor.java:480)
at org.openqa.selenium.remote.codec.w3c.W3CHttpResponseCodec.createException(W3CHttpResponseCodec.java:185)
at org.openqa.selenium.remote.codec.w3c.W3CHttpResponseCodec.decode(W3CHttpResponseCodec.java:134)
at org.openqa.selenium.remote.codec.w3c.W3CHttpResponseCodec.decode(W3CHttpResponseCodec.java:51)
at org.openqa.selenium.remote.HttpCommandExecutor.execute(HttpCommandExecutor.java:190)
at org.openqa.selenium.remote.service.DriverCommandExecutor.invokeExecute(DriverCommandExecutor.java:216)
at org.openqa.selenium.remote.service.DriverCommandExecutor.execute(DriverCommandExecutor.java:174)
at org.openqa.selenium.remote.RemoteWebDriver.execute(RemoteWebDriver.java:519)
at org.openqa.selenium.remote.ElementLocation$ElementFinder$2.findElement(ElementLocation.java:165)
at org.openqa.selenium.remote.ElementLocation.findElement(ElementLocation.java:59)
at org.openqa.selenium.remote.RemoteWebDriver.findElement(RemoteWebDriver.java:356)
at org.openqa.selenium.remote.RemoteWebDriver.findElement(RemoteWebDriver.java:350)
at Computhink.Pom.SpecialCharFilenames.Verify_All_filetypes(SpecialCharFilenames.java:1181)
at Computhink.Script.Special_Char_FileNames.TC_20_Verify_All_filetypes(Special_Char_FileNames.java:147)
at java.base/jdk.internal.reflect.NativeMethodAccessorImpl.invoke0(Native Method)
at java.base/jdk.internal.reflect.NativeMethodAccessorImpl.invoke(NativeMethodAccessorImpl.java:77)
at java.base/jdk.internal.reflect.DelegatingMethodAccessorImpl.invoke(DelegatingMethodAccessorImpl.java:43)
at java.base/java.lang.reflect.Method.invoke(Method.java:568)
at org.testng.internal.MethodInvocationHelper.invokeMethod(MethodInvocationHelper.java:133)
at org.testng.internal.TestInvoker.invokeMethod(TestInvoker.java:598)
at org.testng.internal.TestInvoker.retryFailed(TestInvoker.java:213)
at org.testng.internal.MethodRunner.runInSequence(MethodRunner.java:58)
at org.testng.internal.TestInvoker$MethodInvocationAgent.invoke(TestInvoker.java:824)
at org.testng.internal.TestInvoker.invokeTestMethods(TestInvoker.java:146)
at org.testng.internal.TestMethodWorker.invokeTestMethods(TestMethodWorker.java:146)
at org.testng.internal.TestMethodWorker.run(TestMethodWorker.java:128)
at java.base/java.util.ArrayList.forEach(ArrayList.java:1511)
at org.testng.TestRunner.privateRun(TestRunner.java:794)
at org.testng.TestRunner.run(TestRunner.java:596)
at org.testng.SuiteRunner.runTest(SuiteRunner.java:377)
at org.testng.SuiteRunner.runSequentially(SuiteRunner.java:371)
at org.testng.SuiteRunner.privateRun(SuiteRunner.java:332)
at org.testng.SuiteRunner.run(SuiteRunner.java:276)
at org.testng.SuiteRunnerWorker.runSuite(SuiteRunnerWorker.java:53)
at org.testng.SuiteRunnerWorker.run(SuiteRunnerWorker.java:96)
at org.testng.TestNG.runSuitesSequentially(TestNG.java:1212)
at org.testng.TestNG.runSuitesLocally(TestNG.java:1134)
at org.testng.TestNG.runSuites(TestNG.java:1063)
at org.testng.TestNG.run(TestNG.java:1031)
at org.testng.remote.AbstractRemoteTestNG.run(AbstractRemoteTestNG.java:115)
at org.testng.remote.RemoteTestNG.initAndRun(RemoteTestNG.java:293)
at org.testng.remote.RemoteTestNG.main(RemoteTestNG.java:91)
]]>
            </full-stacktrace>
          </exception> <!-- org.openqa.selenium.NoSuchElementException -->
          <reporter-output>
            <line>
              <![CDATA[Scenario 20:Verify All Uploaded file types]]>
            </line>
            <line>
              <![CDATA[<b>Test Failed: TC_20_Verify_All_filetypes</b>]]>
            </line>
            <line>
              <![CDATA[<a href='screenshots/TC_20_Verify_All_filetypes_failure.png' target='_blank'>View Screenshot</a>]]>
            </line>
            <line>
              <![CDATA[<br><img src='screenshots/TC_20_Verify_All_filetypes_failure.png' width='400' height='300'/><br>]]>
            </line>
          </reporter-output>
        </test-method> <!-- TC_20_Verify_All_filetypes -->
      </class> <!-- Computhink.Script.Special_Char_FileNames -->
    </test> <!-- Test31 -->
  </suite> <!-- Suite -->
</testng-results>
