<?xml version="1.0" encoding="UTF-8"?>
<testng-results ignored="0" total="8" passed="8" failed="0" skipped="0">
  <reporter-output>
    <line>
      <![CDATA[EWA URL launched successfull]]>
    </line>
    <line>
      <![CDATA[Scenario 01: Log into a EWA]]>
    </line>
    <line>
      <![CDATA[Enter valid user name into username field]]>
    </line>
    <line>
      <![CDATA[UserName Details: Dipak]]>
    </line>
    <line>
      <![CDATA[Enter valid password into password field]]>
    </line>
    <line>
      <![CDATA[Select a Room]]>
    </line>
    <line>
      <![CDATA[Selected Room name: Win2025_Server.CV2026_Win2025_Demo]]>
    </line>
    <line>
      <![CDATA[Captcha is not present, proceeding with login.]]>
    </line>
    <line>
      <![CDATA[Click Login button]]>
    </line>
    <line>
      <![CDATA[Session message did not appear. Proceeding with login.]]>
    </line>
    <line>
      <![CDATA[Session message did not appear. Proceeding with login.]]>
    </line>
    <line>
      <![CDATA[User has logged in successfully.]]>
    </line>
    <line>
      <![CDATA[Test Scenario 1 :Verifying to Create or Browse Template Default Viewing]]>
    </line>
    <line>
      <![CDATA[Scenario 01: Log into a EWA]]>
    </line>
    <line>
      <![CDATA[Enter valid user name into username field]]>
    </line>
    <line>
      <![CDATA[Click on Refresh button]]>
    </line>
    <line>
      <![CDATA[Click on Setting Icon]]>
    </line>
    <line>
      <![CDATA[Click on My preferences option]]>
    </line>
    <line>
      <![CDATA[Select Office Document and set Default View Option]]>
    </line>
    <line>
      <![CDATA[Select Pdf Document and set Default View Option]]>
    </line>
    <line>
      <![CDATA[Click on Apply button]]>
    </line>
    <line>
      <![CDATA[Saved Successfully! this toast message should show]]>
    </line>
    <line>
      <![CDATA[Click on Refresh button]]>
    </line>
    <line>
      <![CDATA[Template tab is displayed successfully.]]>
    </line>
    <line>
      <![CDATA[Click on Template Tab]]>
    </line>
    <line>
      <![CDATA[Document Template permission is Denied for Selected User need to assign Document Template permission]]>
    </line>
    <line>
      <![CDATA[Click on Username option]]>
    </line>
    <line>
      <![CDATA[Click on Logout option]]>
    </line>
    <line>
      <![CDATA[Timeout waiting for alert to appear.]]>
    </line>
    <line>
      <![CDATA[Scenario 01: Log into EWA]]>
    </line>
    <line>
      <![CDATA[Enter valid user name into username field]]>
    </line>
    <line>
      <![CDATA[UserName Details: admin]]>
    </line>
    <line>
      <![CDATA[Enter valid password into password field]]>
    </line>
    <line>
      <![CDATA[Select a Room]]>
    </line>
    <line>
      <![CDATA[Selected Room name: Win2025_Server.CV2026_Win2025_Demo]]>
    </line>
    <line>
      <![CDATA[Captcha is not present, proceeding with login.]]>
    </line>
    <line>
      <![CDATA[Click Login button]]>
    </line>
    <line>
      <![CDATA[Session for user is already active. Do you want to create a new session? Dialog box displayed. User clicks OK button.]]>
    </line>
    <line>
      <![CDATA[Session message did not appear. Proceeding with login.]]>
    </line>
    <line>
      <![CDATA[Click on Setting Icon]]>
    </line>
    <line>
      <![CDATA[Click on Document Template]]>
    </line>
    <line>
      <![CDATA[Click on User List dropdown]]>
    </line>
    <line>
      <![CDATA[Select all Users from Dropdown]]>
    </line>
    <line>
      <![CDATA[Click on Apply button]]>
    </line>
    <line>
      <![CDATA[Saved Successfully! this toast message should show]]>
    </line>
    <line>
      <![CDATA[Click on Username option]]>
    </line>
    <line>
      <![CDATA[Click on Logout option]]>
    </line>
    <line>
      <![CDATA[Timeout waiting for alert to appear.]]>
    </line>
    <line>
      <![CDATA[Scenario 01: Log into a EWA]]>
    </line>
    <line>
      <![CDATA[Enter valid user name into username field]]>
    </line>
    <line>
      <![CDATA[UserName Details: Dipak]]>
    </line>
    <line>
      <![CDATA[Enter valid password into password field]]>
    </line>
    <line>
      <![CDATA[Select a Room]]>
    </line>
    <line>
      <![CDATA[Selected Room name: Win2025_Server.CV2026_Win2025_Demo]]>
    </line>
    <line>
      <![CDATA[Captcha is not present, proceeding with login.]]>
    </line>
    <line>
      <![CDATA[Click Login button]]>
    </line>
    <line>
      <![CDATA[Session message did not appear. Proceeding with login.]]>
    </line>
    <line>
      <![CDATA[Session message did not appear. Proceeding with login.]]>
    </line>
    <line>
      <![CDATA[Click on Destination Folder Textbox]]>
    </line>
    <line>
      <![CDATA[Expand a Cabinet]]>
    </line>
    <line>
      <![CDATA[Expand a Drawer]]>
    </line>
    <line>
      <![CDATA[select a Folder]]>
    </line>
    <line>
      <![CDATA[Click on Ok button]]>
    </line>
    <line>
      <![CDATA[Browse Document page]]>
    </line>
    <line>
      <![CDATA[By using AutoIT add file from external folder]]>
    </line>
    <line>
      <![CDATA[Select Value from Document type Dropdown]]>
    </line>
    <line>
      <![CDATA[Enter value into Report Name field]]>
    </line>
    <line>
      <![CDATA[Browse Document page]]>
    </line>
    <line>
      <![CDATA[Click on Save Template button]]>
    </line>
    <line>
      <![CDATA[Save Template button clicked successfully]]>
    </line>
    <line>
      <![CDATA[Click on Template Description dialog No button]]>
    </line>
    <line>
      <![CDATA[Click again on Save Template button]]>
    </line>
    <line>
      <![CDATA[Click on Template Name Textbox]]>
    </line>
    <line>
      <![CDATA[Enter value into Template Name field ]]>
    </line>
    <line>
      <![CDATA[Click on Template Description Textbox]]>
    </line>
    <line>
      <![CDATA[Enter Template Description message]]>
    </line>
    <line>
      <![CDATA[Click on Template Description Yes button]]>
    </line>
    <line>
      <![CDATA[Verifying Template Created succesfully Message]]>
    </line>
    <line>
      <![CDATA[Click on Ok button]]>
    </line>
    <line>
      <![CDATA[Verifying to CreateorBrowse Template Defaultviewing]]>
    </line>
    <line>
      <![CDATA[Test Scenario 2: Verifying to  Edit and Delete Default Template]]>
    </line>
    <line>
      <![CDATA[Scenario 01: Log into a EWA]]>
    </line>
    <line>
      <![CDATA[Enter valid user name into username field]]>
    </line>
    <line>
      <![CDATA[Mousehover to Template Tab]]>
    </line>
    <line>
      <![CDATA[Select Created Template Page]]>
    </line>
    <line>
      <![CDATA[Created Template page open successfully]]>
    </line>
    <line>
      <![CDATA[Click on Edit Template Fab Option]]>
    </line>
    <line>
      <![CDATA[Click on Edit Template Description Textbox]]>
    </line>
    <line>
      <![CDATA[Enter Message under Description Box]]>
    </line>
    <line>
      <![CDATA[Click on Edit Template Dialog Ok button]]>
    </line>
    <line>
      <![CDATA[Template edited successfully]]>
    </line>
    <line>
      <![CDATA[Click on Template Edited Succesfully Ok button]]>
    </line>
    <line>
      <![CDATA[Mousehover to Template Tab]]>
    </line>
    <line>
      <![CDATA[Select Created Template Page]]>
    </line>
    <line>
      <![CDATA[Click on Delete Template Fab Option]]>
    </line>
    <line>
      <![CDATA[Click on Delete Template Dialog Ok button]]>
    </line>
    <line>
      <![CDATA[Template Deleted Successfully]]>
    </line>
    <line>
      <![CDATA[Test Scenario 3: Verifying to  Create or Browse Template In Advanced Viewing]]>
    </line>
    <line>
      <![CDATA[Scenario 01: Log into a EWA]]>
    </line>
    <line>
      <![CDATA[Enter valid user name into username field]]>
    </line>
    <line>
      <![CDATA[Click on Setting Icon]]>
    </line>
    <line>
      <![CDATA[Click on My Preferences Option]]>
    </line>
    <line>
      <![CDATA[Select Office Document and set Advanced View Option]]>
    </line>
    <line>
      <![CDATA[Click on Apply button]]>
    </line>
    <line>
      <![CDATA[Saved Successfully! this toast message should show]]>
    </line>
    <line>
      <![CDATA[Click on Refresh button]]>
    </line>
    <line>
      <![CDATA[Click on Template Tab]]>
    </line>
    <line>
      <![CDATA[Click on Destination Folder Textbox]]>
    </line>
    <line>
      <![CDATA[Expand a Cabinet]]>
    </line>
    <line>
      <![CDATA[Expand a Drawer]]>
    </line>
    <line>
      <![CDATA[selecta  Folder]]>
    </line>
    <line>
      <![CDATA[Click on Ok button of Browse for folder Dialog]]>
    </line>
    <line>
      <![CDATA[Select Value from Document Type Dropdown ]]>
    </line>
    <line>
      <![CDATA[Enter value into Report Name field]]>
    </line>
    <line>
      <![CDATA[Browse Document page]]>
    </line>
    <line>
      <![CDATA[By using AutoIT add file from external folder]]>
    </line>
    <line>
      <![CDATA[Click on Save Template button]]>
    </line>
    <line>
      <![CDATA[Click on Template Description Dialog No button]]>
    </line>
    <line>
      <![CDATA[Click again on Save Template button]]>
    </line>
    <line>
      <![CDATA[Click on Template Name Textbox]]>
    </line>
    <line>
      <![CDATA[Enter Name under Template Name Textbox]]>
    </line>
    <line>
      <![CDATA[Click on Template Description Messagebox]]>
    </line>
    <line>
      <![CDATA[Enter Template Description Message Under Description box]]>
    </line>
    <line>
      <![CDATA[Click on Template Description box Ok button]]>
    </line>
    <line>
      <![CDATA[Verifying Template created successfully Message]]>
    </line>
    <line>
      <![CDATA[Click on Template Created Ok button]]>
    </line>
    <line>
      <![CDATA[Verifying to CreateorBrowse Officedoc Template advancedviewing]]>
    </line>
    <line>
      <![CDATA[Test Scenario 4: Verifying to  Edit and Delete Advanced View Officedocument]]>
    </line>
    <line>
      <![CDATA[Scenario 01: Log into a EWA]]>
    </line>
    <line>
      <![CDATA[Enter valid user name into username field]]>
    </line>
    <line>
      <![CDATA[Mousehover to Template Tab]]>
    </line>
    <line>
      <![CDATA[Select Created Template page]]>
    </line>
    <line>
      <![CDATA[Click on Edit Template Fab button]]>
    </line>
    <line>
      <![CDATA[Click on Edit Template Description Messagebox ]]>
    </line>
    <line>
      <![CDATA[Enter Message under Edit Template Description Messagebox]]>
    </line>
    <line>
      <![CDATA[Click on Ok button]]>
    </line>
    <line>
      <![CDATA[Template edited successfully]]>
    </line>
    <line>
      <![CDATA[Click on Template Edited successfully dialog Ok button]]>
    </line>
    <line>
      <![CDATA[Mousehover to Template Tab]]>
    </line>
    <line>
      <![CDATA[Select Created Template page]]>
    </line>
    <line>
      <![CDATA[Click on Delete Template Fab button]]>
    </line>
    <line>
      <![CDATA[Template Deleted Successfully]]>
    </line>
    <line>
      <![CDATA[Test Scenario 5: Verifying to  Create Form mapping in Advanced viewing]]>
    </line>
    <line>
      <![CDATA[Scenario 01: Log into a EWA]]>
    </line>
    <line>
      <![CDATA[Enter valid user name into username field]]>
    </line>
    <line>
      <![CDATA[Click on Setting Icon]]>
    </line>
    <line>
      <![CDATA[Click on My Preferences Option]]>
    </line>
    <line>
      <![CDATA[Select Pdf Document and set Advanced view Option]]>
    </line>
    <line>
      <![CDATA[Click on Apply button]]>
    </line>
    <line>
      <![CDATA[Saved Successfully! this toast message should show]]>
    </line>
    <line>
      <![CDATA[Click on Template Tab]]>
    </line>
    <line>
      <![CDATA[Click on Destination Folder Textbox]]>
    </line>
    <line>
      <![CDATA[Expand a Cabinet]]>
    </line>
    <line>
      <![CDATA[Expand a Drawer]]>
    </line>
    <line>
      <![CDATA[Folder is selected for Templates]]>
    </line>
    <line>
      <![CDATA[Click on Ok button]]>
    </line>
    <line>
      <![CDATA[Select value from Document type dropdown]]>
    </line>
    <line>
      <![CDATA[Enter value into Report Name field]]>
    </line>
    <line>
      <![CDATA[Browse Document Page]]>
    </line>
    <line>
      <![CDATA[Enter Pdf file Name]]>
    </line>
    <line>
      <![CDATA[Click on PdfViewer menu option]]>
    </line>
    <line>
      <![CDATA[Select and Add Textbox on  Page]]>
    </line>
    <line>
      <![CDATA[Click on Form mapping Option]]>
    </line>
    <line>
      <![CDATA[Select Form field]]>
    </line>
    <line>
      <![CDATA[Click on  Ok button]]>
    </line>
    <line>
      <![CDATA[Click on Save Template button]]>
    </line>
    <line>
      <![CDATA[Click on Template Name Textbox]]>
    </line>
    <line>
      <![CDATA[Enter value into Template Name field]]>
    </line>
    <line>
      <![CDATA[Click on  Template Description Messagebox]]>
    </line>
    <line>
      <![CDATA[Enter Description Message into Description field]]>
    </line>
    <line>
      <![CDATA[Click on Ok button]]>
    </line>
    <line>
      <![CDATA[Template Created Successfully]]>
    </line>
    <line>
      <![CDATA[Verifying to CreateorBrowse Formmapping Template advancedviewing]]>
    </line>
    <line>
      <![CDATA[Test Scenario 6: Verifying to  Edit and Delete Form field]]>
    </line>
    <line>
      <![CDATA[Scenario 01: Log into a EWA]]>
    </line>
    <line>
      <![CDATA[Enter valid user name into username field]]>
    </line>
    <line>
      <![CDATA[Click on Template Tab]]>
    </line>
    <line>
      <![CDATA[Select Created Template Document page]]>
    </line>
    <line>
      <![CDATA[Click on Edit Template Fab button]]>
    </line>
    <line>
      <![CDATA[Clik on Edit Template Description Messagebox]]>
    </line>
    <line>
      <![CDATA[Enter Description Message into Description field]]>
    </line>
    <line>
      <![CDATA[Click on Ok button]]>
    </line>
    <line>
      <![CDATA[Template edited successfully]]>
    </line>
    <line>
      <![CDATA[Click on Ok button]]>
    </line>
    <line>
      <![CDATA[Click on Template Tab]]>
    </line>
    <line>
      <![CDATA[Select Created Template page]]>
    </line>
    <line>
      <![CDATA[Click on Delete Template Fab button]]>
    </line>
    <line>
      <![CDATA[Formmapping Template Deleted Successfully]]>
    </line>
    <line>
      <![CDATA[Test Scenario 7: Set Office and Pdf document option in Default view]]>
    </line>
    <line>
      <![CDATA[Scenario 01: Log into a EWA]]>
    </line>
    <line>
      <![CDATA[Enter valid user name into username field]]>
    </line>
    <line>
      <![CDATA[Click on Setting Icon]]>
    </line>
    <line>
      <![CDATA[Click on My Preferences Option]]>
    </line>
    <line>
      <![CDATA[Select Office Documentand set Default View Option]]>
    </line>
    <line>
      <![CDATA[Select PdfDocument and set Default View Option]]>
    </line>
    <line>
      <![CDATA[Click on Apply button]]>
    </line>
    <line>
      <![CDATA[Saved Successfully! this toast message should show]]>
    </line>
    <line>
      <![CDATA[Click on Refresh button]]>
    </line>
  </reporter-output>
  <suite started-at="2026-02-13T17:21:43 IST" name="Regression Suite" finished-at="2026-02-13T17:38:52 IST" duration-ms="1029007">
    <groups>
    </groups>
    <test started-at="2026-02-13T17:21:43 IST" name="Test1" finished-at="2026-02-13T17:38:52 IST" duration-ms="1029007">
      <class name="Computhink.Script.Templates_Test">
        <test-method is-config="true" signature="setUp()[pri:0, instance:Computhink.Script.Templates_Test@3116c353]" started-at="2026-02-13T17:21:43 IST" name="setUp" finished-at="2026-02-13T17:21:46 IST" duration-ms="2747" status="PASS">
          <reporter-output>
          </reporter-output>
        </test-method> <!-- setUp -->
        <test-method signature="Login_EWA()[pri:1, instance:Computhink.Script.Templates_Test@3116c353]" started-at="2026-02-13T17:21:46 IST" name="Login_EWA" finished-at="2026-02-13T17:22:30 IST" duration-ms="44329" status="PASS">
          <reporter-output>
            <line>
              <![CDATA[EWA URL launched successfull]]>
            </line>
            <line>
              <![CDATA[Scenario 01: Log into a EWA]]>
            </line>
            <line>
              <![CDATA[Enter valid user name into username field]]>
            </line>
            <line>
              <![CDATA[UserName Details: Dipak]]>
            </line>
            <line>
              <![CDATA[Enter valid password into password field]]>
            </line>
            <line>
              <![CDATA[Select a Room]]>
            </line>
            <line>
              <![CDATA[Selected Room name: Win2025_Server.CV2026_Win2025_Demo]]>
            </line>
            <line>
              <![CDATA[Captcha is not present, proceeding with login.]]>
            </line>
            <line>
              <![CDATA[Click Login button]]>
            </line>
            <line>
              <![CDATA[Session message did not appear. Proceeding with login.]]>
            </line>
            <line>
              <![CDATA[Session message did not appear. Proceeding with login.]]>
            </line>
            <line>
              <![CDATA[User has logged in successfully.]]>
            </line>
          </reporter-output>
        </test-method> <!-- Login_EWA -->
        <test-method signature="TC_01_verify_to_CreateorBrowse_Template_Defaultviewing()[pri:2, instance:Computhink.Script.Templates_Test@3116c353]" started-at="2026-02-13T17:22:30 IST" name="TC_01_verify_to_CreateorBrowse_Template_Defaultviewing" finished-at="2026-02-13T17:28:13 IST" duration-ms="343226" status="PASS">
          <reporter-output>
            <line>
              <![CDATA[Test Scenario 1 :Verifying to Create or Browse Template Default Viewing]]>
            </line>
            <line>
              <![CDATA[Scenario 01: Log into a EWA]]>
            </line>
            <line>
              <![CDATA[Enter valid user name into username field]]>
            </line>
            <line>
              <![CDATA[Click on Refresh button]]>
            </line>
            <line>
              <![CDATA[Click on Setting Icon]]>
            </line>
            <line>
              <![CDATA[Click on My preferences option]]>
            </line>
            <line>
              <![CDATA[Select Office Document and set Default View Option]]>
            </line>
            <line>
              <![CDATA[Select Pdf Document and set Default View Option]]>
            </line>
            <line>
              <![CDATA[Click on Apply button]]>
            </line>
            <line>
              <![CDATA[Saved Successfully! this toast message should show]]>
            </line>
            <line>
              <![CDATA[Click on Refresh button]]>
            </line>
            <line>
              <![CDATA[Template tab is displayed successfully.]]>
            </line>
            <line>
              <![CDATA[Click on Template Tab]]>
            </line>
            <line>
              <![CDATA[Document Template permission is Denied for Selected User need to assign Document Template permission]]>
            </line>
            <line>
              <![CDATA[Click on Username option]]>
            </line>
            <line>
              <![CDATA[Click on Logout option]]>
            </line>
            <line>
              <![CDATA[Timeout waiting for alert to appear.]]>
            </line>
            <line>
              <![CDATA[Scenario 01: Log into EWA]]>
            </line>
            <line>
              <![CDATA[Enter valid user name into username field]]>
            </line>
            <line>
              <![CDATA[UserName Details: admin]]>
            </line>
            <line>
              <![CDATA[Enter valid password into password field]]>
            </line>
            <line>
              <![CDATA[Select a Room]]>
            </line>
            <line>
              <![CDATA[Selected Room name: Win2025_Server.CV2026_Win2025_Demo]]>
            </line>
            <line>
              <![CDATA[Captcha is not present, proceeding with login.]]>
            </line>
            <line>
              <![CDATA[Click Login button]]>
            </line>
            <line>
              <![CDATA[Session for user is already active. Do you want to create a new session? Dialog box displayed. User clicks OK button.]]>
            </line>
            <line>
              <![CDATA[Session message did not appear. Proceeding with login.]]>
            </line>
            <line>
              <![CDATA[Click on Setting Icon]]>
            </line>
            <line>
              <![CDATA[Click on Document Template]]>
            </line>
            <line>
              <![CDATA[Click on User List dropdown]]>
            </line>
            <line>
              <![CDATA[Select all Users from Dropdown]]>
            </line>
            <line>
              <![CDATA[Click on Apply button]]>
            </line>
            <line>
              <![CDATA[Saved Successfully! this toast message should show]]>
            </line>
            <line>
              <![CDATA[Click on Username option]]>
            </line>
            <line>
              <![CDATA[Click on Logout option]]>
            </line>
            <line>
              <![CDATA[Timeout waiting for alert to appear.]]>
            </line>
            <line>
              <![CDATA[Scenario 01: Log into a EWA]]>
            </line>
            <line>
              <![CDATA[Enter valid user name into username field]]>
            </line>
            <line>
              <![CDATA[UserName Details: Dipak]]>
            </line>
            <line>
              <![CDATA[Enter valid password into password field]]>
            </line>
            <line>
              <![CDATA[Select a Room]]>
            </line>
            <line>
              <![CDATA[Selected Room name: Win2025_Server.CV2026_Win2025_Demo]]>
            </line>
            <line>
              <![CDATA[Captcha is not present, proceeding with login.]]>
            </line>
            <line>
              <![CDATA[Click Login button]]>
            </line>
            <line>
              <![CDATA[Session message did not appear. Proceeding with login.]]>
            </line>
            <line>
              <![CDATA[Session message did not appear. Proceeding with login.]]>
            </line>
            <line>
              <![CDATA[Click on Destination Folder Textbox]]>
            </line>
            <line>
              <![CDATA[Expand a Cabinet]]>
            </line>
            <line>
              <![CDATA[Expand a Drawer]]>
            </line>
            <line>
              <![CDATA[select a Folder]]>
            </line>
            <line>
              <![CDATA[Click on Ok button]]>
            </line>
            <line>
              <![CDATA[Browse Document page]]>
            </line>
            <line>
              <![CDATA[By using AutoIT add file from external folder]]>
            </line>
            <line>
              <![CDATA[Select Value from Document type Dropdown]]>
            </line>
            <line>
              <![CDATA[Enter value into Report Name field]]>
            </line>
            <line>
              <![CDATA[Browse Document page]]>
            </line>
            <line>
              <![CDATA[Click on Save Template button]]>
            </line>
            <line>
              <![CDATA[Save Template button clicked successfully]]>
            </line>
            <line>
              <![CDATA[Click on Template Description dialog No button]]>
            </line>
            <line>
              <![CDATA[Click again on Save Template button]]>
            </line>
            <line>
              <![CDATA[Click on Template Name Textbox]]>
            </line>
            <line>
              <![CDATA[Enter value into Template Name field ]]>
            </line>
            <line>
              <![CDATA[Click on Template Description Textbox]]>
            </line>
            <line>
              <![CDATA[Enter Template Description message]]>
            </line>
            <line>
              <![CDATA[Click on Template Description Yes button]]>
            </line>
            <line>
              <![CDATA[Verifying Template Created succesfully Message]]>
            </line>
            <line>
              <![CDATA[Click on Ok button]]>
            </line>
            <line>
              <![CDATA[Verifying to CreateorBrowse Template Defaultviewing]]>
            </line>
          </reporter-output>
        </test-method> <!-- TC_01_verify_to_CreateorBrowse_Template_Defaultviewing -->
        <test-method signature="TC_02_Verify_to_Edit_and_Delete_DefaultTemplate()[pri:3, instance:Computhink.Script.Templates_Test@3116c353]" started-at="2026-02-13T17:28:13 IST" name="TC_02_Verify_to_Edit_and_Delete_DefaultTemplate" finished-at="2026-02-13T17:29:39 IST" duration-ms="85500" status="PASS">
          <reporter-output>
            <line>
              <![CDATA[Test Scenario 2: Verifying to  Edit and Delete Default Template]]>
            </line>
            <line>
              <![CDATA[Scenario 01: Log into a EWA]]>
            </line>
            <line>
              <![CDATA[Enter valid user name into username field]]>
            </line>
            <line>
              <![CDATA[Mousehover to Template Tab]]>
            </line>
            <line>
              <![CDATA[Select Created Template Page]]>
            </line>
            <line>
              <![CDATA[Created Template page open successfully]]>
            </line>
            <line>
              <![CDATA[Click on Edit Template Fab Option]]>
            </line>
            <line>
              <![CDATA[Click on Edit Template Description Textbox]]>
            </line>
            <line>
              <![CDATA[Enter Message under Description Box]]>
            </line>
            <line>
              <![CDATA[Click on Edit Template Dialog Ok button]]>
            </line>
            <line>
              <![CDATA[Template edited successfully]]>
            </line>
            <line>
              <![CDATA[Click on Template Edited Succesfully Ok button]]>
            </line>
            <line>
              <![CDATA[Mousehover to Template Tab]]>
            </line>
            <line>
              <![CDATA[Select Created Template Page]]>
            </line>
            <line>
              <![CDATA[Click on Delete Template Fab Option]]>
            </line>
            <line>
              <![CDATA[Click on Delete Template Dialog Ok button]]>
            </line>
            <line>
              <![CDATA[Template Deleted Successfully]]>
            </line>
          </reporter-output>
        </test-method> <!-- TC_02_Verify_to_Edit_and_Delete_DefaultTemplate -->
        <test-method signature="TC_03_verify_to_CreateorBrowse_Template_Advancedviewing_Officedoc()[pri:4, instance:Computhink.Script.Templates_Test@3116c353]" started-at="2026-02-13T17:29:39 IST" name="TC_03_verify_to_CreateorBrowse_Template_Advancedviewing_Officedoc" finished-at="2026-02-13T17:32:09 IST" duration-ms="150372" status="PASS">
          <reporter-output>
            <line>
              <![CDATA[Test Scenario 3: Verifying to  Create or Browse Template In Advanced Viewing]]>
            </line>
            <line>
              <![CDATA[Scenario 01: Log into a EWA]]>
            </line>
            <line>
              <![CDATA[Enter valid user name into username field]]>
            </line>
            <line>
              <![CDATA[Click on Setting Icon]]>
            </line>
            <line>
              <![CDATA[Click on My Preferences Option]]>
            </line>
            <line>
              <![CDATA[Select Office Document and set Advanced View Option]]>
            </line>
            <line>
              <![CDATA[Click on Apply button]]>
            </line>
            <line>
              <![CDATA[Saved Successfully! this toast message should show]]>
            </line>
            <line>
              <![CDATA[Click on Refresh button]]>
            </line>
            <line>
              <![CDATA[Click on Template Tab]]>
            </line>
            <line>
              <![CDATA[Click on Destination Folder Textbox]]>
            </line>
            <line>
              <![CDATA[Expand a Cabinet]]>
            </line>
            <line>
              <![CDATA[Expand a Drawer]]>
            </line>
            <line>
              <![CDATA[selecta  Folder]]>
            </line>
            <line>
              <![CDATA[Click on Ok button of Browse for folder Dialog]]>
            </line>
            <line>
              <![CDATA[Select Value from Document Type Dropdown ]]>
            </line>
            <line>
              <![CDATA[Enter value into Report Name field]]>
            </line>
            <line>
              <![CDATA[Browse Document page]]>
            </line>
            <line>
              <![CDATA[By using AutoIT add file from external folder]]>
            </line>
            <line>
              <![CDATA[Click on Save Template button]]>
            </line>
            <line>
              <![CDATA[Click on Template Description Dialog No button]]>
            </line>
            <line>
              <![CDATA[Click again on Save Template button]]>
            </line>
            <line>
              <![CDATA[Click on Template Name Textbox]]>
            </line>
            <line>
              <![CDATA[Enter Name under Template Name Textbox]]>
            </line>
            <line>
              <![CDATA[Click on Template Description Messagebox]]>
            </line>
            <line>
              <![CDATA[Enter Template Description Message Under Description box]]>
            </line>
            <line>
              <![CDATA[Click on Template Description box Ok button]]>
            </line>
            <line>
              <![CDATA[Verifying Template created successfully Message]]>
            </line>
            <line>
              <![CDATA[Click on Template Created Ok button]]>
            </line>
            <line>
              <![CDATA[Verifying to CreateorBrowse Officedoc Template advancedviewing]]>
            </line>
          </reporter-output>
        </test-method> <!-- TC_03_verify_to_CreateorBrowse_Template_Advancedviewing_Officedoc -->
        <test-method signature="TC_04_Verify_to_Edit_and_Delete_AdvancedTemplate_Officedoc()[pri:5, instance:Computhink.Script.Templates_Test@3116c353]" started-at="2026-02-13T17:32:09 IST" name="TC_04_Verify_to_Edit_and_Delete_AdvancedTemplate_Officedoc" finished-at="2026-02-13T17:33:35 IST" duration-ms="85570" status="PASS">
          <reporter-output>
            <line>
              <![CDATA[Test Scenario 4: Verifying to  Edit and Delete Advanced View Officedocument]]>
            </line>
            <line>
              <![CDATA[Scenario 01: Log into a EWA]]>
            </line>
            <line>
              <![CDATA[Enter valid user name into username field]]>
            </line>
            <line>
              <![CDATA[Mousehover to Template Tab]]>
            </line>
            <line>
              <![CDATA[Select Created Template page]]>
            </line>
            <line>
              <![CDATA[Click on Edit Template Fab button]]>
            </line>
            <line>
              <![CDATA[Click on Edit Template Description Messagebox ]]>
            </line>
            <line>
              <![CDATA[Enter Message under Edit Template Description Messagebox]]>
            </line>
            <line>
              <![CDATA[Click on Ok button]]>
            </line>
            <line>
              <![CDATA[Template edited successfully]]>
            </line>
            <line>
              <![CDATA[Click on Template Edited successfully dialog Ok button]]>
            </line>
            <line>
              <![CDATA[Mousehover to Template Tab]]>
            </line>
            <line>
              <![CDATA[Select Created Template page]]>
            </line>
            <line>
              <![CDATA[Click on Delete Template Fab button]]>
            </line>
            <line>
              <![CDATA[Template Deleted Successfully]]>
            </line>
          </reporter-output>
        </test-method> <!-- TC_04_Verify_to_Edit_and_Delete_AdvancedTemplate_Officedoc -->
        <test-method signature="TC_05_verify_to_Create_Formmapping_PDFTemplate_Advancedviewing()[pri:6, instance:Computhink.Script.Templates_Test@3116c353]" started-at="2026-02-13T17:33:35 IST" name="TC_05_verify_to_Create_Formmapping_PDFTemplate_Advancedviewing" finished-at="2026-02-13T17:36:38 IST" duration-ms="182969" status="PASS">
          <reporter-output>
            <line>
              <![CDATA[Test Scenario 5: Verifying to  Create Form mapping in Advanced viewing]]>
            </line>
            <line>
              <![CDATA[Scenario 01: Log into a EWA]]>
            </line>
            <line>
              <![CDATA[Enter valid user name into username field]]>
            </line>
            <line>
              <![CDATA[Click on Setting Icon]]>
            </line>
            <line>
              <![CDATA[Click on My Preferences Option]]>
            </line>
            <line>
              <![CDATA[Select Pdf Document and set Advanced view Option]]>
            </line>
            <line>
              <![CDATA[Click on Apply button]]>
            </line>
            <line>
              <![CDATA[Saved Successfully! this toast message should show]]>
            </line>
            <line>
              <![CDATA[Click on Template Tab]]>
            </line>
            <line>
              <![CDATA[Click on Destination Folder Textbox]]>
            </line>
            <line>
              <![CDATA[Expand a Cabinet]]>
            </line>
            <line>
              <![CDATA[Expand a Drawer]]>
            </line>
            <line>
              <![CDATA[Folder is selected for Templates]]>
            </line>
            <line>
              <![CDATA[Click on Ok button]]>
            </line>
            <line>
              <![CDATA[Select value from Document type dropdown]]>
            </line>
            <line>
              <![CDATA[Enter value into Report Name field]]>
            </line>
            <line>
              <![CDATA[Browse Document Page]]>
            </line>
            <line>
              <![CDATA[Enter Pdf file Name]]>
            </line>
            <line>
              <![CDATA[Click on PdfViewer menu option]]>
            </line>
            <line>
              <![CDATA[Select and Add Textbox on  Page]]>
            </line>
            <line>
              <![CDATA[Click on Form mapping Option]]>
            </line>
            <line>
              <![CDATA[Select Form field]]>
            </line>
            <line>
              <![CDATA[Click on  Ok button]]>
            </line>
            <line>
              <![CDATA[Click on Save Template button]]>
            </line>
            <line>
              <![CDATA[Click on Template Name Textbox]]>
            </line>
            <line>
              <![CDATA[Enter value into Template Name field]]>
            </line>
            <line>
              <![CDATA[Click on  Template Description Messagebox]]>
            </line>
            <line>
              <![CDATA[Enter Description Message into Description field]]>
            </line>
            <line>
              <![CDATA[Click on Ok button]]>
            </line>
            <line>
              <![CDATA[Template Created Successfully]]>
            </line>
            <line>
              <![CDATA[Verifying to CreateorBrowse Formmapping Template advancedviewing]]>
            </line>
          </reporter-output>
        </test-method> <!-- TC_05_verify_to_Create_Formmapping_PDFTemplate_Advancedviewing -->
        <test-method signature="TC_06_Verify_to_Edit_and_Delete_Formfield()[pri:7, instance:Computhink.Script.Templates_Test@3116c353]" started-at="2026-02-13T17:36:38 IST" name="TC_06_Verify_to_Edit_and_Delete_Formfield" finished-at="2026-02-13T17:38:10 IST" duration-ms="92042" status="PASS">
          <reporter-output>
            <line>
              <![CDATA[Test Scenario 6: Verifying to  Edit and Delete Form field]]>
            </line>
            <line>
              <![CDATA[Scenario 01: Log into a EWA]]>
            </line>
            <line>
              <![CDATA[Enter valid user name into username field]]>
            </line>
            <line>
              <![CDATA[Click on Template Tab]]>
            </line>
            <line>
              <![CDATA[Select Created Template Document page]]>
            </line>
            <line>
              <![CDATA[Click on Edit Template Fab button]]>
            </line>
            <line>
              <![CDATA[Clik on Edit Template Description Messagebox]]>
            </line>
            <line>
              <![CDATA[Enter Description Message into Description field]]>
            </line>
            <line>
              <![CDATA[Click on Ok button]]>
            </line>
            <line>
              <![CDATA[Template edited successfully]]>
            </line>
            <line>
              <![CDATA[Click on Ok button]]>
            </line>
            <line>
              <![CDATA[Click on Template Tab]]>
            </line>
            <line>
              <![CDATA[Select Created Template page]]>
            </line>
            <line>
              <![CDATA[Click on Delete Template Fab button]]>
            </line>
            <line>
              <![CDATA[Formmapping Template Deleted Successfully]]>
            </line>
          </reporter-output>
        </test-method> <!-- TC_06_Verify_to_Edit_and_Delete_Formfield -->
        <test-method signature="TC_07_Set_Defaultview()[pri:8, instance:Computhink.Script.Templates_Test@3116c353]" started-at="2026-02-13T17:38:10 IST" name="TC_07_Set_Defaultview" finished-at="2026-02-13T17:38:52 IST" duration-ms="41792" status="PASS">
          <reporter-output>
            <line>
              <![CDATA[Test Scenario 7: Set Office and Pdf document option in Default view]]>
            </line>
            <line>
              <![CDATA[Scenario 01: Log into a EWA]]>
            </line>
            <line>
              <![CDATA[Enter valid user name into username field]]>
            </line>
            <line>
              <![CDATA[Click on Setting Icon]]>
            </line>
            <line>
              <![CDATA[Click on My Preferences Option]]>
            </line>
            <line>
              <![CDATA[Select Office Documentand set Default View Option]]>
            </line>
            <line>
              <![CDATA[Select PdfDocument and set Default View Option]]>
            </line>
            <line>
              <![CDATA[Click on Apply button]]>
            </line>
            <line>
              <![CDATA[Saved Successfully! this toast message should show]]>
            </line>
            <line>
              <![CDATA[Click on Refresh button]]>
            </line>
          </reporter-output>
        </test-method> <!-- TC_07_Set_Defaultview -->
        <test-method is-config="true" signature="tearDown()[pri:0, instance:Computhink.Script.Templates_Test@3116c353]" started-at="2026-02-13T17:38:52 IST" name="tearDown" finished-at="2026-02-13T17:38:52 IST" duration-ms="394" status="PASS">
          <reporter-output>
          </reporter-output>
        </test-method> <!-- tearDown -->
      </class> <!-- Computhink.Script.Templates_Test -->
    </test> <!-- Test1 -->
  </suite> <!-- Regression Suite -->
</testng-results>
