<?xml version="1.0" encoding="UTF-8"?>
<!-- Generated by org.testng.reporters.JUnitReportReporter -->
<testsuite hostname="CIPLWKT010" failures="0" tests="15" name="Computhink.Script.Custom_Columns_Test" time="919.100" errors="0" timestamp="2026-01-19T20:54:32 IST" skipped="0">
  <testcase classname="Computhink.Script.Custom_Columns_Test" name="Login_EWA" time="22.082"/>
  <system-out>
    <![CDATA[Scenario 01: Log into a EWA
Enter valid user name into username field
UserName Details: Dipak
Enter valid password into password field
Select a Room
Selected Room name: demoserver.demoroom
Captcha is not present, proceeding with login.
Click Login button
Session for user is already active. Do you want to create a new session? Dialog box displayed. User clicks OK button.
Session message did not appear. Proceeding with login.
User has logged in successfully]]>
  </system-out>
  <testcase classname="Computhink.Script.Custom_Columns_Test" name="TC_01_Verify_Open_Custom_List_Dialog_Title" time="65.189"/>
  <system-out>
    <![CDATA[Test Scenario 1 : Verifying open custom List dialog title 
Scenario 01: Log into a EWA
Enter valid user name into username field
Click on Refresh button
Expand a Cabinet
Expand a Drawer
Expand a Folder
Moousehover on Roomname Tab
Click on Reset Column Option
Click on Ok button
Custom columns Reset Successfully on Room Level]]>
  </system-out>
  <testcase classname="Computhink.Script.Custom_Columns_Test" name="TC_02_Verify_Text_of_Custom_List_Dialog" time="53.394"/>
  <system-out>
    <![CDATA[Test Scenario 2 : Verifying  text of custom List dialog
Click on Refresh button
Expand a Cabinet
Expand a Drawer
Expand a Folder
Moousehover on Roomname Tab
Click on Custom column Option
Custom List title validate
Custom List dialog text verified]]>
  </system-out>
  <testcase classname="Computhink.Script.Custom_Columns_Test" name="TC_03_Set_And_Verify_Custom_Columns_NodeLevel" time="120.425"/>
  <system-out>
    <![CDATA[Test Scenario 3 : Set and verifying Custom Columns Node Level 
Enter Indices Name in search textbox field
Select entered Indices
Click on Ok button
Indices selected successfully
Click on setting Icon
Click on My Preferences Option
Uncheck Compact View checkbox
Click on Apply button
Click on Refresh button
Expand a Cabinet
Expand a Drawer
Expand a Folder
Indices value displayed successfully DOCUMENT SIZE
Verifying Indices and Custom Columns is set Node Level successfully]]>
  </system-out>
  <testcase classname="Computhink.Script.Custom_Columns_Test" name="TC_04_Verify_Default_Custom_Columns" time="71.353"/>
  <system-out>
    <![CDATA[Test Scenario 4 : Verifying Default Custom Columns 
Scenario 01: Log into a EWA
Enter valid user name into username field
Click on Refresh button
Expand a Cabinet
Expand a Drawer
Expand a Folder
Mousehover on Roomname Tab
Click on Custom Column Option
Click on Default button
Click on Ok button
Set and Verifying Default Custom columns successfully]]>
  </system-out>
  <testcase classname="Computhink.Script.Custom_Columns_Test" name="TC_05_Verify_Cancel_Button_of_CustomList" time="19.150"/>
  <system-out>
    <![CDATA[Test Scenario 5 : Verifying Cancel button of Custom List 
Mousehover on Roomname Tab
Click on Custom Column Option
Click on Cancel button]]>
  </system-out>
  <testcase classname="Computhink.Script.Custom_Columns_Test" name="TC_06_Verify_Reset_Columns_Functionality" time="19.234"/>
  <system-out>
    <![CDATA[Test Scenario 7 : Verifying Reset Columns Functionality 
Mousehover on Roomname Tab
Click on Reset Column Option
Click on Ok button
Custom columns Reset Successfully on Room Level]]>
  </system-out>
  <testcase classname="Computhink.Script.Custom_Columns_Test" name="TC_07_Open_Custom_List_Dialog_And_Verify_Title_Searchcolumn" time="59.860"/>
  <system-out>
    <![CDATA[Test Scenario 8 : Open Custom List Dialog And Verifying Title Search column 
Scenario 01: Log into a EWA
Enter valid user name into username field
Mousehover on Search Tab
Click on Reset Column Option
Click on Ok button
Custom columns Reset Successfully on Search Level
Click on Custom Column Option
Search Custom List title validate]]>
  </system-out>
  <testcase classname="Computhink.Script.Custom_Columns_Test" name="TC_08_Verify_Text_of_Custom_List_Dialog_Searchcolumn" time="9.042"/>
  <system-out>
    <![CDATA[Test Scenario 9 : Verifying  Text of Custom List Dialog Search column 
Search Custom List Dialog Text verified]]>
  </system-out>
  <testcase classname="Computhink.Script.Custom_Columns_Test" name="TC_9_Verify_Set_Custom_Columns_for_Search" time="162.814"/>
  <system-out>
    <![CDATA[Test Scenario 10 : Verifying Set Custom Columns for Search 
Enter Indices value in Search textbox field
Select Entered Indices
Click on Ok button
Indices Selected Successfully
Click on Refresh button
Click on Search Tab
Click on Document Location textbox
Expand a Cabinet
Expand a Drawer
Expand a Folder
Click on Ok button
Click on Find button
Indices value displayed successfully DOCUMENT SIZE
Verifying and Select Indices Custom Column
Custom column is set successfully for Search Functionality]]>
  </system-out>
  <testcase classname="Computhink.Script.Custom_Columns_Test" name="TC_10_Verify_Reset_Columns_for_Search" time="38.648"/>
  <system-out>
    <![CDATA[Test Scenario 11 : Verifying Reset Columns for Search 
Scenario 01: Log into a EWA
Enter valid user name into username field
Mousehover on Search Tab
Click on Reset Column Option 
Click on Ok button
Click on Find button
Reset Custom Columns Successfully for Search]]>
  </system-out>
  <testcase classname="Computhink.Script.Custom_Columns_Test" name="TC_11_Open_Custom_List_Dialog_And_Verify_Title_ToDoList" time="61.958"/>
  <system-out>
    <![CDATA[Test Scenario 12 : Open Custom List Dialog And Verifying Title ToDoLis 
Click on Refresh button
Mousehover on ToDoList Tab
Click on Reset Column Option
Click on Ok button
Custom columns Reset Successfully on TodoList Level
Click on Custom Column Option
ToDoList Custom List title validate]]>
  </system-out>
  <testcase classname="Computhink.Script.Custom_Columns_Test" name="TC_12_Verify_Text_of_Custom_List_Dialog_ToDoList" time="18.056"/>
  <system-out>
    <![CDATA[Test Scenario 13: Verifying  Text of Custom List Dialog ToDoList 
Custom List Dialog Text verified]]>
  </system-out>
  <testcase classname="Computhink.Script.Custom_Columns_Test" name="TC_13_Verify_Set_Custom_Columns_for_ToDoList" time="155.196"/>
  <system-out>
    <![CDATA[Test Scenario 14 : Verifying Set Custom Columns for ToDoList 
Search Indices value
Select Indices value
Click on Ok button
Indices Selected Successfully
Click on Refresh button
Mousehover on ToDoList Tab
Click on New Items and Verified Indices Value
Indices value displayed successfully WORKFLOW STATUS
Indices Value display in New Item
Mousehover on ToDoList Tab
Click on Pending Items and Verified Indices Value
Indices value displayed successfully WORKFLOW STATUS
Indices Value display in Pending Item
Mousehover on ToDoList Tab
Click on Reviewed Items and Verified Indices Value
Indices value displayed successfully WORKFLOW STATUS
Indices Value display in Reviewed Item
Mousehover on ToDoList Tab
Click on Sent Items and Verified Indices Value
Indices value displayed successfully WORKFLOW STATUS
Indices Value display in Sent Item
Mousehover on ToDoList Tab
Indices value displayed successfully WORKFLOW STATUS
Indices Value display in All Item
Custom column is Verified successfully for ToDoList Functionality]]>
  </system-out>
  <testcase classname="Computhink.Script.Custom_Columns_Test" name="TC_14_Reset_Custom_Columns_for_ToDoList" time="42.699"/>
  <system-out>
    <![CDATA[Test Scenario 15 : Reset Custom Columns for ToDoList 
Scenario 01: Log into a EWA
Enter valid user name into username field
Mousehover on ToDoList Tab
Click on Reset Column Option
Click on Ok button
ToDoList Custom column Reset Successfully
Click on Refresh button]]>
  </system-out>
</testsuite> <!-- Computhink.Script.Custom_Columns_Test -->
