<?xml version="1.0" encoding="UTF-8"?>
<!-- Generated by org.testng.reporters.JUnitReportReporter -->
<testsuite hostname="CIPLWKT010" failures="0" tests="22" name="Computhink.Script.Special_Char_FileNames" time="3.639" errors="1" timestamp="2026-01-13T12:05:35 IST" skipped="21">
  <testcase classname="Computhink.Script.Special_Char_FileNames" name="Login_EWA" time="0.000">
    <skipped/>
  </testcase> <!-- Login_EWA -->
  <system-out/>
  <testcase classname="Computhink.Script.Special_Char_FileNames" name="Launch_Browser" time="3.639">
    <error message="invalid session id: session deleted as the browser has closed the connection
from disconnected: not connected to DevTools
  (Session info: chrome=143.0.7499.193)
Build info: version: &#039;4.17.0&#039;, revision: &#039;e52b1be057*&#039;
System info: os.name: &#039;Windows 10&#039;, os.arch: &#039;amd64&#039;, os.version: &#039;10.0&#039;, java.version: &#039;17.0.7&#039;
Driver info: org.openqa.selenium.chrome.ChromeDriver
Command: [7462634a70b6ecc43fb66f7e812126a4, get {url=http://10.4.10.119:8080/CVWeb/cvLgn}]
Capabilities {acceptInsecureCerts: false, browserName: chrome, browserVersion: 143.0.7499.193, chrome: {chromedriverVersion: 143.0.7499.192 (be2c1f4fd45..., userDataDir: C:\Users\dipak.p\AppData\Lo...}, fedcm:accounts: true, goog:chromeOptions: {debuggerAddress: localhost:57466}, goog:processID: 39788, networkConnectionEnabled: false, pageLoadStrategy: normal, platformName: windows, proxy: Proxy(), se:cdp: ws://localhost:57466/devtoo..., se:cdpVersion: 143.0.7499.193, setWindowRect: true, strictFileInteractability: false, timeouts: {implicit: 0, pageLoad: 300000, script: 30000}, unhandledPromptBehavior: dismiss and notify, webauthn:extension:credBlob: true, webauthn:extension:largeBlob: true, webauthn:extension:minPinLength: true, webauthn:extension:prf: true, webauthn:virtualAuthenticators: true}
Session ID: 7462634a70b6ecc43fb66f7e812126a4" type="org.openqa.selenium.NoSuchSessionException">
      <![CDATA[org.openqa.selenium.NoSuchSessionException: invalid session id: session deleted as the browser has closed the connection
from disconnected: not connected to DevTools
  (Session info: chrome=143.0.7499.193)
Build info: version: '4.17.0', revision: 'e52b1be057*'
System info: os.name: 'Windows 10', os.arch: 'amd64', os.version: '10.0', java.version: '17.0.7'
Driver info: org.openqa.selenium.chrome.ChromeDriver
Command: [7462634a70b6ecc43fb66f7e812126a4, get {url=http://10.4.10.119:8080/CVWeb/cvLgn}]
Capabilities {acceptInsecureCerts: false, browserName: chrome, browserVersion: 143.0.7499.193, chrome: {chromedriverVersion: 143.0.7499.192 (be2c1f4fd45..., userDataDir: C:\Users\dipak.p\AppData\Lo...}, fedcm:accounts: true, goog:chromeOptions: {debuggerAddress: localhost:57466}, goog:processID: 39788, networkConnectionEnabled: false, pageLoadStrategy: normal, platformName: windows, proxy: Proxy(), se:cdp: ws://localhost:57466/devtoo..., se:cdpVersion: 143.0.7499.193, setWindowRect: true, strictFileInteractability: false, timeouts: {implicit: 0, pageLoad: 300000, script: 30000}, unhandledPromptBehavior: dismiss and notify, webauthn:extension:credBlob: true, webauthn:extension:largeBlob: true, webauthn:extension:minPinLength: true, webauthn:extension:prf: true, webauthn:virtualAuthenticators: true}
Session ID: 7462634a70b6ecc43fb66f7e812126a4
at java.base/jdk.internal.reflect.NativeConstructorAccessorImpl.newInstance0(Native Method)
at java.base/jdk.internal.reflect.NativeConstructorAccessorImpl.newInstance(NativeConstructorAccessorImpl.java:77)
at java.base/jdk.internal.reflect.DelegatingConstructorAccessorImpl.newInstance(DelegatingConstructorAccessorImpl.java:45)
at java.base/java.lang.reflect.Constructor.newInstanceWithCaller(Constructor.java:499)
at java.base/java.lang.reflect.Constructor.newInstance(Constructor.java:480)
at org.openqa.selenium.remote.codec.w3c.W3CHttpResponseCodec.createException(W3CHttpResponseCodec.java:185)
at org.openqa.selenium.remote.codec.w3c.W3CHttpResponseCodec.decode(W3CHttpResponseCodec.java:134)
at org.openqa.selenium.remote.codec.w3c.W3CHttpResponseCodec.decode(W3CHttpResponseCodec.java:51)
at org.openqa.selenium.remote.HttpCommandExecutor.execute(HttpCommandExecutor.java:190)
at org.openqa.selenium.remote.service.DriverCommandExecutor.invokeExecute(DriverCommandExecutor.java:216)
at org.openqa.selenium.remote.service.DriverCommandExecutor.execute(DriverCommandExecutor.java:174)
at org.openqa.selenium.remote.RemoteWebDriver.execute(RemoteWebDriver.java:519)
at org.openqa.selenium.remote.RemoteWebDriver.get(RemoteWebDriver.java:301)
at Computhink.Generic.BaseClass.launchUrl(BaseClass.java:178)
at Computhink.Script.Special_Char_FileNames.Launch_Browser(Special_Char_FileNames.java:16)
at java.base/jdk.internal.reflect.NativeMethodAccessorImpl.invoke0(Native Method)
at java.base/jdk.internal.reflect.NativeMethodAccessorImpl.invoke(NativeMethodAccessorImpl.java:77)
at java.base/jdk.internal.reflect.DelegatingMethodAccessorImpl.invoke(DelegatingMethodAccessorImpl.java:43)
at java.base/java.lang.reflect.Method.invoke(Method.java:568)
at org.testng.internal.MethodInvocationHelper.invokeMethod(MethodInvocationHelper.java:133)
at org.testng.internal.MethodInvocationHelper.invokeMethodConsideringTimeout(MethodInvocationHelper.java:62)
at org.testng.internal.ConfigInvoker.invokeConfigurationMethod(ConfigInvoker.java:385)
at org.testng.internal.ConfigInvoker.invokeConfigurations(ConfigInvoker.java:321)
at org.testng.internal.TestMethodWorker.invokeBeforeClassMethods(TestMethodWorker.java:176)
at org.testng.internal.TestMethodWorker.run(TestMethodWorker.java:122)
at java.base/java.util.ArrayList.forEach(ArrayList.java:1511)
at org.testng.TestRunner.privateRun(TestRunner.java:794)
at org.testng.TestRunner.run(TestRunner.java:596)
at org.testng.SuiteRunner.runTest(SuiteRunner.java:377)
at org.testng.SuiteRunner.runSequentially(SuiteRunner.java:371)
at org.testng.SuiteRunner.privateRun(SuiteRunner.java:332)
at org.testng.SuiteRunner.run(SuiteRunner.java:276)
at org.testng.SuiteRunnerWorker.runSuite(SuiteRunnerWorker.java:53)
at org.testng.SuiteRunnerWorker.run(SuiteRunnerWorker.java:96)
at org.testng.TestNG.runSuitesSequentially(TestNG.java:1212)
at org.testng.TestNG.runSuitesLocally(TestNG.java:1134)
at org.testng.TestNG.runSuites(TestNG.java:1063)
at org.testng.TestNG.run(TestNG.java:1031)
at org.testng.remote.AbstractRemoteTestNG.run(AbstractRemoteTestNG.java:115)
at org.testng.remote.RemoteTestNG.initAndRun(RemoteTestNG.java:293)
at org.testng.remote.RemoteTestNG.main(RemoteTestNG.java:91)
]]>
    </error>
  </testcase> <!-- Launch_Browser -->
  <system-out>
    <![CDATA[Chrome driver launched successfull]]>
  </system-out>
  <testcase classname="Computhink.Script.Special_Char_FileNames" name="TC_01_Upload_and_verify_Allowing_Percentage_Characterfile" time="0.000">
    <skipped/>
  </testcase> <!-- TC_01_Upload_and_verify_Allowing_Percentage_Characterfile -->
  <system-out/>
  <testcase classname="Computhink.Script.Special_Char_FileNames" name="TC_02_Upload_and_verify_Allowing_Tile_Characterfile" time="0.000">
    <skipped/>
  </testcase> <!-- TC_02_Upload_and_verify_Allowing_Tile_Characterfile -->
  <system-out/>
  <testcase classname="Computhink.Script.Special_Char_FileNames" name="TC_03_Upload_and_verify_Allowing_Atrate_Characterfile" time="0.000">
    <skipped/>
  </testcase> <!-- TC_03_Upload_and_verify_Allowing_Atrate_Characterfile -->
  <system-out/>
  <testcase classname="Computhink.Script.Special_Char_FileNames" name="TC_04_Upload_and_verify_Allowing_Hash_Characterfile" time="0.000">
    <skipped/>
  </testcase> <!-- TC_04_Upload_and_verify_Allowing_Hash_Characterfile -->
  <system-out/>
  <testcase classname="Computhink.Script.Special_Char_FileNames" name="TC_05_Upload_and_verify_Allowing_Dollar_Characterfile" time="0.000">
    <skipped/>
  </testcase> <!-- TC_05_Upload_and_verify_Allowing_Dollar_Characterfile -->
  <system-out/>
  <testcase classname="Computhink.Script.Special_Char_FileNames" name="TC_06_Upload_and_verify_Allowing_Plus_Characterfile" time="0.000">
    <skipped/>
  </testcase> <!-- TC_06_Upload_and_verify_Allowing_Plus_Characterfile -->
  <system-out/>
  <testcase classname="Computhink.Script.Special_Char_FileNames" name="TC_07_Upload_and_verify_Allowing_Caret_Characterfile" time="0.000">
    <skipped/>
  </testcase> <!-- TC_07_Upload_and_verify_Allowing_Caret_Characterfile -->
  <system-out/>
  <testcase classname="Computhink.Script.Special_Char_FileNames" name="TC_08_Upload_and_verify_Allowing_Equals_Characterfile" time="0.000">
    <skipped/>
  </testcase> <!-- TC_08_Upload_and_verify_Allowing_Equals_Characterfile -->
  <system-out/>
  <testcase classname="Computhink.Script.Special_Char_FileNames" name="TC_09_Upload_and_verify_Allowing_SingleQuote_Characterfile" time="0.000">
    <skipped/>
  </testcase> <!-- TC_09_Upload_and_verify_Allowing_SingleQuote_Characterfile -->
  <system-out/>
  <testcase classname="Computhink.Script.Special_Char_FileNames" name="TC_10_Upload_and_verify_Allowing_Comma_Characterfile" time="0.000">
    <skipped/>
  </testcase> <!-- TC_10_Upload_and_verify_Allowing_Comma_Characterfile -->
  <system-out/>
  <testcase classname="Computhink.Script.Special_Char_FileNames" name="TC_11_Upload_and_verify_Allowing_Exclamatory_Characterfile" time="0.000">
    <skipped/>
  </testcase> <!-- TC_11_Upload_and_verify_Allowing_Exclamatory_Characterfile -->
  <system-out/>
  <testcase classname="Computhink.Script.Special_Char_FileNames" name="TC_12_Upload_and_verify_Allowing_Hyphen_Characterfile" time="0.000">
    <skipped/>
  </testcase> <!-- TC_12_Upload_and_verify_Allowing_Hyphen_Characterfile -->
  <system-out/>
  <testcase classname="Computhink.Script.Special_Char_FileNames" name="TC_13_Upload_and_verify_Allowing_RoundBrackets_Characterfile" time="0.000">
    <skipped/>
  </testcase> <!-- TC_13_Upload_and_verify_Allowing_RoundBrackets_Characterfile -->
  <system-out/>
  <testcase classname="Computhink.Script.Special_Char_FileNames" name="TC_14_Upload_and_verify_Allowing_Accent_Characterfile" time="0.000">
    <skipped/>
  </testcase> <!-- TC_14_Upload_and_verify_Allowing_Accent_Characterfile -->
  <system-out/>
  <testcase classname="Computhink.Script.Special_Char_FileNames" name="TC_15_Upload_and_verify_Allowing_Ampersant_Characterfile" time="0.000">
    <skipped/>
  </testcase> <!-- TC_15_Upload_and_verify_Allowing_Ampersant_Characterfile -->
  <system-out/>
  <testcase classname="Computhink.Script.Special_Char_FileNames" name="TC_16_Upload_and_verify_Allowing_Underscore_Characterfile" time="0.000">
    <skipped/>
  </testcase> <!-- TC_16_Upload_and_verify_Allowing_Underscore_Characterfile -->
  <system-out/>
  <testcase classname="Computhink.Script.Special_Char_FileNames" name="TC_17_Upload_and_verify_Allowing_Flowerbracket_Characterfile" time="0.000">
    <skipped/>
  </testcase> <!-- TC_17_Upload_and_verify_Allowing_Flowerbracket_Characterfile -->
  <system-out/>
  <testcase classname="Computhink.Script.Special_Char_FileNames" name="TC_18_Upload_and_verify_Allowing_Squarebracket_Characterfile" time="0.000">
    <skipped/>
  </testcase> <!-- TC_18_Upload_and_verify_Allowing_Squarebracket_Characterfile -->
  <system-out/>
  <testcase classname="Computhink.Script.Special_Char_FileNames" name="TC_19_Upload_and_verify_Allowing_SemiColon_Characterfile" time="0.000">
    <skipped/>
  </testcase> <!-- TC_19_Upload_and_verify_Allowing_SemiColon_Characterfile -->
  <system-out/>
  <testcase classname="Computhink.Script.Special_Char_FileNames" name="TC_20_Verify_All_filetypes" time="0.000">
    <skipped/>
  </testcase> <!-- TC_20_Verify_All_filetypes -->
  <system-out/>
</testsuite> <!-- Computhink.Script.Special_Char_FileNames -->
