<?xml version="1.0" encoding="UTF-8"?>
<!-- Generated by org.testng.reporters.JUnitReportReporter -->
<testsuite hostname="CIPLWKT010" failures="0" tests="11" name="Computhink.Script.Security_dialog_Test" time="2122.087" errors="2" timestamp="2026-01-19T20:54:32 IST" skipped="0">
  <testcase classname="Computhink.Script.Security_dialog_Test" name="Login_EWA" time="20.926"/>
  <system-out>
    <![CDATA[Scenario 01: Log into a EWA
Enter valid user name into username field
UserName Details: Dipak
Enter valid password into password field
Select a Room
Selected Room name: demoserver.demoroom
Captcha is not present, proceeding with login.
Click Login button
Session for user is already active. Do you want to create a new session? Dialog box displayed. User clicks OK button.
Session message did not appear. Proceeding with login.
User has logged in successfully.]]>
  </system-out>
  <testcase classname="Computhink.Script.Security_dialog_Test" name="TC_01_Give_All_permission_To_Cabinet" time="202.210"/>
  <system-out>
    <![CDATA[Test Scenario 1 : Give All permission for Cabinet 
Scenario 01: Log into a EWA
Enter valid user name into username field
Click on Refresh button
Click on Username
Click on Logout Option
Scenario 01: Log into EWA
Enter valid user name into username field
UserName Details: admin
Enter valid password into password field
Select a Room
Selected Room name: demoserver.demoroom
Captcha is not present, proceeding with login.
Click Login button
Session message did not appear. Proceeding with login.
Session message did not appear. Proceeding with login.
Login EWA with  User
Expand a Cabinet
Mousehover to Roomname Tab
Click on  Security Option
Click on  Security dialog Add button
Select User Group
Click on Security dialog Ok button
The Selected Entry is already in the Entry List. this validation message should show
Verifying Validation message
Select Added Group
Click on  New Entry Security button
Assign all permission to Group
Click on Security dialog Apply button
Click on  Security dialog Add button
Click_UserGroup Downarrow which you want to select
Select User from Group
Click on Security dialog Ok button
Select a User
Click on  New Enty button
Assign all permission to User
Click on Security dialog Apply button
Click on Username option
Click on Logout option
Timeout waiting for alert to appear.
Click on  Security dialog Ok button
All permission should be given for Cabinet]]>
  </system-out>
  <testcase classname="Computhink.Script.Security_dialog_Test" name="TC_02_Verify_All_permission_for_Cabinet" time="269.073"/>
  <system-out>
    <![CDATA[Test Scenario 2 : Verifying All permission for Cabinet
Scenario 01: Log into a EWA
Enter valid user name into username field
UserName Details: Dipak
Enter valid password into password field
Select a Room
Selected Room name: demoserver.demoroom
Captcha is not present, proceeding with login.
Click Login button
Session message did not appear. Proceeding with login.
Session message did not appear. Proceeding with login.
Login EWA with User credential
Click on Refresh button
Click on Setting Icon
Click on My Preferences Option
Select Office Document and set Default View
Select Pdf Document and set Default View
Click on Security dialog Apply button
Click on New Document Tab
Click on Destination Folder Textbox
Expand a Cabinet
Expand a Drawer
select a Folder
Click on Ok button 
Select Value from Document type dropdown
Enter value into Report Name field
Browse a Document Page
By using AutoIT add file from external folder
Click on Create button
Expand a Cabinet
Expand a Drawer
select a Folder
Mousehover to Roomname Tab
Check Document from Document List 
Mousehover on Documents Tab
Click on the Send To Option
Click on Document from Document List
Document Open successfully
Click on First Page Thumbnail
Verified All permission for Cabinet
Click on Username option
Click on Logout option
Timeout waiting for alert to appear.
Logout the user account ]]>
  </system-out>
  <testcase classname="Computhink.Script.Security_dialog_Test" name="TC_03_Remove_All_permission_for_Cabinet" time="80.004"/>
  <system-out>
    <![CDATA[Test Scenario 3 : Remove All permission To  for Cabinet
Scenario 01: Log into EWA
Enter valid user name into username field
UserName Details: admin
Enter valid password into password field
Select a Room
Selected Room name: demoserver.demoroom
Captcha is not present, proceeding with login.
Click Login button
Session message did not appear. Proceeding with login.
Session message did not appear. Proceeding with login.
Login EWA with admin User 
Expand a Cabinet
Mousehover to Roomname Tab
Click on Security Option
Select added User
Click on Remove button
Click on Security dialog Ok button
Added Remove Successfully on Cabinet level]]>
  </system-out>
  <testcase classname="Computhink.Script.Security_dialog_Test" name="TC_04_Set_Delete_permission_Denied_for_Folder" time="137.151"/>
  <system-out>
    <![CDATA[Test Scenario 4 : Set Delete permission Denied for Folder
Scenario 01: Log into EWA
Enter valid user name into username field
Click on Refresh button
Expand a Cabinet
Expand a Drawer
select a Folder
Mousehover to Roomname Tab
Click on Security Option
Click on Security dialog Add button
Select Click_UserGroup Group
Select User from Group
Click on Security dialog Ok button
The Selected Entry is already in the Entry List. this validation message should show
Verifying Valialidation message
Select added User
Click on New Entry button
Assign Permission to added User
Denied Delete Permission for Folder
Click on Security dialog Apply button
Click on Security dialog Ok button
Delete permission should be Denied Selected  for Drawer
Click on Username option
Click on Logout option
Timeout waiting for alert to appear.]]>
  </system-out>
  <testcase classname="Computhink.Script.Security_dialog_Test" name="TC_05_Verify_Delete_permission_Denied_for_Folder" time="136.693"/>
  <system-out>
    <![CDATA[Test Scenario 5 : Verifying Delete permission Denied for Folder 
Scenario 01: Log into a EWA
Enter valid user name into username field
UserName Details: Dipak
Enter valid password into password field
Select a Room
Selected Room name: demoserver.demoroom
Captcha is not present, proceeding with login.
Click Login button
Session message did not appear. Proceeding with login.
Session message did not appear. Proceeding with login.
Login EWA with User Credential 
Expand a Cabinet
Expand a Drawer
select a Folder
Mousehover to Roomname Tab
Check Document from Document List 
Mousehover on Documents Tab
Open Document from document List 
Document Open successfully
Select First page Thumbnail
Verified Delete Option is Disable from Fab button and Delete Menu Option
Click on Cross button and Close Document
Click on Username option
Click on Logout option
Timeout waiting for alert to appear.]]>
  </system-out>
  <testcase classname="Computhink.Script.Security_dialog_Test" name="TC_06_Remove_Delete_permission_Denied_for_Folder" time="94.146"/>
  <system-out>
    <![CDATA[Test Scenario 6 : Remove Delete Permission Denied for Folder
Scenario 01: Log into EWA
Enter valid user name into username field
UserName Details: admin
Enter valid password into password field
Select a Room
Selected Room name: demoserver.demoroom
Captcha is not present, proceeding with login.
Click Login button
Session message did not appear. Proceeding with login.
Session message did not appear. Proceeding with login.
Login EWA with  User
Expand a Cabinet
Expand a Drawer
select a Folder
Mousehover into Roomname Tab
Click on Security Option
Select added User
Click on Remove button
Click on Security dialog Ok button
Added user Remove Successfully on Folder level
Delete permission is denied for Folder verified Successfully...]]>
  </system-out>
  <testcase classname="Computhink.Script.Security_dialog_Test" name="TC_07_Share_permission_Denied_for_Folder" time="348.319"/>
  <system-out>
    <![CDATA[Test Scenario 7 : Share permission Denied for Folder 
Scenario 01: Log into EWA
Enter valid user name into username field
Click on Refresh button
Expand a Cabinet
Expand a Drawer
select a Folder
Mousehover to Roomname 
Click on Security Option
Click on Security dialog Add button
Click on Click_UserGroup Group
Select from Group
Click on Security dialog Ok button
Select added User
Click on New Entry button
Assign permission to Selected 
Denied Share permission to Selected 
Click on Security dialog Apply button
Click on Security dialog Ok button
Share permission should be Denied Selected  for Folder
Click on Username
Click on Logout Option
Scenario 01: Log into a EWA
Enter valid user name into username field
UserName Details: Dipak
Enter valid password into password field
Select a Room
Selected Room name: demoserver.demoroom
Captcha is not present, proceeding with login.
Click Login button
Session message did not appear. Proceeding with login.
Session message did not appear. Proceeding with login.
Login EWA with User Credential
Click on Refresh button
Expand a Cabinet
Expand a Drawer
select a Folder
Check Document from Document List 
Mousehover on Documents Tab
Click on the Send To Option
Document open successfully under Folder
Click on First page Thumbnail
Verified Share option is Disable from Viewer menu
Click on Cross button and Close document
Click on Username option
Click on Logout option
Timeout waiting for alert to appear.
Scenario 01: Log into EWA
Enter valid user name into username field
UserName Details: admin
Enter valid password into password field
Select a Room
Selected Room name: demoserver.demoroom
Captcha is not present, proceeding with login.
Click Login button
Session message did not appear. Proceeding with login.
Session message did not appear. Proceeding with login.
Login EWA with admin User 
Expand a Cabinet
Expand a Drawer
select a Folder
Mousehover to Roomname Tab
Click on Security Tab
Select added User 
Click on Remove button
Click on  Security dialog Ok button
Added  Remove Successfully on Folder level
Share permission is denied for Folder verified Successfully...]]>
  </system-out>
  <testcase classname="Computhink.Script.Security_dialog_Test" name="TC_08_Verify_Modify_Permissions_Denied_on_subFolder" time="209.918">
    <error message="no such element: Unable to locate element: {&quot;method&quot;:&quot;xpath&quot;,&quot;selector&quot;:&quot;(//span[@class=&#039;checkmark&#039;])[1]&quot;}
  (Session info: chrome=144.0.7559.59)
For documentation on this error, please visit: https://www.selenium.dev/documentation/webdriver/troubleshooting/errors#no-such-element-exception
Build info: version: &#039;4.17.0&#039;, revision: &#039;e52b1be057*&#039;
System info: os.name: &#039;Windows 10&#039;, os.arch: &#039;amd64&#039;, os.version: &#039;10.0&#039;, java.version: &#039;17.0.7&#039;
Driver info: org.openqa.selenium.chrome.ChromeDriver
Command: [f0e4ed435116fc5efb9d07abd80e6e11, findElement {using=xpath, value=(//span[@class=&#039;checkmark&#039;])[1]}]
Capabilities {acceptInsecureCerts: false, browserName: chrome, browserVersion: 144.0.7559.59, chrome: {chromedriverVersion: 144.0.7559.31 (18537d992890..., userDataDir: C:\Users\dipak.p\AppData\Lo...}, fedcm:accounts: true, goog:chromeOptions: {debuggerAddress: localhost:54061}, goog:processID: 25932, networkConnectionEnabled: false, pageLoadStrategy: normal, platformName: windows, proxy: Proxy(), se:cdp: ws://localhost:54061/devtoo..., se:cdpVersion: 144.0.7559.59, setWindowRect: true, strictFileInteractability: false, timeouts: {implicit: 0, pageLoad: 300000, script: 30000}, unhandledPromptBehavior: dismiss and notify, webauthn:extension:credBlob: true, webauthn:extension:largeBlob: true, webauthn:extension:minPinLength: true, webauthn:extension:prf: true, webauthn:virtualAuthenticators: true}
Session ID: f0e4ed435116fc5efb9d07abd80e6e11" type="org.openqa.selenium.NoSuchElementException">
      <![CDATA[org.openqa.selenium.NoSuchElementException: no such element: Unable to locate element: {"method":"xpath","selector":"(//span[@class='checkmark'])[1]"}
  (Session info: chrome=144.0.7559.59)
For documentation on this error, please visit: https://www.selenium.dev/documentation/webdriver/troubleshooting/errors#no-such-element-exception
Build info: version: '4.17.0', revision: 'e52b1be057*'
System info: os.name: 'Windows 10', os.arch: 'amd64', os.version: '10.0', java.version: '17.0.7'
Driver info: org.openqa.selenium.chrome.ChromeDriver
Command: [f0e4ed435116fc5efb9d07abd80e6e11, findElement {using=xpath, value=(//span[@class='checkmark'])[1]}]
Capabilities {acceptInsecureCerts: false, browserName: chrome, browserVersion: 144.0.7559.59, chrome: {chromedriverVersion: 144.0.7559.31 (18537d992890..., userDataDir: C:\Users\dipak.p\AppData\Lo...}, fedcm:accounts: true, goog:chromeOptions: {debuggerAddress: localhost:54061}, goog:processID: 25932, networkConnectionEnabled: false, pageLoadStrategy: normal, platformName: windows, proxy: Proxy(), se:cdp: ws://localhost:54061/devtoo..., se:cdpVersion: 144.0.7559.59, setWindowRect: true, strictFileInteractability: false, timeouts: {implicit: 0, pageLoad: 300000, script: 30000}, unhandledPromptBehavior: dismiss and notify, webauthn:extension:credBlob: true, webauthn:extension:largeBlob: true, webauthn:extension:minPinLength: true, webauthn:extension:prf: true, webauthn:virtualAuthenticators: true}
Session ID: f0e4ed435116fc5efb9d07abd80e6e11
at jdk.internal.reflect.GeneratedConstructorAccessor59.newInstance(Unknown Source)
at java.base/jdk.internal.reflect.DelegatingConstructorAccessorImpl.newInstance(DelegatingConstructorAccessorImpl.java:45)
at java.base/java.lang.reflect.Constructor.newInstanceWithCaller(Constructor.java:499)
at java.base/java.lang.reflect.Constructor.newInstance(Constructor.java:480)
at org.openqa.selenium.remote.codec.w3c.W3CHttpResponseCodec.createException(W3CHttpResponseCodec.java:185)
at org.openqa.selenium.remote.codec.w3c.W3CHttpResponseCodec.decode(W3CHttpResponseCodec.java:134)
at org.openqa.selenium.remote.codec.w3c.W3CHttpResponseCodec.decode(W3CHttpResponseCodec.java:51)
at org.openqa.selenium.remote.HttpCommandExecutor.execute(HttpCommandExecutor.java:190)
at org.openqa.selenium.remote.service.DriverCommandExecutor.invokeExecute(DriverCommandExecutor.java:216)
at org.openqa.selenium.remote.service.DriverCommandExecutor.execute(DriverCommandExecutor.java:174)
at org.openqa.selenium.remote.RemoteWebDriver.execute(RemoteWebDriver.java:519)
at org.openqa.selenium.remote.ElementLocation$ElementFinder$2.findElement(ElementLocation.java:165)
at org.openqa.selenium.remote.ElementLocation.findElement(ElementLocation.java:59)
at org.openqa.selenium.remote.RemoteWebDriver.findElement(RemoteWebDriver.java:356)
at org.openqa.selenium.remote.RemoteWebDriver.findElement(RemoteWebDriver.java:350)
at org.openqa.selenium.support.pagefactory.DefaultElementLocator.findElement(DefaultElementLocator.java:68)
at org.openqa.selenium.support.pagefactory.internal.LocatingElementHandler.invoke(LocatingElementHandler.java:38)
at jdk.proxy2/jdk.proxy2.$Proxy15.getWrappedElement(Unknown Source)
at org.openqa.selenium.remote.internal.WebElementToJsonConverter.apply(WebElementToJsonConverter.java:50)
at java.base/java.util.stream.ReferencePipeline$3$1.accept(ReferencePipeline.java:197)
at java.base/java.util.Spliterators$ArraySpliterator.forEachRemaining(Spliterators.java:992)
at java.base/java.util.stream.AbstractPipeline.copyInto(AbstractPipeline.java:509)
at java.base/java.util.stream.AbstractPipeline.wrapAndCopyInto(AbstractPipeline.java:499)
at java.base/java.util.stream.ReduceOps$ReduceOp.evaluateSequential(ReduceOps.java:921)
at java.base/java.util.stream.AbstractPipeline.evaluate(AbstractPipeline.java:234)
at java.base/java.util.stream.ReferencePipeline.collect(ReferencePipeline.java:682)
at org.openqa.selenium.remote.RemoteWebDriver.executeScript(RemoteWebDriver.java:462)
at Computhink.Generic.BaseClass.jsclick(BaseClass.java:1469)
at Computhink.Pom.Security.Modify_Denied_Subfolder(Security.java:1152)
at Computhink.Script.Security_dialog_Test.TC_08_Verify_Modify_Permissions_Denied_on_subFolder(Security_dialog_Test.java:80)
at java.base/jdk.internal.reflect.NativeMethodAccessorImpl.invoke0(Native Method)
at java.base/jdk.internal.reflect.NativeMethodAccessorImpl.invoke(NativeMethodAccessorImpl.java:77)
at java.base/jdk.internal.reflect.DelegatingMethodAccessorImpl.invoke(DelegatingMethodAccessorImpl.java:43)
at java.base/java.lang.reflect.Method.invoke(Method.java:568)
at org.testng.internal.MethodInvocationHelper.invokeMethod(MethodInvocationHelper.java:133)
at org.testng.internal.TestInvoker.invokeMethod(TestInvoker.java:598)
at org.testng.internal.TestInvoker.retryFailed(TestInvoker.java:213)
at org.testng.internal.MethodRunner.runInSequence(MethodRunner.java:58)
at org.testng.internal.TestInvoker$MethodInvocationAgent.invoke(TestInvoker.java:824)
at org.testng.internal.TestInvoker.invokeTestMethods(TestInvoker.java:146)
at org.testng.internal.TestMethodWorker.invokeTestMethods(TestMethodWorker.java:146)
at org.testng.internal.TestMethodWorker.run(TestMethodWorker.java:128)
at java.base/java.util.ArrayList.forEach(ArrayList.java:1511)
at org.testng.TestRunner.privateRun(TestRunner.java:794)
at org.testng.TestRunner.run(TestRunner.java:596)
at org.testng.SuiteRunner.runTest(SuiteRunner.java:377)
at org.testng.SuiteRunner.runSequentially(SuiteRunner.java:371)
at org.testng.SuiteRunner.privateRun(SuiteRunner.java:332)
at org.testng.SuiteRunner.run(SuiteRunner.java:276)
at org.testng.SuiteRunnerWorker.runSuite(SuiteRunnerWorker.java:53)
at org.testng.SuiteRunnerWorker.run(SuiteRunnerWorker.java:96)
at org.testng.TestNG.runSuitesSequentially(TestNG.java:1212)
at org.testng.TestNG.runSuitesLocally(TestNG.java:1134)
at org.testng.TestNG.runSuites(TestNG.java:1063)
at org.testng.TestNG.run(TestNG.java:1031)
at org.testng.remote.AbstractRemoteTestNG.run(AbstractRemoteTestNG.java:115)
at org.testng.remote.RemoteTestNG.initAndRun(RemoteTestNG.java:293)
at org.testng.remote.RemoteTestNG.main(RemoteTestNG.java:91)
]]>
    </error>
  </testcase> <!-- TC_08_Verify_Modify_Permissions_Denied_on_subFolder -->
  <system-out>
    <![CDATA[Test Scenario 8 : Verifying Modify Permissions Denied on subFolder 
Scenario 01: Log into EWA
Enter valid user name into username field
Click on Refresh button
Expand a Cabinet
Expand a Drawer
select a Folder
select a SubFolder
Mousehover to Roomname Tab
Click on Security Option
Click on Security Dialog Add button
Select Cvnamed Group
Select User from Group
Click on Security dialog Ok button
The Selected Entry is already in the Entry List. this validation message should show
Verifying Validation message
Select added User
Click on  New Entry button
Assign all permission to Selected 
Denied Modify Permission to Selected 
Click on Security dialog Apply button
Click on the Ok button
Modify permission should be Denied Selected  for SubFolder
Click on Username option
Click on Logout option
Timeout waiting for alert to appear.
Scenario 01: Log into a EWA
Enter valid user name into username field
UserName Details: Dipak
Enter valid password into password field
Select a Room
Selected Room name: demoserver.demoroom
Captcha is not present, proceeding with login.
Click Login button
Session message did not appear. Proceeding with login.
Session message did not appear. Proceeding with login.
Login EWA with User Credential
Expand a Cabinet
Expand a  Drawer
select a Folder
select a SubFolder
Mousehover to Roomname Tab
<b>Test Failed: TC_08_Verify_Modify_Permissions_Denied_on_subFolder</b>
<a href='screenshots/TC_08_Verify_Modify_Permissions_Denied_on_subFolder_failure.png' target='_blank'>View Screenshot</a>
<br><img src='screenshots/TC_08_Verify_Modify_Permissions_Denied_on_subFolder_failure.png' width='400' height='300'/><br>]]>
  </system-out>
  <testcase classname="Computhink.Script.Security_dialog_Test" name="TC_09_Give_Different_permission_To_Group_for_AllNodes" time="420.444"/>
  <system-out>
    <![CDATA[Test Scenario 9 : Give Different permission To Group for AllNodes
Scenario 01: Log into EWA
Enter valid user name into username field
Expand a Cabinet
Mousehover to Roomname Tab
Click on Security Option
Click on Security dialog Add button
Click on cvadmins Group Name
Click on Security dialog Ok button
The Selected Entry is already in the Entry List. this validation message should show
Verifying Group added already Validation Message
Select Added Group
Click on  New Entry Security button
Assign all permission to Group
Click on Security dialog Apply button
Click on  Security dialog Ok button
All permission should be given to  for Cabinet
Click on Refresh button
Expand a Cabinet
Expand a Drawer
Mousehover to Roomname Tab
Click on Security Option
Click on Security dialog Add button
Select cvadmins Group
Click on Security dialog Ok button
The Selected Entry is already in the Entry List. this validation message should show
Verifying Validation message
Click on Close button
Select Added Group
Click on New Entry button
Assign all permission to Group
Denied Delete permission to Group
Click on Security Dialog Apply button
Click on Security Dialog Ok button
Delete permission should be Denied Selected  for Drawer
Click on Refresh button
Expand a Cabinet
Expand a Drawer
select a Folder
Mousehover to Roomname Tab
Click on Security Option
Click on Security Dialog Add button
Select cvadmins Group
Click on Security dialog Ok button
The Selected Entry is already in the Entry List. this validation message should show
Verifying Validation message
Click on Close button
Select added Group
Click on New Entry button
Assign all permission to selected Group
Denied share permission
Click on Security Dialog Apply button
Click on Security Dialog Ok button
Share permission should be Denied Selected  for Folder
Click on Refresh button
Expand a Cabinet
Expand a Drawer
select a Folder
select a SubFolder
Mousehover to Roomname Tab
Click on Security Option
Click on Security Dialog Add button
Select cvadmins Group 
Click on Security dialog  Ok button
The Selected Entry is already in the Entry List. this validation message should show
Verifying Validation Message
Click on Close button
Select added Group
Click on New Entry Tab
Assign all Permission to Group
Denied Modify Permission
Click on Security dialog Apply button
Click on Security dialog Ok button
Modify permission should be Denied Selected  for SubFolder]]>
  </system-out>
  <testcase classname="Computhink.Script.Security_dialog_Test" name="TC_10_Verify_Respective_permission_To_Group_for_AllNodes" time="203.203">
    <error message="no such element: Unable to locate element: {&quot;method&quot;:&quot;xpath&quot;,&quot;selector&quot;:&quot;(//span[@class=&#039;checkmark&#039;])[1]&quot;}
  (Session info: chrome=144.0.7559.59)
For documentation on this error, please visit: https://www.selenium.dev/documentation/webdriver/troubleshooting/errors#no-such-element-exception
Build info: version: &#039;4.17.0&#039;, revision: &#039;e52b1be057*&#039;
System info: os.name: &#039;Windows 10&#039;, os.arch: &#039;amd64&#039;, os.version: &#039;10.0&#039;, java.version: &#039;17.0.7&#039;
Driver info: org.openqa.selenium.chrome.ChromeDriver
Command: [f0e4ed435116fc5efb9d07abd80e6e11, findElement {using=xpath, value=(//span[@class=&#039;checkmark&#039;])[1]}]
Capabilities {acceptInsecureCerts: false, browserName: chrome, browserVersion: 144.0.7559.59, chrome: {chromedriverVersion: 144.0.7559.31 (18537d992890..., userDataDir: C:\Users\dipak.p\AppData\Lo...}, fedcm:accounts: true, goog:chromeOptions: {debuggerAddress: localhost:54061}, goog:processID: 25932, networkConnectionEnabled: false, pageLoadStrategy: normal, platformName: windows, proxy: Proxy(), se:cdp: ws://localhost:54061/devtoo..., se:cdpVersion: 144.0.7559.59, setWindowRect: true, strictFileInteractability: false, timeouts: {implicit: 0, pageLoad: 300000, script: 30000}, unhandledPromptBehavior: dismiss and notify, webauthn:extension:credBlob: true, webauthn:extension:largeBlob: true, webauthn:extension:minPinLength: true, webauthn:extension:prf: true, webauthn:virtualAuthenticators: true}
Session ID: f0e4ed435116fc5efb9d07abd80e6e11" type="org.openqa.selenium.NoSuchElementException">
      <![CDATA[org.openqa.selenium.NoSuchElementException: no such element: Unable to locate element: {"method":"xpath","selector":"(//span[@class='checkmark'])[1]"}
  (Session info: chrome=144.0.7559.59)
For documentation on this error, please visit: https://www.selenium.dev/documentation/webdriver/troubleshooting/errors#no-such-element-exception
Build info: version: '4.17.0', revision: 'e52b1be057*'
System info: os.name: 'Windows 10', os.arch: 'amd64', os.version: '10.0', java.version: '17.0.7'
Driver info: org.openqa.selenium.chrome.ChromeDriver
Command: [f0e4ed435116fc5efb9d07abd80e6e11, findElement {using=xpath, value=(//span[@class='checkmark'])[1]}]
Capabilities {acceptInsecureCerts: false, browserName: chrome, browserVersion: 144.0.7559.59, chrome: {chromedriverVersion: 144.0.7559.31 (18537d992890..., userDataDir: C:\Users\dipak.p\AppData\Lo...}, fedcm:accounts: true, goog:chromeOptions: {debuggerAddress: localhost:54061}, goog:processID: 25932, networkConnectionEnabled: false, pageLoadStrategy: normal, platformName: windows, proxy: Proxy(), se:cdp: ws://localhost:54061/devtoo..., se:cdpVersion: 144.0.7559.59, setWindowRect: true, strictFileInteractability: false, timeouts: {implicit: 0, pageLoad: 300000, script: 30000}, unhandledPromptBehavior: dismiss and notify, webauthn:extension:credBlob: true, webauthn:extension:largeBlob: true, webauthn:extension:minPinLength: true, webauthn:extension:prf: true, webauthn:virtualAuthenticators: true}
Session ID: f0e4ed435116fc5efb9d07abd80e6e11
at jdk.internal.reflect.GeneratedConstructorAccessor59.newInstance(Unknown Source)
at java.base/jdk.internal.reflect.DelegatingConstructorAccessorImpl.newInstance(DelegatingConstructorAccessorImpl.java:45)
at java.base/java.lang.reflect.Constructor.newInstanceWithCaller(Constructor.java:499)
at java.base/java.lang.reflect.Constructor.newInstance(Constructor.java:480)
at org.openqa.selenium.remote.codec.w3c.W3CHttpResponseCodec.createException(W3CHttpResponseCodec.java:185)
at org.openqa.selenium.remote.codec.w3c.W3CHttpResponseCodec.decode(W3CHttpResponseCodec.java:134)
at org.openqa.selenium.remote.codec.w3c.W3CHttpResponseCodec.decode(W3CHttpResponseCodec.java:51)
at org.openqa.selenium.remote.HttpCommandExecutor.execute(HttpCommandExecutor.java:190)
at org.openqa.selenium.remote.service.DriverCommandExecutor.invokeExecute(DriverCommandExecutor.java:216)
at org.openqa.selenium.remote.service.DriverCommandExecutor.execute(DriverCommandExecutor.java:174)
at org.openqa.selenium.remote.RemoteWebDriver.execute(RemoteWebDriver.java:519)
at org.openqa.selenium.remote.ElementLocation$ElementFinder$2.findElement(ElementLocation.java:165)
at org.openqa.selenium.remote.ElementLocation.findElement(ElementLocation.java:59)
at org.openqa.selenium.remote.RemoteWebDriver.findElement(RemoteWebDriver.java:356)
at org.openqa.selenium.remote.RemoteWebDriver.findElement(RemoteWebDriver.java:350)
at org.openqa.selenium.support.pagefactory.DefaultElementLocator.findElement(DefaultElementLocator.java:68)
at org.openqa.selenium.support.pagefactory.internal.LocatingElementHandler.invoke(LocatingElementHandler.java:38)
at jdk.proxy2/jdk.proxy2.$Proxy15.getWrappedElement(Unknown Source)
at org.openqa.selenium.remote.internal.WebElementToJsonConverter.apply(WebElementToJsonConverter.java:50)
at java.base/java.util.stream.ReferencePipeline$3$1.accept(ReferencePipeline.java:197)
at java.base/java.util.Spliterators$ArraySpliterator.forEachRemaining(Spliterators.java:992)
at java.base/java.util.stream.AbstractPipeline.copyInto(AbstractPipeline.java:509)
at java.base/java.util.stream.AbstractPipeline.wrapAndCopyInto(AbstractPipeline.java:499)
at java.base/java.util.stream.ReduceOps$ReduceOp.evaluateSequential(ReduceOps.java:921)
at java.base/java.util.stream.AbstractPipeline.evaluate(AbstractPipeline.java:234)
at java.base/java.util.stream.ReferencePipeline.collect(ReferencePipeline.java:682)
at org.openqa.selenium.remote.RemoteWebDriver.executeScript(RemoteWebDriver.java:462)
at Computhink.Generic.BaseClass.jsclick(BaseClass.java:1469)
at Computhink.Pom.Security.Verify_Respective_Group_permission(Security.java:1562)
at Computhink.Script.Security_dialog_Test.TC_10_Verify_Respective_permission_To_Group_for_AllNodes(Security_dialog_Test.java:94)
at java.base/jdk.internal.reflect.NativeMethodAccessorImpl.invoke0(Native Method)
at java.base/jdk.internal.reflect.NativeMethodAccessorImpl.invoke(NativeMethodAccessorImpl.java:77)
at java.base/jdk.internal.reflect.DelegatingMethodAccessorImpl.invoke(DelegatingMethodAccessorImpl.java:43)
at java.base/java.lang.reflect.Method.invoke(Method.java:568)
at org.testng.internal.MethodInvocationHelper.invokeMethod(MethodInvocationHelper.java:133)
at org.testng.internal.TestInvoker.invokeMethod(TestInvoker.java:598)
at org.testng.internal.TestInvoker.retryFailed(TestInvoker.java:213)
at org.testng.internal.MethodRunner.runInSequence(MethodRunner.java:58)
at org.testng.internal.TestInvoker$MethodInvocationAgent.invoke(TestInvoker.java:824)
at org.testng.internal.TestInvoker.invokeTestMethods(TestInvoker.java:146)
at org.testng.internal.TestMethodWorker.invokeTestMethods(TestMethodWorker.java:146)
at org.testng.internal.TestMethodWorker.run(TestMethodWorker.java:128)
at java.base/java.util.ArrayList.forEach(ArrayList.java:1511)
at org.testng.TestRunner.privateRun(TestRunner.java:794)
at org.testng.TestRunner.run(TestRunner.java:596)
at org.testng.SuiteRunner.runTest(SuiteRunner.java:377)
at org.testng.SuiteRunner.runSequentially(SuiteRunner.java:371)
at org.testng.SuiteRunner.privateRun(SuiteRunner.java:332)
at org.testng.SuiteRunner.run(SuiteRunner.java:276)
at org.testng.SuiteRunnerWorker.runSuite(SuiteRunnerWorker.java:53)
at org.testng.SuiteRunnerWorker.run(SuiteRunnerWorker.java:96)
at org.testng.TestNG.runSuitesSequentially(TestNG.java:1212)
at org.testng.TestNG.runSuitesLocally(TestNG.java:1134)
at org.testng.TestNG.runSuites(TestNG.java:1063)
at org.testng.TestNG.run(TestNG.java:1031)
at org.testng.remote.AbstractRemoteTestNG.run(AbstractRemoteTestNG.java:115)
at org.testng.remote.RemoteTestNG.initAndRun(RemoteTestNG.java:293)
at org.testng.remote.RemoteTestNG.main(RemoteTestNG.java:91)
]]>
    </error>
  </testcase> <!-- TC_10_Verify_Respective_permission_To_Group_for_AllNodes -->
  <system-out>
    <![CDATA[Test Scenario 10 :Verifying Respective permission To Group for AllNodes 
Scenario 01: Log into EWA
Enter valid user name into username field
Login with Security permission assign Group
Click on Refresh button
Click on Setting Icon
Click on My Preferences Option
Select Office Document and set Default View Option 
Select Pdf Document and set Default View Option
Click on Security Dialog Apply button
Expand a Cabinet
Expand a Drawer
Mousehover to Roomname Tab
Delete permission should be Denied Selected  for Drawer
Click on Refresh button
Expand a Cabinet
Expand a Drawer
select a Folder
Check Document from Document List 
Mousehover on Documents Tab
Click on the Send To Option
Document open successfully under Folder
Click on First page Thumbnail
Verified Share option is Disable from Viewer menu
Click on Cross button and Close document
Click on Refresh button
Expand a Cabinet
Expand a Drawer
select a Folder
select a SubFolder
Mousehover to Roomname Tab
<b>Test Failed: TC_10_Verify_Respective_permission_To_Group_for_AllNodes</b>
<a href='screenshots/TC_10_Verify_Respective_permission_To_Group_for_AllNodes_failure.png' target='_blank'>View Screenshot</a>
<br><img src='screenshots/TC_10_Verify_Respective_permission_To_Group_for_AllNodes_failure.png' width='400' height='300'/><br>]]>
  </system-out>
</testsuite> <!-- Computhink.Script.Security_dialog_Test -->
