<?xml version="1.0" encoding="UTF-8"?>
<!-- Generated by org.testng.reporters.JUnitReportReporter -->
<testsuite hostname="CIPLWKT010" failures="0" tests="3" name="Computhink.Script.Supportedfiles_EWA" time="1860.921" errors="0" timestamp="2026-01-19T20:54:32 IST" skipped="0">
  <testcase classname="Computhink.Script.Supportedfiles_EWA" name="Login" time="21.966"/>
  <system-out>
    <![CDATA[Scenario 01: Log into a EWA
Enter valid user name into username field
UserName Details: Dipak
Enter valid password into password field
Select a Room
Selected Room name: demoserver.demoroom
Captcha is not present, proceeding with login.
Click Login button
Session for user is already active. Do you want to create a new session? Dialog box displayed. User clicks OK button.
Session message did not appear. Proceeding with login.
User logged in successfully... ]]>
  </system-out>
  <testcase classname="Computhink.Script.Supportedfiles_EWA" name="TC_2_CreateDocumentWithSupportedFiles" time="1440.982"/>
  <system-out>
    <![CDATA[Scenario 01: Verifying Supported Files
Click on New Document tab
Open Desitination folder dialog
Select Folder
Click on Destination folder dialog OK button
Select a Document type
Enter indices value
Click on Create button
Click on Navigate button
Select and Open Document
Select Browse icon
Add Supported files by using AutoIT script
Supported File names With Extention : D:\RNishaAutoIt\FileuploadForFolder.exe "D:\SupporterFiles\00pagespdf-signed.pdf" "D:\SupporterFiles\1_03. TEPC-DGM Note for issue of Rfp.doc" "D:\SupporterFiles\1_Re_ Contentverse Document '2021-2022 Sequoia Union High School Annual Contentverse Software Maintenance Renewal'(0).msg" "D:\SupporterFiles\2.tif" "D:\SupporterFiles\2MB.mp4" "D:\SupporterFiles\Accent `.pdf" "D:\SupporterFiles\Ampersant &.djvu" "D:\SupporterFiles\architectural_-_annotation_scaling_and_multileaders.dwg" "D:\SupporterFiles\At the rate @.xls" "D:\SupporterFiles\Blue_PNG_1.png" "D:\SupporterFiles\Comm,.DOCX" "D:\SupporterFiles\Dollar $ - Copy - Copy.jpg" "D:\SupporterFiles\Download-Sample-File-xlsm.xlsm" "D:\SupporterFiles\dwsample3-html - Copy.html" "D:\SupporterFiles\example.htm" "D:\SupporterFiles\Exclamatory !.csv" "D:\SupporterFiles\mixed-content - Copy.xml" "D:\SupporterFiles\mixed-content.xml" "D:\SupporterFiles\multilang - Copy.txt" "D:\SupporterFiles\multilang.txt" "D:\SupporterFiles\Multipage file - Copy.tiff" "D:\SupporterFiles\Multipage file.tiff" "D:\SupporterFiles\Office doc.xlsx" "D:\SupporterFiles\RegistryReviverSetup.exe" "D:\SupporterFiles\sample3.PDF" "D:\SupporterFiles\samplepptx - Copy.pptx"
All Supported files are uploaded successful
Click on save button
Added Supported files are saved successfully...]]>
  </system-out>
  <testcase classname="Computhink.Script.Supportedfiles_EWA" name="TC_3_Verify_SupportedFiles_Download" time="397.973"/>
  <system-out>
    <![CDATA[Scenario 02:Verify Supported files and Download
Select Supported file
Supported file name with file type :00pagespdf-signed.pdf
File Downloaded successfully
==============================================================================================================================
Select Supported file
Supported file name with file type :1_03. TEPC-DGM Note for issue of Rfp.doc
File Downloaded successfully
==============================================================================================================================
Select Supported file
Supported file name with file type :1_Re_ Contentverse Document _2021-2022 Sequoia Union High School Annual Contentverse Software Maintenance Renewal__0_.msg
File Downloaded successfully
==============================================================================================================================
Select Supported file
Supported file name with file type :2.tif
File Downloaded successfully
==============================================================================================================================
Select Supported file
Supported file name with file type :2MB.mp4
File Downloaded successfully
==============================================================================================================================
Select Supported file
Supported file name with file type :Accent _.pdf
File Downloaded successfully
==============================================================================================================================
Select Supported file
Supported file name with file type :Ampersant &.djvu
File Downloaded successfully
==============================================================================================================================
Select Supported file
Supported file name with file type :architectural_-_annotation_scaling_and_multileaders.dwg
File Downloaded successfully
==============================================================================================================================
Select Supported file
Supported file name with file type :At the rate _.xls
File Downloaded successfully
==============================================================================================================================
Select Supported file
Supported file name with file type :Blue_PNG_1.png
File Downloaded successfully
==============================================================================================================================
Select Supported file
Supported file name with file type :Comm_.DOCX
File Downloaded successfully
==============================================================================================================================
Select Supported file
Supported file name with file type :Dollar _ - Copy - Copy.jpg
File Downloaded successfully
==============================================================================================================================
Select Supported file
Supported file name with file type :Download-Sample-File-xlsm.xlsm
File Downloaded successfully
==============================================================================================================================
Select Supported file
Supported file name with file type :dwsample3-html - Copy.html
File Downloaded successfully
==============================================================================================================================
Select Supported file
Supported file name with file type :example.htm
File Downloaded successfully
==============================================================================================================================
Select Supported file
Supported file name with file type :Exclamatory _.csv
File Downloaded successfully
==============================================================================================================================
Select Supported file
Supported file name with file type :mixed-content - Copy.xml
File Downloaded successfully
==============================================================================================================================
Select Supported file
Supported file name with file type :mixed-content.xml
File Downloaded successfully
==============================================================================================================================
Select Supported file
Supported file name with file type :multilang - Copy.txt
File Downloaded successfully
==============================================================================================================================
Select Supported file
Supported file name with file type :multilang.txt
File Downloaded successfully
==============================================================================================================================
Select Supported file
Supported file name with file type :Multipage file - Copy.tiff
File Downloaded successfully
==============================================================================================================================
Select Supported file
Supported file name with file type :Multipage file.tiff
File Downloaded successfully
==============================================================================================================================
Select Supported file
Supported file name with file type :Office doc.xlsx
File Downloaded successfully
==============================================================================================================================
Select Supported file
Supported file name with file type :RegistryReviverSetup.exe
File Downloaded successfully
==============================================================================================================================
Select Supported file
Supported file name with file type :sample3.PDF
File Downloaded successfully
==============================================================================================================================
Select Supported file
Supported file name with file type :samplepptx - Copy.pptx
File Downloaded successfully
==============================================================================================================================
Verified All supported files and Closed document successfully]]>
  </system-out>
</testsuite> <!-- Computhink.Script.Supportedfiles_EWA -->
