<?xml version="1.0" encoding="UTF-8"?>
<!-- Generated by org.testng.reporters.JUnitReportReporter -->
<testsuite hostname="CIPLWKT010" failures="0" tests="5" name="Computhink.Script.My_Preferences_Office_documents" time="326.339" errors="0" timestamp="2026-01-19T20:54:32 IST" skipped="0">
  <testcase classname="Computhink.Script.My_Preferences_Office_documents" name="Login_EWA" time="18.533"/>
  <system-out>
    <![CDATA[Scenario 01: Log into a EWA
Enter valid user name into username field
UserName Details: Dipak
Enter valid password into password field
Select a Room
Selected Room name: demoserver.demoroom
Captcha is not present, proceeding with login.
Click Login button
Session for user is already active. Do you want to create a new session? Dialog box displayed. User clicks OK button.
Session message did not appear. Proceeding with login.
User has logged in successfully.]]>
  </system-out>
  <testcase classname="Computhink.Script.My_Preferences_Office_documents" name="TC_01_Verify_Browse_Office_documents_Advancedviewing" time="115.388"/>
  <system-out>
    <![CDATA[Test Scenario 1 : Verifying Browse Office Documents Advanced viewing 
Scenario 01: Log into a EWA
Enter valid user name into username field
Click on Refresh button
Click on Setting Icon
Click on My Preferences
Select Office Document and set as Advanced View
Click on Apply button
Click on Refresh button
Click on New Document Tab
Click on Destination Folder
Expand a Cabinet
Expand a Drawer
Expand a Folder
Click on Ok button
Select Document type Dropdown
Enter value into Report Name field
Browse Document Page
By using AutoIT add file from external folder]]>
  </system-out>
  <testcase classname="Computhink.Script.My_Preferences_Office_documents" name="TC_02_Verify_NewWordDocuments_Office_documents_Advancedviewing" time="26.773"/>
  <system-out>
    <![CDATA[Test Scenario 2 : Verifying New Word Documents Office documents Advanced viewing 
Scenario 01: Log into a EWA
Enter valid user name into username field
Click on  Plus button
Create New Word document
Enter word Filename
Advanced Viewing New Word Document Created]]>
  </system-out>
  <testcase classname="Computhink.Script.My_Preferences_Office_documents" name="TC_03_Verify_NewExcelSpreadsheet_Office_documents_Advancedviewing" time="19.195"/>
  <system-out>
    <![CDATA[Test Scenario 3 : Verifying New Excel Spreadsheet Office documents Advancedviewing
Click on Plus Icon
Create Excel Sheet
Enter Excel sheet name
Open Excel page
Click on Create button
Click on  Navigate button
Advanced Viewing New Excel Document Created]]>
  </system-out>
  <testcase classname="Computhink.Script.My_Preferences_Office_documents" name="TC_04_Verify_Browse_Office_documents_Defaultviewing" time="146.450"/>
  <system-out>
    <![CDATA[Test Scenario 4 : Verifying Browse Office documents Defaultviewing 
Scenario 01: Log into a EWA
Enter valid user name into username field
Click on Refresh button
Click on Setting Icon
Click on My Preferences
Select Office document and set as Default view
Click on Apply button
Click on Refresh button
Click on New Document
Click on Destination Folder
Expand a Cabinet
Expand a Drawer
Expand a Folder
Click on Ok button
Select document Type dropdown 
Enter Report Name
Browse Document Page
By using AutoIT add file from external folder
Click on Create button
Click on Navigate button
Verifying Browse Office documents Defaultviewing
Click on Refresh button]]>
  </system-out>
</testsuite> <!-- Computhink.Script.My_Preferences_Office_documents -->
