<?xml version="1.0" encoding="UTF-8"?>
<!-- Generated by org.testng.reporters.JUnitReportReporter -->
<testsuite hostname="CIPLWKT010" failures="0" tests="9" name="Computhink.Script.Document_Version_Test" time="0.012" errors="1" timestamp="2026-02-04T20:48:27 IST" skipped="8">
  <testcase classname="Computhink.Script.Document_Version_Test" name="Login_EWA" time="0.000">
    <skipped/>
  </testcase> <!-- Login_EWA -->
  <testcase classname="Computhink.Script.Document_Version_Test" name="Launch_Browser" time="0.010">
    <error message="Cannot invoke &quot;org.openqa.selenium.WebDriver.manage()&quot; because &quot;Computhink.Generic.BaseClass.driver&quot; is null" type="java.lang.NullPointerException">
      <![CDATA[java.lang.NullPointerException: Cannot invoke "org.openqa.selenium.WebDriver.manage()" because "Computhink.Generic.BaseClass.driver" is null
at Computhink.Generic.BaseClass.loadBrowser(BaseClass.java:113)
at Computhink.Script.Document_Version_Test.Launch_Browser(Document_Version_Test.java:17)
at java.base/jdk.internal.reflect.NativeMethodAccessorImpl.invoke0(Native Method)
at java.base/jdk.internal.reflect.NativeMethodAccessorImpl.invoke(NativeMethodAccessorImpl.java:77)
at java.base/jdk.internal.reflect.DelegatingMethodAccessorImpl.invoke(DelegatingMethodAccessorImpl.java:43)
at java.base/java.lang.reflect.Method.invoke(Method.java:569)
at org.testng.internal.invokers.MethodInvocationHelper.invokeMethod(MethodInvocationHelper.java:141)
at org.testng.internal.invokers.MethodInvocationHelper.invokeMethodConsideringTimeout(MethodInvocationHelper.java:71)
at org.testng.internal.invokers.ConfigInvoker.invokeConfigurationMethod(ConfigInvoker.java:400)
at org.testng.internal.invokers.ConfigInvoker.invokeConfigurations(ConfigInvoker.java:333)
at org.testng.internal.invokers.TestMethodWorker.invokeBeforeClassMethods(TestMethodWorker.java:188)
at org.testng.internal.invokers.TestMethodWorker.run(TestMethodWorker.java:128)
at java.base/java.util.ArrayList.forEach(ArrayList.java:1511)
at org.testng.TestRunner.privateRun(TestRunner.java:741)
at org.testng.TestRunner.run(TestRunner.java:616)
at org.testng.SuiteRunner.runTest(SuiteRunner.java:421)
at org.testng.SuiteRunner.runSequentially(SuiteRunner.java:413)
at org.testng.SuiteRunner.privateRun(SuiteRunner.java:373)
at org.testng.SuiteRunner.run(SuiteRunner.java:312)
at org.testng.SuiteRunnerWorker.runSuite(SuiteRunnerWorker.java:52)
at org.testng.SuiteRunnerWorker.run(SuiteRunnerWorker.java:95)
at org.testng.TestNG.runSuitesSequentially(TestNG.java:1274)
at org.testng.TestNG.runSuitesLocally(TestNG.java:1208)
at org.testng.TestNG.runSuites(TestNG.java:1112)
at org.testng.TestNG.run(TestNG.java:1079)
at org.testng.remote.AbstractRemoteTestNG.run(AbstractRemoteTestNG.java:115)
at org.testng.remote.RemoteTestNG.initAndRun(RemoteTestNG.java:293)
at org.testng.remote.RemoteTestNG.main(RemoteTestNG.java:91)
]]>
    </error>
    <system-out>
      <![CDATA[we do not support this selected browser]]>
    </system-out>
  </testcase> <!-- Launch_Browser -->
  <testcase classname="Computhink.Script.Document_Version_Test" name="TC_01_Create_Document_and_Verify_Document_Versions" time="0.000">
    <skipped/>
  </testcase> <!-- TC_01_Create_Document_and_Verify_Document_Versions -->
  <testcase classname="Computhink.Script.Document_Version_Test" name="TC_02_Upload_and_Save_New_page_and_Verify_Version_with_New_Comments" time="0.000">
    <skipped/>
  </testcase> <!-- TC_02_Upload_and_Save_New_page_and_Verify_Version_with_New_Comments -->
  <testcase classname="Computhink.Script.Document_Version_Test" name="TC_03_Delete_Page_and_Verify_Version" time="0.001">
    <skipped/>
  </testcase> <!-- TC_03_Delete_Page_and_Verify_Version -->
  <testcase classname="Computhink.Script.Document_Version_Test" name="TC_04_Verify_Delete_All_versions_and_FullScreen_Option" time="0.000">
    <skipped/>
  </testcase> <!-- TC_04_Verify_Delete_All_versions_and_FullScreen_Option -->
  <testcase classname="Computhink.Script.Document_Version_Test" name="TC_05_Add_Annotation" time="0.001">
    <skipped/>
  </testcase> <!-- TC_05_Add_Annotation -->
  <testcase classname="Computhink.Script.Document_Version_Test" name="TC_06_Set_active_version" time="0.000">
    <skipped/>
  </testcase> <!-- TC_06_Set_active_version -->
  <testcase classname="Computhink.Script.Document_Version_Test" name="TC_07_Update_Document_Properties" time="0.000">
    <skipped/>
  </testcase> <!-- TC_07_Update_Document_Properties -->
  <system-out>
    <![CDATA[we do not support this selected browser]]>
  </system-out>
</testsuite> <!-- Computhink.Script.Document_Version_Test -->
