<?xml version="1.0" encoding="UTF-8"?>
<!-- Generated by org.testng.reporters.JUnitReportReporter -->
<testsuite hostname="CIPLWKT010" failures="0" tests="5" name="Computhink.Script.Language_Test" time="443.178" errors="0" timestamp="2026-01-19T20:54:32 IST" skipped="0">
  <testcase classname="Computhink.Script.Language_Test" name="TC_01_verify_Spanish_Language" time="129.248"/>
  <system-out>
    <![CDATA[Test Scenario 1 : Verifying Spanish Language 
Click on Refresh button
Click on Setting Icon
Click on My Preferences option
Select Office document and set as Default View
Select Pdf Document and set as Default view
Click on Apply button
Click on Username option
Click on Logout option
Timeout waiting for alert to appear.
Click on Spanish Language
Scenario 01: Log into a EWA
Enter valid user name into username field
UserName Details: Dipak
Enter valid password into password field
Select a Room
Selected Room name: demoserver.demoroom
Captcha is not present, proceeding with login.
Click Login button
Session message did not appear. Proceeding with login.
Session message did not appear. Proceeding with login.
Login EWA With User credential
Click on Refresh button
Click on Username
Change Laguage in spanish and My Account Text is : Mi cuenta
Verified My Account name in Spanish laguage
Click on Username option
Click on Logout option
Timeout waiting for alert to appear.
Click on Logout Option
Spanish Language verified Successfully]]>
  </system-out>
  <testcase classname="Computhink.Script.Language_Test" name="TC_02_verify_French_Language" time="81.388"/>
  <system-out>
    <![CDATA[Test Scenario 2 : Verifying French Language 
Click on French Language
Scenario 01: Log into a EWA
Enter valid user name into username field
UserName Details: Dipak
Enter valid password into password field
Select a Room
Selected Room name: demoserver.demoroom
Captcha is not present, proceeding with login.
Click Login button
Session message did not appear. Proceeding with login.
Session message did not appear. Proceeding with login.
Login EWA with User credential 
Click on Refresh button
Click on Username
Change Laguage in French and My Account Text is: Mon compte
Verified My Account text in French Language
Click on Username option
Click on Logout option
Timeout waiting for alert to appear.
Click on Logout Option
French Language verified Successfully]]>
  </system-out>
  <testcase classname="Computhink.Script.Language_Test" name="TC_03_verify_Dutch_Language" time="81.627"/>
  <system-out>
    <![CDATA[Test Scenario 3 : Verifying Dutch Language 
Click on Dutch Language
Scenario 01: Log into a EWA
Enter valid user name into username field
UserName Details: Dipak
Enter valid password into password field
Select a Room
Selected Room name: demoserver.demoroom
Captcha is not present, proceeding with login.
Click Login button
Session message did not appear. Proceeding with login.
Session message did not appear. Proceeding with login.
Login EWA with User credential 
Click on Refresh button
Click on Username
Change Laguage in Dutch and My Account Text is: Mijn rekening
Verified My Account text in Dutch language
Click on Username option
Click on Logout option
Timeout waiting for alert to appear.
Click on Logout Option
Dutch Language verified Successfully]]>
  </system-out>
  <testcase classname="Computhink.Script.Language_Test" name="TC_04_verify_Hindi_Language" time="77.640"/>
  <system-out>
    <![CDATA[Test Scenario 4 : Verifying Hindi Language 
Click on Hindi Language
Scenario 01: Log into a EWA
Enter valid user name into username field
UserName Details: Dipak
Enter valid password into password field
Select a Room
Selected Room name: demoserver.demoroom
Captcha is not present, proceeding with login.
Click Login button
Session message did not appear. Proceeding with login.
Session message did not appear. Proceeding with login.
Login EWA with User credential
Click on Refresh button
Click on Username
Verified My Account Text in Hindi Language
Click on Username option
Click on Logout option
Timeout waiting for alert to appear.
Click on Logout Option
Hindi Language verified Successfully]]>
  </system-out>
  <testcase classname="Computhink.Script.Language_Test" name="TC_05_verify_English_Language" time="73.275"/>
  <system-out>
    <![CDATA[Test Scenario 5 : Verifying English Language 
Click on English Language Option
Scenario 01: Log into a EWA
Enter valid user name into username field
UserName Details: Dipak
Enter valid password into password field
Select a Room
Selected Room name: demoserver.demoroom
Captcha is not present, proceeding with login.
Click Login button
Session message did not appear. Proceeding with login.
Session message did not appear. Proceeding with login.
Login EWA with User credential
Click on Username
Change Laguage in English and My Account Text is: My Account
Verified My Account in English Language
Click on Refresh button
English Language verified Successfully]]>
  </system-out>
</testsuite> <!-- Computhink.Script.Language_Test -->
