<?xml version="1.0" encoding="UTF-8"?>
<!-- Generated by org.testng.reporters.JUnitReportReporter -->
<testsuite hostname="CIPLWKT010" failures="0" tests="5" name="Computhink.Script.My_Preferences_Load_more_count" time="280.946" errors="0" timestamp="2026-01-19T20:54:32 IST" skipped="0">
  <testcase classname="Computhink.Script.My_Preferences_Load_more_count" name="Login_EWA" time="21.053"/>
  <system-out>
    <![CDATA[Scenario 01: Log into a EWA
Enter valid user name into username field
UserName Details: Dipak
Enter valid password into password field
Select a Room
Selected Room name: demoserver.demoroom
Captcha is not present, proceeding with login.
Click Login button
Session for user is already active. Do you want to create a new session? Dialog box displayed. User clicks OK button.
Session message did not appear. Proceeding with login.
User has logged in successfully.]]>
  </system-out>
  <testcase classname="Computhink.Script.My_Preferences_Load_more_count" name="TC_01_Verify_Load_MoreCount_On_Search" time="95.691"/>
  <system-out>
    <![CDATA[Test Scenario 1 : Verifying Load More Count On Search 
Scenario 01: Log into a EWA
Enter valid user name into username field
Click on Refresh button
Click on Setting Icon
Click on My Preferences
Enter Load more count value
this message should display
Click on Apply button
Click on Search Tab
Click on Find button
The Search result : 10 this count is shows on search result
Verified Load More on Search Result
Click on Load More button
The Search result : 10 this count is shows on search result
Verified Load More on Search ResultC
Click on Refresh button
Minumum number of Load More count on Search Verified successfully]]>
  </system-out>
  <testcase classname="Computhink.Script.My_Preferences_Load_more_count" name="TC_02_Verify_Load_MoreCount_On_Folder" time="33.166"/>
  <system-out>
    <![CDATA[Test Scenario 2 : Verifying Load More Count On Folder 
Scenario 01: Log into a EWA
Enter valid user name into username field
Expand a Cabinet
Expand a Drawer
select a Folder
The Showing 10 documents in folder. this count is shows on Folder search result
Verified Load More Count on Document Flder
Click on Load More button
The Showing 20 documents in folder. this count is shows on Folder search result
Minumum number of Load More count on Folder Verified successfully]]>
  </system-out>
  <testcase classname="Computhink.Script.My_Preferences_Load_more_count" name="TC_03_Verify_Maximum_Load_MoreCountOn_Search" time="83.657"/>
  <system-out>
    <![CDATA[Test Scenario 3 : Verifying Maximum Load More Count On Search 
Scenario 01: Log into a EWA
Enter valid user name into username field
Click on Refresh button
Click on Setting Icon
Click on My Preferences
Enter Load More count Value in textbox
Click on Apply button
this message should display
Click on Search Tab
Click on Find button
The Search result : 60 this count is shows on search result
Verified Load More count On Serach Result
Click on Load More button
The Search result : 60 this count is shows on search result
Verified Load More count On Serach Result
Click on Refresh button
Maximum number of Load More count on Search Verified successfully]]>
  </system-out>
  <testcase classname="Computhink.Script.My_Preferences_Load_more_count" name="TC_04_Verify_Maximum_Load_MoreCount_On_Folder" time="47.379"/>
  <system-out>
    <![CDATA[Test Scenario 4 : Verifying Maximum Load More Count On Folder  
Scenario 01: Log into a EWA
Enter valid user name into username field
Expand a Cabinet
Expand a Drawer
select a Folder
The Showing 27 documents in folder. this count is shows on Folder search result
Verified Load More count on Document Folder
Click on Load More button
The Showing 27 documents in folder. this count is shows on Folder search result
Maximum number of Load More count on Folder Verified successfully
Click on Refresh button]]>
  </system-out>
</testsuite> <!-- Computhink.Script.My_Preferences_Load_more_count -->
