<?xml version="1.0" encoding="UTF-8"?>
<!-- Generated by org.testng.reporters.JUnitReportReporter -->
<testsuite hostname="CIPLWKT010" failures="0" tests="2" name="Computhink.Script.RMC_Custom_Document_Types" time="50.334" errors="0" timestamp="2026-01-20T10:41:03 IST" skipped="0">
  <testcase classname="Computhink.Script.RMC_Custom_Document_Types" name="Login" time="27.485"/>
  <system-out>
    <![CDATA[Scenario 01: Log into EWA
Enter valid user name into username field
Enter valid password into password field
Select a Room
Selected Room name: demoserver.demoroom
Captcha is not present, proceeding with login.
Click Login button
Session message did not appear. Proceeding with login.
User logged in successfully... ]]>
  </system-out>
  <testcase classname="Computhink.Script.RMC_Custom_Document_Types" name="TC_1_CustomDocumentTypes" time="22.849"/>
  <system-out>
    <![CDATA[Scenario 08: Verify RoomContextmenu 'CustomDocumentType' option
Selected a cabinet to set custom document type.
Opened Custom DocumentType Submenu
Checking document type: 
Checking document type: AAA Mask 2
Checking document type: 
Checking document type: AAA mask check
Checking document type: 
Checking document type: All Type doc
Checking document type: 
Checking document type: Boolean doc type
Checking document type: 
Checking document type: Custom column
Checking document type: 
Checking document type: customer
Checking document type: 
Checking document type: Customer Invoice
Checking document type: 
Checking document type: CVReports
Checking document type: 
Checking document type: Date and Number
Checking document type: 
Checking document type: Date Doc type
Checking document type: 
Checking document type: DB Lookup others
Checking document type: 
Checking document type: DBLookup - Workflow doc type
Checking document type: 
Checking document type: Decimal dt
Checking document type: 
Checking document type: del 12
Checking document type: 
Checking document type: Document Size
Checking document type: 
Checking document type: Dynamic doc type
Checking document type: 
Checking document type: Dynamic with DB Lookup
Checking document type: 
Checking document type: EEOC - Civil Rights Charges
Checking document type: 
Checking document type: EMP Details
Checking document type: 
Checking document type: Employment Application - Not Hired
Checking document type: 
Checking document type: HR Docs
Checking document type: 
Checking document type: Index based
Checking document type: 
Checking document type: MS Access DB Lookup
Checking document type: 
Checking document type: My Sql DB Lookup
Checking document type: 
Checking document type: MySql Different
Checking document type: 
Checking document type: Number with Digit
Checking document type: 
Checking document type: Oracle DBLookup
Checking document type: 
Checking document type: ppp
Checking document type: 
Checking document type: Selection Doc type
Checking document type: 
Checking document type: SEQ doctype
Checking document type: 
Checking document type: spoets
Checking document type: 
Checking document type: Sql DB Lookup
Checking document type: 
Checking document type: Sql DB Lookup New
Checking document type: 
Checking document type: Sybase DB Lookup
Checking document type: 
Checking document type: Table of Organization
Checking document type: 
Checking document type: Tax
Checking document type: 
Checking document type: Test Data
Checking document type: 
Checking document type: Test document robert
Checking document type: 
Checking document type: Test new document
Checking document type: 
Checking document type: Test Year
Checking document type: 
Checking document type: test5664
Checking document type: 
Checking document type: Text mask Doc type
Checking document type: 
Checking document type: The Deep Seafood Co-Tax Invoice
Checking document type: 
Checking document type: Trail Plan_CR_STG
Checking document type: 
Checking document type: Trail Plan_QA
Checking document type: 
Checking document type: Trail Plan_RD
Checking document type: 
Checking document type: Trial Plan_HR_STG
Checking document type: 
Checking document type: Uppper char
Checking document type: 
Checking document type: Volunteer Applications
Document type 'All doc type' not found.
No popup appeared, proceeding normally.
Clicked OK button to finalize document type selection.
Custom document type reset successfully.
Refreshed to verify document types.]]>
  </system-out>
</testsuite> <!-- Computhink.Script.RMC_Custom_Document_Types -->
