<?xml version="1.0" encoding="UTF-8"?>
<!-- Generated by org.testng.reporters.JUnitReportReporter -->
<testsuite hostname="CIPLWKT010" failures="0" tests="8" name="Computhink.Script.Negative_CustomColumns" time="231.114" errors="0" timestamp="2026-01-19T20:54:32 IST" skipped="0">
  <testcase classname="Computhink.Script.Negative_CustomColumns" name="Login_EWA" time="18.584"/>
  <system-out>
    <![CDATA[Scenario 01: Log into a EWA
Enter valid user name into username field
UserName Details: Dipak
Enter valid password into password field
Select a Room
Selected Room name: demoserver.demoroom
Captcha is not present, proceeding with login.
Click Login button
Session for user is already active. Do you want to create a new session? Dialog box displayed. User clicks OK button.
Session message did not appear. Proceeding with login.
User has logged in successfully.]]>
  </system-out>
  <testcase classname="Computhink.Script.Negative_CustomColumns" name="TC_01_Verify_Default_Custom_Columns_RoomLevel" time="57.481"/>
  <system-out>
    <![CDATA[Test Scenario 1: Verifying Default Custom Columns RoomLevel
Scenario 01: Log into a EWA
Enter valid user name into username field
Click on Refresh button
Expand a Cabinet
Expand a Drawer
select a Folder
Mousehover to Roomname Tab
Click on  Custom Column Option
Default Custom Columns Roomlevel Verified]]>
  </system-out>
  <testcase classname="Computhink.Script.Negative_CustomColumns" name="TC_02_Verify_CrossCancelButton_RoomCustomColumns" time="9.058"/>
  <system-out>
    <![CDATA[Test Scenario 2: Verifying Cross Cancel button Room Custom Columns
Click on  Cross button and Close Custom Column dialog
Cross Cancel button Roomlevel Verified]]>
  </system-out>
  <testcase classname="Computhink.Script.Negative_CustomColumns" name="TC_03_Verify_CancelButton_RoomCustomColumns" time="10.376"/>
  <system-out>
    <![CDATA[Test Scenario 3 : Verifying Cancel button Room Custom Columns 
Mousehover to Roomname Tab
Click on  Custom Column Option
Cancel button Room level Custom columns Verified]]>
  </system-out>
  <testcase classname="Computhink.Script.Negative_CustomColumns" name="TC_04_Verify_CrossCancelButton_SearchCustomColumns" time="32.401"/>
  <system-out>
    <![CDATA[Test Scenario 4 : Verifying Cross Cancel button Search Custom Columns
Scenario 01: Log into a EWA
Enter valid user name into username field
Mousehover to Search Tab
Click on Search Custom Column Option
Click on Cross cancel button
Cross cancel button Search custom columns Verified]]>
  </system-out>
  <testcase classname="Computhink.Script.Negative_CustomColumns" name="TC_05_Verify_CancelButton_SearchCustomColumns" time="32.374"/>
  <system-out>
    <![CDATA[Test Scenario 5: Verifying Cancel button Search Custom Columns
Scenario 01: Log into a EWA
Enter valid user name into username field
Mousehover to Search Tab
Click on Custom Column Option
Click on  Cancel button
Cancel button Search Custom Columns Verified]]>
  </system-out>
  <testcase classname="Computhink.Script.Negative_CustomColumns" name="TC_06_Verify_CrossCancelButton_TODOCustomColumns" time="27.310"/>
  <system-out>
    <![CDATA[Test Scenario 6: Verifying Cross Cancel button TO DOCustom Columns
Moushover to ToDoList Tab
Click on Custom Column Option
Click on Cross cancel button
Cross cancel button TODO List Custom columns Verified]]>
  </system-out>
  <testcase classname="Computhink.Script.Negative_CustomColumns" name="TC_07_Verify_CancelButton_TODOCustomColumns" time="43.530"/>
  <system-out>
    <![CDATA[Test Scenario 7 : Verifying Cancel button TO DOCustom Columns
Mousehover to ToDoList Tab
Click on To Do List Custom column Option
Click on Cancel  button ToDo List Dialog 
TODO list Custom columns Cancel button Verified
Click on Refresh button]]>
  </system-out>
</testsuite> <!-- Computhink.Script.Negative_CustomColumns -->
