<?xml version="1.0" encoding="UTF-8"?>
<!-- Generated by org.testng.reporters.JUnitReportReporter -->
<testsuite hostname="CIPLWKT010" failures="0" tests="11" name="Computhink.Script.AnnotationFunctionality" time="537.119" errors="0" timestamp="2026-01-20T10:41:03 IST" skipped="0">
  <testcase classname="Computhink.Script.AnnotationFunctionality" name="Login" time="34.884"/>
  <system-out>
    <![CDATA[Scenario 01: Log into EWA
Enter valid user name into username field
UserName Details: dipak
Enter valid password into password field
Select a Room
Selected Room name: demoserver.demoroom
Captcha is not present, proceeding with login.
Click Login button
Session message did not appear. Proceeding with login.
User logged in successfully... ]]>
  </system-out>
  <testcase classname="Computhink.Script.AnnotationFunctionality" name="TC_A_DefaultView" time="25.016"/>
  <system-out>
    <![CDATA[User click on setting icon
User click on the my preference tab
User changes pdf document as default viewing
User click on Apply button and the default view successfully applied...]]>
  </system-out>
  <testcase classname="Computhink.Script.AnnotationFunctionality" name="TC_B_Redaction_UnlockRedaction" time="159.870"/>
  <system-out>
    <![CDATA[Scenario 2: Open the document and Add Redaction Annotation on the page
Click on room context menu tab
Mouse hover on the annotation icon
Click on Redaction button
Create redaction on the page
Enter the name(label) for the redaction
Enter a password to the lock Redaction dialog box
Confirm a password to the lock Redaction dialog box
Click Redaction dialog OK button
Mouse hover on annotation tool icon
Redaction added on the page successfully...
Click on unlock redaction button in the annotation submenu
Click Redaction dialog OK button
Enter a valid password into the unlock Redaction dialog box
The Redaction got unlocked successfully...
Create Redaction and Unlock Redaction Verified successfully...]]>
  </system-out>
  <testcase classname="Computhink.Script.AnnotationFunctionality" name="TC_C_HighLight_Annotation" time="23.741"/>
  <system-out>
    <![CDATA[Scenario 03: Verify Highlight annotation
Click on annotation icon
Click on highlight tool button
Highlight a portion of the page
Click on save icon
The Highlight annotation has been updated on the document page successfully]]>
  </system-out>
  <testcase classname="Computhink.Script.AnnotationFunctionality" name="TC_E_StikyNote_Annotation" time="38.818"/>
  <system-out>
    <![CDATA[Scenario 04: Verify Sticky note annotation
Click on Sticky Note tool button
Click on the page and add stickynote
Sticky note tool dialog opened, Place comments on the stickynote dialog box
Click on the stickynote tool dialog box OK button
Click on save button
The StickyNote annotation has been updated on the document page successfully]]>
  </system-out>
  <testcase classname="Computhink.Script.AnnotationFunctionality" name="TC_F_RubberStampAnnotation" time="23.120"/>
  <system-out>
    <![CDATA[Scenario 05: Verify RubberStamp annotation
Mouse hover on annotation icon
Click on the Rubber Stamp tool button
Drag the Rubber stamp on the page
Choose Rubber stamp from the dropdown list and click on annotation properties dialog OK button
Click on save button
The Rubber stamp annotation has been updated on the document page successfully]]>
  </system-out>
  <testcase classname="Computhink.Script.AnnotationFunctionality" name="TC_G_Rectangle_Annotation" time="35.953"/>
  <system-out>
    <![CDATA[Scenario 06: Verify Rectangle annotation tool
Mouse hover on annotation tool icon
Click on the rectangle tool button
Draw the rectangle shape on the page
Click on save button
The Rectangle annotation has been updated on the document page successfully]]>
  </system-out>
  <testcase classname="Computhink.Script.AnnotationFunctionality" name="TC_H_StampAnnotation" time="63.791"/>
  <system-out>
    <![CDATA[Scenario 07: Verify Stamp annotation tool
Switch to the second page
Mouse hover on annotation tool icon
Click on Stamp annotation tool button
Drag on the page, it will open the add picture dialog box
Click on choose file
Add the image from folder by using Auto IT
Click on add picture dialog OK button
Click on save button
The Stamp annotation has been updated on the document page successfully]]>
  </system-out>
  <testcase classname="Computhink.Script.AnnotationFunctionality" name="TC_I_LineAnnotation_Ellipse_Annotation" time="58.636"/>
  <system-out>
    <![CDATA[Scenario 08: Verify Line annotation
Mouse hover on annotation tool icon
Click on the line tool button
Draw the line on the page
Click on the save button
The line annotation has been updated on the document page successfully
==============================================================================
Scenario 9: Verify ellipse annotation
Mouse hover on the annotation tool icon
Click on ellipse tool button
Draw the ellipse on the page
Click on save button
The ellipse annotation has been updated on the document page successfully]]>
  </system-out>
  <testcase classname="Computhink.Script.AnnotationFunctionality" name="TC_J_Signature_Annotation" time="35.868"/>
  <system-out>
    <![CDATA[Scenario 10: Verify Signature annotation
Click on signature tool button
Single click on the page
Add the signature on the page
Click on save button
The Signature annotation has been updated on the document page successfully]]>
  </system-out>
  <testcase classname="Computhink.Script.AnnotationFunctionality" name="TC_K_Polygon" time="37.422"/>
  <system-out>
    <![CDATA[Scenario 11: Verify polygon annotation
Mouse hover on annotation tool icon
Click on polygon tool button
Draw the polygon on the page. The Polygon annotation has been updated on the document page successfully.
Scenario 12:Close and reopen the document to check whether the annotations are visible or not
Click on close icon
Reopen the document again
Page alert is not present
All the added annotations are visible on the page successfully... 
All updated annotations are visible on the second page, there is no data loss]]>
  </system-out>
</testsuite> <!-- Computhink.Script.AnnotationFunctionality -->
