<?xml version="1.0" encoding="UTF-8"?>
<!-- Generated by org.testng.reporters.JUnitReportReporter -->
<testsuite hostname="CIPLWKT010" failures="0" tests="16" name="Computhink.Script.DocumentContextMenu_Function" time="1493.112" errors="0" timestamp="2026-01-19T20:54:32 IST" skipped="0">
  <testcase classname="Computhink.Script.DocumentContextMenu_Function" name="Login_EWA" time="21.095"/>
  <system-out>
    <![CDATA[Scenario 01: Log into a EWA
Enter valid user name into username field
UserName Details: Dipak
Enter valid password into password field
Select a Room
Selected Room name: demoserver.demoroom
Captcha is not present, proceeding with login.
Click Login button
Session for user is already active. Do you want to create a new session? Dialog box displayed. User clicks OK button.
Session message did not appear. Proceeding with login.
User has logged in successfully]]>
  </system-out>
  <testcase classname="Computhink.Script.DocumentContextMenu_Function" name="Create_PDF_Documents" time="83.802"/>
  <system-out>
    <![CDATA[Scenario 01: Log into a EWA
Enter valid user name into username field
Click on New Document Tab
Click on Destination Folder Textbox
Expand a Cabinet
Expand a Drawer
select a Folder
Click on Ok button 
Select Value from Document type dropdown
Enter value into Report Name field
Browse a Document Page
By using AutoIT add file from external folder
Click on Create button]]>
  </system-out>
  <testcase classname="Computhink.Script.DocumentContextMenu_Function" name="Create_PDF_Documents" time="75.758"/>
  <system-out>
    <![CDATA[Scenario 01: Log into a EWA
Enter valid user name into username field
Click on New Document Tab
Click on Destination Folder Textbox
Expand a Cabinet
Expand a Drawer
select a Folder
Click on Ok button 
Select Value from Document type dropdown
Enter value into Report Name field
Browse a Document Page
By using AutoIT add file from external folder
Click on Create button]]>
  </system-out>
  <testcase classname="Computhink.Script.DocumentContextMenu_Function" name="TC_01_Verify_TakeOwnership_ReleaseOwnership_OnDocuments" time="456.961"/>
  <system-out>
    <![CDATA[Test Scenario 1 : Verifying Take Ownership and Release Ownership On Document
Scenario 01: Log into a EWA
Enter valid user name into username field
Click on Refresh button
Expand a Cabinet
Expand a Drawer
Expand a Folder
Check Document from Document List 
Mousehover on Documents Tab
Click on Take Ownership Option
Document OwnerShip Taken Successfully
Click on Username option
Click on Logout option
Timeout waiting for alert to appear.
Scenario 01: Log into EWA
Enter valid user name into username field
UserName Details: admin
Enter valid password into password field
Select a Room
Selected Room name: demoserver.demoroom
Captcha is not present, proceeding with login.
Click Login button
Session message did not appear. Proceeding with login.
Session message did not appear. Proceeding with login.
Login EWA with New User Credential
Click on Refresh button
Click on My Preferences Option
Select Office Document and set as Default View
Select Pdf Document and Set as Default View
Click on Apply button
Expand a Cabinet
Expand a Drawer
Expand a Folder
Select and Open Document from Document List
 this message should show
 this message should show
Verified Document is in Ownership
Document Open successfully and verified
Click on Username option
Click on Logout option
Timeout waiting for alert to appear.
Scenario 01: Log into a EWA
Enter valid user name into username field
UserName Details: Dipak
Enter valid password into password field
Select a Room
Selected Room name: demoserver.demoroom
Captcha is not present, proceeding with login.
Click Login button
Session message did not appear. Proceeding with login.
Session message did not appear. Proceeding with login.
Login EWA with another user Credential
Expand a Cabinet
Expand a Drawer
Expand a Folder
Check document from Document List
Mousehover on Documents Tab
Click on Release Ownership Option 
Click on Username option
Click on Logout option
Timeout waiting for alert to appear.
Scenario 01: Log into EWA
Enter valid user name into username field
UserName Details: admin
Enter valid password into password field
Select a Room
Selected Room name: demoserver.demoroom
Captcha is not present, proceeding with login.
Click Login button
Session message did not appear. Proceeding with login.
Session message did not appear. Proceeding with login.
Login EWA with another User Credential
Expand a Cabinet
Expand a Drawer
Expand a Folder
Take and Release Ownership Functionality verified Successfully
Document Closed Successfully
Click on Username option
Click on Logout option
Timeout waiting for alert to appear.
Login EWA with User Credential
Scenario 01: Log into a EWA
Enter valid user name into username field
UserName Details: Dipak
Enter valid password into password field
Select a Room
Selected Room name: demoserver.demoroom
Captcha is not present, proceeding with login.
Click Login button
Session message did not appear. Proceeding with login.
Session message did not appear. Proceeding with login.]]>
  </system-out>
  <testcase classname="Computhink.Script.DocumentContextMenu_Function" name="TC_02_Verify_Refresh_Option" time="43.420"/>
  <system-out>
    <![CDATA[Test Scenario 2: Verifying Refresh Option
Scenario 01: Log into a EWA
Enter valid user name into username field
Click on Refresh button
Mousehover on Recent Tab
Click on Recent Folder
Check document from Document List
Mousehover on Documents Tab
Click Refresh Option
Refresh Functionality verified Successfully on Documents]]>
  </system-out>
  <testcase classname="Computhink.Script.DocumentContextMenu_Function" name="TC_03_Verify_Categories_Option" time="22.873"/>
  <system-out>
    <![CDATA[Test Scenario 3:Verifying Categories Option 
Scenario 01: Log into a EWA
Enter valid user name into username field
Check document from Document List
Mousehover on Documents Tab
Click on Catagories option and set Color
Categories on Documents Functionality verified Successfully]]>
  </system-out>
  <testcase classname="Computhink.Script.DocumentContextMenu_Function" name="TC_04_Verify_copy_and_paste_Option" time="50.938"/>
  <system-out>
    <![CDATA[Test Scenario 4 : Verifying copy and paste Option 
Scenario 01: Log into a EWA
Enter valid user name into username field
Mousehover on Recent Tab
Mousehover on Documents Tab
Click on the Copy Option
Move to the Menu Documents Tab
Click on the Paste Option
Copy and paste Document
copy and paste documents Functionality verified Successfully]]>
  </system-out>
  <testcase classname="Computhink.Script.DocumentContextMenu_Function" name="TC_05_Verify_cut_and_paste_Option" time="38.800"/>
  <system-out>
    <![CDATA[Test Scenario 5 : Verifying cut and paste Option 
Scenario 01: Log into a EWA
Enter valid user name into username field
Check Document from Document List
Mousehover on Documents Tab
Click on the Cut Option
Move to the Mennu Documents
Click on the Paste ID
cut and paste Document Functionality verified Successfully]]>
  </system-out>
  <testcase classname="Computhink.Script.DocumentContextMenu_Function" name="TC_06_Verify_Delete_Option" time="32.677"/>
  <system-out>
    <![CDATA[Scenario 01: Log into a EWA
Enter valid user name into username field
Test Scenario 6 : Verifying Delete Option 
Check the Document 
Move to the menu Document Tab
Click on the Delete Document
Click on the Ok Button and document deleted successfully
Document Delete Functionality verified Successfully]]>
  </system-out>
  <testcase classname="Computhink.Script.DocumentContextMenu_Function" name="TC_07_Verify_CreateFavorites_Document" time="81.482"/>
  <system-out>
    <![CDATA[Test Scenario 7 : Verifying Create Favorites Document
Scenario 01: Log into a EWA
Enter valid user name into username field
Check the Document
Move to the Document page
Click on the create Favorite Option
Enter the Favorite document name
Click on the Ok Button
Click on Refresh button
Search Favorite document
CreateFavorites Document Functionality verified Successfully]]>
  </system-out>
  <testcase classname="Computhink.Script.DocumentContextMenu_Function" name="TC_08_Verify_SendTo_Mail_as_References" time="115.175"/>
  <system-out>
    <![CDATA[Test Scenario 10 : Verifying SendTo Mail as References 
Scenario 01: Log into a EWA
Enter valid user name into username field
Click on Refresh button
Mousehover on Recent Tab
Click on Recent Folder
Check Document from Document List
Mousehover on Documents Tab
Click on the Send To Option
Click on the Mail Option
select Reference Email Radio button
Select and set pdf quality Best Quality
enter the To Email id
Enter the Mail subject
SendTo Mail asReference Functionality verified Successfully]]>
  </system-out>
  <testcase classname="Computhink.Script.DocumentContextMenu_Function" name="TC_9_Verify_SendTo_Mail_ascopy" time="87.110"/>
  <system-out>
    <![CDATA[Test Scenario 11 : Verifying SendTo Mail as copy 
Scenario 01: Log into a EWA
Enter valid user name into username field
Check Document from Document List
Mousehover on Documents Tab
Click on the Sent To Option
Click on the Send To then Mail Option
Select Convert to pdf Radio button
Set Export 
selct Pdf Quality
set Best Quality dropdown Option
Check Cover page
Check Compress zip
click on the Send to password Textbox
Enter password for mail document
Check the Annotation checkbox
Click on the To Email Textbox
enter the Subject
Click on the Ok Button
Mail sent successfully and click on the Ok Button
SendTo Mail asCopy Functionality verified Successfully]]>
  </system-out>
  <testcase classname="Computhink.Script.DocumentContextMenu_Function" name="TC_10_Verify_SendTo_Print" time="63.545"/>
  <system-out>
    <![CDATA[Test Scenario 12 : Verifying SendTo Print 
Scenario 01: Log into a EWA
Enter valid user name into username field
Mousehover on Recent Tab
Click on Recent Folder
Check the Document
Move to the menu Documents Tab
Click on the Send To Option
Click on the Print Option
SendTo Print Functionality verified Successfully]]>
  </system-out>
  <testcase classname="Computhink.Script.DocumentContextMenu_Function" name="TC_11_Verify_SendTo_Export" time="131.655"/>
  <system-out>
    <![CDATA[Test Scenario 13 : Verifying SendTo Export 
Scenario 01: Log into a EWA
Enter valid user name into username field
Check the document
Move to the Menu Document tab
Move to the Documents tab
Click on the Send To Export Option
enter Zip password
Click on the Ok Button
Check the document
Move to the Documents Tab
Click on the Send To Option
Click on the Export Option
Export document with entering password
Click on the Ok Button
SendTo Export Functionality verified Successfully]]>
  </system-out>
  <testcase classname="Computhink.Script.DocumentContextMenu_Function" name="TC_12_Verify_SendTo_GenerateDocumentLink" time="61.337"/>
  <system-out>
    <![CDATA[Test Scenario 14 : Verifying SendTo Generate Document Link 
Scenario 01: Log into a EWA
Enter valid user name into username field
Click on Refresh button
Mousehover on Documents Tab
Click on Recent Folder
Check the Document
Move to the Documents Tab
Click on the Send To Option
Click on the Generate document link Option
Generated Document link is http://10.4.10.119:8080/CVWeb/openDocumentLogin?serverName=demoserver&roomName=demoroom&documentId=43553
Click on the Ok Button
Document send to Generate Document
SendTo GenerateDocumentLink Functionality verified Successfully]]>
  </system-out>
  <testcase classname="Computhink.Script.DocumentContextMenu_Function" name="TC_13_Verify_SendTo_SecureLink" time="126.484"/>
  <system-out>
    <![CDATA[Test Scenario 15 : Verifying Send To SecureLink 
Scenario 01: Log into a EWA
Enter valid user name into username field
Mousehover on Recent Tab
Click on Recent Folder
Check Document from Document List
Move to the Documents Tab
Click on the Send To Option
Click on the Secure Mail Option
Enter Recepient mail ID
enter the Confirm mail ID
check the Modify check 
Click on the Ok Button
Enter again Confirmation Mail Id
click on the Ok Button
SendTo SecureLink Functionality verified Successfully
Click on Refresh button]]>
  </system-out>
</testsuite> <!-- Computhink.Script.DocumentContextMenu_Function -->
