<?xml version="1.0" encoding="UTF-8"?>
<!-- Generated by org.testng.reporters.JUnitReportReporter -->
<testsuite hostname="CIPLWKT010" failures="0" tests="21" name="Computhink.Script.Special_Char_FileNames" time="1171.185" errors="1" timestamp="2026-01-19T20:54:32 IST" skipped="0">
  <testcase classname="Computhink.Script.Special_Char_FileNames" name="Login_EWA" time="22.078"/>
  <system-out>
    <![CDATA[Scenario 01: Log into a EWA
Enter valid user name into username field
UserName Details: Dipak
Enter valid password into password field
Select a Room
Selected Room name: demoserver.demoroom
Captcha is not present, proceeding with login.
Click Login button
Session for user is already active. Do you want to create a new session? Dialog box displayed. User clicks OK button.
Session message did not appear. Proceeding with login.
User has logged in successfully.]]>
  </system-out>
  <testcase classname="Computhink.Script.Special_Char_FileNames" name="TC_01_Upload_and_verify_Allowing_Percentage_Characterfile" time="119.652"/>
  <system-out>
    <![CDATA[Test Scenario 1 : Upload and Verifying Allowing Percentage Characterfile
Click on Refresh button
Click on New Document Tab
Click on Destination Folder Textbox
Expand a Cabinet
Expand a Drawer
Folder is selected for Create New Documents
Click on Ok button
Select value from Document Type dropdown Option
Enter Value into Report Name field
Browse Document Page from Local Path
By using AutoIT add file from external folder
Click on Create button
Click on Navigate button
Select and Open Document
Click on Save button menu Option
Click on Ok button
Click on Properties Option from Document Viewer menu
Upload and Verifying Allowing Percentage Characterfile
****************************************************************************************************************]]>
  </system-out>
  <testcase classname="Computhink.Script.Special_Char_FileNames" name="TC_02_Upload_and_verify_Allowing_Tile_Characterfile" time="49.900"/>
  <system-out>
    <![CDATA[Test Scenario 2 : Upload and Verifying Allowing Tile Characterfile
Click on Update button
Clear Report Name
Enter value into Report Name field
Browse Document Page from Local Path
Select Uploaded Page
Click on Save button menu Option
Click on Ok button
Click on Update Save button
Click on  Ok button
Click on Properties Option from Document Viewer menu
Upload and Verifying Allowing Tile Characterfile
****************************************************************************************************************]]>
  </system-out>
  <testcase classname="Computhink.Script.Special_Char_FileNames" name="TC_03_Upload_and_verify_Allowing_Atrate_Characterfile" time="57.937"/>
  <system-out>
    <![CDATA[Test Scenario 3  Upload and Verifying Allowing Atrate Characterfile
Click on Update button
Clear Report Name
Enter value into Report Name field
Browse Document Page from Local Path
Select Uploaded Page
Click on Save button menu Option
Click on Ok button
Click on Update Save button
Click on Ok button
Click on Properties Option from Document Viewer menu
Upload and Verifying Allowing Atrate Characterfile
****************************************************************************************************************]]>
  </system-out>
  <testcase classname="Computhink.Script.Special_Char_FileNames" name="TC_04_Upload_and_verify_Allowing_Hash_Characterfile" time="51.933"/>
  <system-out>
    <![CDATA[Test Scenario 4 :Upload and Verifying Allowing Hash Characterfile 
Click on Update button
Clear Report Name
Enter value into Report Name field
Browse Document Page from Local Path
Select Uploaded Page
Click on Save button menu Option
Click on Ok button
Click on Update Save button
Click on Ok button
Click on Properties Option from Document Viewer menu
Upload and Verifying Allowing Hash Characterfile
****************************************************************************************************************]]>
  </system-out>
  <testcase classname="Computhink.Script.Special_Char_FileNames" name="TC_05_Upload_and_verify_Allowing_Dollar_Characterfile" time="52.019"/>
  <system-out>
    <![CDATA[Test Scenario 5 :Upload and Verifying Allowing Dollar Characterfile
Click on Update button
Clear Report Name
Enter value into Report Name field
Browse Document Page from Local Path
Select Uploaded Page
Click on Save button menu Option
Click on Ok button
Click on Update Save button
Click on Ok button
Click on Properties Option from Document Viewer menu
Upload and Verifying Allowing Dollar Characterfile
****************************************************************************************************************]]>
  </system-out>
  <testcase classname="Computhink.Script.Special_Char_FileNames" name="TC_06_Upload_and_verify_Allowing_Plus_Characterfile" time="57.878"/>
  <system-out>
    <![CDATA[Test Scenario 6 :Upload and Verifying Allowing Plus Characterfile
Click on Update button
Clear Report Name
Enter value into Report Name field
Browse Document Page from Local Path
Select Uploaded Page
Click on Save button menu Option
Click on Ok button
Click on Update Save button
Click on Ok button
Click on Properties Option from Document Viewer menu
Upload and Verifying Allowing Plus Characterfile
****************************************************************************************************************]]>
  </system-out>
  <testcase classname="Computhink.Script.Special_Char_FileNames" name="TC_07_Upload_and_verify_Allowing_Caret_Characterfile" time="52.016"/>
  <system-out>
    <![CDATA[Test Scenario 7 : Upload and Verifying Allowing Caret Characterfile
Click on Update button
Clear Report Name
Enter value into Report Name field
Browse Document Page from Local Path
Select Uploaded Page
Click on Save button menu Option
Click on Ok button
Click on Update Save button
Click on Ok button
Click on Properties Option from Document Viewer menu
Upload and Verifying Allowing Caret Characterfile
****************************************************************************************************************]]>
  </system-out>
  <testcase classname="Computhink.Script.Special_Char_FileNames" name="TC_08_Upload_and_verify_Allowing_Equals_Characterfile" time="51.895"/>
  <system-out>
    <![CDATA[Test Scenario 8 :Upload and Verifying Allowing Equals Characterfile 
Click on Update button
Clear Report Name
Enter value into Report Name field
Browse Document Page from Local Path
Select Uploaded Page
Click on Save button menu Option
Click on Ok button
Click on Update Save button
Click on Ok button
Click on Properties Option from Document Viewer menu
Upload and Verifying Allowing Equals Characterfile
****************************************************************************************************************]]>
  </system-out>
  <testcase classname="Computhink.Script.Special_Char_FileNames" name="TC_09_Upload_and_verify_Allowing_SingleQuote_Characterfile" time="51.939"/>
  <system-out>
    <![CDATA[Test Scenario 9 :Upload and Verifying Allowing SingleQuote Characterfile 
Click on Update button
Clear Report Name
Enter value into Report Name field
Browse Document Page from Local Path
Select Uploaded Page
Click on Save button menu Option
Click on Ok button
Click on Update Save button
Click on Ok button
Click on Properties Option from Document Viewer menu
Upload and Verifying Allowing SingleQuote Characterfile
****************************************************************************************************************]]>
  </system-out>
  <testcase classname="Computhink.Script.Special_Char_FileNames" name="TC_10_Upload_and_verify_Allowing_Comma_Characterfile" time="51.824"/>
  <system-out>
    <![CDATA[Test Scenario 10 :Upload and Verifying Allowing Comma Characterfile
Click on Update button
Clear Report Name
Enter value into Report Name field
Browse Document Page from Local Path
Select Uploaded Page
Click on Save button menu Option
Click on Ok button
Click on Update Save button
Click on Ok button
Click on Properties Option from Document Viewer menu
Upload and Verifying Allowing Comma Characterfile
****************************************************************************************************************]]>
  </system-out>
  <testcase classname="Computhink.Script.Special_Char_FileNames" name="TC_11_Upload_and_verify_Allowing_Exclamatory_Characterfile" time="59.895"/>
  <system-out>
    <![CDATA[Test Scenario 11 :Upload and Verifying Allowing Exclamatory Characterfile 
Click on Update button
Clear Report Name
Enter value into Report Name field
Browse Document Page from Local Path
Select Uploaded Page
Click on Save button menu Option
Click on Ok button
Click on Update Save button
Click on Ok button
Click on Properties Option from Document Viewer menu
Upload and Verifying Allowing Exclamatory Characterfile
****************************************************************************************************************]]>
  </system-out>
  <testcase classname="Computhink.Script.Special_Char_FileNames" name="TC_12_Upload_and_verify_Allowing_Hyphen_Characterfile" time="52.053"/>
  <system-out>
    <![CDATA[Test Scenario 12 :Upload and Verifying Allowing Hyphen Characterfile 
Click on Update button
Clear Report Name
Enter value into Report Name field
Browse Document Page from Local Path
Select Uploaded Page
Click on Save button menu Option
Click on Ok button
Click on Update Save button
Click on Ok button
Click on Properties Option from Document Viewer menu
Upload and Verifying Allowing Hyphen Characterfile
****************************************************************************************************************]]>
  </system-out>
  <testcase classname="Computhink.Script.Special_Char_FileNames" name="TC_13_Upload_and_verify_Allowing_RoundBrackets_Characterfile" time="56.740"/>
  <system-out>
    <![CDATA[Test Scenario 13 :Upload and Verifying Allowing RoundBrackets Characterfile
Click on Update button
Clear Report Name
Enter value into Report Name field
Browse Document Page from Local Path
Select Uploaded Page
Click on Save button menu Option
Click on Ok button
Click on Update Save button
Click on Ok button
Click on Properties Option from Document Viewer menu
Upload and Verifying Allowing RoundBrackets Characterfile
****************************************************************************************************************]]>
  </system-out>
  <testcase classname="Computhink.Script.Special_Char_FileNames" name="TC_14_Upload_and_verify_Allowing_Accent_Characterfile" time="56.957"/>
  <system-out>
    <![CDATA[Test Scenario 14 : Upload and Verifying Allowing Accent Characterfile
Click on Update button
Clear Report Name
Enter value into Report Name field
Browse Document Page from Local Path
Select Uploaded Page
Click on Save button menu Option
Click on Ok button
Click on Update Save button
Click on Ok button
Click on Properties Option from Document Viewer menu
Upload and Verifying Allowing Accent Characterfile
****************************************************************************************************************]]>
  </system-out>
  <testcase classname="Computhink.Script.Special_Char_FileNames" name="TC_15_Upload_and_verify_Allowing_Ampersant_Characterfile" time="62.283"/>
  <system-out>
    <![CDATA[Test Scenario 15 :Upload and Verifying Allowing Ampersant Characterfile 
Click on Update button
Clear Report Name
Enter value into Report Name field
Browse Document Page from Local Path
Select Uploaded Page
Click on Save button menu Option
Click on Ok button
Click on Update Save button
Click on Ok button
Click on Properties Option from Document Viewer menu
Upload and Verifying Allowing Ampersant Characterfile
****************************************************************************************************************]]>
  </system-out>
  <testcase classname="Computhink.Script.Special_Char_FileNames" name="TC_16_Upload_and_verify_Allowing_Underscore_Characterfile" time="57.439"/>
  <system-out>
    <![CDATA[Test Scenario 16 :Upload and Verifying Allowing Underscore Characterfile
Click on Update button
Clear Report Name
Enter value into Report Name field
Browse Document Page from Local Path
By using AutoIT add file from external folder
Select Uploaded Page
Click on Save button menu Option
Click on Ok button
Click on Update Save button
Click on Ok button
Click on Properties Option from Document Viewer menu
Upload and Verifying Allowing Underscore Characterfile
****************************************************************************************************************]]>
  </system-out>
  <testcase classname="Computhink.Script.Special_Char_FileNames" name="TC_17_Upload_and_verify_Allowing_Flowerbracket_Characterfile" time="57.798"/>
  <system-out>
    <![CDATA[Test Scenario 17 : Upload and Verifying Allowing Flowerbracket Characterfile
Click on Update button
Clear Report Name
Enter value into Report Name field
Browse Document Page from Local Path
Select Uploaded Page
Click on Save button menu Option
Click on Ok button
Click on Update Save button
Click on Ok button
Click on Properties Option from Document Viewer menu
Upload and Verifying Allowing Flowerbracket Characterfile
****************************************************************************************************************]]>
  </system-out>
  <testcase classname="Computhink.Script.Special_Char_FileNames" name="TC_18_Upload_and_verify_Allowing_Squarebracket_Characterfile" time="69.532"/>
  <system-out>
    <![CDATA[Test Scenario 18 : Upload and Verifying Allowing Squarebracket Characterfile 
Click on Update button
Clear Report Name
Enter value into Report Name field
Browse Document Page from Local Path
Select Uploaded Page
Click on Save button menu Option
Click on Ok button
Click on Update Save button
Click on Ok button
Click on Properties Option from Document Viewer menu
Upload and Verifying Allowing Squarebracket Characterfile
****************************************************************************************************************]]>
  </system-out>
  <testcase classname="Computhink.Script.Special_Char_FileNames" name="TC_19_Upload_and_verify_Allowing_SemiColon_Characterfile" time="74.396"/>
  <system-out>
    <![CDATA[Test Scenario 19 :Upload and Verifying Allowing SemiColon Characterfile 
Click on Update button
Clear Report Name
Enter value into Report Name field
Browse Document Page from Local Path
Select Uploaded Page
Click on Save button menu Option
Click on Ok button
Click on Update Save button
Click on Ok button
Click on Properties Option from Document Viewer menu
Upload and Verifying Allowing Semicolon Characterfile
****************************************************************************************************************]]>
  </system-out>
  <testcase classname="Computhink.Script.Special_Char_FileNames" name="TC_20_Verify_All_filetypes" time="5.021">
    <error message="no such element: Unable to locate element: {&quot;method&quot;:&quot;xpath&quot;,&quot;selector&quot;:&quot;//*[@id=&#039;docViewerMetaData&#039;]/div[1]&quot;}
  (Session info: chrome=144.0.7559.59)
For documentation on this error, please visit: https://www.selenium.dev/documentation/webdriver/troubleshooting/errors#no-such-element-exception
Build info: version: &#039;4.17.0&#039;, revision: &#039;e52b1be057*&#039;
System info: os.name: &#039;Windows 10&#039;, os.arch: &#039;amd64&#039;, os.version: &#039;10.0&#039;, java.version: &#039;17.0.7&#039;
Driver info: org.openqa.selenium.chrome.ChromeDriver
Command: [f3dde0f8bed68723131004055fc4bdba, findElement {using=xpath, value=//*[@id=&#039;docViewerMetaData&#039;]/div[1]}]
Capabilities {acceptInsecureCerts: false, browserName: chrome, browserVersion: 144.0.7559.59, chrome: {chromedriverVersion: 144.0.7559.31 (18537d992890..., userDataDir: C:\Users\dipak.p\AppData\Lo...}, fedcm:accounts: true, goog:chromeOptions: {debuggerAddress: localhost:55019}, goog:processID: 39800, networkConnectionEnabled: false, pageLoadStrategy: normal, platformName: windows, proxy: Proxy(), se:cdp: ws://localhost:55019/devtoo..., se:cdpVersion: 144.0.7559.59, setWindowRect: true, strictFileInteractability: false, timeouts: {implicit: 0, pageLoad: 300000, script: 30000}, unhandledPromptBehavior: dismiss and notify, webauthn:extension:credBlob: true, webauthn:extension:largeBlob: true, webauthn:extension:minPinLength: true, webauthn:extension:prf: true, webauthn:virtualAuthenticators: true}
Session ID: f3dde0f8bed68723131004055fc4bdba" type="org.openqa.selenium.NoSuchElementException">
      <![CDATA[org.openqa.selenium.NoSuchElementException: no such element: Unable to locate element: {"method":"xpath","selector":"//*[@id='docViewerMetaData']/div[1]"}
  (Session info: chrome=144.0.7559.59)
For documentation on this error, please visit: https://www.selenium.dev/documentation/webdriver/troubleshooting/errors#no-such-element-exception
Build info: version: '4.17.0', revision: 'e52b1be057*'
System info: os.name: 'Windows 10', os.arch: 'amd64', os.version: '10.0', java.version: '17.0.7'
Driver info: org.openqa.selenium.chrome.ChromeDriver
Command: [f3dde0f8bed68723131004055fc4bdba, findElement {using=xpath, value=//*[@id='docViewerMetaData']/div[1]}]
Capabilities {acceptInsecureCerts: false, browserName: chrome, browserVersion: 144.0.7559.59, chrome: {chromedriverVersion: 144.0.7559.31 (18537d992890..., userDataDir: C:\Users\dipak.p\AppData\Lo...}, fedcm:accounts: true, goog:chromeOptions: {debuggerAddress: localhost:55019}, goog:processID: 39800, networkConnectionEnabled: false, pageLoadStrategy: normal, platformName: windows, proxy: Proxy(), se:cdp: ws://localhost:55019/devtoo..., se:cdpVersion: 144.0.7559.59, setWindowRect: true, strictFileInteractability: false, timeouts: {implicit: 0, pageLoad: 300000, script: 30000}, unhandledPromptBehavior: dismiss and notify, webauthn:extension:credBlob: true, webauthn:extension:largeBlob: true, webauthn:extension:minPinLength: true, webauthn:extension:prf: true, webauthn:virtualAuthenticators: true}
Session ID: f3dde0f8bed68723131004055fc4bdba
at jdk.internal.reflect.GeneratedConstructorAccessor59.newInstance(Unknown Source)
at java.base/jdk.internal.reflect.DelegatingConstructorAccessorImpl.newInstance(DelegatingConstructorAccessorImpl.java:45)
at java.base/java.lang.reflect.Constructor.newInstanceWithCaller(Constructor.java:499)
at java.base/java.lang.reflect.Constructor.newInstance(Constructor.java:480)
at org.openqa.selenium.remote.codec.w3c.W3CHttpResponseCodec.createException(W3CHttpResponseCodec.java:185)
at org.openqa.selenium.remote.codec.w3c.W3CHttpResponseCodec.decode(W3CHttpResponseCodec.java:134)
at org.openqa.selenium.remote.codec.w3c.W3CHttpResponseCodec.decode(W3CHttpResponseCodec.java:51)
at org.openqa.selenium.remote.HttpCommandExecutor.execute(HttpCommandExecutor.java:190)
at org.openqa.selenium.remote.service.DriverCommandExecutor.invokeExecute(DriverCommandExecutor.java:216)
at org.openqa.selenium.remote.service.DriverCommandExecutor.execute(DriverCommandExecutor.java:174)
at org.openqa.selenium.remote.RemoteWebDriver.execute(RemoteWebDriver.java:519)
at org.openqa.selenium.remote.ElementLocation$ElementFinder$2.findElement(ElementLocation.java:165)
at org.openqa.selenium.remote.ElementLocation.findElement(ElementLocation.java:59)
at org.openqa.selenium.remote.RemoteWebDriver.findElement(RemoteWebDriver.java:356)
at org.openqa.selenium.remote.RemoteWebDriver.findElement(RemoteWebDriver.java:350)
at Computhink.Pom.SpecialCharFilenames.Verify_All_filetypes(SpecialCharFilenames.java:1181)
at Computhink.Script.Special_Char_FileNames.TC_20_Verify_All_filetypes(Special_Char_FileNames.java:147)
at java.base/jdk.internal.reflect.NativeMethodAccessorImpl.invoke0(Native Method)
at java.base/jdk.internal.reflect.NativeMethodAccessorImpl.invoke(NativeMethodAccessorImpl.java:77)
at java.base/jdk.internal.reflect.DelegatingMethodAccessorImpl.invoke(DelegatingMethodAccessorImpl.java:43)
at java.base/java.lang.reflect.Method.invoke(Method.java:568)
at org.testng.internal.MethodInvocationHelper.invokeMethod(MethodInvocationHelper.java:133)
at org.testng.internal.TestInvoker.invokeMethod(TestInvoker.java:598)
at org.testng.internal.TestInvoker.retryFailed(TestInvoker.java:213)
at org.testng.internal.MethodRunner.runInSequence(MethodRunner.java:58)
at org.testng.internal.TestInvoker$MethodInvocationAgent.invoke(TestInvoker.java:824)
at org.testng.internal.TestInvoker.invokeTestMethods(TestInvoker.java:146)
at org.testng.internal.TestMethodWorker.invokeTestMethods(TestMethodWorker.java:146)
at org.testng.internal.TestMethodWorker.run(TestMethodWorker.java:128)
at java.base/java.util.ArrayList.forEach(ArrayList.java:1511)
at org.testng.TestRunner.privateRun(TestRunner.java:794)
at org.testng.TestRunner.run(TestRunner.java:596)
at org.testng.SuiteRunner.runTest(SuiteRunner.java:377)
at org.testng.SuiteRunner.runSequentially(SuiteRunner.java:371)
at org.testng.SuiteRunner.privateRun(SuiteRunner.java:332)
at org.testng.SuiteRunner.run(SuiteRunner.java:276)
at org.testng.SuiteRunnerWorker.runSuite(SuiteRunnerWorker.java:53)
at org.testng.SuiteRunnerWorker.run(SuiteRunnerWorker.java:96)
at org.testng.TestNG.runSuitesSequentially(TestNG.java:1212)
at org.testng.TestNG.runSuitesLocally(TestNG.java:1134)
at org.testng.TestNG.runSuites(TestNG.java:1063)
at org.testng.TestNG.run(TestNG.java:1031)
at org.testng.remote.AbstractRemoteTestNG.run(AbstractRemoteTestNG.java:115)
at org.testng.remote.RemoteTestNG.initAndRun(RemoteTestNG.java:293)
at org.testng.remote.RemoteTestNG.main(RemoteTestNG.java:91)
]]>
    </error>
  </testcase> <!-- TC_20_Verify_All_filetypes -->
  <system-out>
    <![CDATA[Scenario 20:Verify All Uploaded file types
<b>Test Failed: TC_20_Verify_All_filetypes</b>
<a href='screenshots/TC_20_Verify_All_filetypes_failure.png' target='_blank'>View Screenshot</a>
<br><img src='screenshots/TC_20_Verify_All_filetypes_failure.png' width='400' height='300'/><br>]]>
  </system-out>
</testsuite> <!-- Computhink.Script.Special_Char_FileNames -->
