<?xml version="1.0" encoding="UTF-8"?>
<!-- Generated by org.testng.reporters.JUnitReportReporter -->
<testsuite hostname="CIPLWKT010" failures="0" tests="8" name="Computhink.Script.Negative_Templates" time="1225.127" errors="0" timestamp="2026-01-19T20:54:32 IST" skipped="0">
  <testcase classname="Computhink.Script.Negative_Templates" name="Login_EWA" time="21.004"/>
  <system-out>
    <![CDATA[Scenario 01: Log into a EWA
Enter valid user name into username field
UserName Details: Dipak
Enter valid password into password field
Select a Room
Selected Room name: demoserver.demoroom
Captcha is not present, proceeding with login.
Click Login button
Session for user is already active. Do you want to create a new session? Dialog box displayed. User clicks OK button.
Session message did not appear. Proceeding with login.
User has logged in successfully.]]>
  </system-out>
  <testcase classname="Computhink.Script.Negative_Templates" name="TC_01_Login_Template_permissionassign_User_and_verify_message_Select_Folder_ToCreateDoc" time="120.984"/>
  <system-out>
    <![CDATA[Test Scenario 1 : Verifying message Select Folder To Create Document 
Scenario 01: Log into a EWA
Enter valid user name into username field
 user alreday Logged
Click on Setting Icon
Click on My Preferences Option
Select Office Documnet and set as Default view
Select Pdf Documnet and set as Default view
Click on Apply button
Saved Successfully! this toast message should show
Click on Refresh button
Search tab is displayed successfully.
Click on Template Tab
Click on Destination Folder TextBox
Click on Ok button
Please select a folder to create document this validation message should show
Verified Select Folder Validation message
Expand a Cabinet
Click on Ok button
Please select a folder to create document this validation message should show
Verified Select Folder Validation message
Expand a Drawer
Click on Ok button
Please select a folder to create document this validation message should show
Verified Select Folder validation message
 select a Folder
Folder is selected for Templates
Click on Ok button]]>
  </system-out>
  <testcase classname="Computhink.Script.Negative_Templates" name="TC_02_verify_message_addPages_Using_SaveandClearButton" time="63.417"/>
  <system-out>
    <![CDATA[Test Scenario 2 : Verifying message add Pages Using Save and Clear button 
Click on Save Template button
Please add pages to the template before creating! this validation message should show
Verified Error message
Click on Save Template button
Please add pages to the template before creating! this validation message should show
Verified Error message
Click on Clear button
Click on Save Template button
Please add pages to the template before creating! this validation message should show
Verified Error message
Click on Save Template button
Please add pages to the template before creating! this validation message should show
Verified Error message
Add pages message verified]]>
  </system-out>
  <testcase classname="Computhink.Script.Negative_Templates" name="TC_03_Verify_TextboxName_and_Templatename_validation" time="128.870"/>
  <system-out>
    <![CDATA[Test Scenario 3 : Verifying Textbox Name and Templatename validation 
Select Value from Document type Dropdown
By using AutoIT add file from external folder
Click on Save Template button
Click on Template Description Ok button
*Template name should be specified. this validation message should show
Verified Validation error message
Click on Template Name Textbox
Enter Value Template Name Name Textbox
Click on Ok button
Verified Template created successfully
Click on Ok button
Mousehover to Template Tab
Select Created Template from Template Tab
Click on Create button
ReportName*   field is required this validation message should show
Verified validation Error
Click on Delete Template Fab button
Template Deleted Successfully
Texbox and Template name validate]]>
  </system-out>
  <testcase classname="Computhink.Script.Negative_Templates" name="TC_04_Verify_validation_Duplicate_Template_Created" time="392.311"/>
  <system-out>
    <![CDATA[Test Scenario 4 : Verifying validation Duplicate Template Created 
Scenario 01: Log into a EWA
Enter valid user name into username field
Click on Setting Icon
Click on My Preferences Option
Select Office Document and set as Default View
Select PdfC Document and set as Default View
Click on Apply button
Saved Successfully! this toast message should show
Click on Refresh button
Click on Template Tab
Click on Destination Folder Textbox
Expand a Cabinet
Expand a Drawer
Folder is selected for Templates
Click on Ok button
Select Document type dropdown
Click on Report Name textbox
Enter Report value into ReportName textbox
Browse a Document Page
By using AutoIT add file from external folder
Browse a Document Page
By using AutoIT add file from external folder
Click on Template Description No button
Click on Save Template button
Click on Template Name textbox
Enter Template Name
Click on Template Description messagebox
Enter message under Template Description
Click on Template Description dialog OK button
Verified Template created successfully
Click on Ok button
Verifying to CreateorBrowse Template Defaultviewing
Click on Refresh button
Click on Template Tab
Click on Destination Folder Textbox
Expand a Cabinet
Expand a Drawer
Folder is selected for Templates
Click on Ok button
Select Document type dropdown
Select Report name textbox
Enter value into Report Name field
Browse a Document Page
By using AutoIT add file from external folder
Browse a Document Page
By using AutoIT add file from external folder
Click on Template Description No button
Click on Save Template button
Click on Template Name textbox
Enter Template Name
Click on Template Decription messagebox
Enter message in Template description textbox
Click on Ok button
Template already exists with the same name.Please try creating with a different name. this popup message should show
Verified Template already exist validation message
Click on Ok button
Click on No button
Duplicate Template not creating validate
Click on  Refresh button
Alert not present
Select created Template from Template Tab
Click on Delete Template Fab button
Template Deleted Successfully]]>
  </system-out>
  <testcase classname="Computhink.Script.Negative_Templates" name="TC_05_verify_to_CreateorBrowse_Template_Advancedviewing_Officedoc" time="305.257"/>
  <system-out>
    <![CDATA[Test Scenario 5 : Verifying to Create or Browse Template Advancedviewing Officedoc
Scenario 01: Log into a EWA
Enter valid user name into username field
Click on Refresh button
Click on Setting Icon
Click on My Preferences Option
Select Office document and set as Advanced view
Click on Apply button
Saved Successfully! this toast message should show
Click on Templates Tab
Click on Destination Folder textbox
Expand a Cabinet
Expand a Drawer
Folder is selected for Templates
Click on Ok button
Select Document type dropdown value
Click on Report Name
Enter value into Report Name field
Browse Word document
Click on Ok button
Please enter file name this validation message should show
Verified Validation error
Enter Word file name
Select word page
Advanced Viewing New Word Document Created
Browse Excel document
Click on Ok button
Please enter file name this validation message should show
Verified Validation error message
Enter Excel file name
Browse  Document Page
By using AutoIT add file from external folder
Advanced Viewing New Excel Document Created
Save Template button clicked successfully
Click on Template description No button
Click on Save Template button
Click on Template name Textbox
Enter Template Name
Click on Template Description messagebox
Enter message under Template Description
Click on Ok button
Verified Template created successfully
Click on Ok button
Verifying to CreateorBrowse Officedoc Template advancedviewing
Click on Refresh button
Mousehover to Template Tab
Select created Template
Click on Create button
Document created successfully this message should show
Click on Navigate button
Mousehover to Template Tab
Click on Refresh button
Select Created Template
Click on Delete Template Fab button
Click on Ok button
Template Deleted Successfully]]>
  </system-out>
  <testcase classname="Computhink.Script.Negative_Templates" name="TC_06_verify_Validation_Formmapping_PDFTemplate_Advancedviewing" time="150.479"/>
  <system-out>
    <![CDATA[Test Scenario 6 : Verifying Validation Formmapping PDF Template Advancedviewing 
Scenario 01: Log into a EWA
Enter valid user name into username field
Click on Refresh button
Click on Setting Icon
Click on My Preferences
Select Pdf document and set as Advanced view
Click on Apply button
Saved Successfully! this toast message should show
Click on Template Tab
Click on Destination Folder Textbox
Expand a Cabinet
Expand a Drawer
Folder is selected for Templates
Click on Ok button
Select Document type dropdown
Click on Report Name
Enter value Report Name Textbox
Browse New Pdf document
Click on  Ok button
Please enter file name this validation message should show
Verified Validation error message 
Enter value Pdf file name field
Click on Form mapping
Please add form fields before mapping. this validation message should show
Verified Form mapping validation message
Click on Refresh button
Click on No button
Click on Refresh button
Form mapping validation verified]]>
  </system-out>
  <testcase classname="Computhink.Script.Negative_Templates" name="TC_07_Set_Defaultview" time="42.805"/>
  <system-out>
    <![CDATA[Test Scenario 7: Set Office and Pdf document option in Default view
Scenario 01: Log into a EWA
Enter valid user name into username field
Click on Setting Icon
Click on My Preferences Option
Select Office Documentand set Default View Option
Select PdfDocument and set Default View Option
Click on Apply button
Saved Successfully! this toast message should show
Click on Refresh button]]>
  </system-out>
</testsuite> <!-- Computhink.Script.Negative_Templates -->
