<?xml version="1.0" encoding="UTF-8"?>
<!-- Generated by org.testng.reporters.JUnitReportReporter -->
<testsuite hostname="CIPLWKT010" failures="0" tests="2" name="Computhink.Script.My_Preferences_Enable_Dashboard" time="176.128" errors="0" timestamp="2026-01-19T20:54:32 IST" skipped="0">
  <testcase classname="Computhink.Script.My_Preferences_Enable_Dashboard" name="Login_EWA" time="36.237"/>
  <system-out>
    <![CDATA[Scenario 01: Log into a EWA
Enter valid user name into username field
UserName Details: Dipak
Enter valid password into password field
Select a Room
Selected Room name: demoserver.demoroom
Captcha is not present, proceeding with login.
Click Login button
Session message did not appear. Proceeding with login.
Session message did not appear. Proceeding with login.
User has logged in successfully]]>
  </system-out>
  <testcase classname="Computhink.Script.My_Preferences_Enable_Dashboard" name="TC_01_Verify_Enable_Dashboard" time="139.891"/>
  <system-out>
    <![CDATA[Test Scenario 1 : Verifying Enable Dashboard Set from My preferences 
Scenario 01: Log into a EWA
Enter valid user name into username field
Click on Refresh button
Click on Setting Icon
Click on My Preferences
Check Enable Dashboard Chekbox
Click on Apply button
Click on Username option
Click on Logout option
Timeout waiting for alert to appear.
Scenario 01: Log into a EWA
Enter valid user name into username field
UserName Details: Dipak
Enter valid password into password field
Select a Room
Selected Room name: demoserver.demoroom
Captcha is not present, proceeding with login.
Click Login button
Session message did not appear. Proceeding with login.
Session message did not appear. Proceeding with login.
Login EWA with User credential
Click on Switch to Default view Option
Click on Setting Icon
Click on Setting Icon
Uncheck Enable Dashboard Checkbox
Click on Apply button
Enable Dashboard Functionality Verified Successfully
Click on Refresh button]]>
  </system-out>
</testsuite> <!-- Computhink.Script.My_Preferences_Enable_Dashboard -->
