<?xml version="1.0" encoding="UTF-8"?>
<!-- Generated by org.testng.reporters.JUnitReportReporter -->
<testsuite hostname="CIPLWKT010" failures="0" tests="3" name="Computhink.Script.My_Preferences_PDF_with_Overlay" time="218.824" errors="0" timestamp="2026-01-19T20:54:32 IST" skipped="0">
  <testcase classname="Computhink.Script.My_Preferences_PDF_with_Overlay" name="Login_EWA" time="21.565"/>
  <system-out>
    <![CDATA[Scenario 01: Log into a EWA
Enter valid user name into username field
UserName Details: Dipak
Enter valid password into password field
Select a Room
Selected Room name: demoserver.demoroom
Captcha is not present, proceeding with login.
Click Login button
Session for user is already active. Do you want to create a new session? Dialog box displayed. User clicks OK button.
Session message did not appear. Proceeding with login.
User has logged in successfully.]]>
  </system-out>
  <testcase classname="Computhink.Script.My_Preferences_PDF_with_Overlay" name="TC_01_Verify_PDF_with_Overlay_Disable" time="122.629"/>
  <system-out>
    <![CDATA[Test Scenario 1 : Verifying PDF with Overlay Disable 
Scenario 01: Log into a EWA
Enter valid user name into username field
Click on  Refresh button
Click on Setting Icon
Click on My Preferences Option
Select Pdf With Overlay and set as Disable
Click on Apply button
Click on New Document Tab
Click on Destination Folder Textbox
Expand a Cabinet
Expand a Drawer
Expand a Folder
Click on Ok button
Select a Document Type dropdown
Enter a Report Name
By using AutoIT add file from external folder
Click on Create button
Click on Navigate button
Verifying PDF with Overlay is Disable]]>
  </system-out>
  <testcase classname="Computhink.Script.My_Preferences_PDF_with_Overlay" name="TC_02_Verify_PDF_with_Overlay_Enable" time="74.630"/>
  <system-out>
    <![CDATA[Test Scenario 2 : Verifying PDF with Overlay Enable 
Scenario 01: Log into a EWA
Enter valid user name into username field
Click on Setting Icon
Click on My Preferences
Verified Pdf With Overlay Enable
Click on Apply button
Select and Open document
Click on Setting Icon
Click on  My Preferences
Select Pdf With Overlay and set as Disable
Click on Apply button
Click on Refresh button]]>
  </system-out>
</testsuite> <!-- Computhink.Script.My_Preferences_PDF_with_Overlay -->
